实验目录: experiments/20260316_203153
使用设备: cpu
目标粒子数: 100  目标体积分数: 0.72

============================================================
迭代 1/20  lr=5.00e-04
  采集 100 个样本 (随机策略)...
  [采集完成] 100 条  phi: mean=0.6130  max=0.6355  min=0.5948
  phi: mean=0.6130  max=0.6355  min=0.5948  avg_steps=87.2
  候选点: before=605.2  filtered=62.8  added=63.4  after=605.8
  训练 1 epoch ...
  loss=-0.3714  adv_var=1.8329  耗时=137.7s
  *** 新纪录！phi_max=0.6355  已保存: experiments/20260316_203153/construct_v7.0_best.pth + best_packing.conf ***

============================================================
迭代 2/20  lr=5.00e-04
  采集 100 个样本 (模型策略)...
  [采集完成] 100 条  phi: mean=0.6670  max=0.6840  min=0.6446
  phi: mean=0.6670  max=0.6840  min=0.6446  avg_steps=66.0
  候选点: before=434.8  filtered=61.4  added=61.8  after=435.2
  训练 1 epoch ...
  loss=-0.3608  adv_var=1.8059  耗时=83.3s
  *** 新纪录！phi_max=0.6840  已保存: experiments/20260316_203153/construct_v7.0_best.pth + best_packing.conf ***

============================================================
迭代 3/20  lr=5.00e-04
  采集 100 个样本 (模型策略)...
  [采集完成] 100 条  phi: mean=0.6698  max=0.6842  min=0.6468
  phi: mean=0.6698  max=0.6842  min=0.6468  avg_steps=63.1
  候选点: before=419.9  filtered=60.7  added=61.2  after=420.3
  训练 1 epoch ...
  loss=-0.2271  adv_var=1.8200  耗时=77.3s
  *** 新纪录！phi_max=0.6842  已保存: experiments/20260316_203153/construct_v7.0_best.pth + best_packing.conf ***

============================================================
迭代 4/20  lr=5.00e-04
  采集 100 个样本 (模型策略)...
  [采集完成] 100 条  phi: mean=0.6705  max=0.6850  min=0.6539
  phi: mean=0.6705  max=0.6850  min=0.6539  avg_steps=61.2
  候选点: before=409.9  filtered=60.5  added=60.9  after=410.3
  训练 1 epoch ...
  loss=0.1156  adv_var=1.8281  耗时=74.1s
  *** 新纪录！phi_max=0.6850  已保存: experiments/20260316_203153/construct_v7.0_best.pth + best_packing.conf ***

============================================================
迭代 5/20  lr=5.00e-04
  采集 100 个样本 (模型策略)...
  [采集完成] 100 条  phi: mean=0.6715  max=0.6907  min=0.6563
  phi: mean=0.6715  max=0.6907  min=0.6563  avg_steps=60.0
  候选点: before=401.6  filtered=60.2  added=60.6  after=402.0
  训练 1 epoch ...
  loss=0.0423  adv_var=1.8729  耗时=71.9s
  *** 新纪录！phi_max=0.6907  已保存: experiments/20260316_203153/construct_v7.0_best.pth + best_packing.conf ***

============================================================
迭代 6/20  lr=5.00e-04
  采集 100 个样本 (模型策略)...
  [采集完成] 100 条  phi: mean=0.6705  max=0.6830  min=0.6586
  phi: mean=0.6705  max=0.6830  min=0.6586  avg_steps=60.0
  候选点: before=408.0  filtered=60.3  added=60.7  after=408.4
  训练 1 epoch ...
  loss=-0.1488  adv_var=1.8252  耗时=71.7s

============================================================
迭代 7/20  lr=5.00e-04
  采集 100 个样本 (模型策略)...
  [采集完成] 100 条  phi: mean=0.6711  max=0.6857  min=0.6551
  phi: mean=0.6711  max=0.6857  min=0.6551  avg_steps=61.1
  候选点: before=414.7  filtered=60.8  added=61.2  after=415.1
  训练 1 epoch ...
  loss=0.0664  adv_var=1.8202  耗时=74.0s

============================================================
迭代 8/20  lr=5.00e-04
  采集 100 个样本 (模型策略)...
  [采集完成] 100 条  phi: mean=0.6699  max=0.6843  min=0.6566
  phi: mean=0.6699  max=0.6843  min=0.6566  avg_steps=60.5
  候选点: before=406.4  filtered=60.3  added=60.7  after=406.8
  训练 1 epoch ...
  loss=-0.1394  adv_var=1.8116  耗时=71.8s

============================================================
迭代 9/20  lr=5.00e-04
  采集 100 个样本 (模型策略)...
  [采集完成] 100 条  phi: mean=0.6710  max=0.6949  min=0.6546
  phi: mean=0.6710  max=0.6949  min=0.6546  avg_steps=60.8
  候选点: before=410.7  filtered=59.5  added=59.9  after=411.1
  训练 1 epoch ...
  loss=-0.0036  adv_var=1.8684  耗时=72.8s
  *** 新纪录！phi_max=0.6949  已保存: experiments/20260316_203153/construct_v7.0_best.pth + best_packing.conf ***

============================================================
迭代 10/20  lr=5.00e-04
  采集 100 个样本 (模型策略)...
  [采集完成] 100 条  phi: mean=0.6717  max=0.6868  min=0.6496
  phi: mean=0.6717  max=0.6868  min=0.6496  avg_steps=59.7
  候选点: before=413.4  filtered=60.3  added=60.7  after=413.8
  训练 1 epoch ...
  loss=-0.1376  adv_var=1.8452  耗时=70.6s

============================================================
迭代 11/20  lr=5.00e-04
  采集 100 个样本 (模型策略)...
  [采集完成] 100 条  phi: mean=0.6721  max=0.6856  min=0.6591
  phi: mean=0.6721  max=0.6856  min=0.6591  avg_steps=59.3
  候选点: before=416.2  filtered=60.4  added=60.8  after=416.6
  训练 1 epoch ...
  loss=0.0295  adv_var=1.7950  耗时=69.7s

============================================================
迭代 12/20  lr=5.00e-04
  采集 100 个样本 (模型策略)...
  [采集完成] 100 条  phi: mean=0.6720  max=0.6889  min=0.6549
  phi: mean=0.6720  max=0.6889  min=0.6549  avg_steps=59.4
  候选点: before=415.3  filtered=60.6  added=61.0  after=415.7
  训练 1 epoch ...
  loss=0.0043  adv_var=1.8513  耗时=69.8s

============================================================
迭代 13/20  lr=5.00e-04
  采集 100 个样本 (模型策略)...
  [采集完成] 100 条  phi: mean=0.6734  max=0.6907  min=0.6621
  phi: mean=0.6734  max=0.6907  min=0.6621  avg_steps=59.5
  候选点: before=407.3  filtered=59.9  added=60.3  after=407.6
  训练 1 epoch ...
  loss=0.1309  adv_var=1.8223  耗时=70.9s

============================================================
迭代 14/20  lr=5.00e-04
  采集 100 个样本 (模型策略)...
  [采集完成] 100 条  phi: mean=0.6729  max=0.6896  min=0.6560
  phi: mean=0.6729  max=0.6896  min=0.6560  avg_steps=59.4
  候选点: before=403.4  filtered=59.8  added=60.2  after=403.8
  训练 1 epoch ...
  loss=-0.1456  adv_var=1.8570  耗时=69.0s

============================================================
迭代 15/20  lr=5.00e-04
  采集 100 个样本 (模型策略)...
  [采集完成] 100 条  phi: mean=0.6725  max=0.6873  min=0.6562
  phi: mean=0.6725  max=0.6873  min=0.6562  avg_steps=58.5
  候选点: before=399.2  filtered=59.6  added=60.0  after=399.6
  训练 1 epoch ...
  loss=-0.3182  adv_var=1.7798  耗时=66.7s

============================================================
迭代 16/20  lr=5.00e-04
  采集 100 个样本 (模型策略)...
  [采集完成] 100 条  phi: mean=0.6730  max=0.6859  min=0.6581
  phi: mean=0.6730  max=0.6859  min=0.6581  avg_steps=56.9
  候选点: before=391.9  filtered=59.4  added=59.7  after=392.2
  训练 1 epoch ...
  loss=-0.1377  adv_var=1.8596  耗时=64.3s

============================================================
迭代 17/20  lr=5.00e-04
  采集 100 个样本 (模型策略)...
  [采集完成] 100 条  phi: mean=0.6728  max=0.6891  min=0.6489
  phi: mean=0.6728  max=0.6891  min=0.6489  avg_steps=58.0
  候选点: before=416.2  filtered=58.4  added=58.8  after=416.6
  训练 1 epoch ...
  loss=-0.1361  adv_var=1.8150  耗时=67.0s

============================================================
迭代 18/20  lr=5.00e-04
  采集 100 个样本 (模型策略)...
  [采集完成] 100 条  phi: mean=0.6696  max=0.6822  min=0.6530
  phi: mean=0.6696  max=0.6822  min=0.6530  avg_steps=56.9
  候选点: before=430.2  filtered=58.4  added=58.8  after=430.6
  训练 1 epoch ...
  loss=0.0031  adv_var=1.8314  耗时=64.9s

============================================================
迭代 19/20  lr=5.00e-04
  采集 100 个样本 (模型策略)...
  [采集完成] 100 条  phi: mean=0.6725  max=0.6914  min=0.6527
  phi: mean=0.6725  max=0.6914  min=0.6527  avg_steps=57.2
  候选点: before=423.5  filtered=57.8  added=58.2  after=423.9
  训练 1 epoch ...
  loss=0.0316  adv_var=1.8187  耗时=64.4s

============================================================
迭代 20/20  lr=5.00e-04
  采集 100 个样本 (模型策略)...
  [采集完成] 100 条  phi: mean=0.6712  max=0.6851  min=0.6484
  phi: mean=0.6712  max=0.6851  min=0.6484  avg_steps=56.4
  候选点: before=416.3  filtered=58.3  added=58.7  after=416.6
  训练 1 epoch ...
  loss=0.1363  adv_var=1.7918  耗时=63.5s

训练完成！最终模型已保存至 experiments/20260316_203153/construct_v7.0_final.pth

============================================================
开始评测（采样策略 T=5.0，共 20 局）...
  [采集完成] 20 条  phi: mean=0.6695  max=0.6816  min=0.6575
  评测完成  phi: mean=0.6695  max=0.6816  min=0.6575
  报告已保存: experiments/20260316_203153/eval_report.txt
  最优堆积已保存: experiments/20260316_203153/best_packing.conf  (phi=0.6816)
