实验目录: experiments/20260316_093053
使用设备: cpu
目标粒子数: 100  目标体积分数: 0.72

============================================================
迭代 1/100  lr=5.00e-04
  采集 50 个样本 (随机策略)...
  [采集完成] 50 条  phi: mean=0.6792  max=0.7004  min=0.6460
  phi: mean=0.6792  max=0.7004  min=0.6460  avg_steps=196.0
  候选点: before=324.9  filtered=10.3  added=12.6  after=327.2
  训练 1 epoch ...
  loss=-0.3223  adv_var=1.8713  耗时=372.4s
  *** 新纪录！phi_max=0.7004  已保存: experiments/20260316_093053/construct_v7.0_best.pth + best_packing.conf ***

============================================================
迭代 2/100  lr=5.00e-04
  采集 50 个样本 (模型策略)...
  [采集完成] 50 条  phi: mean=0.6922  max=0.7151  min=0.6658
  phi: mean=0.6922  max=0.7151  min=0.6658  avg_steps=196.0
  候选点: before=283.6  filtered=9.9  added=11.9  after=285.6
  训练 1 epoch ...
  loss=-0.0048  adv_var=1.8164  耗时=375.7s
  *** 新纪录！phi_max=0.7151  已保存: experiments/20260316_093053/construct_v7.0_best.pth + best_packing.conf ***

============================================================
迭代 3/100  lr=5.00e-04
  采集 50 个样本 (模型策略)...
  [采集完成] 50 条  phi: mean=0.7012  max=0.7277  min=0.6757
  phi: mean=0.7012  max=0.7277  min=0.6757  avg_steps=195.8
  候选点: before=260.1  filtered=9.9  added=11.6  after=261.8
  训练 1 epoch ...
  loss=-0.2232  adv_var=1.8009  耗时=377.7s
  *** 新纪录！phi_max=0.7277  已保存: experiments/20260316_093053/construct_v7.0_best.pth + best_packing.conf ***

============================================================
迭代 4/100  lr=5.00e-04
  采集 50 个样本 (模型策略)...
  [采集完成] 50 条  phi: mean=0.7186  max=0.7370  min=0.6907
  phi: mean=0.7186  max=0.7370  min=0.6907  avg_steps=195.6
  候选点: before=215.8  filtered=9.2  added=10.6  after=217.2
  训练 1 epoch ...
  loss=-0.3832  adv_var=1.8103  耗时=377.9s
  *** 新纪录！phi_max=0.7370  已保存: experiments/20260316_093053/construct_v7.0_best.pth + best_packing.conf ***

============================================================
迭代 5/100  lr=5.00e-04
  采集 50 个样本 (模型策略)...
  [采集完成] 50 条  phi: mean=0.7375  max=0.7529  min=0.7250
  phi: mean=0.7375  max=0.7529  min=0.7250  avg_steps=193.1
  候选点: before=174.8  filtered=8.7  added=9.7  after=175.9
  训练 1 epoch ...
  loss=0.2865  adv_var=1.8011  耗时=368.3s
  *** 新纪录！phi_max=0.7529  已保存: experiments/20260316_093053/construct_v7.0_best.pth + best_packing.conf ***

============================================================
迭代 6/100  lr=5.00e-04
  采集 50 个样本 (模型策略)...
  [采集完成] 50 条  phi: mean=0.7366  max=0.7488  min=0.7053
  phi: mean=0.7366  max=0.7488  min=0.7053  avg_steps=190.6
  候选点: before=176.4  filtered=8.7  added=9.8  after=177.5
  训练 1 epoch ...
  loss=-0.3872  adv_var=1.8183  耗时=345.1s

============================================================
迭代 7/100  lr=5.00e-04
  采集 50 个样本 (模型策略)...
  [采集完成] 50 条  phi: mean=0.7378  max=0.7482  min=0.7198
  phi: mean=0.7378  max=0.7482  min=0.7198  avg_steps=191.3
  候选点: before=173.4  filtered=8.7  added=9.7  after=174.4
  训练 1 epoch ...
  loss=-0.0924  adv_var=1.8220  耗时=356.7s

============================================================
迭代 8/100  lr=5.00e-04
  采集 50 个样本 (模型策略)...
  [采集完成] 50 条  phi: mean=0.7409  max=0.7502  min=0.7249
  phi: mean=0.7409  max=0.7502  min=0.7249  avg_steps=189.1
  候选点: before=173.8  filtered=8.6  added=9.6  after=174.8
  训练 1 epoch ...
  loss=-0.4193  adv_var=1.7350  耗时=346.3s

============================================================
迭代 9/100  lr=5.00e-04
  采集 50 个样本 (模型策略)...
  [采集完成] 50 条  phi: mean=0.7408  max=0.7572  min=0.7250
  phi: mean=0.7408  max=0.7572  min=0.7250  avg_steps=190.3
  候选点: before=172.4  filtered=8.5  added=9.5  after=173.4
  训练 1 epoch ...
  loss=0.0888  adv_var=1.8486  耗时=359.0s
  *** 新纪录！phi_max=0.7572  已保存: experiments/20260316_093053/construct_v7.0_best.pth + best_packing.conf ***

============================================================
迭代 10/100  lr=5.00e-04
  采集 50 个样本 (模型策略)...
  [采集完成] 50 条  phi: mean=0.7409  max=0.7543  min=0.7298
  phi: mean=0.7409  max=0.7543  min=0.7298  avg_steps=190.0
  候选点: before=174.0  filtered=8.5  added=9.5  after=175.0
  训练 1 epoch ...
  loss=-0.1327  adv_var=1.8197  耗时=345.5s

============================================================
迭代 11/100  lr=5.00e-04
  采集 50 个样本 (模型策略)...
  [采集完成] 50 条  phi: mean=0.7400  max=0.7503  min=0.7250
  phi: mean=0.7400  max=0.7503  min=0.7250  avg_steps=189.9
  候选点: before=177.7  filtered=8.5  added=9.5  after=178.7
  训练 1 epoch ...
  loss=-0.2539  adv_var=1.7913  耗时=350.5s

============================================================
迭代 12/100  lr=5.00e-04
  采集 50 个样本 (模型策略)...
  [采集完成] 50 条  phi: mean=0.7410  max=0.7496  min=0.7265
  phi: mean=0.7410  max=0.7496  min=0.7265  avg_steps=189.5
  候选点: before=177.0  filtered=8.5  added=9.5  after=178.0
  训练 1 epoch ...
  loss=-0.6264  adv_var=1.7210  耗时=347.5s

============================================================
迭代 13/100  lr=5.00e-04
  采集 50 个样本 (模型策略)...
  [采集完成] 50 条  phi: mean=0.7381  max=0.7516  min=0.7150
  phi: mean=0.7381  max=0.7516  min=0.7150  avg_steps=191.7
  候选点: before=190.4  filtered=8.5  added=9.5  after=191.5
  训练 1 epoch ...
  loss=-0.2648  adv_var=1.8849  耗时=353.0s

============================================================
迭代 14/100  lr=5.00e-04
  采集 50 个样本 (模型策略)...
  [采集完成] 50 条  phi: mean=0.7229  max=0.7397  min=0.7050
  phi: mean=0.7229  max=0.7397  min=0.7050  avg_steps=194.7
  候选点: before=281.6  filtered=8.9  added=10.3  after=283.0
  [退步] phi_max 0.7397 < 0.7516 - 0.01
  [回滚] 模型已恢复，lr 调整为 2.50e-04
  [跳过训练] 耗时=298.2s  下轮用恢复的模型重新采集

============================================================
迭代 15/100  lr=2.50e-04
  采集 50 个样本 (模型策略)...
  [采集完成] 50 条  phi: mean=0.7244  max=0.7417  min=0.7052
  phi: mean=0.7244  max=0.7417  min=0.7052  avg_steps=194.8
  候选点: before=279.9  filtered=9.0  added=10.4  after=281.3
  训练 1 epoch ...
  loss=-0.0477  adv_var=1.7273  耗时=372.9s

============================================================
迭代 16/100  lr=2.50e-04
  采集 50 个样本 (模型策略)...
  [采集完成] 50 条  phi: mean=0.6923  max=0.7200  min=0.6559
  phi: mean=0.6923  max=0.7200  min=0.6559  avg_steps=196.0
  候选点: before=399.4  filtered=9.2  added=11.6  after=401.8
  [退步] phi_max 0.7200 < 0.7417 - 0.01
  [回滚] 模型已恢复，lr 调整为 1.25e-04
  [跳过训练] 耗时=303.5s  下轮用恢复的模型重新采集

============================================================
迭代 17/100  lr=1.25e-04
  采集 50 个样本 (模型策略)...
  [采集完成] 50 条  phi: mean=0.6914  max=0.7249  min=0.6658
  phi: mean=0.6914  max=0.7249  min=0.6658  avg_steps=196.0
  候选点: before=398.5  filtered=9.4  added=11.8  after=400.9
  [退步] phi_max 0.7249 < 0.7417 - 0.01
  [回滚] 模型已恢复，lr 调整为 6.25e-05
  [跳过训练] 耗时=304.1s  下轮用恢复的模型重新采集

============================================================
迭代 18/100  lr=6.25e-05
  采集 50 个样本 (模型策略)...
  [采集完成] 50 条  phi: mean=0.6911  max=0.7250  min=0.6658
  phi: mean=0.6911  max=0.7250  min=0.6658  avg_steps=196.0
  候选点: before=398.8  filtered=9.4  added=11.9  after=401.3
  [退步] phi_max 0.7250 < 0.7417 - 0.01
  [回滚] 模型已恢复，lr 调整为 3.13e-05
  [跳过训练] 耗时=304.0s  下轮用恢复的模型重新采集

============================================================
迭代 19/100  lr=3.13e-05
  采集 50 个样本 (模型策略)...
