实验目录: experiments/20260316_111547
使用设备: cpu
目标粒子数: 100  目标体积分数: 0.72

============================================================
迭代 1/100  lr=5.00e-04
  采集 50 个样本 (随机策略)...
  [采集完成] 50 条  phi: mean=0.6769  max=0.7150  min=0.6412
  phi: mean=0.6769  max=0.7150  min=0.6412  avg_steps=196.0
  候选点: before=323.9  filtered=10.2  added=12.6  after=326.3
  训练 1 epoch ...
  loss=-0.5358  adv_var=1.7828  耗时=372.1s
  *** 新纪录！phi_max=0.7150  已保存: experiments/20260316_111547/construct_v7.0_best.pth + best_packing.conf ***

============================================================
迭代 2/100  lr=5.00e-04
  采集 50 个样本 (模型策略)...
  [采集完成] 50 条  phi: mean=0.7221  max=0.7473  min=0.6954
  phi: mean=0.7221  max=0.7473  min=0.6954  avg_steps=194.3
  候选点: before=204.7  filtered=9.2  added=10.5  after=206.0
  训练 1 epoch ...
  loss=-0.5990  adv_var=1.7524  耗时=367.5s
  *** 新纪录！phi_max=0.7473  已保存: experiments/20260316_111547/construct_v7.0_best.pth + best_packing.conf ***

============================================================
迭代 3/100  lr=5.00e-04
  采集 50 个样本 (模型策略)...
  [采集完成] 50 条  phi: mean=0.6791  max=0.7199  min=0.6263
  phi: mean=0.6791  max=0.7199  min=0.6263  avg_steps=196.0
  候选点: before=334.6  filtered=9.9  added=12.3  after=336.9
  [退步] phi_max 0.7199 < 0.7473 - 0.01
  [回滚] 模型已恢复，lr 调整为 2.50e-04
  [跳过训练] 耗时=304.4s  下轮用恢复的模型重新采集

============================================================
迭代 4/100  lr=2.50e-04
  采集 50 个样本 (模型策略)...
  [采集完成] 50 条  phi: mean=0.6846  max=0.7249  min=0.6560
  phi: mean=0.6846  max=0.7249  min=0.6560  avg_steps=196.0
  候选点: before=329.4  filtered=10.2  added=12.4  after=331.6
  [退步] phi_max 0.7249 < 0.7473 - 0.01
  [回滚] 模型已恢复，lr 调整为 1.25e-04
  [跳过训练] 耗时=304.1s  下轮用恢复的模型重新采集

============================================================
迭代 5/100  lr=1.25e-04
  采集 50 个样本 (模型策略)...
  [采集完成] 50 条  phi: mean=0.6833  max=0.7150  min=0.6462
  phi: mean=0.6833  max=0.7150  min=0.6462  avg_steps=196.0
  候选点: before=335.1  filtered=10.1  added=12.3  after=337.4
  [退步] phi_max 0.7150 < 0.7473 - 0.01
  [回滚] 模型已恢复，lr 调整为 6.25e-05
  [跳过训练] 耗时=303.8s  下轮用恢复的模型重新采集

============================================================
迭代 6/100  lr=6.25e-05
  采集 50 个样本 (模型策略)...
