实验目录: experiments/20260316_204611
使用设备: cpu
目标粒子数: 100  目标体积分数: 0.72

============================================================
迭代 1/20  lr=5.00e-04
  采集 100 个样本 (随机策略)...
  [采集完成] 100 条  phi: mean=0.6306  max=0.6449  min=0.6124
  phi: mean=0.6306  max=0.6449  min=0.6124  avg_steps=108.5
  候选点: before=570.1  filtered=55.0  added=55.6  after=570.8
  训练 1 epoch ...
  loss=-0.0573  adv_var=1.8396  耗时=206.0s
  *** 新纪录！phi_max=0.6449  已保存: experiments/20260316_204611/construct_v7.0_best.pth + best_packing.conf ***

============================================================
迭代 2/20  lr=5.00e-04
  采集 100 个样本 (模型策略)...
  [采集完成] 100 条  phi: mean=0.6453  max=0.6592  min=0.6339
  phi: mean=0.6453  max=0.6592  min=0.6339  avg_steps=102.9
  候选点: before=578.5  filtered=57.7  added=58.3  after=579.1
  训练 1 epoch ...
  loss=-0.4107  adv_var=1.8271  耗时=190.2s
  *** 新纪录！phi_max=0.6592  已保存: experiments/20260316_204611/construct_v7.0_best.pth + best_packing.conf ***

============================================================
迭代 3/20  lr=5.00e-04
  采集 100 个样本 (模型策略)...
  [采集完成] 100 条  phi: mean=0.6545  max=0.6662  min=0.6412
  phi: mean=0.6545  max=0.6662  min=0.6412  avg_steps=98.9
  候选点: before=544.6  filtered=60.7  added=61.3  after=545.2
  训练 1 epoch ...
  loss=-0.3183  adv_var=1.7555  耗时=176.8s
  *** 新纪录！phi_max=0.6662  已保存: experiments/20260316_204611/construct_v7.0_best.pth + best_packing.conf ***

============================================================
迭代 4/20  lr=5.00e-04
  采集 100 个样本 (模型策略)...
  [采集完成] 100 条  phi: mean=0.6668  max=0.6782  min=0.6531
  phi: mean=0.6668  max=0.6782  min=0.6531  avg_steps=98.1
  候选点: before=546.8  filtered=63.4  added=64.0  after=547.4
  训练 1 epoch ...
  loss=-0.3938  adv_var=1.8413  耗时=172.0s
  *** 新纪录！phi_max=0.6782  已保存: experiments/20260316_204611/construct_v7.0_best.pth + best_packing.conf ***

============================================================
迭代 5/20  lr=5.00e-04
  采集 100 个样本 (模型策略)...
  [采集完成] 100 条  phi: mean=0.6703  max=0.6834  min=0.6521
  phi: mean=0.6703  max=0.6834  min=0.6521  avg_steps=96.8
  候选点: before=540.0  filtered=64.5  added=65.0  after=540.6
  训练 1 epoch ...
  loss=-0.2131  adv_var=1.8551  耗时=169.9s
  *** 新纪录！phi_max=0.6834  已保存: experiments/20260316_204611/construct_v7.0_best.pth + best_packing.conf ***

============================================================
迭代 6/20  lr=5.00e-04
  采集 100 个样本 (模型策略)...
  [采集完成] 100 条  phi: mean=0.6701  max=0.6808  min=0.6536
  phi: mean=0.6701  max=0.6808  min=0.6536  avg_steps=95.0
  候选点: before=529.5  filtered=64.6  added=65.2  after=530.1
  训练 1 epoch ...
  loss=-0.0002  adv_var=1.8794  耗时=165.5s

============================================================
迭代 7/20  lr=5.00e-04
  采集 100 个样本 (模型策略)...
  [采集完成] 100 条  phi: mean=0.6692  max=0.6850  min=0.6563
  phi: mean=0.6692  max=0.6850  min=0.6563  avg_steps=95.1
  候选点: before=515.4  filtered=63.8  added=64.4  after=516.0
  训练 1 epoch ...
  loss=-0.2944  adv_var=1.8558  耗时=162.5s
  *** 新纪录！phi_max=0.6850  已保存: experiments/20260316_204611/construct_v7.0_best.pth + best_packing.conf ***

============================================================
迭代 8/20  lr=5.00e-04
  采集 100 个样本 (模型策略)...
  [采集完成] 100 条  phi: mean=0.6701  max=0.6836  min=0.6605
  phi: mean=0.6701  max=0.6836  min=0.6605  avg_steps=94.1
  候选点: before=530.4  filtered=64.7  added=65.3  after=531.0
  训练 1 epoch ...
  loss=-0.0128  adv_var=1.8305  耗时=158.0s

============================================================
迭代 9/20  lr=5.00e-04
  采集 100 个样本 (模型策略)...
  [采集完成] 100 条  phi: mean=0.6698  max=0.6889  min=0.6520
  phi: mean=0.6698  max=0.6889  min=0.6520  avg_steps=96.4
  候选点: before=540.4  filtered=64.1  added=64.7  after=541.0
  训练 1 epoch ...
  loss=-0.0693  adv_var=1.8421  耗时=166.9s
  *** 新纪录！phi_max=0.6889  已保存: experiments/20260316_204611/construct_v7.0_best.pth + best_packing.conf ***

============================================================
迭代 10/20  lr=5.00e-04
  采集 100 个样本 (模型策略)...
  [采集完成] 100 条  phi: mean=0.6698  max=0.6811  min=0.6590
  phi: mean=0.6698  max=0.6811  min=0.6590  avg_steps=95.3
  候选点: before=534.7  filtered=64.2  added=64.8  after=535.3
  训练 1 epoch ...
  loss=-0.0707  adv_var=1.8524  耗时=161.7s

============================================================
迭代 11/20  lr=5.00e-04
  采集 100 个样本 (模型策略)...
  [采集完成] 100 条  phi: mean=0.6697  max=0.6859  min=0.6561
  phi: mean=0.6697  max=0.6859  min=0.6561  avg_steps=96.1
  候选点: before=542.9  filtered=63.9  added=64.5  after=543.5
  训练 1 epoch ...
  loss=-0.0896  adv_var=1.7970  耗时=168.6s

============================================================
迭代 12/20  lr=5.00e-04
  采集 100 个样本 (模型策略)...
  [采集完成] 100 条  phi: mean=0.6703  max=0.6834  min=0.6581
  phi: mean=0.6703  max=0.6834  min=0.6581  avg_steps=94.7
  候选点: before=540.8  filtered=64.5  added=65.1  after=541.4
  训练 1 epoch ...
  loss=-0.0691  adv_var=1.8735  耗时=160.4s

============================================================
迭代 13/20  lr=5.00e-04
  采集 100 个样本 (模型策略)...
  [采集完成] 100 条  phi: mean=0.6697  max=0.6823  min=0.6589
  phi: mean=0.6697  max=0.6823  min=0.6589  avg_steps=94.6
  候选点: before=544.2  filtered=64.5  added=65.1  after=544.8
  训练 1 epoch ...
  loss=0.0296  adv_var=1.8044  耗时=163.2s

============================================================
迭代 14/20  lr=5.00e-04
  采集 100 个样本 (模型策略)...
  [采集完成] 100 条  phi: mean=0.6701  max=0.6820  min=0.6554
  phi: mean=0.6701  max=0.6820  min=0.6554  avg_steps=94.1
  候选点: before=533.4  filtered=63.7  added=64.3  after=534.0
  训练 1 epoch ...
  loss=-0.0047  adv_var=1.8323  耗时=162.1s

============================================================
迭代 15/20  lr=5.00e-04
  采集 100 个样本 (模型策略)...
  [采集完成] 100 条  phi: mean=0.6699  max=0.6816  min=0.6591
  phi: mean=0.6699  max=0.6816  min=0.6591  avg_steps=94.9
  候选点: before=554.1  filtered=64.1  added=64.7  after=554.7
  训练 1 epoch ...
  loss=-0.3193  adv_var=1.7873  耗时=162.1s

============================================================
迭代 16/20  lr=5.00e-04
  采集 100 个样本 (模型策略)...
  [采集完成] 100 条  phi: mean=0.6663  max=0.6773  min=0.6555
  phi: mean=0.6663  max=0.6773  min=0.6555  avg_steps=96.1
  候选点: before=622.1  filtered=62.1  added=62.7  after=622.7
  训练 1 epoch ...
  loss=0.1398  adv_var=1.8624  耗时=163.5s

============================================================
迭代 17/20  lr=5.00e-04
  采集 100 个样本 (模型策略)...
  [采集完成] 100 条  phi: mean=0.6667  max=0.6819  min=0.6537
  phi: mean=0.6667  max=0.6819  min=0.6537  avg_steps=95.9
  候选点: before=603.0  filtered=61.7  added=62.2  after=603.6
  训练 1 epoch ...
  loss=-0.0594  adv_var=1.8299  耗时=167.2s

============================================================
迭代 18/20  lr=5.00e-04
  采集 100 个样本 (模型策略)...
  [采集完成] 100 条  phi: mean=0.6664  max=0.6747  min=0.6584
  phi: mean=0.6664  max=0.6747  min=0.6584  avg_steps=95.8
  候选点: before=615.0  filtered=61.2  added=61.7  after=615.5
  训练 1 epoch ...
  loss=-0.1349  adv_var=1.8270  耗时=163.3s

============================================================
迭代 19/20  lr=5.00e-04
  采集 100 个样本 (模型策略)...
  [采集完成] 100 条  phi: mean=0.6678  max=0.6781  min=0.6525
  phi: mean=0.6678  max=0.6781  min=0.6525  avg_steps=96.1
  候选点: before=580.7  filtered=62.4  added=63.0  after=581.3
  训练 1 epoch ...
  loss=-0.0891  adv_var=1.7560  耗时=170.7s

============================================================
迭代 20/20  lr=5.00e-04
  采集 100 个样本 (模型策略)...
  [采集完成] 100 条  phi: mean=0.6681  max=0.6798  min=0.6574
  phi: mean=0.6681  max=0.6798  min=0.6574  avg_steps=96.2
  候选点: before=566.1  filtered=64.1  added=64.7  after=566.7
  训练 1 epoch ...
  loss=0.0493  adv_var=1.8365  耗时=165.6s

训练完成！最终模型已保存至 experiments/20260316_204611/construct_v7.0_final.pth

============================================================
开始评测（采样策略 T=5.0，共 20 局）...
  [采集完成] 20 条  phi: mean=0.6683  max=0.6809  min=0.6620
  评测完成  phi: mean=0.6683  max=0.6809  min=0.6620
  报告已保存: experiments/20260316_204611/eval_report.txt
  最优堆积已保存: experiments/20260316_204611/best_packing.conf  (phi=0.6809)
