实验目录: experiments\20260315_170944
使用设备: cuda
目标粒子数: 50  目标体积分数: 0.72

============================================================
迭代 1/10  lr=5.00e-04
  采集 10 个样本 (随机策略)...
  [采集完成] 10 条  phi: mean=0.5791  max=0.5993  min=0.5666
  phi: mean=0.5791  max=0.5993  min=0.5666  avg_steps=40.4
  数据已保存: data\20260315_170944_iter001.pkl
  候选点: before=115.4  filtered=22.5  added=22.7  after=115.5
  训练 10 epoch ...
  loss=-0.2309  耗时=7.8s
  *** 新纪录！phi_max=0.5993  已保存: experiments\20260315_170944\construct_v7.0_best.pth + best_packing.conf ***

============================================================
迭代 2/10  lr=5.00e-04
  采集 10 个样本 (模型策略)...
  [采集完成] 10 条  phi: mean=0.5794  max=0.5937  min=0.5641
  phi: mean=0.5794  max=0.5937  min=0.5641  avg_steps=42.3
  数据已保存: data\20260315_170944_iter002.pkl
  候选点: before=125.4  filtered=21.9  added=22.1  after=125.6
  训练 10 epoch ...
  loss=-0.1078  耗时=8.5s

============================================================
迭代 3/10  lr=5.00e-04
  采集 10 个样本 (模型策略)...
  [采集完成] 10 条  phi: mean=0.5755  max=0.5842  min=0.5577
  phi: mean=0.5755  max=0.5842  min=0.5577  avg_steps=47.1
  数据已保存: data\20260315_170944_iter003.pkl
  候选点: before=136.9  filtered=22.1  added=22.4  after=137.2
  训练 10 epoch ...
  loss=-0.1766  耗时=8.7s

============================================================
迭代 4/10  lr=5.00e-04
  采集 10 个样本 (模型策略)...
  [采集完成] 10 条  phi: mean=0.5693  max=0.5871  min=0.5564
  phi: mean=0.5693  max=0.5871  min=0.5564  avg_steps=46.1
  数据已保存: data\20260315_170944_iter004.pkl
  候选点: before=137.1  filtered=23.0  added=23.2  after=137.4
  训练 10 epoch ...
  loss=-0.0624  耗时=9.4s

============================================================
迭代 5/10  lr=5.00e-04
  采集 10 个样本 (模型策略)...
  [采集完成] 10 条  phi: mean=0.5800  max=0.6064  min=0.5678
  phi: mean=0.5800  max=0.6064  min=0.5678  avg_steps=44.9
  数据已保存: data\20260315_170944_iter005.pkl
  候选点: before=132.0  filtered=21.0  added=21.2  after=132.2
  训练 10 epoch ...
  loss=0.0152  耗时=10.3s
  *** 新纪录！phi_max=0.6064  已保存: experiments\20260315_170944\construct_v7.0_best.pth + best_packing.conf ***

============================================================
迭代 6/10  lr=5.00e-04
  采集 10 个样本 (模型策略)...
  [采集完成] 10 条  phi: mean=0.5772  max=0.5874  min=0.5687
  phi: mean=0.5772  max=0.5874  min=0.5687  avg_steps=42.6
  数据已保存: data\20260315_170944_iter006.pkl
  候选点: before=135.8  filtered=23.7  added=23.9  after=136.0
  [退步] phi_max 0.5874 < 0.6064 - 0.01
  [回滚] 模型已恢复，lr 调整为 2.50e-04
  训练 10 epoch ...
  loss=0.0228  耗时=9.0s

============================================================
迭代 7/10  lr=2.50e-04
  采集 10 个样本 (模型策略)...
  [采集完成] 10 条  phi: mean=0.5853  max=0.6046  min=0.5717
  phi: mean=0.5853  max=0.6046  min=0.5717  avg_steps=39.2
  数据已保存: data\20260315_170944_iter007.pkl
  候选点: before=130.0  filtered=23.3  added=23.4  after=130.2
  训练 10 epoch ...
  loss=-0.1003  耗时=8.0s

============================================================
迭代 8/10  lr=2.50e-04
  采集 10 个样本 (模型策略)...
  [采集完成] 10 条  phi: mean=0.5885  max=0.6038  min=0.5723
  phi: mean=0.5885  max=0.6038  min=0.5723  avg_steps=36.8
  数据已保存: data\20260315_170944_iter008.pkl
  候选点: before=117.3  filtered=22.5  added=22.6  after=117.3
  训练 10 epoch ...
  loss=0.0044  耗时=7.6s

============================================================
迭代 9/10  lr=2.50e-04
  采集 10 个样本 (模型策略)...
  [采集完成] 10 条  phi: mean=0.5810  max=0.5959  min=0.5655
  phi: mean=0.5810  max=0.5959  min=0.5655  avg_steps=37.6
  数据已保存: data\20260315_170944_iter009.pkl
  候选点: before=118.4  filtered=22.9  added=23.0  after=118.5
  训练 10 epoch ...
  loss=-0.0639  耗时=7.8s

============================================================
迭代 10/10  lr=2.50e-04
  采集 10 个样本 (模型策略)...
  [采集完成] 10 条  phi: mean=0.5788  max=0.5910  min=0.5620
  phi: mean=0.5788  max=0.5910  min=0.5620  avg_steps=37.0
  数据已保存: data\20260315_170944_iter010.pkl
  候选点: before=115.4  filtered=21.6  added=21.7  after=115.5
  训练 10 epoch ...
  loss=-0.1119  耗时=7.9s

训练完成！最终模型已保存至 experiments\20260315_170944\construct_v7.0_final.pth

============================================================
开始评测（采样策略 T=1.0，共 20 局）...
  [采集完成] 20 条  phi: mean=0.5827  max=0.6027  min=0.5621
  评测完成  phi: mean=0.5827  max=0.6027  min=0.5621
  报告已保存: experiments\20260315_170944\eval_report.txt
  最优堆积已保存: experiments\20260315_170944\best_packing.conf  (phi=0.6027)
