实验目录: experiments/20260316_190803
使用设备: cpu
目标粒子数: 100  目标体积分数: 0.72

============================================================
迭代 1/20  lr=5.00e-04
  采集 100 个样本 (随机策略)...
  [采集完成] 100 条  phi: mean=0.6230  max=0.6394  min=0.6081
  phi: mean=0.6230  max=0.6394  min=0.6081  avg_steps=97.2
  候选点: before=522.0  filtered=50.2  added=50.9  after=522.7
  训练 1 epoch ...
  loss=0.3037  adv_var=1.8552  耗时=98.8s
  *** 新纪录！phi_max=0.6394  已保存: experiments/20260316_190803/construct_v7.0_best.pth + best_packing.conf ***

============================================================
迭代 2/20  lr=5.00e-04
  采集 100 个样本 (模型策略)...
  [采集完成] 100 条  phi: mean=0.6275  max=0.6416  min=0.6088
  phi: mean=0.6275  max=0.6416  min=0.6088  avg_steps=95.1
  候选点: before=510.3  filtered=50.4  added=51.1  after=511.0
  训练 1 epoch ...
  loss=0.0525  adv_var=1.8451  耗时=94.3s
  *** 新纪录！phi_max=0.6416  已保存: experiments/20260316_190803/construct_v7.0_best.pth + best_packing.conf ***

============================================================
迭代 3/20  lr=5.00e-04
  采集 100 个样本 (模型策略)...
  [采集完成] 100 条  phi: mean=0.6474  max=0.6675  min=0.6292
  phi: mean=0.6474  max=0.6675  min=0.6292  avg_steps=88.4
  候选点: before=468.3  filtered=51.7  added=52.3  after=469.0
  训练 1 epoch ...
  loss=-0.3325  adv_var=1.8678  耗时=69.3s
  *** 新纪录！phi_max=0.6675  已保存: experiments/20260316_190803/construct_v7.0_best.pth + best_packing.conf ***

============================================================
迭代 4/20  lr=5.00e-04
  采集 100 个样本 (模型策略)...
  [采集完成] 100 条  phi: mean=0.6645  max=0.6817  min=0.6461
  phi: mean=0.6645  max=0.6817  min=0.6461  avg_steps=79.5
  候选点: before=418.0  filtered=52.4  added=53.0  after=418.6
  训练 1 epoch ...
  loss=-0.5219  adv_var=1.8636  耗时=53.8s
  *** 新纪录！phi_max=0.6817  已保存: experiments/20260316_190803/construct_v7.0_best.pth + best_packing.conf ***

============================================================
迭代 5/20  lr=5.00e-04
  采集 100 个样本 (模型策略)...
  [采集完成] 100 条  phi: mean=0.6717  max=0.6831  min=0.6610
  phi: mean=0.6717  max=0.6831  min=0.6610  avg_steps=76.5
  候选点: before=399.8  filtered=52.6  added=53.2  after=400.3
  训练 1 epoch ...
  loss=-0.2193  adv_var=1.8441  耗时=50.8s
  *** 新纪录！phi_max=0.6831  已保存: experiments/20260316_190803/construct_v7.0_best.pth + best_packing.conf ***

============================================================
迭代 6/20  lr=5.00e-04
  采集 100 个样本 (模型策略)...
  [采集完成] 100 条  phi: mean=0.6715  max=0.6884  min=0.6592
  phi: mean=0.6715  max=0.6884  min=0.6592  avg_steps=75.9
  候选点: before=396.3  filtered=52.6  added=53.1  after=396.9
  训练 1 epoch ...
  loss=-0.0601  adv_var=1.8577  耗时=49.7s
  *** 新纪录！phi_max=0.6884  已保存: experiments/20260316_190803/construct_v7.0_best.pth + best_packing.conf ***

============================================================
迭代 7/20  lr=5.00e-04
  采集 100 个样本 (模型策略)...
  [采集完成] 100 条  phi: mean=0.6722  max=0.6883  min=0.6603
  phi: mean=0.6722  max=0.6883  min=0.6603  avg_steps=75.8
  候选点: before=394.9  filtered=52.2  added=52.8  after=395.5
  训练 1 epoch ...
  loss=-0.0185  adv_var=1.8978  耗时=50.8s

============================================================
迭代 8/20  lr=5.00e-04
  采集 100 个样本 (模型策略)...
  [采集完成] 100 条  phi: mean=0.6713  max=0.6847  min=0.6571
  phi: mean=0.6713  max=0.6847  min=0.6571  avg_steps=74.7
  候选点: before=394.9  filtered=52.4  added=53.0  after=395.5
  训练 1 epoch ...
  loss=-0.2325  adv_var=1.8477  耗时=48.0s

============================================================
迭代 9/20  lr=5.00e-04
  采集 100 个样本 (模型策略)...
  [采集完成] 100 条  phi: mean=0.6731  max=0.6853  min=0.6592
  phi: mean=0.6731  max=0.6853  min=0.6592  avg_steps=74.4
  候选点: before=392.9  filtered=52.3  added=52.9  after=393.5
  训练 1 epoch ...
  loss=-0.1315  adv_var=1.7856  耗时=49.2s

============================================================
迭代 10/20  lr=5.00e-04
  采集 100 个样本 (模型策略)...
  [采集完成] 100 条  phi: mean=0.6733  max=0.6917  min=0.6587
  phi: mean=0.6733  max=0.6917  min=0.6587  avg_steps=74.8
  候选点: before=393.5  filtered=52.4  added=53.0  after=394.1
  训练 1 epoch ...
  loss=0.1217  adv_var=1.8065  耗时=49.4s
  *** 新纪录！phi_max=0.6917  已保存: experiments/20260316_190803/construct_v7.0_best.pth + best_packing.conf ***

============================================================
迭代 11/20  lr=5.00e-04
  采集 100 个样本 (模型策略)...
  [采集完成] 100 条  phi: mean=0.6726  max=0.6859  min=0.6569
  phi: mean=0.6726  max=0.6859  min=0.6569  avg_steps=75.8
  候选点: before=398.5  filtered=52.1  added=52.7  after=399.1
  训练 1 epoch ...
  loss=-0.1305  adv_var=1.8399  耗时=51.0s

============================================================
迭代 12/20  lr=5.00e-04
  采集 100 个样本 (模型策略)...
  [采集完成] 100 条  phi: mean=0.6723  max=0.6883  min=0.6584
  phi: mean=0.6723  max=0.6883  min=0.6584  avg_steps=75.1
  候选点: before=389.9  filtered=51.9  added=52.5  after=390.5
  训练 1 epoch ...
  loss=-0.1382  adv_var=1.8382  耗时=49.3s

============================================================
迭代 13/20  lr=5.00e-04
  采集 100 个样本 (模型策略)...
  [采集完成] 100 条  phi: mean=0.6721  max=0.6861  min=0.6597
  phi: mean=0.6721  max=0.6861  min=0.6597  avg_steps=74.3
  候选点: before=396.7  filtered=52.8  added=53.3  after=397.3
  训练 1 epoch ...
  loss=-0.1333  adv_var=1.8424  耗时=48.7s

============================================================
迭代 14/20  lr=5.00e-04
  采集 100 个样本 (模型策略)...
  [采集完成] 100 条  phi: mean=0.6733  max=0.6843  min=0.6623
  phi: mean=0.6733  max=0.6843  min=0.6623  avg_steps=73.7
  候选点: before=392.8  filtered=52.2  added=52.7  after=393.3
  训练 1 epoch ...
  loss=-0.1379  adv_var=1.7888  耗时=48.8s

============================================================
迭代 15/20  lr=5.00e-04
  采集 100 个样本 (模型策略)...
  [采集完成] 100 条  phi: mean=0.6734  max=0.6872  min=0.6596
  phi: mean=0.6734  max=0.6872  min=0.6596  avg_steps=73.4
  候选点: before=394.6  filtered=52.1  added=52.6  after=395.2
  训练 1 epoch ...
  loss=0.0289  adv_var=1.8696  耗时=46.5s

============================================================
迭代 16/20  lr=5.00e-04
  采集 100 个样本 (模型策略)...
  [采集完成] 100 条  phi: mean=0.6737  max=0.6965  min=0.6589
  phi: mean=0.6737  max=0.6965  min=0.6589  avg_steps=73.0
  候选点: before=393.6  filtered=52.0  added=52.6  after=394.1
  训练 1 epoch ...
  loss=0.0724  adv_var=1.8633  耗时=46.7s
  *** 新纪录！phi_max=0.6965  已保存: experiments/20260316_190803/construct_v7.0_best.pth + best_packing.conf ***

============================================================
迭代 17/20  lr=5.00e-04
  采集 100 个样本 (模型策略)...
  [采集完成] 100 条  phi: mean=0.6732  max=0.6843  min=0.6583
  phi: mean=0.6732  max=0.6843  min=0.6583  avg_steps=71.6
  候选点: before=385.0  filtered=51.8  added=52.4  after=385.5
  [退步] phi_max 0.6843 < 0.6965 - 0.01
  [回滚] 模型已恢复，lr 调整为 2.50e-04
  [跳过训练] 耗时=20.5s  下轮用恢复的模型重新采集

============================================================
迭代 18/20  lr=2.50e-04
  采集 100 个样本 (模型策略)...
  [采集完成] 100 条  phi: mean=0.6740  max=0.6835  min=0.6564
  phi: mean=0.6740  max=0.6835  min=0.6564  avg_steps=72.6
  候选点: before=382.8  filtered=51.0  added=51.6  after=383.4
  [退步] phi_max 0.6835 < 0.6965 - 0.01
  [回滚] 模型已恢复，lr 调整为 1.25e-04
  [跳过训练] 耗时=21.3s  下轮用恢复的模型重新采集

============================================================
迭代 19/20  lr=1.25e-04
  采集 100 个样本 (模型策略)...
  [采集完成] 100 条  phi: mean=0.6727  max=0.6886  min=0.6598
  phi: mean=0.6727  max=0.6886  min=0.6598  avg_steps=71.6
  候选点: before=380.3  filtered=51.4  added=51.9  after=380.8
  训练 1 epoch ...
  loss=-0.0013  adv_var=1.8297  耗时=44.5s

============================================================
迭代 20/20  lr=1.25e-04
  采集 100 个样本 (模型策略)...
  [采集完成] 100 条  phi: mean=0.6733  max=0.6842  min=0.6562
  phi: mean=0.6733  max=0.6842  min=0.6562  avg_steps=71.0
  候选点: before=381.5  filtered=51.5  added=52.1  after=382.0
  训练 1 epoch ...
  loss=0.0749  adv_var=1.7702  耗时=44.1s

训练完成！最终模型已保存至 experiments/20260316_190803/construct_v7.0_final.pth

============================================================
开始评测（采样策略 T=5.0，共 20 局）...
  [采集完成] 20 条  phi: mean=0.6745  max=0.6868  min=0.6635
  评测完成  phi: mean=0.6745  max=0.6868  min=0.6635
  报告已保存: experiments/20260316_190803/eval_report.txt
  最优堆积已保存: experiments/20260316_190803/best_packing.conf  (phi=0.6868)
