实验目录: experiments/20260316_163113
使用设备: cpu
目标粒子数: 100  目标体积分数: 0.72

============================================================
迭代 1/20  lr=5.00e-04
  采集 50 个样本 (随机策略)...
  [采集完成] 50 条  phi: mean=0.6226  max=0.6351  min=0.6090
  phi: mean=0.6226  max=0.6351  min=0.6090  avg_steps=96.7
  候选点: before=519.5  filtered=50.2  added=50.8  after=520.2
  训练 1 epoch ...
  loss=-0.6089  adv_var=1.8374  耗时=64.7s
  *** 新纪录！phi_max=0.6351  已保存: experiments/20260316_163113/construct_v7.0_best.pth + best_packing.conf ***

============================================================
迭代 2/20  lr=5.00e-04
  采集 50 个样本 (模型策略)...
  [采集完成] 50 条  phi: mean=0.6305  max=0.6419  min=0.6168
  phi: mean=0.6305  max=0.6419  min=0.6168  avg_steps=95.8
  候选点: before=503.5  filtered=49.9  added=50.5  after=504.2
  训练 1 epoch ...
  loss=-0.1550  adv_var=1.8158  耗时=61.2s
  *** 新纪录！phi_max=0.6419  已保存: experiments/20260316_163113/construct_v7.0_best.pth + best_packing.conf ***

============================================================
迭代 3/20  lr=5.00e-04
  采集 50 个样本 (模型策略)...
  [采集完成] 50 条  phi: mean=0.6355  max=0.6522  min=0.6183
  phi: mean=0.6355  max=0.6522  min=0.6183  avg_steps=93.2
  候选点: before=497.9  filtered=50.6  added=51.2  after=498.5
  训练 1 epoch ...
  loss=-0.3179  adv_var=1.8704  耗时=57.5s
  *** 新纪录！phi_max=0.6522  已保存: experiments/20260316_163113/construct_v7.0_best.pth + best_packing.conf ***

============================================================
迭代 4/20  lr=5.00e-04
  采集 50 个样本 (模型策略)...
  [采集完成] 50 条  phi: mean=0.6427  max=0.6590  min=0.6321
  phi: mean=0.6427  max=0.6590  min=0.6321  avg_steps=89.2
  候选点: before=481.1  filtered=51.5  added=52.2  after=481.7
  训练 1 epoch ...
  loss=0.2731  adv_var=1.8419  耗时=51.2s
  *** 新纪录！phi_max=0.6590  已保存: experiments/20260316_163113/construct_v7.0_best.pth + best_packing.conf ***

============================================================
迭代 5/20  lr=5.00e-04
  采集 50 个样本 (模型策略)...
  [采集完成] 50 条  phi: mean=0.6498  max=0.6653  min=0.6380
  phi: mean=0.6498  max=0.6653  min=0.6380  avg_steps=88.1
  候选点: before=465.5  filtered=51.6  added=52.2  after=466.2
  训练 1 epoch ...
  loss=-0.2981  adv_var=1.7809  耗时=50.4s
  *** 新纪录！phi_max=0.6653  已保存: experiments/20260316_163113/construct_v7.0_best.pth + best_packing.conf ***

============================================================
迭代 6/20  lr=5.00e-04
  采集 50 个样本 (模型策略)...
  [采集完成] 50 条  phi: mean=0.6585  max=0.6742  min=0.6354
  phi: mean=0.6585  max=0.6742  min=0.6354  avg_steps=83.0
  候选点: before=440.5  filtered=52.4  added=53.0  after=441.1
  训练 1 epoch ...
  loss=-0.2065  adv_var=1.8661  耗时=45.4s
  *** 新纪录！phi_max=0.6742  已保存: experiments/20260316_163113/construct_v7.0_best.pth + best_packing.conf ***

============================================================
迭代 7/20  lr=5.00e-04
  采集 50 个样本 (模型策略)...
  [采集完成] 50 条  phi: mean=0.6635  max=0.6744  min=0.6475
  phi: mean=0.6635  max=0.6744  min=0.6475  avg_steps=81.9
  候选点: before=428.5  filtered=52.4  added=53.0  after=429.1
  训练 1 epoch ...
  loss=-0.2944  adv_var=1.7739  耗时=42.9s
  *** 新纪录！phi_max=0.6744  已保存: experiments/20260316_163113/construct_v7.0_best.pth + best_packing.conf ***

============================================================
迭代 8/20  lr=5.00e-04
  采集 50 个样本 (模型策略)...
  [采集完成] 50 条  phi: mean=0.6672  max=0.6808  min=0.6506
  phi: mean=0.6672  max=0.6808  min=0.6506  avg_steps=78.0
  候选点: before=408.4  filtered=52.6  added=53.2  after=409.0
  训练 1 epoch ...
  loss=-0.2633  adv_var=1.8455  耗时=38.4s
  *** 新纪录！phi_max=0.6808  已保存: experiments/20260316_163113/construct_v7.0_best.pth + best_packing.conf ***

============================================================
迭代 9/20  lr=5.00e-04
  采集 50 个样本 (模型策略)...
  [采集完成] 50 条  phi: mean=0.6667  max=0.6784  min=0.6555
  phi: mean=0.6667  max=0.6784  min=0.6555  avg_steps=77.7
  候选点: before=410.8  filtered=52.7  added=53.3  after=411.4
  训练 1 epoch ...
  loss=-0.1224  adv_var=1.7828  耗时=38.8s

============================================================
迭代 10/20  lr=5.00e-04
  采集 50 个样本 (模型策略)...
  [采集完成] 50 条  phi: mean=0.6680  max=0.6816  min=0.6540
  phi: mean=0.6680  max=0.6816  min=0.6540  avg_steps=78.0
  候选点: before=402.4  filtered=51.7  added=52.3  after=403.0
  训练 1 epoch ...
  loss=-0.1378  adv_var=1.9021  耗时=38.5s
  *** 新纪录！phi_max=0.6816  已保存: experiments/20260316_163113/construct_v7.0_best.pth + best_packing.conf ***

============================================================
迭代 11/20  lr=5.00e-04
  采集 50 个样本 (模型策略)...
  [采集完成] 50 条  phi: mean=0.6678  max=0.6798  min=0.6565
  phi: mean=0.6678  max=0.6798  min=0.6565  avg_steps=78.4
  候选点: before=414.6  filtered=52.6  added=53.2  after=415.2
  训练 1 epoch ...
  loss=-0.1058  adv_var=1.8468  耗时=39.1s

============================================================
迭代 12/20  lr=5.00e-04
  采集 50 个样本 (模型策略)...
  [采集完成] 50 条  phi: mean=0.6690  max=0.6864  min=0.6543
  phi: mean=0.6690  max=0.6864  min=0.6543  avg_steps=77.4
  候选点: before=405.6  filtered=52.7  added=53.3  after=406.1
  训练 1 epoch ...
  loss=-0.2893  adv_var=1.8592  耗时=37.7s
  *** 新纪录！phi_max=0.6864  已保存: experiments/20260316_163113/construct_v7.0_best.pth + best_packing.conf ***

============================================================
迭代 13/20  lr=5.00e-04
  采集 50 个样本 (模型策略)...
  [采集完成] 50 条  phi: mean=0.6688  max=0.6821  min=0.6565
  phi: mean=0.6688  max=0.6821  min=0.6565  avg_steps=76.2
  候选点: before=398.0  filtered=52.2  added=52.8  after=398.6
  训练 1 epoch ...
  loss=-0.3138  adv_var=1.8022  耗时=38.8s

============================================================
迭代 14/20  lr=5.00e-04
  采集 50 个样本 (模型策略)...
  [采集完成] 50 条  phi: mean=0.6712  max=0.6827  min=0.6579
  phi: mean=0.6712  max=0.6827  min=0.6579  avg_steps=77.3
  候选点: before=403.5  filtered=52.5  added=53.1  after=404.1
  训练 1 epoch ...
  loss=-0.0569  adv_var=1.7652  耗时=38.4s

============================================================
迭代 15/20  lr=5.00e-04
  采集 50 个样本 (模型策略)...
  [采集完成] 50 条  phi: mean=0.6700  max=0.6849  min=0.6553
  phi: mean=0.6700  max=0.6849  min=0.6553  avg_steps=78.0
  候选点: before=407.1  filtered=52.1  added=52.7  after=407.7
  训练 1 epoch ...
  loss=-0.4203  adv_var=1.7644  耗时=40.2s

============================================================
迭代 16/20  lr=5.00e-04
  采集 50 个样本 (模型策略)...
  [采集完成] 50 条  phi: mean=0.6701  max=0.6795  min=0.6597
  phi: mean=0.6701  max=0.6795  min=0.6597  avg_steps=77.1
  候选点: before=413.1  filtered=52.9  added=53.5  after=413.7
  训练 1 epoch ...
  loss=-0.4696  adv_var=1.7220  耗时=37.4s

============================================================
迭代 17/20  lr=5.00e-04
  采集 50 个样本 (模型策略)...
  [采集完成] 50 条  phi: mean=0.6688  max=0.6850  min=0.6528
  phi: mean=0.6688  max=0.6850  min=0.6528  avg_steps=77.0
  候选点: before=410.7  filtered=52.0  added=52.5  after=411.3
  训练 1 epoch ...
  loss=0.0013  adv_var=1.8643  耗时=40.3s

============================================================
迭代 18/20  lr=5.00e-04
  采集 50 个样本 (模型策略)...
  [采集完成] 50 条  phi: mean=0.6695  max=0.6807  min=0.6568
  phi: mean=0.6695  max=0.6807  min=0.6568  avg_steps=76.6
  候选点: before=415.6  filtered=52.6  added=53.2  after=416.2
  训练 1 epoch ...
  loss=-0.0113  adv_var=1.8381  耗时=36.5s

============================================================
迭代 19/20  lr=5.00e-04
  采集 50 个样本 (模型策略)...
  [采集完成] 50 条  phi: mean=0.6704  max=0.6834  min=0.6592
  phi: mean=0.6704  max=0.6834  min=0.6592  avg_steps=76.2
  候选点: before=408.9  filtered=51.6  added=52.2  after=409.5
  训练 1 epoch ...
  loss=0.0491  adv_var=1.8048  耗时=36.8s

============================================================
迭代 20/20  lr=5.00e-04
  采集 50 个样本 (模型策略)...
  [采集完成] 50 条  phi: mean=0.6703  max=0.6802  min=0.6559
  phi: mean=0.6703  max=0.6802  min=0.6559  avg_steps=75.8
  候选点: before=408.5  filtered=51.8  added=52.3  after=409.1
  训练 1 epoch ...
  loss=-0.4058  adv_var=1.7630  耗时=36.2s

训练完成！最终模型已保存至 experiments/20260316_163113/construct_v7.0_final.pth

============================================================
开始评测（采样策略 T=5.0，共 20 局）...
  [采集完成] 20 条  phi: mean=0.6722  max=0.6821  min=0.6625
  评测完成  phi: mean=0.6722  max=0.6821  min=0.6625
  报告已保存: experiments/20260316_163113/eval_report.txt
  最优堆积已保存: experiments/20260316_163113/best_packing.conf  (phi=0.6821)
