实验目录: experiments/20260316_170114
使用设备: cpu
目标粒子数: 100  目标体积分数: 0.72

============================================================
迭代 1/20  lr=5.00e-04
  采集 50 个样本 (随机策略)...
  [采集完成] 50 条  phi: mean=0.6290  max=0.6404  min=0.6173
  phi: mean=0.6290  max=0.6404  min=0.6173  avg_steps=90.4
  候选点: before=886.2  filtered=94.0  added=94.3  after=886.5
  训练 1 epoch ...
  loss=-0.8952  adv_var=1.7486  耗时=66.1s
  *** 新纪录！phi_max=0.6404  已保存: experiments/20260316_170114/construct_v7.0_best.pth + best_packing.conf ***

============================================================
迭代 2/20  lr=5.00e-04
  采集 50 个样本 (模型策略)...
  [采集完成] 50 条  phi: mean=0.6401  max=0.6517  min=0.6293
  phi: mean=0.6401  max=0.6517  min=0.6293  avg_steps=89.1
  候选点: before=899.9  filtered=97.3  added=97.6  after=900.3
  训练 1 epoch ...
  loss=0.7612  adv_var=1.7816  耗时=66.5s
  *** 新纪录！phi_max=0.6517  已保存: experiments/20260316_170114/construct_v7.0_best.pth + best_packing.conf ***

============================================================
迭代 3/20  lr=5.00e-04
  采集 50 个样本 (模型策略)...
  [采集完成] 50 条  phi: mean=0.6437  max=0.6579  min=0.6339
  phi: mean=0.6437  max=0.6579  min=0.6339  avg_steps=89.8
  候选点: before=893.1  filtered=98.6  added=99.0  after=893.4
  训练 1 epoch ...
  loss=-0.2392  adv_var=1.8519  耗时=65.5s
  *** 新纪录！phi_max=0.6579  已保存: experiments/20260316_170114/construct_v7.0_best.pth + best_packing.conf ***

============================================================
迭代 4/20  lr=5.00e-04
  采集 50 个样本 (模型策略)...
  [采集完成] 50 条  phi: mean=0.6527  max=0.6636  min=0.6370
  phi: mean=0.6527  max=0.6636  min=0.6370  avg_steps=87.7
  候选点: before=873.7  filtered=99.9  added=100.2  after=874.0
  训练 1 epoch ...
  loss=0.1530  adv_var=1.8892  耗时=62.0s
  *** 新纪录！phi_max=0.6636  已保存: experiments/20260316_170114/construct_v7.0_best.pth + best_packing.conf ***

============================================================
迭代 5/20  lr=5.00e-04
  采集 50 个样本 (模型策略)...
  [采集完成] 50 条  phi: mean=0.6542  max=0.6686  min=0.6436
  phi: mean=0.6542  max=0.6686  min=0.6436  avg_steps=87.3
  候选点: before=861.7  filtered=100.0  added=100.3  after=862.0
  训练 1 epoch ...
  loss=-0.4131  adv_var=1.8575  耗时=64.6s
  *** 新纪录！phi_max=0.6686  已保存: experiments/20260316_170114/construct_v7.0_best.pth + best_packing.conf ***

============================================================
迭代 6/20  lr=5.00e-04
  采集 50 个样本 (模型策略)...
  [采集完成] 50 条  phi: mean=0.6516  max=0.6704  min=0.6375
  phi: mean=0.6516  max=0.6704  min=0.6375  avg_steps=87.6
  候选点: before=857.6  filtered=100.3  added=100.6  after=857.9
  训练 1 epoch ...
  loss=-0.0423  adv_var=1.8258  耗时=64.5s
  *** 新纪录！phi_max=0.6704  已保存: experiments/20260316_170114/construct_v7.0_best.pth + best_packing.conf ***

============================================================
迭代 7/20  lr=5.00e-04
  采集 50 个样本 (模型策略)...
  [采集完成] 50 条  phi: mean=0.6534  max=0.6670  min=0.6419
  phi: mean=0.6534  max=0.6670  min=0.6419  avg_steps=87.4
  候选点: before=871.3  filtered=99.9  added=100.2  after=871.6
  训练 1 epoch ...
  loss=0.0478  adv_var=1.8071  耗时=61.6s

============================================================
迭代 8/20  lr=5.00e-04
  采集 50 个样本 (模型策略)...
  [采集完成] 50 条  phi: mean=0.6531  max=0.6647  min=0.6373
  phi: mean=0.6531  max=0.6647  min=0.6373  avg_steps=87.0
  候选点: before=864.5  filtered=101.1  added=101.4  after=864.8
  训练 1 epoch ...
  loss=-0.0417  adv_var=1.9116  耗时=59.4s

============================================================
迭代 9/20  lr=5.00e-04
  采集 50 个样本 (模型策略)...
  [采集完成] 50 条  phi: mean=0.6554  max=0.6744  min=0.6382
  phi: mean=0.6554  max=0.6744  min=0.6382  avg_steps=85.7
  候选点: before=866.3  filtered=100.8  added=101.1  after=866.6
  训练 1 epoch ...
  loss=0.0777  adv_var=1.8647  耗时=58.7s
  *** 新纪录！phi_max=0.6744  已保存: experiments/20260316_170114/construct_v7.0_best.pth + best_packing.conf ***

============================================================
迭代 10/20  lr=5.00e-04
  采集 50 个样本 (模型策略)...
  [采集完成] 50 条  phi: mean=0.6636  max=0.6776  min=0.6498
  phi: mean=0.6636  max=0.6776  min=0.6498  avg_steps=84.6
  候选点: before=832.8  filtered=102.0  added=102.3  after=833.1
  训练 1 epoch ...
  loss=0.2134  adv_var=1.8505  耗时=57.0s
  *** 新纪录！phi_max=0.6776  已保存: experiments/20260316_170114/construct_v7.0_best.pth + best_packing.conf ***

============================================================
迭代 11/20  lr=5.00e-04
  采集 50 个样本 (模型策略)...
  [采集完成] 50 条  phi: mean=0.6666  max=0.6795  min=0.6561
  phi: mean=0.6666  max=0.6795  min=0.6561  avg_steps=83.4
  候选点: before=820.3  filtered=102.8  added=103.0  after=820.6
  训练 1 epoch ...
  loss=-0.0517  adv_var=1.7870  耗时=56.4s
  *** 新纪录！phi_max=0.6795  已保存: experiments/20260316_170114/construct_v7.0_best.pth + best_packing.conf ***

============================================================
迭代 12/20  lr=5.00e-04
  采集 50 个样本 (模型策略)...
  [采集完成] 50 条  phi: mean=0.6666  max=0.6794  min=0.6504
  phi: mean=0.6666  max=0.6794  min=0.6504  avg_steps=82.2
  候选点: before=807.8  filtered=103.0  added=103.3  after=808.1
  训练 1 epoch ...
  loss=-0.0241  adv_var=1.8825  耗时=55.1s

============================================================
迭代 13/20  lr=5.00e-04
  采集 50 个样本 (模型策略)...
  [采集完成] 50 条  phi: mean=0.6665  max=0.6794  min=0.6551
  phi: mean=0.6665  max=0.6794  min=0.6551  avg_steps=81.9
  候选点: before=793.2  filtered=101.0  added=101.2  after=793.5
  训练 1 epoch ...
  loss=0.1610  adv_var=1.8291  耗时=54.1s

============================================================
迭代 14/20  lr=5.00e-04
  采集 50 个样本 (模型策略)...
  [采集完成] 50 条  phi: mean=0.6635  max=0.6746  min=0.6521
  phi: mean=0.6635  max=0.6746  min=0.6521  avg_steps=82.4
  候选点: before=817.1  filtered=101.9  added=102.1  after=817.3
  训练 1 epoch ...
  loss=0.1400  adv_var=1.9145  耗时=55.1s

============================================================
迭代 15/20  lr=5.00e-04
  采集 50 个样本 (模型策略)...
  [采集完成] 50 条  phi: mean=0.6657  max=0.6793  min=0.6476
  phi: mean=0.6657  max=0.6793  min=0.6476  avg_steps=80.9
  候选点: before=805.4  filtered=102.6  added=102.8  after=805.7
  训练 1 epoch ...
  loss=-0.8397  adv_var=1.8050  耗时=51.7s

============================================================
迭代 16/20  lr=5.00e-04
  采集 50 个样本 (模型策略)...
  [采集完成] 50 条  phi: mean=0.6609  max=0.6718  min=0.6478
  phi: mean=0.6609  max=0.6718  min=0.6478  avg_steps=83.3
  候选点: before=830.8  filtered=102.4  added=102.7  after=831.1
  训练 1 epoch ...
  loss=0.0544  adv_var=1.8489  耗时=54.6s

============================================================
迭代 17/20  lr=5.00e-04
  采集 50 个样本 (模型策略)...
  [采集完成] 50 条  phi: mean=0.6584  max=0.6698  min=0.6425
  phi: mean=0.6584  max=0.6698  min=0.6425  avg_steps=84.6
  候选点: before=847.7  filtered=100.8  added=101.1  after=847.9
  训练 1 epoch ...
  loss=-0.1066  adv_var=1.8551  耗时=56.8s

============================================================
迭代 18/20  lr=5.00e-04
  采集 50 个样本 (模型策略)...
  [采集完成] 50 条  phi: mean=0.6635  max=0.6798  min=0.6490
  phi: mean=0.6635  max=0.6798  min=0.6490  avg_steps=81.9
  候选点: before=826.6  filtered=101.2  added=101.4  after=826.9
  训练 1 epoch ...
  loss=-0.2144  adv_var=1.7398  耗时=52.7s
  *** 新纪录！phi_max=0.6798  已保存: experiments/20260316_170114/construct_v7.0_best.pth + best_packing.conf ***

============================================================
迭代 19/20  lr=5.00e-04
  采集 50 个样本 (模型策略)...
  [采集完成] 50 条  phi: mean=0.6672  max=0.6793  min=0.6503
  phi: mean=0.6672  max=0.6793  min=0.6503  avg_steps=82.6
  候选点: before=816.2  filtered=102.9  added=103.2  after=816.5
  训练 1 epoch ...
  loss=0.2065  adv_var=1.8357  耗时=55.7s

============================================================
迭代 20/20  lr=5.00e-04
  采集 50 个样本 (模型策略)...
  [采集完成] 50 条  phi: mean=0.6716  max=0.6884  min=0.6571
  phi: mean=0.6716  max=0.6884  min=0.6571  avg_steps=80.6
  候选点: before=794.0  filtered=103.1  added=103.3  after=794.3
  训练 1 epoch ...
  loss=-0.2725  adv_var=1.7301  耗时=51.0s
  *** 新纪录！phi_max=0.6884  已保存: experiments/20260316_170114/construct_v7.0_best.pth + best_packing.conf ***

训练完成！最终模型已保存至 experiments/20260316_170114/construct_v7.0_final.pth

============================================================
开始评测（采样策略 T=5.0，共 20 局）...
  [采集完成] 20 条  phi: mean=0.6716  max=0.6801  min=0.6556
  评测完成  phi: mean=0.6716  max=0.6801  min=0.6556
  报告已保存: experiments/20260316_170114/eval_report.txt
  最优堆积已保存: experiments/20260316_170114/best_packing.conf  (phi=0.6801)
