实验目录: experiments/20260316_134619
使用设备: cpu
目标粒子数: 100  目标体积分数: 0.72

============================================================
迭代 1/20  lr=5.00e-04
  采集 50 个样本 (随机策略)...
  [采集完成] 50 条  phi: mean=0.6257  max=0.6405  min=0.6128
  phi: mean=0.6257  max=0.6405  min=0.6128  avg_steps=101.2
  候选点: before=201.3  filtered=17.2  added=18.0  after=202.1
  训练 1 epoch ...
  loss=-0.0376  adv_var=1.8891  耗时=54.8s
  *** 新纪录！phi_max=0.6405  已保存: experiments/20260316_134619/construct_v7.0_best.pth + best_packing.conf ***

============================================================
迭代 2/20  lr=5.00e-04
  采集 50 个样本 (模型策略)...
  [采集完成] 50 条  phi: mean=0.6300  max=0.6443  min=0.6107
  phi: mean=0.6300  max=0.6443  min=0.6107  avg_steps=101.0
  候选点: before=199.6  filtered=17.2  added=18.1  after=200.5
  训练 1 epoch ...
  loss=-0.3338  adv_var=1.7821  耗时=58.9s
  *** 新纪录！phi_max=0.6443  已保存: experiments/20260316_134619/construct_v7.0_best.pth + best_packing.conf ***

============================================================
迭代 3/20  lr=5.00e-04
  采集 50 个样本 (模型策略)...
  [采集完成] 50 条  phi: mean=0.6377  max=0.6507  min=0.6192
  phi: mean=0.6377  max=0.6507  min=0.6192  avg_steps=93.4
  候选点: before=184.0  filtered=16.9  added=17.8  after=184.8
  训练 1 epoch ...
  loss=-0.0812  adv_var=1.7870  耗时=46.8s
  *** 新纪录！phi_max=0.6507  已保存: experiments/20260316_134619/construct_v7.0_best.pth + best_packing.conf ***

============================================================
迭代 4/20  lr=5.00e-04
  采集 50 个样本 (模型策略)...
  [采集完成] 50 条  phi: mean=0.6444  max=0.6613  min=0.6259
  phi: mean=0.6444  max=0.6613  min=0.6259  avg_steps=89.8
  候选点: before=171.4  filtered=17.1  added=17.9  after=172.3
  训练 1 epoch ...
  loss=-0.3583  adv_var=1.9022  耗时=43.8s
  *** 新纪录！phi_max=0.6613  已保存: experiments/20260316_134619/construct_v7.0_best.pth + best_packing.conf ***

============================================================
迭代 5/20  lr=5.00e-04
  采集 50 个样本 (模型策略)...
  [采集完成] 50 条  phi: mean=0.6481  max=0.6632  min=0.6341
  phi: mean=0.6481  max=0.6632  min=0.6341  avg_steps=88.4
  候选点: before=165.5  filtered=17.1  added=17.9  after=166.3
  训练 1 epoch ...
  loss=0.2723  adv_var=1.7986  耗时=41.4s
  *** 新纪录！phi_max=0.6632  已保存: experiments/20260316_134619/construct_v7.0_best.pth + best_packing.conf ***

============================================================
迭代 6/20  lr=5.00e-04
  采集 50 个样本 (模型策略)...
  [采集完成] 50 条  phi: mean=0.6495  max=0.6648  min=0.6368
  phi: mean=0.6495  max=0.6648  min=0.6368  avg_steps=87.2
  候选点: before=163.2  filtered=17.0  added=17.9  after=164.0
  训练 1 epoch ...
  loss=0.0675  adv_var=1.8576  耗时=39.1s
  *** 新纪录！phi_max=0.6648  已保存: experiments/20260316_134619/construct_v7.0_best.pth + best_packing.conf ***

============================================================
迭代 7/20  lr=5.00e-04
  采集 50 个样本 (模型策略)...
  [采集完成] 50 条  phi: mean=0.6533  max=0.6672  min=0.6432
  phi: mean=0.6533  max=0.6672  min=0.6432  avg_steps=86.1
  候选点: before=162.2  filtered=17.1  added=17.9  after=163.1
  训练 1 epoch ...
  loss=0.0195  adv_var=1.7142  耗时=39.2s
  *** 新纪录！phi_max=0.6672  已保存: experiments/20260316_134619/construct_v7.0_best.pth + best_packing.conf ***

============================================================
迭代 8/20  lr=5.00e-04
  采集 50 个样本 (模型策略)...
  [采集完成] 50 条  phi: mean=0.6555  max=0.6733  min=0.6347
  phi: mean=0.6555  max=0.6733  min=0.6347  avg_steps=83.0
  候选点: before=152.2  filtered=16.9  added=17.7  after=153.1
  训练 1 epoch ...
  loss=-0.4126  adv_var=1.8299  耗时=36.3s
  *** 新纪录！phi_max=0.6733  已保存: experiments/20260316_134619/construct_v7.0_best.pth + best_packing.conf ***

============================================================
迭代 9/20  lr=5.00e-04
  采集 50 个样本 (模型策略)...
  [采集完成] 50 条  phi: mean=0.6591  max=0.6701  min=0.6477
  phi: mean=0.6591  max=0.6701  min=0.6477  avg_steps=82.3
  候选点: before=147.5  filtered=16.9  added=17.7  after=148.3
  训练 1 epoch ...
  loss=-0.2323  adv_var=1.7685  耗时=34.3s

============================================================
迭代 10/20  lr=5.00e-04
  采集 50 个样本 (模型策略)...
  [采集完成] 50 条  phi: mean=0.6611  max=0.6709  min=0.6451
  phi: mean=0.6611  max=0.6709  min=0.6451  avg_steps=80.8
  候选点: before=147.2  filtered=17.0  added=17.9  after=148.0
  训练 1 epoch ...
  loss=-0.1166  adv_var=1.8529  耗时=34.1s

============================================================
迭代 11/20  lr=5.00e-04
  采集 50 个样本 (模型策略)...
  [采集完成] 50 条  phi: mean=0.6623  max=0.6747  min=0.6469
  phi: mean=0.6623  max=0.6747  min=0.6469  avg_steps=82.0
  候选点: before=144.4  filtered=16.9  added=17.8  after=145.2
  训练 1 epoch ...
  loss=-0.3456  adv_var=1.7301  耗时=36.7s
  *** 新纪录！phi_max=0.6747  已保存: experiments/20260316_134619/construct_v7.0_best.pth + best_packing.conf ***

============================================================
迭代 12/20  lr=5.00e-04
  采集 50 个样本 (模型策略)...
  [采集完成] 50 条  phi: mean=0.6609  max=0.6733  min=0.6435
  phi: mean=0.6609  max=0.6733  min=0.6435  avg_steps=81.2
  候选点: before=144.3  filtered=16.8  added=17.6  after=145.1
  训练 1 epoch ...
  loss=-0.0885  adv_var=1.8078  耗时=35.0s

============================================================
迭代 13/20  lr=5.00e-04
  采集 50 个样本 (模型策略)...
  [采集完成] 50 条  phi: mean=0.6608  max=0.6707  min=0.6453
  phi: mean=0.6608  max=0.6707  min=0.6453  avg_steps=82.2
  候选点: before=143.4  filtered=16.5  added=17.4  after=144.3
  训练 1 epoch ...
  loss=-0.1339  adv_var=1.8214  耗时=35.2s

============================================================
迭代 14/20  lr=5.00e-04
  采集 50 个样本 (模型策略)...
  [采集完成] 50 条  phi: mean=0.6611  max=0.6747  min=0.6477
  phi: mean=0.6611  max=0.6747  min=0.6477  avg_steps=79.6
  候选点: before=141.9  filtered=16.8  added=17.7  after=142.7
  训练 1 epoch ...
  loss=-0.0927  adv_var=1.8270  耗时=32.1s

============================================================
迭代 15/20  lr=5.00e-04
  采集 50 个样本 (模型策略)...
  [采集完成] 50 条  phi: mean=0.6624  max=0.6723  min=0.6517
  phi: mean=0.6624  max=0.6723  min=0.6517  avg_steps=80.6
  候选点: before=141.2  filtered=16.7  added=17.5  after=142.1
  训练 1 epoch ...
  loss=0.2119  adv_var=1.8190  耗时=35.7s

============================================================
迭代 16/20  lr=5.00e-04
  采集 50 个样本 (模型策略)...
  [采集完成] 50 条  phi: mean=0.6611  max=0.6749  min=0.6496
  phi: mean=0.6611  max=0.6749  min=0.6496  avg_steps=80.0
  候选点: before=141.8  filtered=16.5  added=17.4  after=142.7
  训练 1 epoch ...
  loss=-0.2295  adv_var=1.8415  耗时=32.8s
  *** 新纪录！phi_max=0.6749  已保存: experiments/20260316_134619/construct_v7.0_best.pth + best_packing.conf ***

============================================================
迭代 17/20  lr=5.00e-04
  采集 50 个样本 (模型策略)...
  [采集完成] 50 条  phi: mean=0.6617  max=0.6712  min=0.6483
  phi: mean=0.6617  max=0.6712  min=0.6483  avg_steps=79.9
  候选点: before=141.8  filtered=16.5  added=17.3  after=142.7
  训练 1 epoch ...
  loss=-0.3773  adv_var=1.8209  耗时=33.5s

============================================================
迭代 18/20  lr=5.00e-04
  采集 50 个样本 (模型策略)...
  [采集完成] 50 条  phi: mean=0.6621  max=0.6723  min=0.6504
  phi: mean=0.6621  max=0.6723  min=0.6504  avg_steps=80.1
  候选点: before=141.6  filtered=16.8  added=17.7  after=142.4
  训练 1 epoch ...
  loss=-0.3002  adv_var=1.7608  耗时=32.3s

============================================================
迭代 19/20  lr=5.00e-04
  采集 50 个样本 (模型策略)...
  [采集完成] 50 条  phi: mean=0.6624  max=0.6720  min=0.6493
  phi: mean=0.6624  max=0.6720  min=0.6493  avg_steps=79.1
  候选点: before=144.9  filtered=16.8  added=17.6  after=145.7
  训练 1 epoch ...
  loss=0.1330  adv_var=1.7710  耗时=34.7s

============================================================
迭代 20/20  lr=5.00e-04
  采集 50 个样本 (模型策略)...
  [采集完成] 50 条  phi: mean=0.6627  max=0.6760  min=0.6504
  phi: mean=0.6627  max=0.6760  min=0.6504  avg_steps=79.9
  候选点: before=145.0  filtered=16.6  added=17.5  after=145.8
  训练 1 epoch ...
  loss=0.2452  adv_var=1.8048  耗时=33.6s
  *** 新纪录！phi_max=0.6760  已保存: experiments/20260316_134619/construct_v7.0_best.pth + best_packing.conf ***

训练完成！最终模型已保存至 experiments/20260316_134619/construct_v7.0_final.pth

============================================================
开始评测（采样策略 T=5.0，共 20 局）...
  [采集完成] 20 条  phi: mean=0.6628  max=0.6720  min=0.6520
  评测完成  phi: mean=0.6628  max=0.6720  min=0.6520
  报告已保存: experiments/20260316_134619/eval_report.txt
  最优堆积已保存: experiments/20260316_134619/best_packing.conf  (phi=0.6720)
