实验目录: experiments/20260316_184611
使用设备: cpu
目标粒子数: 100  目标体积分数: 0.72

============================================================
迭代 1/100  lr=5.00e-04
  采集 50 个样本 (随机策略)...
  [采集完成] 50 条  phi: mean=0.6795  max=0.7102  min=0.6559
  phi: mean=0.6795  max=0.7102  min=0.6559  avg_steps=196.0
  候选点: before=328.1  filtered=10.1  added=12.5  after=330.4
  训练 1 epoch ...
  loss=-0.5340  adv_var=1.7703  耗时=223.9s
  *** 新纪录！phi_max=0.7102  已保存: experiments/20260316_184611/construct_v7.0_best.pth + best_packing.conf ***

============================================================
迭代 2/100  lr=5.00e-04
  采集 50 个样本 (模型策略)...
  [采集完成] 50 条  phi: mean=0.6984  max=0.7202  min=0.6610
  phi: mean=0.6984  max=0.7202  min=0.6610  avg_steps=196.0
  候选点: before=271.0  filtered=9.7  added=11.5  after=272.8
  训练 1 epoch ...
  loss=-0.5875  adv_var=1.8649  耗时=224.7s
  *** 新纪录！phi_max=0.7202  已保存: experiments/20260316_184611/construct_v7.0_best.pth + best_packing.conf ***

============================================================
迭代 3/100  lr=5.00e-04
  采集 50 个样本 (模型策略)...
  [采集完成] 50 条  phi: mean=0.7346  max=0.7441  min=0.7153
  phi: mean=0.7346  max=0.7441  min=0.7153  avg_steps=193.2
  候选点: before=189.8  filtered=8.8  added=9.9  after=190.8
  训练 1 epoch ...
  loss=0.0733  adv_var=1.8106  耗时=220.1s
  *** 新纪录！phi_max=0.7441  已保存: experiments/20260316_184611/construct_v7.0_best.pth + best_packing.conf ***

============================================================
迭代 4/100  lr=5.00e-04
  采集 50 个样本 (模型策略)...
  [采集完成] 50 条  phi: mean=0.7383  max=0.7530  min=0.7151
  phi: mean=0.7383  max=0.7530  min=0.7151  avg_steps=191.0
  候选点: before=181.4  filtered=8.6  added=9.6  after=182.4
  训练 1 epoch ...
  loss=-0.2493  adv_var=1.8779  耗时=212.7s
  *** 新纪录！phi_max=0.7530  已保存: experiments/20260316_184611/construct_v7.0_best.pth + best_packing.conf ***

============================================================
迭代 5/100  lr=5.00e-04
  采集 50 个样本 (模型策略)...
  [采集完成] 50 条  phi: mean=0.7385  max=0.7503  min=0.7200
  phi: mean=0.7385  max=0.7503  min=0.7200  avg_steps=192.0
  候选点: before=186.9  filtered=8.6  added=9.7  after=188.0
  训练 1 epoch ...
  loss=-0.0124  adv_var=1.8683  耗时=217.1s

============================================================
迭代 6/100  lr=5.00e-04
  采集 50 个样本 (模型策略)...
  [采集完成] 50 条  phi: mean=0.7357  max=0.7472  min=0.7151
  phi: mean=0.7357  max=0.7472  min=0.7151  avg_steps=191.9
  候选点: before=196.8  filtered=8.6  added=9.7  after=197.9
  训练 1 epoch ...
  loss=-3.3312  adv_var=1.7875  耗时=226.3s

============================================================
迭代 7/100  lr=5.00e-04
  采集 50 个样本 (模型策略)...
