实验目录: experiments/20260316_141733
使用设备: cpu
目标粒子数: 100  目标体积分数: 0.72

============================================================
迭代 1/20  lr=5.00e-04
  采集 50 个样本 (随机策略)...
  [采集完成] 50 条  phi: mean=0.6058  max=0.6196  min=0.5924
  phi: mean=0.6058  max=0.6196  min=0.5924  avg_steps=90.5
  候选点: before=206.1  filtered=19.9  added=20.7  after=207.0
  训练 1 epoch ...
  loss=-0.1529  adv_var=1.8154  耗时=41.8s
  *** 新纪录！phi_max=0.6196  已保存: experiments/20260316_141733/construct_v7.0_best.pth + best_packing.conf ***

============================================================
迭代 2/20  lr=5.00e-04
  采集 50 个样本 (模型策略)...
  [采集完成] 50 条  phi: mean=0.6133  max=0.6253  min=0.5977
  phi: mean=0.6133  max=0.6253  min=0.5977  avg_steps=86.3
  候选点: before=192.8  filtered=19.4  added=20.3  after=193.7
  训练 1 epoch ...
  loss=-0.1132  adv_var=1.8565  耗时=39.3s
  *** 新纪录！phi_max=0.6253  已保存: experiments/20260316_141733/construct_v7.0_best.pth + best_packing.conf ***

============================================================
迭代 3/20  lr=5.00e-04
  采集 50 个样本 (模型策略)...
  [采集完成] 50 条  phi: mean=0.6183  max=0.6310  min=0.6022
  phi: mean=0.6183  max=0.6310  min=0.6022  avg_steps=82.9
  候选点: before=184.3  filtered=19.9  added=20.7  after=185.1
  训练 1 epoch ...
  loss=-0.8289  adv_var=1.7574  耗时=35.0s
  *** 新纪录！phi_max=0.6310  已保存: experiments/20260316_141733/construct_v7.0_best.pth + best_packing.conf ***

============================================================
迭代 4/20  lr=5.00e-04
  采集 50 个样本 (模型策略)...
  [采集完成] 50 条  phi: mean=0.6328  max=0.6511  min=0.6148
  phi: mean=0.6328  max=0.6511  min=0.6148  avg_steps=78.8
  候选点: before=176.3  filtered=19.9  added=20.7  after=177.1
  训练 1 epoch ...
  loss=0.0466  adv_var=1.8843  耗时=31.7s
  *** 新纪录！phi_max=0.6511  已保存: experiments/20260316_141733/construct_v7.0_best.pth + best_packing.conf ***

============================================================
迭代 5/20  lr=5.00e-04
  采集 50 个样本 (模型策略)...
  [采集完成] 50 条  phi: mean=0.6338  max=0.6492  min=0.6159
  phi: mean=0.6338  max=0.6492  min=0.6159  avg_steps=78.2
  候选点: before=171.9  filtered=19.7  added=20.5  after=172.7
  训练 1 epoch ...
  loss=0.1684  adv_var=1.8153  耗时=31.5s

============================================================
迭代 6/20  lr=5.00e-04
  采集 50 个样本 (模型策略)...
  [采集完成] 50 条  phi: mean=0.6341  max=0.6449  min=0.6193
  phi: mean=0.6341  max=0.6449  min=0.6193  avg_steps=77.3
  候选点: before=169.5  filtered=19.7  added=20.5  after=170.4
  训练 1 epoch ...
  loss=-0.0600  adv_var=1.7949  耗时=30.0s

============================================================
迭代 7/20  lr=5.00e-04
  采集 50 个样本 (模型策略)...
  [采集完成] 50 条  phi: mean=0.6393  max=0.6513  min=0.6292
  phi: mean=0.6393  max=0.6513  min=0.6292  avg_steps=75.2
  候选点: before=163.8  filtered=19.5  added=20.4  after=164.6
  训练 1 epoch ...
  loss=0.2796  adv_var=1.8416  耗时=28.6s
  *** 新纪录！phi_max=0.6513  已保存: experiments/20260316_141733/construct_v7.0_best.pth + best_packing.conf ***

============================================================
迭代 8/20  lr=5.00e-04
  采集 50 个样本 (模型策略)...
  [采集完成] 50 条  phi: mean=0.6390  max=0.6560  min=0.6225
  phi: mean=0.6390  max=0.6560  min=0.6225  avg_steps=75.8
  候选点: before=163.7  filtered=19.8  added=20.7  after=164.5
  训练 1 epoch ...
  loss=0.0812  adv_var=1.8957  耗时=29.9s
  *** 新纪录！phi_max=0.6560  已保存: experiments/20260316_141733/construct_v7.0_best.pth + best_packing.conf ***

============================================================
迭代 9/20  lr=5.00e-04
  采集 50 个样本 (模型策略)...
  [采集完成] 50 条  phi: mean=0.6397  max=0.6498  min=0.6250
  phi: mean=0.6397  max=0.6498  min=0.6250  avg_steps=76.5
  候选点: before=165.4  filtered=19.9  added=20.7  after=166.3
  训练 1 epoch ...
  loss=-0.3625  adv_var=1.9033  耗时=30.0s

============================================================
迭代 10/20  lr=5.00e-04
  采集 50 个样本 (模型策略)...
  [采集完成] 50 条  phi: mean=0.6418  max=0.6532  min=0.6235
  phi: mean=0.6418  max=0.6532  min=0.6235  avg_steps=74.9
  候选点: before=160.1  filtered=19.7  added=20.6  after=160.9
  训练 1 epoch ...
  loss=-0.0233  adv_var=1.8536  耗时=29.3s

============================================================
迭代 11/20  lr=5.00e-04
  采集 50 个样本 (模型策略)...
  [采集完成] 50 条  phi: mean=0.6420  max=0.6531  min=0.6265
  phi: mean=0.6420  max=0.6531  min=0.6265  avg_steps=73.3
  候选点: before=158.7  filtered=19.8  added=20.6  after=159.5
  训练 1 epoch ...
  loss=-0.1708  adv_var=1.7905  耗时=27.5s

============================================================
迭代 12/20  lr=5.00e-04
  采集 50 个样本 (模型策略)...
  [采集完成] 50 条  phi: mean=0.6429  max=0.6529  min=0.6306
  phi: mean=0.6429  max=0.6529  min=0.6306  avg_steps=75.1
  候选点: before=160.9  filtered=20.0  added=20.9  after=161.7
  训练 1 epoch ...
  loss=0.2021  adv_var=1.8363  耗时=28.8s

============================================================
迭代 13/20  lr=5.00e-04
  采集 50 个样本 (模型策略)...
  [采集完成] 50 条  phi: mean=0.6442  max=0.6629  min=0.6241
  phi: mean=0.6442  max=0.6629  min=0.6241  avg_steps=75.5
  候选点: before=161.1  filtered=19.9  added=20.7  after=161.9
  训练 1 epoch ...
  loss=-0.0560  adv_var=1.8664  耗时=29.0s
  *** 新纪录！phi_max=0.6629  已保存: experiments/20260316_141733/construct_v7.0_best.pth + best_packing.conf ***

============================================================
迭代 14/20  lr=5.00e-04
  采集 50 个样本 (模型策略)...
  [采集完成] 50 条  phi: mean=0.6432  max=0.6611  min=0.6222
  phi: mean=0.6432  max=0.6611  min=0.6222  avg_steps=73.1
  候选点: before=158.5  filtered=19.9  added=20.7  after=159.3
  训练 1 epoch ...
  loss=-0.1112  adv_var=1.9156  耗时=26.8s

============================================================
迭代 15/20  lr=5.00e-04
  采集 50 个样本 (模型策略)...
  [采集完成] 50 条  phi: mean=0.6437  max=0.6632  min=0.6261
  phi: mean=0.6437  max=0.6632  min=0.6261  avg_steps=73.4
  候选点: before=156.9  filtered=19.7  added=20.6  after=157.8
  训练 1 epoch ...
  loss=0.1156  adv_var=1.8596  耗时=26.7s
  *** 新纪录！phi_max=0.6632  已保存: experiments/20260316_141733/construct_v7.0_best.pth + best_packing.conf ***

============================================================
迭代 16/20  lr=5.00e-04
  采集 50 个样本 (模型策略)...
  [采集完成] 50 条  phi: mean=0.6412  max=0.6585  min=0.6273
  phi: mean=0.6412  max=0.6585  min=0.6273  avg_steps=73.7
  候选点: before=159.6  filtered=19.9  added=20.7  after=160.4
  训练 1 epoch ...
  loss=0.0048  adv_var=1.8080  耗时=27.9s

============================================================
迭代 17/20  lr=5.00e-04
  采集 50 个样本 (模型策略)...
  [采集完成] 50 条  phi: mean=0.6433  max=0.6532  min=0.6305
  phi: mean=0.6433  max=0.6532  min=0.6305  avg_steps=74.8
  候选点: before=161.2  filtered=19.9  added=20.7  after=162.0
  训练 1 epoch ...
  loss=0.0529  adv_var=1.8219  耗时=29.5s

============================================================
迭代 18/20  lr=5.00e-04
  采集 50 个样本 (模型策略)...
  [采集完成] 50 条  phi: mean=0.6458  max=0.6619  min=0.6353
  phi: mean=0.6458  max=0.6619  min=0.6353  avg_steps=74.3
  候选点: before=162.8  filtered=19.6  added=20.4  after=163.6
  训练 1 epoch ...
  loss=0.1127  adv_var=1.7614  耗时=29.2s

============================================================
迭代 19/20  lr=5.00e-04
  采集 50 个样本 (模型策略)...
  [采集完成] 50 条  phi: mean=0.6436  max=0.6592  min=0.6301
  phi: mean=0.6436  max=0.6592  min=0.6301  avg_steps=73.4
  候选点: before=159.6  filtered=19.8  added=20.7  after=160.5
  训练 1 epoch ...
  loss=-0.1874  adv_var=1.7552  耗时=27.8s

============================================================
迭代 20/20  lr=5.00e-04
  采集 50 个样本 (模型策略)...
  [采集完成] 50 条  phi: mean=0.6420  max=0.6539  min=0.6286
  phi: mean=0.6420  max=0.6539  min=0.6286  avg_steps=73.8
  候选点: before=162.1  filtered=19.8  added=20.6  after=162.9
  训练 1 epoch ...
  loss=-0.0530  adv_var=1.7768  耗时=27.8s

训练完成！最终模型已保存至 experiments/20260316_141733/construct_v7.0_final.pth

============================================================
开始评测（采样策略 T=5.0，共 20 局）...
  [采集完成] 20 条  phi: mean=0.6407  max=0.6542  min=0.6280
  评测完成  phi: mean=0.6407  max=0.6542  min=0.6280
  报告已保存: experiments/20260316_141733/eval_report.txt
  最优堆积已保存: experiments/20260316_141733/best_packing.conf  (phi=0.6542)
