实验目录: experiments/20260316_200118
使用设备: cpu
目标粒子数: 100  目标体积分数: 0.72

============================================================
迭代 1/20  lr=5.00e-04
  采集 100 个样本 (随机策略)...
  [采集完成] 100 条  phi: mean=0.6397  max=0.6520  min=0.6254
  phi: mean=0.6397  max=0.6520  min=0.6254  avg_steps=84.9
  候选点: before=1594.0  filtered=186.7  added=186.3  after=1593.6
  训练 1 epoch ...
  loss=-0.2755  adv_var=1.7764  耗时=157.6s
  *** 新纪录！phi_max=0.6520  已保存: experiments/20260316_200118/construct_v7.0_best.pth + best_packing.conf ***

============================================================
迭代 2/20  lr=5.00e-04
  采集 100 个样本 (模型策略)...
  [采集完成] 100 条  phi: mean=0.6445  max=0.6575  min=0.6259
  phi: mean=0.6445  max=0.6575  min=0.6259  avg_steps=84.9
  候选点: before=1585.5  filtered=187.5  added=187.1  after=1585.2
  训练 1 epoch ...
  loss=0.0155  adv_var=1.8554  耗时=166.5s
  *** 新纪录！phi_max=0.6575  已保存: experiments/20260316_200118/construct_v7.0_best.pth + best_packing.conf ***

============================================================
迭代 3/20  lr=5.00e-04
  采集 100 个样本 (模型策略)...
  [采集完成] 100 条  phi: mean=0.6466  max=0.6623  min=0.6301
  phi: mean=0.6466  max=0.6623  min=0.6301  avg_steps=85.4
  候选点: before=1658.7  filtered=189.4  added=189.0  after=1658.4
  训练 1 epoch ...
  loss=-0.0646  adv_var=1.8361  耗时=167.2s
  *** 新纪录！phi_max=0.6623  已保存: experiments/20260316_200118/construct_v7.0_best.pth + best_packing.conf ***

============================================================
迭代 4/20  lr=5.00e-04
  采集 100 个样本 (模型策略)...
  [采集完成] 100 条  phi: mean=0.6583  max=0.6714  min=0.6364
  phi: mean=0.6583  max=0.6714  min=0.6364  avg_steps=82.5
  候选点: before=1616.1  filtered=196.1  added=195.7  after=1615.7
  训练 1 epoch ...
  loss=-0.0082  adv_var=1.8167  耗时=149.9s
  *** 新纪录！phi_max=0.6714  已保存: experiments/20260316_200118/construct_v7.0_best.pth + best_packing.conf ***

============================================================
迭代 5/20  lr=5.00e-04
  采集 100 个样本 (模型策略)...
  [采集完成] 100 条  phi: mean=0.6680  max=0.6820  min=0.6494
  phi: mean=0.6680  max=0.6820  min=0.6494  avg_steps=80.0
  候选点: before=1534.3  filtered=199.0  added=198.5  after=1533.8
  训练 1 epoch ...
  loss=-0.1697  adv_var=1.7937  耗时=144.7s
  *** 新纪录！phi_max=0.6820  已保存: experiments/20260316_200118/construct_v7.0_best.pth + best_packing.conf ***

============================================================
迭代 6/20  lr=5.00e-04
  采集 100 个样本 (模型策略)...
  [采集完成] 100 条  phi: mean=0.6715  max=0.6848  min=0.6585
  phi: mean=0.6715  max=0.6848  min=0.6585  avg_steps=77.8
  候选点: before=1496.5  filtered=200.5  added=200.1  after=1496.0
  训练 1 epoch ...
  loss=-0.1697  adv_var=1.7676  耗时=135.8s
  *** 新纪录！phi_max=0.6848  已保存: experiments/20260316_200118/construct_v7.0_best.pth + best_packing.conf ***

============================================================
迭代 7/20  lr=5.00e-04
  采集 100 个样本 (模型策略)...
  [采集完成] 100 条  phi: mean=0.6740  max=0.6905  min=0.6584
  phi: mean=0.6740  max=0.6905  min=0.6584  avg_steps=76.7
  候选点: before=1478.0  filtered=199.9  added=199.4  after=1477.5
  训练 1 epoch ...
  loss=-0.3280  adv_var=1.8419  耗时=133.2s
  *** 新纪录！phi_max=0.6905  已保存: experiments/20260316_200118/construct_v7.0_best.pth + best_packing.conf ***

============================================================
迭代 8/20  lr=5.00e-04
  采集 100 个样本 (模型策略)...
  [采集完成] 100 条  phi: mean=0.6741  max=0.6865  min=0.6562
  phi: mean=0.6741  max=0.6865  min=0.6562  avg_steps=77.4
  候选点: before=1480.4  filtered=198.4  added=197.9  after=1479.9
  训练 1 epoch ...
  loss=-0.1689  adv_var=1.8231  耗时=136.2s

============================================================
迭代 9/20  lr=5.00e-04
  采集 100 个样本 (模型策略)...
  [采集完成] 100 条  phi: mean=0.6729  max=0.6916  min=0.6593
  phi: mean=0.6729  max=0.6916  min=0.6593  avg_steps=75.4
  候选点: before=1507.1  filtered=198.6  added=198.1  after=1506.6
  训练 1 epoch ...
  loss=0.0800  adv_var=1.8676  耗时=127.9s
  *** 新纪录！phi_max=0.6916  已保存: experiments/20260316_200118/construct_v7.0_best.pth + best_packing.conf ***

============================================================
迭代 10/20  lr=5.00e-04
  采集 100 个样本 (模型策略)...
  [采集完成] 100 条  phi: mean=0.6718  max=0.6834  min=0.6602
  phi: mean=0.6718  max=0.6834  min=0.6602  avg_steps=75.8
  候选点: before=1504.6  filtered=197.0  added=196.4  after=1504.0
  训练 1 epoch ...
  loss=0.0679  adv_var=1.8298  耗时=129.4s

============================================================
迭代 11/20  lr=5.00e-04
  采集 100 个样本 (模型策略)...
  [采集完成] 100 条  phi: mean=0.6728  max=0.6851  min=0.6559
  phi: mean=0.6728  max=0.6851  min=0.6559  avg_steps=75.6
  候选点: before=1540.5  filtered=195.7  added=195.1  after=1540.0
  训练 1 epoch ...
  loss=-0.1941  adv_var=1.8702  耗时=127.6s

============================================================
迭代 12/20  lr=5.00e-04
  采集 100 个样本 (模型策略)...
  [采集完成] 100 条  phi: mean=0.6712  max=0.6828  min=0.6548
  phi: mean=0.6712  max=0.6828  min=0.6548  avg_steps=74.1
  候选点: before=1524.8  filtered=194.0  added=193.4  after=1524.2
  训练 1 epoch ...
  loss=0.0652  adv_var=1.8147  耗时=128.3s

============================================================
迭代 13/20  lr=5.00e-04
  采集 100 个样本 (模型策略)...
  [采集完成] 100 条  phi: mean=0.6720  max=0.6837  min=0.6576
  phi: mean=0.6720  max=0.6837  min=0.6576  avg_steps=72.9
  候选点: before=1490.1  filtered=190.6  added=190.0  after=1489.5
  训练 1 epoch ...
  loss=-0.0897  adv_var=1.7765  耗时=120.1s

============================================================
迭代 14/20  lr=5.00e-04
  采集 100 个样本 (模型策略)...
  [采集完成] 100 条  phi: mean=0.6752  max=0.6855  min=0.6623
  phi: mean=0.6752  max=0.6855  min=0.6623  avg_steps=72.1
  候选点: before=1444.2  filtered=192.2  added=191.6  after=1443.6
  训练 1 epoch ...
  loss=-0.3833  adv_var=1.7875  耗时=118.7s

============================================================
迭代 15/20  lr=5.00e-04
  采集 100 个样本 (模型策略)...
  [采集完成] 100 条  phi: mean=0.6744  max=0.6887  min=0.6627
  phi: mean=0.6744  max=0.6887  min=0.6627  avg_steps=70.3
  候选点: before=1381.5  filtered=194.3  added=193.6  after=1380.9
  训练 1 epoch ...
  loss=-0.0110  adv_var=1.8009  耗时=111.3s

============================================================
迭代 16/20  lr=5.00e-04
  采集 100 个样本 (模型策略)...
  [采集完成] 100 条  phi: mean=0.6765  max=0.6909  min=0.6568
  phi: mean=0.6765  max=0.6909  min=0.6568  avg_steps=70.2
  候选点: before=1392.8  filtered=193.2  added=192.6  after=1392.1
  训练 1 epoch ...
  loss=0.0523  adv_var=1.8228  耗时=112.0s

============================================================
迭代 17/20  lr=5.00e-04
  采集 100 个样本 (模型策略)...
  [采集完成] 100 条  phi: mean=0.6776  max=0.6907  min=0.6655
  phi: mean=0.6776  max=0.6907  min=0.6655  avg_steps=70.5
  候选点: before=1395.5  filtered=191.9  added=191.3  after=1394.9
  训练 1 epoch ...
  loss=-0.0899  adv_var=1.8257  耗时=112.3s

============================================================
迭代 18/20  lr=5.00e-04
  采集 100 个样本 (模型策略)...
  [采集完成] 100 条  phi: mean=0.6774  max=0.6900  min=0.6614
  phi: mean=0.6774  max=0.6900  min=0.6614  avg_steps=71.0
  候选点: before=1375.9  filtered=191.5  added=190.8  after=1375.2
  训练 1 epoch ...
  loss=-0.0308  adv_var=1.8898  耗时=113.8s

============================================================
迭代 19/20  lr=5.00e-04
  采集 100 个样本 (模型策略)...
  [采集完成] 100 条  phi: mean=0.6772  max=0.6898  min=0.6604
  phi: mean=0.6772  max=0.6898  min=0.6604  avg_steps=69.7
  候选点: before=1388.6  filtered=190.8  added=190.1  after=1388.0
  训练 1 epoch ...
  loss=-0.0428  adv_var=1.8731  耗时=109.5s

============================================================
迭代 20/20  lr=5.00e-04
  采集 100 个样本 (模型策略)...
  [采集完成] 100 条  phi: mean=0.6768  max=0.6905  min=0.6619
  phi: mean=0.6768  max=0.6905  min=0.6619  avg_steps=69.2
  候选点: before=1380.3  filtered=188.5  added=187.9  after=1379.7
  训练 1 epoch ...
  loss=-0.3930  adv_var=1.8810  耗时=107.2s

训练完成！最终模型已保存至 experiments/20260316_200118/construct_v7.0_final.pth

============================================================
开始评测（采样策略 T=5.0，共 20 局）...
  [采集完成] 20 条  phi: mean=0.6734  max=0.6869  min=0.6649
  评测完成  phi: mean=0.6734  max=0.6869  min=0.6649
  报告已保存: experiments/20260316_200118/eval_report.txt
  最优堆积已保存: experiments/20260316_200118/best_packing.conf  (phi=0.6869)
