实验目录: experiments\run_001
使用设备: cuda
目标粒子数: 50  目标体积分数: 0.72

============================================================
迭代 1/20
  采集 20 个样本 (随机策略)...
  [采集完成] 20 条  phi: mean=0.5814  max=0.5994  min=0.5627
  phi: mean=0.5814  max=0.5994  min=0.5627  avg_steps=38.8
  训练 5 epoch ...
  loss=0.3859  耗时=13.7s

============================================================
迭代 2/20
  采集 20 个样本 (模型策略)...
  [采集完成] 20 条  phi: mean=0.5781  max=0.5961  min=0.5564
  phi: mean=0.5781  max=0.5961  min=0.5564  avg_steps=41.3
  训练 5 epoch ...
  loss=0.0479  耗时=15.0s

============================================================
迭代 3/20
  采集 20 个样本 (模型策略)...
  [采集完成] 20 条  phi: mean=0.5781  max=0.5908  min=0.5634
  phi: mean=0.5781  max=0.5908  min=0.5634  avg_steps=40.3
  训练 5 epoch ...
  loss=-0.0377  耗时=15.4s

============================================================
迭代 4/20
  采集 20 个样本 (模型策略)...
  [采集完成] 20 条  phi: mean=0.5795  max=0.5944  min=0.5615
  phi: mean=0.5795  max=0.5944  min=0.5615  avg_steps=40.0
  训练 5 epoch ...
  loss=0.0299  耗时=15.8s

============================================================
迭代 5/20
  采集 20 个样本 (模型策略)...
  [采集完成] 20 条  phi: mean=0.5848  max=0.6020  min=0.5708
  phi: mean=0.5848  max=0.6020  min=0.5708  avg_steps=40.2
  训练 5 epoch ...
  loss=-0.1594  耗时=16.1s
  已保存 checkpoint: experiments\run_001\construct_v7.0_iter5.pth

============================================================
迭代 6/20
  采集 20 个样本 (模型策略)...
  [采集完成] 20 条  phi: mean=0.5798  max=0.6008  min=0.5576
  phi: mean=0.5798  max=0.6008  min=0.5576  avg_steps=38.8
  训练 5 epoch ...
  loss=0.0785  耗时=15.8s

============================================================
迭代 7/20
  采集 20 个样本 (模型策略)...
  [采集完成] 20 条  phi: mean=0.5820  max=0.6120  min=0.5676
  phi: mean=0.5820  max=0.6120  min=0.5676  avg_steps=40.0
  训练 5 epoch ...
  loss=0.0590  耗时=16.5s

============================================================
迭代 8/20
  采集 20 个样本 (模型策略)...
  [采集完成] 20 条  phi: mean=0.5769  max=0.5947  min=0.5634
  phi: mean=0.5769  max=0.5947  min=0.5634  avg_steps=40.2
  训练 5 epoch ...
  loss=-0.1351  耗时=15.6s

============================================================
迭代 9/20
  采集 20 个样本 (模型策略)...
  [采集完成] 20 条  phi: mean=0.5826  max=0.6051  min=0.5710
  phi: mean=0.5826  max=0.6051  min=0.5710  avg_steps=39.9
  训练 5 epoch ...
  loss=0.1049  耗时=15.3s

============================================================
迭代 10/20
  采集 20 个样本 (模型策略)...
  [采集完成] 20 条  phi: mean=0.5789  max=0.5986  min=0.5471
  phi: mean=0.5789  max=0.5986  min=0.5471  avg_steps=40.6
  训练 5 epoch ...
  loss=-0.0026  耗时=15.9s
  已保存 checkpoint: experiments\run_001\construct_v7.0_iter10.pth

============================================================
迭代 11/20
  采集 20 个样本 (模型策略)...
  [采集完成] 20 条  phi: mean=0.5810  max=0.5977  min=0.5657
  phi: mean=0.5810  max=0.5977  min=0.5657  avg_steps=39.9
  训练 5 epoch ...
  loss=0.0272  耗时=15.3s

============================================================
迭代 12/20
  采集 20 个样本 (模型策略)...
  [采集完成] 20 条  phi: mean=0.5804  max=0.5995  min=0.5639
  phi: mean=0.5804  max=0.5995  min=0.5639  avg_steps=39.9
  训练 5 epoch ...
  loss=-0.2522  耗时=15.3s

============================================================
迭代 13/20
  采集 20 个样本 (模型策略)...
  [采集完成] 20 条  phi: mean=0.5821  max=0.6026  min=0.5623
  phi: mean=0.5821  max=0.6026  min=0.5623  avg_steps=39.6
  训练 5 epoch ...
  loss=-0.1651  耗时=17.5s

============================================================
迭代 14/20
  采集 20 个样本 (模型策略)...
  [采集完成] 20 条  phi: mean=0.5809  max=0.5951  min=0.5579
  phi: mean=0.5809  max=0.5951  min=0.5579  avg_steps=40.2
  训练 5 epoch ...
  loss=-0.0982  耗时=22.4s

============================================================
迭代 15/20
  采集 20 个样本 (模型策略)...
  [采集完成] 20 条  phi: mean=0.5809  max=0.5967  min=0.5630
  phi: mean=0.5809  max=0.5967  min=0.5630  avg_steps=39.2
  训练 5 epoch ...
  loss=0.0285  耗时=14.9s
  已保存 checkpoint: experiments\run_001\construct_v7.0_iter15.pth

============================================================
迭代 16/20
  采集 20 个样本 (模型策略)...
  [采集完成] 20 条  phi: mean=0.5792  max=0.5944  min=0.5694
  phi: mean=0.5792  max=0.5944  min=0.5694  avg_steps=41.0
  训练 5 epoch ...
  loss=-0.0433  耗时=15.6s

============================================================
迭代 17/20
  采集 20 个样本 (模型策略)...
  [采集完成] 20 条  phi: mean=0.5781  max=0.5924  min=0.5599
  phi: mean=0.5781  max=0.5924  min=0.5599  avg_steps=39.0
  训练 5 epoch ...
  loss=-0.0497  耗时=16.0s

============================================================
迭代 18/20
  采集 20 个样本 (模型策略)...
  [采集完成] 20 条  phi: mean=0.5781  max=0.5945  min=0.5657
  phi: mean=0.5781  max=0.5945  min=0.5657  avg_steps=40.8
  训练 5 epoch ...
  loss=0.0125  耗时=16.4s

============================================================
迭代 19/20
  采集 20 个样本 (模型策略)...
  [采集完成] 20 条  phi: mean=0.5789  max=0.5931  min=0.5601
  phi: mean=0.5789  max=0.5931  min=0.5601  avg_steps=40.3
  训练 5 epoch ...
  loss=0.0982  耗时=16.0s

============================================================
迭代 20/20
  采集 20 个样本 (模型策略)...
  [采集完成] 20 条  phi: mean=0.5772  max=0.5965  min=0.5623
  phi: mean=0.5772  max=0.5965  min=0.5623  avg_steps=40.0
  训练 5 epoch ...
  loss=-0.0784  耗时=17.0s
  已保存 checkpoint: experiments\run_001\construct_v7.0_iter20.pth

训练完成！最终模型已保存至 experiments\run_001\construct_v7.0_final.pth

============================================================
开始评测（采样策略 T=1.0，共 30 局）...
  [采集完成] 30 条  phi: mean=0.5783  max=0.5976  min=0.5617
  评测完成  phi: mean=0.5783  max=0.5976  min=0.5617
  报告已保存: experiments\run_001\eval_report.txt
  最优堆积已保存: experiments\run_001\best_packing.conf  (phi=0.5976)
