实验目录: experiments\20260315_180329
使用设备: cuda
目标粒子数: 100  目标体积分数: 0.72

============================================================
迭代 1/20  lr=5.00e-04
  采集 20 个样本 (随机策略)...
  [采集完成] 20 条  phi: mean=0.6306  max=0.6421  min=0.6187
  phi: mean=0.6306  max=0.6421  min=0.6187  avg_steps=111.7
  候选点: before=143.1  filtered=10.9  added=11.8  after=144.0
  训练 5 epoch ...
  loss=-0.6309  耗时=32.1s
  *** 新纪录！phi_max=0.6421  已保存: experiments\20260315_180329\construct_v7.0_best.pth + best_packing.conf ***

============================================================
迭代 2/20  lr=5.00e-04
  采集 20 个样本 (模型策略)...
  [采集完成] 20 条  phi: mean=0.6564  max=0.6677  min=0.6485
  phi: mean=0.6564  max=0.6677  min=0.6485  avg_steps=105.6
  候选点: before=116.5  filtered=10.6  added=11.5  after=117.4
  训练 5 epoch ...
  loss=-0.1838  耗时=36.3s
  *** 新纪录！phi_max=0.6677  已保存: experiments\20260315_180329\construct_v7.0_best.pth + best_packing.conf ***

============================================================
迭代 3/20  lr=5.00e-04
  采集 20 个样本 (模型策略)...
  [采集完成] 20 条  phi: mean=0.6550  max=0.6635  min=0.6464
  phi: mean=0.6550  max=0.6635  min=0.6464  avg_steps=98.7
  候选点: before=122.6  filtered=9.8  added=10.7  after=123.5
  训练 5 epoch ...
  loss=-0.4597  耗时=27.3s

============================================================
迭代 4/20  lr=5.00e-04
  采集 20 个样本 (模型策略)...
  [采集完成] 20 条  phi: mean=0.6451  max=0.6592  min=0.6272
  phi: mean=0.6451  max=0.6592  min=0.6272  avg_steps=100.0
  候选点: before=158.3  filtered=9.7  added=10.6  after=159.2
  训练 5 epoch ...
  loss=0.0737  耗时=25.8s

============================================================
迭代 5/20  lr=5.00e-04
  采集 20 个样本 (模型策略)...
  [采集完成] 20 条  phi: mean=0.6471  max=0.6635  min=0.6357
  phi: mean=0.6471  max=0.6635  min=0.6357  avg_steps=100.2
  候选点: before=159.2  filtered=9.7  added=10.6  after=160.1
  训练 5 epoch ...
  loss=0.0343  耗时=26.4s

============================================================
迭代 6/20  lr=5.00e-04
  采集 20 个样本 (模型策略)...
  [采集完成] 20 条  phi: mean=0.6445  max=0.6549  min=0.6336
  phi: mean=0.6445  max=0.6549  min=0.6336  avg_steps=102.5
  候选点: before=160.3  filtered=9.6  added=10.5  after=161.2
  训练 5 epoch ...
  loss=-0.0220  耗时=26.9s

============================================================
迭代 7/20  lr=5.00e-04
  采集 20 个样本 (模型策略)...
  [采集完成] 20 条  phi: mean=0.6487  max=0.6613  min=0.6379
  phi: mean=0.6487  max=0.6613  min=0.6379  avg_steps=100.2
  候选点: before=155.4  filtered=9.7  added=10.6  after=156.3
  训练 5 epoch ...
  loss=-0.0468  耗时=27.8s

============================================================
迭代 8/20  lr=5.00e-04
  采集 20 个样本 (模型策略)...
  [采集完成] 20 条  phi: mean=0.6501  max=0.6592  min=0.6400
  phi: mean=0.6501  max=0.6592  min=0.6400  avg_steps=96.0
  候选点: before=141.8  filtered=9.9  added=10.8  after=142.8
  训练 5 epoch ...
  loss=0.0690  耗时=26.4s

============================================================
迭代 9/20  lr=5.00e-04
  采集 20 个样本 (模型策略)...
  [采集完成] 20 条  phi: mean=0.6512  max=0.6635  min=0.6421
  phi: mean=0.6512  max=0.6635  min=0.6421  avg_steps=97.9
  候选点: before=144.9  filtered=9.6  added=10.5  after=145.9
  训练 5 epoch ...
  loss=0.0398  耗时=27.6s

============================================================
迭代 10/20  lr=5.00e-04
  采集 20 个样本 (模型策略)...
  [采集完成] 20 条  phi: mean=0.6510  max=0.6613  min=0.6357
  phi: mean=0.6510  max=0.6613  min=0.6357  avg_steps=99.2
  候选点: before=142.6  filtered=9.6  added=10.6  after=143.5
  训练 5 epoch ...
  loss=-0.1920  耗时=29.3s

============================================================
迭代 11/20  lr=5.00e-04
  采集 20 个样本 (模型策略)...
  [采集完成] 20 条  phi: mean=0.6555  max=0.6656  min=0.6485
  phi: mean=0.6555  max=0.6656  min=0.6485  avg_steps=96.8
  候选点: before=110.2  filtered=10.2  added=11.1  after=111.1
  训练 5 epoch ...
  loss=-0.2757  耗时=30.4s

============================================================
迭代 12/20  lr=5.00e-04
  采集 20 个样本 (模型策略)...
  [采集完成] 20 条  phi: mean=0.6612  max=0.6720  min=0.6507
  phi: mean=0.6612  max=0.6720  min=0.6507  avg_steps=96.3
  候选点: before=106.0  filtered=10.3  added=11.2  after=107.0
  训练 5 epoch ...
  loss=-0.2003  耗时=26.8s
  *** 新纪录！phi_max=0.6720  已保存: experiments\20260315_180329\construct_v7.0_best.pth + best_packing.conf ***

============================================================
迭代 13/20  lr=5.00e-04
  采集 20 个样本 (模型策略)...
  [采集完成] 20 条  phi: mean=0.6565  max=0.6635  min=0.6485
  phi: mean=0.6565  max=0.6635  min=0.6485  avg_steps=100.8
  候选点: before=125.8  filtered=10.5  added=11.4  after=126.7
  训练 5 epoch ...
  loss=-0.2400  耗时=27.6s

============================================================
迭代 14/20  lr=5.00e-04
  采集 20 个样本 (模型策略)...
  [采集完成] 20 条  phi: mean=0.6532  max=0.6677  min=0.6443
  phi: mean=0.6532  max=0.6677  min=0.6443  avg_steps=104.8
  候选点: before=128.9  filtered=10.7  added=11.6  after=129.8
  训练 5 epoch ...
  loss=-0.6595  耗时=32.0s

============================================================
迭代 15/20  lr=5.00e-04
  采集 20 个样本 (模型策略)...
  [采集完成] 20 条  phi: mean=0.6503  max=0.6613  min=0.6379
  phi: mean=0.6503  max=0.6613  min=0.6379  avg_steps=114.0
  候选点: before=159.6  filtered=10.7  added=11.6  after=160.5
  训练 5 epoch ...
  loss=-0.0331  耗时=37.5s

============================================================
迭代 16/20  lr=5.00e-04
  采集 20 个样本 (模型策略)...
  [采集完成] 20 条  phi: mean=0.6497  max=0.6635  min=0.6400
  phi: mean=0.6497  max=0.6635  min=0.6400  avg_steps=108.4
  候选点: before=139.2  filtered=10.6  added=11.5  after=140.2
  训练 5 epoch ...
  loss=0.0256  耗时=33.8s

============================================================
迭代 17/20  lr=5.00e-04
  采集 20 个样本 (模型策略)...
  [采集完成] 20 条  phi: mean=0.6527  max=0.6613  min=0.6400
  phi: mean=0.6527  max=0.6613  min=0.6400  avg_steps=104.2
  候选点: before=138.2  filtered=10.4  added=11.4  after=139.1
  训练 5 epoch ...
  loss=0.0398  耗时=33.6s

============================================================
迭代 18/20  lr=5.00e-04
  采集 20 个样本 (模型策略)...
  [采集完成] 20 条  phi: mean=0.6521  max=0.6613  min=0.6400
  phi: mean=0.6521  max=0.6613  min=0.6400  avg_steps=102.8
  候选点: before=132.6  filtered=10.0  added=11.0  after=133.5
  训练 5 epoch ...
  loss=-0.0160  耗时=31.5s

============================================================
迭代 19/20  lr=5.00e-04
  采集 20 个样本 (模型策略)...
  [采集完成] 20 条  phi: mean=0.6566  max=0.6677  min=0.6485
  phi: mean=0.6566  max=0.6677  min=0.6485  avg_steps=102.9
  候选点: before=128.3  filtered=10.4  added=11.3  after=129.2
  训练 5 epoch ...
  loss=-0.1673  耗时=30.1s

============================================================
迭代 20/20  lr=5.00e-04
  采集 20 个样本 (模型策略)...
  [采集完成] 20 条  phi: mean=0.6541  max=0.6656  min=0.6315
  phi: mean=0.6541  max=0.6656  min=0.6315  avg_steps=105.9
  候选点: before=132.1  filtered=10.1  added=11.0  after=133.0
  训练 5 epoch ...
  loss=-0.6256  耗时=33.2s

训练完成！最终模型已保存至 experiments\20260315_180329\construct_v7.0_final.pth

============================================================
开始评测（采样策略 T=1.0，共 20 局）...
  [采集完成] 20 条  phi: mean=0.6586  max=0.6699  min=0.6485
  评测完成  phi: mean=0.6586  max=0.6699  min=0.6485
  报告已保存: experiments\20260315_180329\eval_report.txt
  最优堆积已保存: experiments\20260315_180329\best_packing.conf  (phi=0.6699)
