实验目录: experiments/20260316_160426
使用设备: cpu
目标粒子数: 100  目标体积分数: 0.72

============================================================
迭代 1/20  lr=5.00e-04
  采集 50 个样本 (随机策略)...
  [采集完成] 50 条  phi: mean=0.6243  max=0.6459  min=0.6118
  phi: mean=0.6243  max=0.6459  min=0.6118  avg_steps=98.2
  候选点: before=333.0  filtered=30.8  added=31.6  after=333.7
  训练 1 epoch ...
  loss=0.4120  adv_var=1.7992  耗时=58.1s
  *** 新纪录！phi_max=0.6459  已保存: experiments/20260316_160426/construct_v7.0_best.pth + best_packing.conf ***

============================================================
迭代 2/20  lr=5.00e-04
  采集 50 个样本 (模型策略)...
  [采集完成] 50 条  phi: mean=0.6298  max=0.6455  min=0.6194
  phi: mean=0.6298  max=0.6455  min=0.6194  avg_steps=95.7
  候选点: before=320.0  filtered=30.6  added=31.3  after=320.8
  训练 1 epoch ...
  loss=0.3139  adv_var=1.7572  耗时=59.5s

============================================================
迭代 3/20  lr=5.00e-04
  采集 50 个样本 (模型策略)...
  [采集完成] 50 条  phi: mean=0.6335  max=0.6414  min=0.6228
  phi: mean=0.6335  max=0.6414  min=0.6228  avg_steps=95.1
  候选点: before=315.9  filtered=31.0  added=31.8  after=316.7
  训练 1 epoch ...
  loss=-0.4220  adv_var=1.6491  耗时=53.3s

============================================================
迭代 4/20  lr=5.00e-04
  采集 50 个样本 (模型策略)...
  [采集完成] 50 条  phi: mean=0.6392  max=0.6509  min=0.6283
  phi: mean=0.6392  max=0.6509  min=0.6283  avg_steps=93.0
  候选点: before=305.8  filtered=30.7  added=31.5  after=306.5
  训练 1 epoch ...
  loss=0.3730  adv_var=1.8741  耗时=49.3s
  *** 新纪录！phi_max=0.6509  已保存: experiments/20260316_160426/construct_v7.0_best.pth + best_packing.conf ***

============================================================
迭代 5/20  lr=5.00e-04
  采集 50 个样本 (模型策略)...
  [采集完成] 50 条  phi: mean=0.6404  max=0.6542  min=0.6252
  phi: mean=0.6404  max=0.6542  min=0.6252  avg_steps=91.4
  候选点: before=299.7  filtered=31.0  added=31.8  after=300.4
  训练 1 epoch ...
  loss=-0.0558  adv_var=1.8451  耗时=47.2s
  *** 新纪录！phi_max=0.6542  已保存: experiments/20260316_160426/construct_v7.0_best.pth + best_packing.conf ***

============================================================
迭代 6/20  lr=5.00e-04
  采集 50 个样本 (模型策略)...
  [采集完成] 50 条  phi: mean=0.6444  max=0.6638  min=0.6243
  phi: mean=0.6444  max=0.6638  min=0.6243  avg_steps=90.7
  候选点: before=296.9  filtered=31.0  added=31.8  after=297.7
  训练 1 epoch ...
  loss=0.5818  adv_var=1.7562  耗时=46.4s
  *** 新纪录！phi_max=0.6638  已保存: experiments/20260316_160426/construct_v7.0_best.pth + best_packing.conf ***

============================================================
迭代 7/20  lr=5.00e-04
  采集 50 个样本 (模型策略)...
  [采集完成] 50 条  phi: mean=0.6525  max=0.6761  min=0.6388
  phi: mean=0.6525  max=0.6761  min=0.6388  avg_steps=87.4
  候选点: before=281.6  filtered=31.5  added=32.3  after=282.3
  训练 1 epoch ...
  loss=-0.2455  adv_var=1.8684  耗时=45.6s
  *** 新纪录！phi_max=0.6761  已保存: experiments/20260316_160426/construct_v7.0_best.pth + best_packing.conf ***

============================================================
迭代 8/20  lr=5.00e-04
  采集 50 个样本 (模型策略)...
  [采集完成] 50 条  phi: mean=0.6560  max=0.6675  min=0.6432
  phi: mean=0.6560  max=0.6675  min=0.6432  avg_steps=84.4
  候选点: before=271.6  filtered=31.1  added=31.9  after=272.4
  训练 1 epoch ...
  loss=-0.2856  adv_var=1.7720  耗时=39.3s

============================================================
迭代 9/20  lr=5.00e-04
  采集 50 个样本 (模型策略)...
  [采集完成] 50 条  phi: mean=0.6614  max=0.6812  min=0.6501
  phi: mean=0.6614  max=0.6812  min=0.6501  avg_steps=83.2
  候选点: before=265.8  filtered=31.6  added=32.4  after=266.5
  训练 1 epoch ...
  loss=0.4121  adv_var=1.8670  耗时=39.0s
  *** 新纪录！phi_max=0.6812  已保存: experiments/20260316_160426/construct_v7.0_best.pth + best_packing.conf ***

============================================================
迭代 10/20  lr=5.00e-04
  采集 50 个样本 (模型策略)...
  [采集完成] 50 条  phi: mean=0.6612  max=0.6798  min=0.6504
  phi: mean=0.6612  max=0.6798  min=0.6504  avg_steps=83.1
  候选点: before=271.3  filtered=31.7  added=32.4  after=272.0
  训练 1 epoch ...
  loss=0.0693  adv_var=1.7977  耗时=39.3s

============================================================
迭代 11/20  lr=5.00e-04
  采集 50 个样本 (模型策略)...
  [采集完成] 50 条  phi: mean=0.6618  max=0.6726  min=0.6517
  phi: mean=0.6618  max=0.6726  min=0.6517  avg_steps=84.3
  候选点: before=271.8  filtered=31.7  added=32.4  after=272.6
  训练 1 epoch ...
  loss=-0.1045  adv_var=1.8514  耗时=42.5s

============================================================
迭代 12/20  lr=5.00e-04
  采集 50 个样本 (模型策略)...
  [采集完成] 50 条  phi: mean=0.6638  max=0.6754  min=0.6467
  phi: mean=0.6638  max=0.6754  min=0.6467  avg_steps=82.0
  候选点: before=266.6  filtered=31.7  added=32.4  after=267.3
  训练 1 epoch ...
  loss=-0.0416  adv_var=1.8944  耗时=38.7s

============================================================
迭代 13/20  lr=5.00e-04
  采集 50 个样本 (模型策略)...
  [采集完成] 50 条  phi: mean=0.6629  max=0.6795  min=0.6524
  phi: mean=0.6629  max=0.6795  min=0.6524  avg_steps=82.9
  候选点: before=269.0  filtered=32.0  added=32.7  after=269.8
  训练 1 epoch ...
  loss=0.1101  adv_var=1.7801  耗时=38.9s

============================================================
迭代 14/20  lr=5.00e-04
  采集 50 个样本 (模型策略)...
  [采集完成] 50 条  phi: mean=0.6647  max=0.6792  min=0.6550
  phi: mean=0.6647  max=0.6792  min=0.6550  avg_steps=81.9
  候选点: before=261.8  filtered=31.5  added=32.3  after=262.6
  训练 1 epoch ...
  loss=0.3216  adv_var=1.7788  耗时=38.4s

============================================================
迭代 15/20  lr=5.00e-04
  采集 50 个样本 (模型策略)...
  [采集完成] 50 条  phi: mean=0.6651  max=0.6846  min=0.6542
  phi: mean=0.6651  max=0.6846  min=0.6542  avg_steps=80.9
  候选点: before=260.5  filtered=31.7  added=32.5  after=261.2
  训练 1 epoch ...
  loss=-0.6412  adv_var=1.7915  耗时=36.9s
  *** 新纪录！phi_max=0.6846  已保存: experiments/20260316_160426/construct_v7.0_best.pth + best_packing.conf ***

============================================================
迭代 16/20  lr=5.00e-04
  采集 50 个样本 (模型策略)...
  [采集完成] 50 条  phi: mean=0.6650  max=0.6787  min=0.6503
  phi: mean=0.6650  max=0.6787  min=0.6503  avg_steps=79.9
  候选点: before=251.9  filtered=31.7  added=32.4  after=252.6
  训练 1 epoch ...
  loss=-0.0839  adv_var=1.8394  耗时=36.4s

============================================================
迭代 17/20  lr=5.00e-04
  采集 50 个样本 (模型策略)...
  [采集完成] 50 条  phi: mean=0.6650  max=0.6766  min=0.6480
  phi: mean=0.6650  max=0.6766  min=0.6480  avg_steps=80.3
  候选点: before=251.0  filtered=31.6  added=32.3  after=251.7
  训练 1 epoch ...
  loss=-0.4063  adv_var=1.8549  耗时=35.9s

============================================================
迭代 18/20  lr=5.00e-04
  采集 50 个样本 (模型策略)...
  [采集完成] 50 条  phi: mean=0.6666  max=0.6787  min=0.6480
  phi: mean=0.6666  max=0.6787  min=0.6480  avg_steps=79.8
  候选点: before=251.4  filtered=31.7  added=32.4  after=252.1
  训练 1 epoch ...
  loss=-0.1939  adv_var=1.7799  耗时=36.9s

============================================================
迭代 19/20  lr=5.00e-04
  采集 50 个样本 (模型策略)...
  [采集完成] 50 条  phi: mean=0.6649  max=0.6752  min=0.6547
  phi: mean=0.6649  max=0.6752  min=0.6547  avg_steps=80.4
  候选点: before=249.7  filtered=31.2  added=31.9  after=250.4
  训练 1 epoch ...
  loss=0.0503  adv_var=1.8657  耗时=36.1s

============================================================
迭代 20/20  lr=5.00e-04
  采集 50 个样本 (模型策略)...
  [采集完成] 50 条  phi: mean=0.6637  max=0.6731  min=0.6532
  phi: mean=0.6637  max=0.6731  min=0.6532  avg_steps=80.6
  候选点: before=251.7  filtered=31.3  added=32.1  after=252.5
  训练 1 epoch ...
  loss=-0.2258  adv_var=1.8155  耗时=36.6s

训练完成！最终模型已保存至 experiments/20260316_160426/construct_v7.0_final.pth

============================================================
开始评测（采样策略 T=5.0，共 20 局）...
  [采集完成] 20 条  phi: mean=0.6625  max=0.6737  min=0.6519
  评测完成  phi: mean=0.6625  max=0.6737  min=0.6519
  报告已保存: experiments/20260316_160426/eval_report.txt
  最优堆积已保存: experiments/20260316_160426/best_packing.conf  (phi=0.6737)
