实验目录: experiments/20260316_133111
使用设备: cpu
目标粒子数: 100  目标体积分数: 0.72

============================================================
迭代 1/20  lr=5.00e-04
  采集 50 个样本 (随机策略)...
  [采集完成] 50 条  phi: mean=0.6217  max=0.6369  min=0.6048
  phi: mean=0.6217  max=0.6369  min=0.6048  avg_steps=95.6
  候选点: before=270.0  filtered=24.8  added=25.6  after=270.9
  训练 1 epoch ...
  loss=-0.2044  adv_var=1.8443  耗时=50.4s
  *** 新纪录！phi_max=0.6369  已保存: experiments/20260316_133111/construct_v7.0_best.pth + best_packing.conf ***

============================================================
迭代 2/20  lr=5.00e-04
  采集 50 个样本 (模型策略)...
  [采集完成] 50 条  phi: mean=0.6305  max=0.6450  min=0.6192
  phi: mean=0.6305  max=0.6450  min=0.6192  avg_steps=91.7
  候选点: before=254.0  filtered=24.7  added=25.6  after=254.9
  训练 1 epoch ...
  loss=-0.2513  adv_var=1.7733  耗时=47.4s
  *** 新纪录！phi_max=0.6450  已保存: experiments/20260316_133111/construct_v7.0_best.pth + best_packing.conf ***

============================================================
迭代 3/20  lr=5.00e-04
  采集 50 个样本 (模型策略)...
  [采集完成] 50 条  phi: mean=0.6351  max=0.6481  min=0.6198
  phi: mean=0.6351  max=0.6481  min=0.6198  avg_steps=88.7
  候选点: before=246.1  filtered=25.0  added=25.8  after=246.9
  训练 1 epoch ...
  loss=0.2236  adv_var=1.8678  耗时=42.5s
  *** 新纪录！phi_max=0.6481  已保存: experiments/20260316_133111/construct_v7.0_best.pth + best_packing.conf ***

============================================================
迭代 4/20  lr=5.00e-04
  采集 50 个样本 (模型策略)...
  [采集完成] 50 条  phi: mean=0.6433  max=0.6576  min=0.6295
  phi: mean=0.6433  max=0.6576  min=0.6295  avg_steps=86.6
  候选点: before=234.0  filtered=24.7  added=25.5  after=234.8
  训练 1 epoch ...
  loss=-0.1996  adv_var=1.7904  耗时=40.5s
  *** 新纪录！phi_max=0.6576  已保存: experiments/20260316_133111/construct_v7.0_best.pth + best_packing.conf ***

============================================================
迭代 5/20  lr=5.00e-04
  采集 50 个样本 (模型策略)...
  [采集完成] 50 条  phi: mean=0.6555  max=0.6687  min=0.6380
  phi: mean=0.6555  max=0.6687  min=0.6380  avg_steps=80.1
  候选点: before=209.6  filtered=24.8  added=25.6  after=210.4
  训练 1 epoch ...
  loss=-0.1017  adv_var=1.7935  耗时=33.9s
  *** 新纪录！phi_max=0.6687  已保存: experiments/20260316_133111/construct_v7.0_best.pth + best_packing.conf ***

============================================================
迭代 6/20  lr=5.00e-04
  采集 50 个样本 (模型策略)...
  [采集完成] 50 条  phi: mean=0.6625  max=0.6753  min=0.6512
  phi: mean=0.6625  max=0.6753  min=0.6512  avg_steps=76.0
  候选点: before=199.6  filtered=24.5  added=25.3  after=200.4
  训练 1 epoch ...
  loss=0.0224  adv_var=1.7895  耗时=30.6s
  *** 新纪录！phi_max=0.6753  已保存: experiments/20260316_133111/construct_v7.0_best.pth + best_packing.conf ***

============================================================
迭代 7/20  lr=5.00e-04
  采集 50 个样本 (模型策略)...
  [采集完成] 50 条  phi: mean=0.6643  max=0.6810  min=0.6484
  phi: mean=0.6643  max=0.6810  min=0.6484  avg_steps=74.9
  候选点: before=198.4  filtered=24.4  added=25.2  after=199.2
  训练 1 epoch ...
  loss=0.2366  adv_var=1.8252  耗时=29.9s
  *** 新纪录！phi_max=0.6810  已保存: experiments/20260316_133111/construct_v7.0_best.pth + best_packing.conf ***

============================================================
迭代 8/20  lr=5.00e-04
  采集 50 个样本 (模型策略)...
  [采集完成] 50 条  phi: mean=0.6628  max=0.6816  min=0.6495
  phi: mean=0.6628  max=0.6816  min=0.6495  avg_steps=76.6
  候选点: before=197.6  filtered=24.7  added=25.5  after=198.4
  训练 1 epoch ...
  loss=-0.0406  adv_var=1.8849  耗时=31.1s
  *** 新纪录！phi_max=0.6816  已保存: experiments/20260316_133111/construct_v7.0_best.pth + best_packing.conf ***

============================================================
迭代 9/20  lr=5.00e-04
  采集 50 个样本 (模型策略)...
  [采集完成] 50 条  phi: mean=0.6621  max=0.6799  min=0.6530
  phi: mean=0.6621  max=0.6799  min=0.6530  avg_steps=75.9
  候选点: before=195.0  filtered=24.6  added=25.4  after=195.8
  训练 1 epoch ...
  loss=-0.3532  adv_var=1.8059  耗时=30.0s

============================================================
迭代 10/20  lr=5.00e-04
  采集 50 个样本 (模型策略)...
  [采集完成] 50 条  phi: mean=0.6639  max=0.6773  min=0.6529
  phi: mean=0.6639  max=0.6773  min=0.6529  avg_steps=73.6
  候选点: before=191.0  filtered=24.7  added=25.5  after=191.8
  训练 1 epoch ...
  loss=0.0599  adv_var=1.8413  耗时=28.6s

============================================================
迭代 11/20  lr=5.00e-04
  采集 50 个样本 (模型策略)...
  [采集完成] 50 条  phi: mean=0.6634  max=0.6792  min=0.6497
  phi: mean=0.6634  max=0.6792  min=0.6497  avg_steps=74.3
  候选点: before=192.5  filtered=24.6  added=25.4  after=193.3
  训练 1 epoch ...
  loss=0.1251  adv_var=1.8229  耗时=29.1s

============================================================
迭代 12/20  lr=5.00e-04
  采集 50 个样本 (模型策略)...
  [采集完成] 50 条  phi: mean=0.6635  max=0.6741  min=0.6478
  phi: mean=0.6635  max=0.6741  min=0.6478  avg_steps=72.8
  候选点: before=191.9  filtered=24.6  added=25.4  after=192.7
  训练 1 epoch ...
  loss=-0.1970  adv_var=1.8375  耗时=27.3s

============================================================
迭代 13/20  lr=5.00e-04
  采集 50 个样本 (模型策略)...
  [采集完成] 50 条  phi: mean=0.6656  max=0.6811  min=0.6552
  phi: mean=0.6656  max=0.6811  min=0.6552  avg_steps=73.1
  候选点: before=190.6  filtered=24.5  added=25.3  after=191.4
  训练 1 epoch ...
  loss=0.0913  adv_var=1.8425  耗时=28.9s

============================================================
迭代 14/20  lr=5.00e-04
  采集 50 个样本 (模型策略)...
  [采集完成] 50 条  phi: mean=0.6652  max=0.6810  min=0.6523
  phi: mean=0.6652  max=0.6810  min=0.6523  avg_steps=74.3
  候选点: before=191.2  filtered=24.4  added=25.2  after=192.0
  训练 1 epoch ...
  loss=-0.0081  adv_var=1.8499  耗时=28.8s

============================================================
迭代 15/20  lr=5.00e-04
  采集 50 个样本 (模型策略)...
  [采集完成] 50 条  phi: mean=0.6641  max=0.6727  min=0.6547
  phi: mean=0.6641  max=0.6727  min=0.6547  avg_steps=75.3
  候选点: before=192.8  filtered=24.4  added=25.2  after=193.6
  训练 1 epoch ...
  loss=-0.1045  adv_var=1.8193  耗时=29.9s

============================================================
迭代 16/20  lr=5.00e-04
  采集 50 个样本 (模型策略)...
  [采集完成] 50 条  phi: mean=0.6644  max=0.6776  min=0.6523
  phi: mean=0.6644  max=0.6776  min=0.6523  avg_steps=73.4
  候选点: before=192.6  filtered=24.3  added=25.1  after=193.4
  训练 1 epoch ...
  loss=-0.3079  adv_var=1.7763  耗时=28.7s

============================================================
迭代 17/20  lr=5.00e-04
  采集 50 个样本 (模型策略)...
  [采集完成] 50 条  phi: mean=0.6656  max=0.6796  min=0.6547
  phi: mean=0.6656  max=0.6796  min=0.6547  avg_steps=71.8
  候选点: before=191.5  filtered=24.0  added=24.8  after=192.3
  训练 1 epoch ...
  loss=-0.1471  adv_var=1.8749  耗时=26.9s

============================================================
迭代 18/20  lr=5.00e-04
  采集 50 个样本 (模型策略)...
  [采集完成] 50 条  phi: mean=0.6654  max=0.6790  min=0.6529
  phi: mean=0.6654  max=0.6790  min=0.6529  avg_steps=71.8
  候选点: before=191.2  filtered=24.3  added=25.1  after=192.0
  训练 1 epoch ...
  loss=0.0539  adv_var=1.7952  耗时=27.1s

============================================================
迭代 19/20  lr=5.00e-04
  采集 50 个样本 (模型策略)...
  [采集完成] 50 条  phi: mean=0.6656  max=0.6764  min=0.6518
  phi: mean=0.6656  max=0.6764  min=0.6518  avg_steps=72.7
  候选点: before=187.4  filtered=23.9  added=24.7  after=188.2
  训练 1 epoch ...
  loss=-0.0391  adv_var=1.8158  耗时=27.7s

============================================================
迭代 20/20  lr=5.00e-04
  采集 50 个样本 (模型策略)...
  [采集完成] 50 条  phi: mean=0.6656  max=0.6776  min=0.6519
  phi: mean=0.6656  max=0.6776  min=0.6519  avg_steps=73.0
  候选点: before=192.3  filtered=24.0  added=24.8  after=193.1
  训练 1 epoch ...
  loss=-0.2237  adv_var=1.8402  耗时=28.9s

训练完成！最终模型已保存至 experiments/20260316_133111/construct_v7.0_final.pth

============================================================
开始评测（采样策略 T=5.0，共 20 局）...
  [采集完成] 20 条  phi: mean=0.6684  max=0.6798  min=0.6518
  评测完成  phi: mean=0.6684  max=0.6798  min=0.6518
  报告已保存: experiments/20260316_133111/eval_report.txt
  最优堆积已保存: experiments/20260316_133111/best_packing.conf  (phi=0.6798)
