实验目录: experiments\run_003
使用设备: cuda
目标粒子数: 50  目标体积分数: 0.72

============================================================
迭代 1/20
  采集 20 个样本 (随机策略)...
  [采集完成] 20 条  phi: mean=0.5801  max=0.5990  min=0.5604
  phi: mean=0.5801  max=0.5990  min=0.5604  avg_steps=41.3
  训练 5 epoch ...
  loss=0.0695  耗时=20.9s

============================================================
迭代 2/20
  采集 20 个样本 (模型策略)...
  [采集完成] 20 条  phi: mean=0.5807  max=0.5985  min=0.5688
  phi: mean=0.5807  max=0.5985  min=0.5688  avg_steps=43.3
  训练 5 epoch ...
  loss=-0.0143  耗时=21.9s

============================================================
迭代 3/20
  采集 20 个样本 (模型策略)...
  [采集完成] 20 条  phi: mean=0.5809  max=0.6038  min=0.5663
  phi: mean=0.5809  max=0.6038  min=0.5663  avg_steps=42.7
  训练 5 epoch ...
  loss=0.0214  耗时=21.5s

============================================================
迭代 4/20
  采集 20 个样本 (模型策略)...
  [采集完成] 20 条  phi: mean=0.5791  max=0.6048  min=0.5628
  phi: mean=0.5791  max=0.6048  min=0.5628  avg_steps=43.5
  训练 5 epoch ...
  loss=-0.0705  耗时=22.4s

============================================================
迭代 5/20
  采集 20 个样本 (模型策略)...
  [采集完成] 20 条  phi: mean=0.5827  max=0.5986  min=0.5654
  phi: mean=0.5827  max=0.5986  min=0.5654  avg_steps=43.5
  训练 5 epoch ...
  loss=-0.0482  耗时=24.9s
  已保存 checkpoint: experiments\run_003\construct_v7.0_iter5.pth

============================================================
迭代 6/20
  采集 20 个样本 (模型策略)...
  [采集完成] 20 条  phi: mean=0.5863  max=0.6001  min=0.5702
  phi: mean=0.5863  max=0.6001  min=0.5702  avg_steps=42.6
  训练 5 epoch ...
  loss=-0.0602  耗时=24.0s

============================================================
迭代 7/20
  采集 20 个样本 (模型策略)...
  [采集完成] 20 条  phi: mean=0.5789  max=0.6000  min=0.5657
  phi: mean=0.5789  max=0.6000  min=0.5657  avg_steps=43.6
  训练 5 epoch ...
  loss=-0.0043  耗时=23.8s

============================================================
迭代 8/20
  采集 20 个样本 (模型策略)...
  [采集完成] 20 条  phi: mean=0.6087  max=0.6251  min=0.5930
  phi: mean=0.6087  max=0.6251  min=0.5930  avg_steps=44.5
  训练 5 epoch ...
