实验目录: experiments\20260315_181508
使用设备: cuda
目标粒子数: 100  目标体积分数: 0.72

============================================================
迭代 1/20  lr=5.00e-04
  采集 20 个样本 (随机策略)...
  [采集完成] 20 条  phi: mean=0.6314  max=0.6421  min=0.6208
  phi: mean=0.6314  max=0.6421  min=0.6208  avg_steps=111.7
  候选点: before=142.4  filtered=10.7  added=11.7  after=143.4
  训练 1 epoch ...
  loss=0.0806  耗时=33.8s
  *** 新纪录！phi_max=0.6421  已保存: experiments\20260315_181508\construct_v7.0_best.pth + best_packing.conf ***

============================================================
迭代 2/20  lr=5.00e-04
  采集 20 个样本 (模型策略)...
  [采集完成] 20 条  phi: mean=0.6244  max=0.6400  min=0.6101
  phi: mean=0.6244  max=0.6400  min=0.6101  avg_steps=111.2
  候选点: before=147.9  filtered=10.6  added=11.6  after=148.8
  训练 1 epoch ...
  loss=0.0372  耗时=36.8s

============================================================
迭代 3/20  lr=5.00e-04
  采集 20 个样本 (模型策略)...
  [采集完成] 20 条  phi: mean=0.6316  max=0.6421  min=0.6208
  phi: mean=0.6316  max=0.6421  min=0.6208  avg_steps=108.0
  候选点: before=142.8  filtered=10.5  added=11.4  after=143.7
  训练 1 epoch ...
  loss=-0.1776  耗时=38.1s
  *** 新纪录！phi_max=0.6421  已保存: experiments\20260315_181508\construct_v7.0_best.pth + best_packing.conf ***

============================================================
迭代 4/20  lr=5.00e-04
  采集 20 个样本 (模型策略)...
  [采集完成] 20 条  phi: mean=0.6318  max=0.6379  min=0.6229
  phi: mean=0.6318  max=0.6379  min=0.6229  avg_steps=102.1
  候选点: before=142.7  filtered=10.3  added=11.2  after=143.6
  训练 1 epoch ...
  loss=-0.8095  耗时=37.3s

============================================================
迭代 5/20  lr=5.00e-04
  采集 20 个样本 (模型策略)...
  [采集完成] 20 条  phi: mean=0.6517  max=0.6613  min=0.6400
  phi: mean=0.6517  max=0.6613  min=0.6400  avg_steps=102.3
  候选点: before=114.5  filtered=10.3  added=11.2  after=115.4
  训练 1 epoch ...
  loss=-0.1901  耗时=28.8s
  *** 新纪录！phi_max=0.6613  已保存: experiments\20260315_181508\construct_v7.0_best.pth + best_packing.conf ***

============================================================
迭代 6/20  lr=5.00e-04
  采集 20 个样本 (模型策略)...
  [采集完成] 20 条  phi: mean=0.6563  max=0.6699  min=0.6464
  phi: mean=0.6563  max=0.6699  min=0.6464  avg_steps=100.3
  候选点: before=104.5  filtered=10.3  added=11.3  after=105.5
  训练 1 epoch ...
  loss=-0.1069  耗时=27.6s
  *** 新纪录！phi_max=0.6699  已保存: experiments\20260315_181508\construct_v7.0_best.pth + best_packing.conf ***

============================================================
迭代 7/20  lr=5.00e-04
  采集 20 个样本 (模型策略)...
  [采集完成] 20 条  phi: mean=0.6558  max=0.6677  min=0.6443
  phi: mean=0.6558  max=0.6677  min=0.6443  avg_steps=96.9
  候选点: before=102.1  filtered=10.3  added=11.2  after=103.0
  训练 1 epoch ...
  loss=0.0972  耗时=23.6s

============================================================
迭代 8/20  lr=5.00e-04
  采集 20 个样本 (模型策略)...
  [采集完成] 20 条  phi: mean=0.6619  max=0.6741  min=0.6507
  phi: mean=0.6619  max=0.6741  min=0.6507  avg_steps=98.3
  候选点: before=99.7  filtered=10.5  added=11.4  after=100.6
  训练 1 epoch ...
  loss=-0.1230  耗时=26.6s
  *** 新纪录！phi_max=0.6741  已保存: experiments\20260315_181508\construct_v7.0_best.pth + best_packing.conf ***

============================================================
迭代 9/20  lr=5.00e-04
  采集 20 个样本 (模型策略)...
  [采集完成] 20 条  phi: mean=0.6567  max=0.6699  min=0.6443
  phi: mean=0.6567  max=0.6699  min=0.6443  avg_steps=101.9
  候选点: before=98.7  filtered=10.3  added=11.2  after=99.6
  训练 1 epoch ...
  loss=-0.1243  耗时=26.3s

============================================================
迭代 10/20  lr=5.00e-04
  采集 20 个样本 (模型策略)...
  [采集完成] 20 条  phi: mean=0.6595  max=0.6635  min=0.6549
  phi: mean=0.6595  max=0.6635  min=0.6549  avg_steps=101.1
  候选点: before=97.7  filtered=10.1  added=11.1  after=98.6
  训练 1 epoch ...
  loss=-0.1912  耗时=26.2s

============================================================
迭代 11/20  lr=5.00e-04
  采集 20 个样本 (模型策略)...
  [采集完成] 20 条  phi: mean=0.6589  max=0.6699  min=0.6507
  phi: mean=0.6589  max=0.6699  min=0.6507  avg_steps=101.8
  候选点: before=97.9  filtered=10.3  added=11.2  after=98.8
  训练 1 epoch ...
  loss=0.0960  耗时=27.6s

============================================================
迭代 12/20  lr=5.00e-04
  采集 20 个样本 (模型策略)...
  [采集完成] 20 条  phi: mean=0.6606  max=0.6741  min=0.6400
  phi: mean=0.6606  max=0.6741  min=0.6400  avg_steps=98.1
  候选点: before=97.8  filtered=10.3  added=11.3  after=98.8
  训练 1 epoch ...
  loss=-0.0292  耗时=23.7s

============================================================
迭代 13/20  lr=5.00e-04
  采集 20 个样本 (模型策略)...
  [采集完成] 20 条  phi: mean=0.6599  max=0.6677  min=0.6485
  phi: mean=0.6599  max=0.6677  min=0.6485  avg_steps=103.4
  候选点: before=100.7  filtered=10.4  added=11.3  after=101.6
  训练 1 epoch ...
  loss=0.0249  耗时=25.2s

============================================================
迭代 14/20  lr=5.00e-04
  采集 20 个样本 (模型策略)...
  [采集完成] 20 条  phi: mean=0.6593  max=0.6677  min=0.6485
  phi: mean=0.6593  max=0.6677  min=0.6485  avg_steps=102.4
  候选点: before=101.4  filtered=10.4  added=11.3  after=102.4
  训练 1 epoch ...
  loss=0.0092  耗时=25.4s

============================================================
迭代 15/20  lr=5.00e-04
  采集 20 个样本 (模型策略)...
  [采集完成] 20 条  phi: mean=0.6586  max=0.6677  min=0.6507
  phi: mean=0.6586  max=0.6677  min=0.6507  avg_steps=100.7
  候选点: before=98.1  filtered=10.3  added=11.2  after=99.0
  训练 1 epoch ...
  loss=-0.0906  耗时=24.6s

============================================================
迭代 16/20  lr=5.00e-04
  采集 20 个样本 (模型策略)...
  [采集完成] 20 条  phi: mean=0.6596  max=0.6677  min=0.6528
  phi: mean=0.6596  max=0.6677  min=0.6528  avg_steps=100.8
  候选点: before=100.1  filtered=10.0  added=10.9  after=101.1
  训练 1 epoch ...
  loss=-0.1567  耗时=24.0s

============================================================
迭代 17/20  lr=5.00e-04
  采集 20 个样本 (模型策略)...
  [采集完成] 20 条  phi: mean=0.6599  max=0.6720  min=0.6485
  phi: mean=0.6599  max=0.6720  min=0.6485  avg_steps=98.5
  候选点: before=102.5  filtered=10.4  added=11.3  after=103.4
  训练 1 epoch ...
  loss=-0.0752  耗时=25.9s

============================================================
迭代 18/20  lr=5.00e-04
  采集 20 个样本 (模型策略)...
  [采集完成] 20 条  phi: mean=0.6583  max=0.6720  min=0.6485
  phi: mean=0.6583  max=0.6720  min=0.6485  avg_steps=98.5
  候选点: before=103.2  filtered=10.2  added=11.1  after=104.1
  训练 1 epoch ...
  loss=-0.0189  耗时=24.9s

============================================================
迭代 19/20  lr=5.00e-04
  采集 20 个样本 (模型策略)...
  [采集完成] 20 条  phi: mean=0.6592  max=0.6677  min=0.6528
  phi: mean=0.6592  max=0.6677  min=0.6528  avg_steps=100.2
  候选点: before=105.7  filtered=10.4  added=11.3  after=106.6
  训练 1 epoch ...
  loss=-0.0016  耗时=27.0s

============================================================
迭代 20/20  lr=5.00e-04
  采集 20 个样本 (模型策略)...
  [采集完成] 20 条  phi: mean=0.6578  max=0.6656  min=0.6464
  phi: mean=0.6578  max=0.6656  min=0.6464  avg_steps=99.6
  候选点: before=102.2  filtered=10.3  added=11.2  after=103.1
  训练 1 epoch ...
  loss=-0.0463  耗时=27.3s

训练完成！最终模型已保存至 experiments\20260315_181508\construct_v7.0_final.pth

============================================================
开始评测（采样策略 T=1.0，共 20 局）...
  [采集完成] 20 条  phi: mean=0.6591  max=0.6677  min=0.6485
  评测完成  phi: mean=0.6591  max=0.6677  min=0.6485
  报告已保存: experiments\20260315_181508\eval_report.txt
  最优堆积已保存: experiments\20260315_181508\best_packing.conf  (phi=0.6677)
