实验目录: experiments/20260316_234905
使用设备: cpu
目标粒子数: 100  目标体积分数: 0.72

============================================================
迭代 1/20  lr=5.00e-04
  采集 100 个样本 (随机策略)...
  [采集完成] 100 条  phi: mean=0.6440  max=0.6577  min=0.6275
  phi: mean=0.6440  max=0.6577  min=0.6275  avg_steps=111.3
  候选点: before=567.4  filtered=47.9  added=48.6  after=568.1
  训练 1 epoch ...
  loss=-0.0266  adv_var=1.8390  耗时=223.1s
  *** 新纪录！phi_max=0.6577  已保存: experiments/20260316_234905/construct_v7.0_best.pth + best_packing.conf ***

============================================================
迭代 2/20  lr=5.00e-04
  采集 100 个样本 (模型策略)...
  [采集完成] 100 条  phi: mean=0.6843  max=0.6994  min=0.6707
  phi: mean=0.6843  max=0.6994  min=0.6707  avg_steps=88.8
  候选点: before=440.8  filtered=51.7  added=52.3  after=441.4
  训练 1 epoch ...
  loss=-0.2129  adv_var=1.8112  耗时=139.2s
  *** 新纪录！phi_max=0.6994  已保存: experiments/20260316_234905/construct_v7.0_best.pth + best_packing.conf ***

============================================================
迭代 3/20  lr=5.00e-04
  采集 100 个样本 (模型策略)...
  [采集完成] 100 条  phi: mean=0.6887  max=0.6999  min=0.6767
  phi: mean=0.6887  max=0.6999  min=0.6767  avg_steps=83.1
  候选点: before=423.4  filtered=50.7  added=51.3  after=424.0
  训练 1 epoch ...
  loss=-0.0067  adv_var=1.8338  耗时=122.7s
  *** 新纪录！phi_max=0.6999  已保存: experiments/20260316_234905/construct_v7.0_best.pth + best_packing.conf ***

============================================================
迭代 4/20  lr=5.00e-04
  采集 100 个样本 (模型策略)...
  [采集完成] 100 条  phi: mean=0.6905  max=0.7033  min=0.6776
  phi: mean=0.6905  max=0.7033  min=0.6776  avg_steps=82.4
  候选点: before=419.4  filtered=49.9  added=50.4  after=420.0
  训练 1 epoch ...
  loss=-0.1821  adv_var=1.8528  耗时=119.9s
  *** 新纪录！phi_max=0.7033  已保存: experiments/20260316_234905/construct_v7.0_best.pth + best_packing.conf ***

============================================================
迭代 5/20  lr=5.00e-04
  采集 100 个样本 (模型策略)...
  [采集完成] 100 条  phi: mean=0.6897  max=0.7048  min=0.6791
  phi: mean=0.6897  max=0.7048  min=0.6791  avg_steps=80.8
  候选点: before=426.7  filtered=49.8  added=50.4  after=427.2
  训练 1 epoch ...
  loss=-0.0907  adv_var=1.8257  耗时=114.6s
  *** 新纪录！phi_max=0.7048  已保存: experiments/20260316_234905/construct_v7.0_best.pth + best_packing.conf ***

============================================================
迭代 6/20  lr=5.00e-04
  采集 100 个样本 (模型策略)...
  [采集完成] 100 条  phi: mean=0.6890  max=0.7011  min=0.6745
  phi: mean=0.6890  max=0.7011  min=0.6745  avg_steps=80.2
  候选点: before=423.0  filtered=49.0  added=49.6  after=423.6
  训练 1 epoch ...
  loss=-0.0624  adv_var=1.8175  耗时=112.9s

============================================================
迭代 7/20  lr=5.00e-04
  采集 100 个样本 (模型策略)...
  [采集完成] 100 条  phi: mean=0.6878  max=0.7001  min=0.6771
  phi: mean=0.6878  max=0.7001  min=0.6771  avg_steps=81.1
  候选点: before=434.4  filtered=49.3  added=49.8  after=435.0
  训练 1 epoch ...
  loss=0.0287  adv_var=1.8863  耗时=116.9s

============================================================
迭代 8/20  lr=5.00e-04
  采集 100 个样本 (模型策略)...
  [采集完成] 100 条  phi: mean=0.6868  max=0.6993  min=0.6739
  phi: mean=0.6868  max=0.6993  min=0.6739  avg_steps=81.7
  候选点: before=443.8  filtered=49.1  added=49.7  after=444.4
  训练 1 epoch ...
  loss=0.0039  adv_var=1.8527  耗时=116.8s

============================================================
迭代 9/20  lr=5.00e-04
  采集 100 个样本 (模型策略)...
  [采集完成] 100 条  phi: mean=0.6874  max=0.6970  min=0.6744
  phi: mean=0.6874  max=0.6970  min=0.6744  avg_steps=82.0
  候选点: before=445.4  filtered=49.2  added=49.8  after=445.9
  训练 1 epoch ...
  loss=0.0413  adv_var=1.8113  耗时=119.3s

============================================================
迭代 10/20  lr=5.00e-04
  采集 100 个样本 (模型策略)...
  [采集完成] 100 条  phi: mean=0.6878  max=0.7019  min=0.6760
  phi: mean=0.6878  max=0.7019  min=0.6760  avg_steps=82.2
  候选点: before=437.7  filtered=48.3  added=48.8  after=438.2
  训练 1 epoch ...
  loss=-0.0453  adv_var=1.8611  耗时=117.6s

============================================================
迭代 11/20  lr=5.00e-04
  采集 100 个样本 (模型策略)...
  [采集完成] 100 条  phi: mean=0.6879  max=0.6996  min=0.6747
  phi: mean=0.6879  max=0.6996  min=0.6747  avg_steps=82.1
  候选点: before=440.5  filtered=49.8  added=50.3  after=441.1
  训练 1 epoch ...
  loss=0.1489  adv_var=1.8229  耗时=118.0s

============================================================
迭代 12/20  lr=5.00e-04
  采集 100 个样本 (模型策略)...
  [采集完成] 100 条  phi: mean=0.6885  max=0.6987  min=0.6764
  phi: mean=0.6885  max=0.6987  min=0.6764  avg_steps=82.3
  候选点: before=433.2  filtered=50.0  added=50.5  after=433.8
  训练 1 epoch ...
  loss=-0.1141  adv_var=1.8733  耗时=119.5s

============================================================
迭代 13/20  lr=5.00e-04
  采集 100 个样本 (模型策略)...
  [采集完成] 100 条  phi: mean=0.6880  max=0.7021  min=0.6766
  phi: mean=0.6880  max=0.7021  min=0.6766  avg_steps=83.6
  候选点: before=434.2  filtered=50.4  added=50.9  after=434.8
  训练 1 epoch ...
  loss=0.0490  adv_var=1.8310  耗时=122.7s

============================================================
迭代 14/20  lr=5.00e-04
  采集 100 个样本 (模型策略)...
  [采集完成] 100 条  phi: mean=0.6890  max=0.7013  min=0.6781
  phi: mean=0.6890  max=0.7013  min=0.6781  avg_steps=82.2
  候选点: before=426.9  filtered=50.6  added=51.2  after=427.5
  训练 1 epoch ...
  loss=-0.1198  adv_var=1.8579  耗时=119.7s

============================================================
迭代 15/20  lr=5.00e-04
  采集 100 个样本 (模型策略)...
  [采集完成] 100 条  phi: mean=0.6898  max=0.6986  min=0.6788
  phi: mean=0.6898  max=0.6986  min=0.6788  avg_steps=80.2
  候选点: before=418.1  filtered=49.8  added=50.3  after=418.7
  训练 1 epoch ...
  loss=0.1445  adv_var=1.8193  耗时=110.6s

============================================================
迭代 16/20  lr=5.00e-04
  采集 100 个样本 (模型策略)...
  [采集完成] 100 条  phi: mean=0.6904  max=0.7049  min=0.6777
  phi: mean=0.6904  max=0.7049  min=0.6777  avg_steps=80.9
  候选点: before=419.7  filtered=50.4  added=51.0  after=420.3
  训练 1 epoch ...
  loss=-0.0369  adv_var=1.8143  耗时=114.2s
  *** 新纪录！phi_max=0.7049  已保存: experiments/20260316_234905/construct_v7.0_best.pth + best_packing.conf ***

============================================================
迭代 17/20  lr=5.00e-04
  采集 100 个样本 (模型策略)...
  [采集完成] 100 条  phi: mean=0.6904  max=0.7029  min=0.6785
  phi: mean=0.6904  max=0.7029  min=0.6785  avg_steps=79.3
  候选点: before=412.5  filtered=50.0  added=50.5  after=413.1
  训练 1 epoch ...
  loss=-0.0749  adv_var=1.8542  耗时=110.3s

============================================================
迭代 18/20  lr=5.00e-04
  采集 100 个样本 (模型策略)...
  [采集完成] 100 条  phi: mean=0.6907  max=0.7061  min=0.6742
  phi: mean=0.6907  max=0.7061  min=0.6742  avg_steps=79.8
  候选点: before=418.3  filtered=49.1  added=49.6  after=418.8
  训练 1 epoch ...
  loss=0.0756  adv_var=1.8191  耗时=110.7s
  *** 新纪录！phi_max=0.7061  已保存: experiments/20260316_234905/construct_v7.0_best.pth + best_packing.conf ***

============================================================
迭代 19/20  lr=5.00e-04
  采集 100 个样本 (模型策略)...
  [采集完成] 100 条  phi: mean=0.6903  max=0.7028  min=0.6779
  phi: mean=0.6903  max=0.7028  min=0.6779  avg_steps=79.6
  候选点: before=424.5  filtered=48.5  added=49.1  after=425.1
  训练 1 epoch ...
  loss=-0.1745  adv_var=1.8196  耗时=111.9s

============================================================
迭代 20/20  lr=5.00e-04
  采集 100 个样本 (模型策略)...
  [采集完成] 100 条  phi: mean=0.6905  max=0.7001  min=0.6813
  phi: mean=0.6905  max=0.7001  min=0.6813  avg_steps=79.1
  候选点: before=413.8  filtered=49.3  added=49.9  after=414.3
  训练 1 epoch ...
  loss=-0.0847  adv_var=1.8391  耗时=109.6s

训练完成！最终模型已保存至 experiments/20260316_234905/construct_v7.0_final.pth

============================================================
开始评测（采样策略 T=5.0，共 20 局）...
  [采集完成] 20 条  phi: mean=0.6931  max=0.7003  min=0.6865
  评测完成  phi: mean=0.6931  max=0.7003  min=0.6865
  报告已保存: experiments/20260316_234905/eval_report.txt
  最优堆积已保存: experiments/20260316_234905/best_packing.conf  (phi=0.7003)
