实验目录: experiments/20260316_140130
使用设备: cpu
目标粒子数: 100  目标体积分数: 0.72

============================================================
迭代 1/20  lr=5.00e-04
  采集 50 个样本 (随机策略)...
  [采集完成] 50 条  phi: mean=0.6213  max=0.6369  min=0.6042
  phi: mean=0.6213  max=0.6369  min=0.6042  avg_steps=95.9
  候选点: before=210.7  filtered=18.7  added=19.6  after=211.6
  训练 1 epoch ...
  loss=-0.6333  adv_var=1.8233  耗时=50.6s
  *** 新纪录！phi_max=0.6369  已保存: experiments/20260316_140130/construct_v7.0_best.pth + best_packing.conf ***

============================================================
迭代 2/20  lr=5.00e-04
  采集 50 个样本 (模型策略)...
  [采集完成] 50 条  phi: mean=0.6315  max=0.6427  min=0.6128
  phi: mean=0.6315  max=0.6427  min=0.6128  avg_steps=89.9
  候选点: before=192.1  filtered=18.5  added=19.4  after=193.0
  训练 1 epoch ...
  loss=0.4535  adv_var=1.7653  耗时=44.2s
  *** 新纪录！phi_max=0.6427  已保存: experiments/20260316_140130/construct_v7.0_best.pth + best_packing.conf ***

============================================================
迭代 3/20  lr=5.00e-04
  采集 50 个样本 (模型策略)...
  [采集完成] 50 条  phi: mean=0.6348  max=0.6545  min=0.6196
  phi: mean=0.6348  max=0.6545  min=0.6196  avg_steps=88.2
  候选点: before=186.0  filtered=18.3  added=19.1  after=186.9
  训练 1 epoch ...
  loss=-0.0645  adv_var=1.8694  耗时=41.5s
  *** 新纪录！phi_max=0.6545  已保存: experiments/20260316_140130/construct_v7.0_best.pth + best_packing.conf ***

============================================================
迭代 4/20  lr=5.00e-04
  采集 50 个样本 (模型策略)...
  [采集完成] 50 条  phi: mean=0.6404  max=0.6554  min=0.6233
  phi: mean=0.6404  max=0.6554  min=0.6233  avg_steps=83.9
  候选点: before=175.1  filtered=18.1  added=19.0  after=176.0
  训练 1 epoch ...
  loss=0.5231  adv_var=1.8206  耗时=36.1s
  *** 新纪录！phi_max=0.6554  已保存: experiments/20260316_140130/construct_v7.0_best.pth + best_packing.conf ***

============================================================
迭代 5/20  lr=5.00e-04
  采集 50 个样本 (模型策略)...
  [采集完成] 50 条  phi: mean=0.6451  max=0.6603  min=0.6301
  phi: mean=0.6451  max=0.6603  min=0.6301  avg_steps=82.8
  候选点: before=172.0  filtered=18.1  added=18.9  after=172.9
  训练 1 epoch ...
  loss=0.2245  adv_var=1.8684  耗时=36.9s
  *** 新纪录！phi_max=0.6603  已保存: experiments/20260316_140130/construct_v7.0_best.pth + best_packing.conf ***

============================================================
迭代 6/20  lr=5.00e-04
  采集 50 个样本 (模型策略)...
  [采集完成] 50 条  phi: mean=0.6481  max=0.6647  min=0.6285
  phi: mean=0.6481  max=0.6647  min=0.6285  avg_steps=81.2
  候选点: before=165.4  filtered=17.9  added=18.7  after=166.2
  训练 1 epoch ...
  loss=-0.1289  adv_var=1.8953  耗时=34.9s
  *** 新纪录！phi_max=0.6647  已保存: experiments/20260316_140130/construct_v7.0_best.pth + best_packing.conf ***

============================================================
迭代 7/20  lr=5.00e-04
  采集 50 个样本 (模型策略)...
  [采集完成] 50 条  phi: mean=0.6493  max=0.6718  min=0.6341
  phi: mean=0.6493  max=0.6718  min=0.6341  avg_steps=78.1
  候选点: before=158.9  filtered=17.9  added=18.7  after=159.7
  训练 1 epoch ...
  loss=-0.3628  adv_var=1.8540  耗时=32.0s
  *** 新纪录！phi_max=0.6718  已保存: experiments/20260316_140130/construct_v7.0_best.pth + best_packing.conf ***

============================================================
迭代 8/20  lr=5.00e-04
  采集 50 个样本 (模型策略)...
  [采集完成] 50 条  phi: mean=0.6538  max=0.6637  min=0.6359
  phi: mean=0.6538  max=0.6637  min=0.6359  avg_steps=75.0
  候选点: before=154.5  filtered=17.7  added=18.5  after=155.3
  训练 1 epoch ...
  loss=-0.2262  adv_var=1.8413  耗时=28.6s

============================================================
迭代 9/20  lr=5.00e-04
  采集 50 个样本 (模型策略)...
  [采集完成] 50 条  phi: mean=0.6555  max=0.6668  min=0.6415
  phi: mean=0.6555  max=0.6668  min=0.6415  avg_steps=76.1
  候选点: before=151.2  filtered=17.5  added=18.4  after=152.0
  训练 1 epoch ...
  loss=-0.0846  adv_var=1.8361  耗时=29.9s

============================================================
迭代 10/20  lr=5.00e-04
  采集 50 个样本 (模型策略)...
  [采集完成] 50 条  phi: mean=0.6602  max=0.6742  min=0.6455
  phi: mean=0.6602  max=0.6742  min=0.6455  avg_steps=73.3
  候选点: before=147.0  filtered=17.5  added=18.3  after=147.9
  训练 1 epoch ...
  loss=0.0559  adv_var=1.8077  耗时=27.7s
  *** 新纪录！phi_max=0.6742  已保存: experiments/20260316_140130/construct_v7.0_best.pth + best_packing.conf ***

============================================================
迭代 11/20  lr=5.00e-04
  采集 50 个样本 (模型策略)...
  [采集完成] 50 条  phi: mean=0.6620  max=0.6770  min=0.6517
  phi: mean=0.6620  max=0.6770  min=0.6517  avg_steps=71.1
  候选点: before=140.5  filtered=17.5  added=18.3  after=141.3
  训练 1 epoch ...
  loss=0.0441  adv_var=1.7966  耗时=25.7s
  *** 新纪录！phi_max=0.6770  已保存: experiments/20260316_140130/construct_v7.0_best.pth + best_packing.conf ***

============================================================
迭代 12/20  lr=5.00e-04
  采集 50 个样本 (模型策略)...
  [采集完成] 50 条  phi: mean=0.6608  max=0.6705  min=0.6471
  phi: mean=0.6608  max=0.6705  min=0.6471  avg_steps=71.3
  候选点: before=143.7  filtered=17.3  added=18.2  after=144.5
  训练 1 epoch ...
  loss=-0.1571  adv_var=1.7568  耗时=27.3s

============================================================
迭代 13/20  lr=5.00e-04
  采集 50 个样本 (模型策略)...
  [采集完成] 50 条  phi: mean=0.6626  max=0.6739  min=0.6486
  phi: mean=0.6626  max=0.6739  min=0.6486  avg_steps=71.6
  候选点: before=142.9  filtered=17.3  added=18.2  after=143.8
  训练 1 epoch ...
  loss=-0.2102  adv_var=1.7524  耗时=26.2s

============================================================
迭代 14/20  lr=5.00e-04
  采集 50 个样本 (模型策略)...
  [采集完成] 50 条  phi: mean=0.6636  max=0.6748  min=0.6498
  phi: mean=0.6636  max=0.6748  min=0.6498  avg_steps=69.7
  候选点: before=141.5  filtered=17.2  added=18.0  after=142.3
  训练 1 epoch ...
  loss=-0.1966  adv_var=1.8337  耗时=25.3s

============================================================
迭代 15/20  lr=5.00e-04
  采集 50 个样本 (模型策略)...
  [采集完成] 50 条  phi: mean=0.6635  max=0.6788  min=0.6520
  phi: mean=0.6635  max=0.6788  min=0.6520  avg_steps=71.1
  候选点: before=144.5  filtered=17.5  added=18.4  after=145.3
  训练 1 epoch ...
  loss=-0.2992  adv_var=1.7994  耗时=25.7s
  *** 新纪录！phi_max=0.6788  已保存: experiments/20260316_140130/construct_v7.0_best.pth + best_packing.conf ***

============================================================
迭代 16/20  lr=5.00e-04
  采集 50 个样本 (模型策略)...
  [采集完成] 50 条  phi: mean=0.6650  max=0.6792  min=0.6483
  phi: mean=0.6650  max=0.6792  min=0.6483  avg_steps=70.9
  候选点: before=141.9  filtered=17.4  added=18.2  after=142.8
  训练 1 epoch ...
  loss=-0.1429  adv_var=1.7997  耗时=25.3s
  *** 新纪录！phi_max=0.6792  已保存: experiments/20260316_140130/construct_v7.0_best.pth + best_packing.conf ***

============================================================
迭代 17/20  lr=5.00e-04
  采集 50 个样本 (模型策略)...
  [采集完成] 50 条  phi: mean=0.6637  max=0.6764  min=0.6495
  phi: mean=0.6637  max=0.6764  min=0.6495  avg_steps=70.0
  候选点: before=137.6  filtered=17.2  added=18.0  after=138.5
  训练 1 epoch ...
  loss=-0.0892  adv_var=1.7951  耗时=25.6s

============================================================
迭代 18/20  lr=5.00e-04
  采集 50 个样本 (模型策略)...
  [采集完成] 50 条  phi: mean=0.6632  max=0.6838  min=0.6424
  phi: mean=0.6632  max=0.6838  min=0.6424  avg_steps=69.4
  候选点: before=137.6  filtered=16.9  added=17.8  after=138.4
  训练 1 epoch ...
  loss=-0.1723  adv_var=1.8454  耗时=24.8s
  *** 新纪录！phi_max=0.6838  已保存: experiments/20260316_140130/construct_v7.0_best.pth + best_packing.conf ***

============================================================
迭代 19/20  lr=5.00e-04
  采集 50 个样本 (模型策略)...
  [采集完成] 50 条  phi: mean=0.6625  max=0.6807  min=0.6495
  phi: mean=0.6625  max=0.6807  min=0.6495  avg_steps=69.7
  候选点: before=137.1  filtered=17.1  added=17.9  after=137.9
  训练 1 epoch ...
  loss=0.0968  adv_var=1.8510  耗时=25.2s

============================================================
迭代 20/20  lr=5.00e-04
  采集 50 个样本 (模型策略)...
  [采集完成] 50 条  phi: mean=0.6634  max=0.6779  min=0.6489
  phi: mean=0.6634  max=0.6779  min=0.6489  avg_steps=68.6
  候选点: before=137.1  filtered=17.1  added=17.9  after=137.9
  训练 1 epoch ...
  loss=-0.2136  adv_var=1.7317  耗时=25.1s

训练完成！最终模型已保存至 experiments/20260316_140130/construct_v7.0_final.pth

============================================================
开始评测（采样策略 T=5.0，共 20 局）...
  [采集完成] 20 条  phi: mean=0.6614  max=0.6705  min=0.6523
  评测完成  phi: mean=0.6614  max=0.6705  min=0.6523
  报告已保存: experiments/20260316_140130/eval_report.txt
  最优堆积已保存: experiments/20260316_140130/best_packing.conf  (phi=0.6705)
