实验目录: experiments/20260316_143217
使用设备: cpu
目标粒子数: 100  目标体积分数: 0.72

============================================================
迭代 1/20  lr=5.00e-04
  采集 50 个样本 (随机策略)...
  [采集完成] 50 条  phi: mean=0.6565  max=0.6712  min=0.6453
  phi: mean=0.6565  max=0.6712  min=0.6453  avg_steps=120.2
  候选点: before=291.8  filtered=21.1  added=22.0  after=292.6
  训练 1 epoch ...
  loss=0.0570  adv_var=1.8809  耗时=94.5s
  *** 新纪录！phi_max=0.6712  已保存: experiments/20260316_143217/construct_v7.0_best.pth + best_packing.conf ***

============================================================
迭代 2/20  lr=5.00e-04
  采集 50 个样本 (模型策略)...
  [采集完成] 50 条  phi: mean=0.6725  max=0.6849  min=0.6557
  phi: mean=0.6725  max=0.6849  min=0.6557  avg_steps=106.7
  候选点: before=240.2  filtered=21.0  added=21.9  after=241.1
  训练 1 epoch ...
  loss=0.1028  adv_var=1.7612  耗时=68.4s
  *** 新纪录！phi_max=0.6849  已保存: experiments/20260316_143217/construct_v7.0_best.pth + best_packing.conf ***

============================================================
迭代 3/20  lr=5.00e-04
  采集 50 个样本 (模型策略)...
  [采集完成] 50 条  phi: mean=0.6808  max=0.6918  min=0.6674
  phi: mean=0.6808  max=0.6918  min=0.6674  avg_steps=99.4
  候选点: before=218.4  filtered=20.9  added=21.7  after=219.3
  训练 1 epoch ...
  loss=0.0487  adv_var=1.7637  耗时=55.1s
  *** 新纪录！phi_max=0.6918  已保存: experiments/20260316_143217/construct_v7.0_best.pth + best_packing.conf ***

============================================================
迭代 4/20  lr=5.00e-04
  采集 50 个样本 (模型策略)...
  [采集完成] 50 条  phi: mean=0.6858  max=0.6989  min=0.6745
  phi: mean=0.6858  max=0.6989  min=0.6745  avg_steps=96.3
  候选点: before=208.0  filtered=20.7  added=21.5  after=208.8
  训练 1 epoch ...
  loss=-0.2346  adv_var=1.7960  耗时=54.7s
  *** 新纪录！phi_max=0.6989  已保存: experiments/20260316_143217/construct_v7.0_best.pth + best_packing.conf ***

============================================================
迭代 5/20  lr=5.00e-04
  采集 50 个样本 (模型策略)...
  [采集完成] 50 条  phi: mean=0.6900  max=0.7048  min=0.6736
  phi: mean=0.6900  max=0.7048  min=0.6736  avg_steps=92.6
  候选点: before=193.0  filtered=20.3  added=21.2  after=193.9
  训练 1 epoch ...
  loss=0.0885  adv_var=1.8092  耗时=48.1s
  *** 新纪录！phi_max=0.7048  已保存: experiments/20260316_143217/construct_v7.0_best.pth + best_packing.conf ***

============================================================
迭代 6/20  lr=5.00e-04
  采集 50 个样本 (模型策略)...
  [采集完成] 50 条  phi: mean=0.6886  max=0.7000  min=0.6729
  phi: mean=0.6886  max=0.7000  min=0.6729  avg_steps=93.5
  候选点: before=199.6  filtered=20.4  added=21.2  after=200.4
  训练 1 epoch ...
  loss=-0.1117  adv_var=1.8874  耗时=50.1s

============================================================
迭代 7/20  lr=5.00e-04
  采集 50 个样本 (模型策略)...
  [采集完成] 50 条  phi: mean=0.6907  max=0.7009  min=0.6763
  phi: mean=0.6907  max=0.7009  min=0.6763  avg_steps=91.9
  候选点: before=191.5  filtered=20.4  added=21.3  after=192.3
  训练 1 epoch ...
  loss=0.0988  adv_var=1.7856  耗时=48.3s

============================================================
迭代 8/20  lr=5.00e-04
  采集 50 个样本 (模型策略)...
  [采集完成] 50 条  phi: mean=0.6929  max=0.7162  min=0.6825
  phi: mean=0.6929  max=0.7162  min=0.6825  avg_steps=90.0
  候选点: before=185.7  filtered=20.3  added=21.1  after=186.5
  训练 1 epoch ...
  loss=0.4040  adv_var=1.8671  耗时=45.0s
  *** 新纪录！phi_max=0.7162  已保存: experiments/20260316_143217/construct_v7.0_best.pth + best_packing.conf ***

============================================================
迭代 9/20  lr=5.00e-04
  采集 50 个样本 (模型策略)...
  [采集完成] 50 条  phi: mean=0.6936  max=0.7101  min=0.6837
  phi: mean=0.6936  max=0.7101  min=0.6837  avg_steps=88.0
  候选点: before=180.8  filtered=20.1  added=20.9  after=181.6
  训练 1 epoch ...
  loss=0.0897  adv_var=1.8529  耗时=41.8s

============================================================
迭代 10/20  lr=5.00e-04
  采集 50 个样本 (模型策略)...
  [采集完成] 50 条  phi: mean=0.6926  max=0.7070  min=0.6797
  phi: mean=0.6926  max=0.7070  min=0.6797  avg_steps=90.8
  候选点: before=187.1  filtered=20.5  added=21.3  after=187.9
  训练 1 epoch ...
  loss=0.1119  adv_var=1.8063  耗时=46.3s

============================================================
迭代 11/20  lr=5.00e-04
  采集 50 个样本 (模型策略)...
  [采集完成] 50 条  phi: mean=0.6940  max=0.7059  min=0.6808
  phi: mean=0.6940  max=0.7059  min=0.6808  avg_steps=91.3
  候选点: before=185.0  filtered=19.9  added=20.8  after=185.8
  训练 1 epoch ...
  loss=-0.0020  adv_var=1.8320  耗时=48.1s

============================================================
迭代 12/20  lr=5.00e-04
  采集 50 个样本 (模型策略)...
  [采集完成] 50 条  phi: mean=0.6952  max=0.7098  min=0.6835
  phi: mean=0.6952  max=0.7098  min=0.6835  avg_steps=89.6
  候选点: before=183.1  filtered=20.0  added=20.8  after=183.9
  训练 1 epoch ...
  loss=0.1069  adv_var=1.8556  耗时=45.7s

============================================================
迭代 13/20  lr=5.00e-04
  采集 50 个样本 (模型策略)...
  [采集完成] 50 条  phi: mean=0.6949  max=0.7065  min=0.6805
  phi: mean=0.6949  max=0.7065  min=0.6805  avg_steps=90.0
  候选点: before=185.2  filtered=20.1  added=20.9  after=186.0
  训练 1 epoch ...
  loss=-0.2225  adv_var=1.8439  耗时=46.5s

============================================================
迭代 14/20  lr=5.00e-04
  采集 50 个样本 (模型策略)...
  [采集完成] 50 条  phi: mean=0.6953  max=0.7063  min=0.6865
  phi: mean=0.6953  max=0.7063  min=0.6865  avg_steps=87.1
  候选点: before=179.3  filtered=19.8  added=20.6  after=180.1
  训练 1 epoch ...
  loss=-0.2321  adv_var=1.8284  耗时=42.3s

============================================================
迭代 15/20  lr=5.00e-04
  采集 50 个样本 (模型策略)...
  [采集完成] 50 条  phi: mean=0.6951  max=0.7068  min=0.6812
  phi: mean=0.6951  max=0.7068  min=0.6812  avg_steps=87.7
  候选点: before=181.0  filtered=19.9  added=20.7  after=181.8
  训练 1 epoch ...
  loss=0.0517  adv_var=1.8170  耗时=42.3s

============================================================
迭代 16/20  lr=5.00e-04
  采集 50 个样本 (模型策略)...
  [采集完成] 50 条  phi: mean=0.6981  max=0.7603  min=0.6867
  phi: mean=0.6981  max=0.7603  min=0.6867  avg_steps=85.8
  候选点: before=179.7  filtered=19.9  added=20.8  after=180.5
  训练 1 epoch ...
  loss=-0.1164  adv_var=1.8923  耗时=41.0s
  *** 新纪录！phi_max=0.7603  已保存: experiments/20260316_143217/construct_v7.0_best.pth + best_packing.conf ***

============================================================
迭代 17/20  lr=5.00e-04
  采集 50 个样本 (模型策略)...
  [采集完成] 50 条  phi: mean=0.6943  max=0.7086  min=0.6785
  phi: mean=0.6943  max=0.7086  min=0.6785  avg_steps=87.2
  候选点: before=176.9  filtered=19.8  added=20.6  after=177.7
  [退步] phi_max 0.7086 < 0.7603 - 0.01
  [回滚] 模型已恢复，lr 调整为 2.50e-04
  [跳过训练] 耗时=23.8s  下轮用恢复的模型重新采集

============================================================
迭代 18/20  lr=2.50e-04
  采集 50 个样本 (模型策略)...
  [采集完成] 50 条  phi: mean=0.6959  max=0.7062  min=0.6858
  phi: mean=0.6959  max=0.7062  min=0.6858  avg_steps=86.3
  候选点: before=179.9  filtered=19.7  added=20.5  after=180.8
  [退步] phi_max 0.7062 < 0.7603 - 0.01
  [回滚] 模型已恢复，lr 调整为 1.25e-04
  [跳过训练] 耗时=23.3s  下轮用恢复的模型重新采集

============================================================
迭代 19/20  lr=1.25e-04
  采集 50 个样本 (模型策略)...
  [采集完成] 50 条  phi: mean=0.6964  max=0.7101  min=0.6862
  phi: mean=0.6964  max=0.7101  min=0.6862  avg_steps=86.6
  候选点: before=182.0  filtered=19.8  added=20.6  after=182.8
  [退步] phi_max 0.7101 < 0.7603 - 0.01
  [回滚] 模型已恢复，lr 调整为 6.25e-05
  [跳过训练] 耗时=24.7s  下轮用恢复的模型重新采集

============================================================
迭代 20/20  lr=6.25e-05
  采集 50 个样本 (模型策略)...
  [采集完成] 50 条  phi: mean=0.6962  max=0.7058  min=0.6845
  phi: mean=0.6962  max=0.7058  min=0.6845  avg_steps=86.0
  候选点: before=177.1  filtered=19.8  added=20.6  after=177.9
  [退步] phi_max 0.7058 < 0.7603 - 0.01
  [回滚] 模型已恢复，lr 调整为 3.13e-05
  [跳过训练] 耗时=24.6s  下轮用恢复的模型重新采集

训练完成！最终模型已保存至 experiments/20260316_143217/construct_v7.0_final.pth

============================================================
开始评测（采样策略 T=5.0，共 20 局）...
  [采集完成] 20 条  phi: mean=0.6966  max=0.7101  min=0.6837
  评测完成  phi: mean=0.6966  max=0.7101  min=0.6837
  报告已保存: experiments/20260316_143217/eval_report.txt
  最优堆积已保存: experiments/20260316_143217/best_packing.conf  (phi=0.7101)
