实验目录: experiments/20260316_121645
使用设备: cpu
目标粒子数: 100  目标体积分数: 0.72

============================================================
迭代 1/20  lr=5.00e-04
  采集 50 个样本 (随机策略)...
  [采集完成] 50 条  phi: mean=0.6594  max=0.6694  min=0.6457
  phi: mean=0.6594  max=0.6694  min=0.6457  avg_steps=126.3
  候选点: before=221.2  filtered=15.0  added=15.9  after=222.1
  训练 1 epoch ...
  loss=-0.2965  adv_var=1.8596  耗时=99.7s
  *** 新纪录！phi_max=0.6694  已保存: experiments/20260316_121645/construct_v7.0_best.pth + best_packing.conf ***

============================================================
迭代 2/20  lr=5.00e-04
  采集 50 个样本 (模型策略)...
  [采集完成] 50 条  phi: mean=0.6617  max=0.6730  min=0.6478
  phi: mean=0.6617  max=0.6730  min=0.6478  avg_steps=119.6
  候选点: before=209.5  filtered=14.9  added=15.8  after=210.4
  训练 1 epoch ...
  loss=0.5007  adv_var=1.7301  耗时=88.1s
  *** 新纪录！phi_max=0.6730  已保存: experiments/20260316_121645/construct_v7.0_best.pth + best_packing.conf ***

============================================================
迭代 3/20  lr=5.00e-04
  采集 50 个样本 (模型策略)...
  [采集完成] 50 条  phi: mean=0.6654  max=0.6801  min=0.6491
  phi: mean=0.6654  max=0.6801  min=0.6491  avg_steps=120.4
  候选点: before=210.8  filtered=14.7  added=15.6  after=211.7
  训练 1 epoch ...
  loss=-0.2505  adv_var=1.8154  耗时=90.5s
  *** 新纪录！phi_max=0.6801  已保存: experiments/20260316_121645/construct_v7.0_best.pth + best_packing.conf ***

============================================================
迭代 4/20  lr=5.00e-04
  采集 50 个样本 (模型策略)...
  [采集完成] 50 条  phi: mean=0.6742  max=0.6875  min=0.6572
  phi: mean=0.6742  max=0.6875  min=0.6572  avg_steps=113.7
  候选点: before=184.7  filtered=14.6  added=15.5  after=185.6
  训练 1 epoch ...
  loss=0.2158  adv_var=1.8387  耗时=78.6s
  *** 新纪录！phi_max=0.6875  已保存: experiments/20260316_121645/construct_v7.0_best.pth + best_packing.conf ***

============================================================
迭代 5/20  lr=5.00e-04
  采集 50 个样本 (模型策略)...
  [采集完成] 50 条  phi: mean=0.6763  max=0.6900  min=0.6581
  phi: mean=0.6763  max=0.6900  min=0.6581  avg_steps=111.8
  候选点: before=184.4  filtered=14.4  added=15.3  after=185.3
  训练 1 epoch ...
  loss=-0.4235  adv_var=1.7160  耗时=74.1s
  *** 新纪录！phi_max=0.6900  已保存: experiments/20260316_121645/construct_v7.0_best.pth + best_packing.conf ***

============================================================
迭代 6/20  lr=5.00e-04
  采集 50 个样本 (模型策略)...
  [采集完成] 50 条  phi: mean=0.6843  max=0.6968  min=0.6697
  phi: mean=0.6843  max=0.6968  min=0.6697  avg_steps=102.8
  候选点: before=160.8  filtered=14.2  added=15.1  after=161.7
  训练 1 epoch ...
  loss=-0.0292  adv_var=1.8439  耗时=59.4s
  *** 新纪录！phi_max=0.6968  已保存: experiments/20260316_121645/construct_v7.0_best.pth + best_packing.conf ***

============================================================
迭代 7/20  lr=5.00e-04
  采集 50 个样本 (模型策略)...
  [采集完成] 50 条  phi: mean=0.6813  max=0.6926  min=0.6680
  phi: mean=0.6813  max=0.6926  min=0.6680  avg_steps=105.3
  候选点: before=168.8  filtered=14.3  added=15.2  after=169.7
  训练 1 epoch ...
  loss=0.1894  adv_var=1.8028  耗时=62.4s

============================================================
迭代 8/20  lr=5.00e-04
  采集 50 个样本 (模型策略)...
  [采集完成] 50 条  phi: mean=0.6822  max=0.6928  min=0.6723
  phi: mean=0.6822  max=0.6928  min=0.6723  avg_steps=103.2
  候选点: before=166.2  filtered=14.1  added=14.9  after=167.1
  训练 1 epoch ...
  loss=-0.1980  adv_var=1.7889  耗时=61.0s

============================================================
迭代 9/20  lr=5.00e-04
  采集 50 个样本 (模型策略)...
  [采集完成] 50 条  phi: mean=0.6886  max=0.7001  min=0.6786
  phi: mean=0.6886  max=0.7001  min=0.6786  avg_steps=102.0
  候选点: before=156.0  filtered=13.8  added=14.7  after=156.9
  训练 1 epoch ...
  loss=-0.1584  adv_var=1.6817  耗时=60.6s
  *** 新纪录！phi_max=0.7001  已保存: experiments/20260316_121645/construct_v7.0_best.pth + best_packing.conf ***

============================================================
迭代 10/20  lr=5.00e-04
  采集 50 个样本 (模型策略)...
  [采集完成] 50 条  phi: mean=0.6917  max=0.7068  min=0.6804
  phi: mean=0.6917  max=0.7068  min=0.6804  avg_steps=97.5
  候选点: before=150.8  filtered=13.8  added=14.7  after=151.6
  训练 1 epoch ...
  loss=-0.3091  adv_var=1.8831  耗时=52.7s
  *** 新纪录！phi_max=0.7068  已保存: experiments/20260316_121645/construct_v7.0_best.pth + best_packing.conf ***

============================================================
迭代 11/20  lr=5.00e-04
  采集 50 个样本 (模型策略)...
  [采集完成] 50 条  phi: mean=0.6901  max=0.7017  min=0.6794
  phi: mean=0.6901  max=0.7017  min=0.6794  avg_steps=97.8
  候选点: before=152.0  filtered=13.6  added=14.5  after=152.9
  训练 1 epoch ...
  loss=-0.1894  adv_var=1.7905  耗时=52.0s

============================================================
迭代 12/20  lr=5.00e-04
  采集 50 个样本 (模型策略)...
  [采集完成] 50 条  phi: mean=0.6902  max=0.7065  min=0.6780
  phi: mean=0.6902  max=0.7065  min=0.6780  avg_steps=96.6
  候选点: before=151.9  filtered=13.8  added=14.6  after=152.8
  训练 1 epoch ...
  loss=-0.2009  adv_var=1.8413  耗时=49.4s

============================================================
迭代 13/20  lr=5.00e-04
  采集 50 个样本 (模型策略)...
  [采集完成] 50 条  phi: mean=0.6883  max=0.7009  min=0.6756
  phi: mean=0.6883  max=0.7009  min=0.6756  avg_steps=96.2
  候选点: before=156.7  filtered=13.5  added=14.4  after=157.6
  训练 1 epoch ...
  loss=-0.0515  adv_var=1.8609  耗时=50.3s

============================================================
迭代 14/20  lr=5.00e-04
  采集 50 个样本 (模型策略)...
  [采集完成] 50 条  phi: mean=0.6909  max=0.7023  min=0.6779
  phi: mean=0.6909  max=0.7023  min=0.6779  avg_steps=96.4
  候选点: before=154.3  filtered=13.3  added=14.2  after=155.2
  训练 1 epoch ...
  loss=-0.1652  adv_var=1.8150  耗时=51.1s

============================================================
迭代 15/20  lr=5.00e-04
  采集 50 个样本 (模型策略)...
  [采集完成] 50 条  phi: mean=0.6924  max=0.7118  min=0.6808
  phi: mean=0.6924  max=0.7118  min=0.6808  avg_steps=94.1
  候选点: before=151.9  filtered=13.6  added=14.5  after=152.8
  训练 1 epoch ...
  loss=0.2373  adv_var=1.7796  耗时=47.2s
  *** 新纪录！phi_max=0.7118  已保存: experiments/20260316_121645/construct_v7.0_best.pth + best_packing.conf ***

============================================================
迭代 16/20  lr=5.00e-04
  采集 50 个样本 (模型策略)...
  [采集完成] 50 条  phi: mean=0.6936  max=0.7050  min=0.6857
  phi: mean=0.6936  max=0.7050  min=0.6857  avg_steps=94.3
  候选点: before=151.1  filtered=13.6  added=14.5  after=152.0
  训练 1 epoch ...
  loss=0.1249  adv_var=1.8317  耗时=47.1s

============================================================
迭代 17/20  lr=5.00e-04
  采集 50 个样本 (模型策略)...
  [采集完成] 50 条  phi: mean=0.6932  max=0.7056  min=0.6794
  phi: mean=0.6932  max=0.7056  min=0.6794  avg_steps=94.4
  候选点: before=147.2  filtered=13.4  added=14.3  after=148.1
  训练 1 epoch ...
  loss=-0.0192  adv_var=1.7906  耗时=48.6s

============================================================
迭代 18/20  lr=5.00e-04
  采集 50 个样本 (模型策略)...
  [采集完成] 50 条  phi: mean=0.6931  max=0.7257  min=0.6832
  phi: mean=0.6931  max=0.7257  min=0.6832  avg_steps=93.3
  候选点: before=148.1  filtered=13.4  added=14.3  after=149.0
  训练 1 epoch ...
  loss=0.2618  adv_var=1.8583  耗时=50.7s
  *** 新纪录！phi_max=0.7257  已保存: experiments/20260316_121645/construct_v7.0_best.pth + best_packing.conf ***

============================================================
迭代 19/20  lr=5.00e-04
  采集 50 个样本 (模型策略)...
  [采集完成] 50 条  phi: mean=0.6932  max=0.7029  min=0.6772
  phi: mean=0.6932  max=0.7029  min=0.6772  avg_steps=92.8
  候选点: before=146.4  filtered=13.5  added=14.4  after=147.3
  [退步] phi_max 0.7029 < 0.7257 - 0.01
  [回滚] 模型已恢复，lr 调整为 2.50e-04
  [跳过训练] 耗时=26.5s  下轮用恢复的模型重新采集

============================================================
迭代 20/20  lr=2.50e-04
  采集 50 个样本 (模型策略)...
  [采集完成] 50 条  phi: mean=0.6947  max=0.7104  min=0.6807
  phi: mean=0.6947  max=0.7104  min=0.6807  avg_steps=94.6
  候选点: before=146.8  filtered=13.5  added=14.3  after=147.7
  [退步] phi_max 0.7104 < 0.7257 - 0.01
  [回滚] 模型已恢复，lr 调整为 1.25e-04
  [跳过训练] 耗时=28.3s  下轮用恢复的模型重新采集

训练完成！最终模型已保存至 experiments/20260316_121645/construct_v7.0_final.pth

============================================================
开始评测（采样策略 T=5.0，共 20 局）...
  [采集完成] 20 条  phi: mean=0.6936  max=0.7053  min=0.6819
  评测完成  phi: mean=0.6936  max=0.7053  min=0.6819
  报告已保存: experiments/20260316_121645/eval_report.txt
  最优堆积已保存: experiments/20260316_121645/best_packing.conf  (phi=0.7053)
