实验目录: experiments\20260315_171618
使用设备: cuda
目标粒子数: 100  目标体积分数: 0.72

============================================================
迭代 1/10  lr=5.00e-04
  采集 10 个样本 (随机策略)...
  [采集完成] 10 条  phi: mean=0.6266  max=0.6365  min=0.6182
  phi: mean=0.6266  max=0.6365  min=0.6182  avg_steps=81.8
  数据已保存: data\20260315_171618_iter001.pkl
  候选点: before=782.6  filtered=89.0  added=89.3  after=782.9
  训练 5 epoch ...
  loss=-0.2947  耗时=18.4s
  *** 新纪录！phi_max=0.6365  已保存: experiments\20260315_171618\construct_v7.0_best.pth + best_packing.conf ***

============================================================
迭代 2/10  lr=5.00e-04
  采集 10 个样本 (模型策略)...
  [采集完成] 10 条  phi: mean=0.6628  max=0.6692  min=0.6531
  phi: mean=0.6628  max=0.6692  min=0.6531  avg_steps=76.8
  数据已保存: data\20260315_171618_iter002.pkl
  候选点: before=754.6  filtered=99.4  added=99.6  after=754.9
  训练 5 epoch ...
  loss=-0.0784  耗时=18.2s
  *** 新纪录！phi_max=0.6692  已保存: experiments\20260315_171618\construct_v7.0_best.pth + best_packing.conf ***

============================================================
迭代 3/10  lr=5.00e-04
  采集 10 个样本 (模型策略)...
  [采集完成] 10 条  phi: mean=0.6640  max=0.6772  min=0.6586
  phi: mean=0.6640  max=0.6772  min=0.6586  avg_steps=74.4
  数据已保存: data\20260315_171618_iter003.pkl
  候选点: before=714.8  filtered=99.0  added=99.2  after=715.1
  训练 5 epoch ...
  loss=-0.0450  耗时=18.0s
  *** 新纪录！phi_max=0.6772  已保存: experiments\20260315_171618\construct_v7.0_best.pth + best_packing.conf ***

============================================================
迭代 4/10  lr=5.00e-04
  采集 10 个样本 (模型策略)...
  [采集完成] 10 条  phi: mean=0.6624  max=0.6741  min=0.6531
  phi: mean=0.6624  max=0.6741  min=0.6531  avg_steps=76.2
  数据已保存: data\20260315_171618_iter004.pkl
  候选点: before=750.3  filtered=98.1  added=98.4  after=750.6
  训练 5 epoch ...
  loss=-0.1151  耗时=16.7s

============================================================
迭代 5/10  lr=5.00e-04
  采集 10 个样本 (模型策略)...
  [采集完成] 10 条  phi: mean=0.6665  max=0.6747  min=0.6520
  phi: mean=0.6665  max=0.6747  min=0.6520  avg_steps=76.6
  数据已保存: data\20260315_171618_iter005.pkl
  候选点: before=765.2  filtered=102.8  added=103.0  after=765.4
  训练 5 epoch ...
  loss=-0.1639  耗时=19.7s

============================================================
迭代 6/10  lr=5.00e-04
  采集 10 个样本 (模型策略)...
  [采集完成] 10 条  phi: mean=0.6657  max=0.6792  min=0.6465
  phi: mean=0.6657  max=0.6792  min=0.6465  avg_steps=76.3
  数据已保存: data\20260315_171618_iter006.pkl
  候选点: before=770.3  filtered=99.2  added=99.4  after=770.6
  训练 5 epoch ...
  loss=-0.0648  耗时=17.3s
  *** 新纪录！phi_max=0.6792  已保存: experiments\20260315_171618\construct_v7.0_best.pth + best_packing.conf ***

============================================================
迭代 7/10  lr=5.00e-04
  采集 10 个样本 (模型策略)...
  [采集完成] 10 条  phi: mean=0.6641  max=0.6725  min=0.6503
  phi: mean=0.6641  max=0.6725  min=0.6503  avg_steps=73.0
  数据已保存: data\20260315_171618_iter007.pkl
  候选点: before=740.1  filtered=97.7  added=97.9  after=740.4
  训练 5 epoch ...
  loss=-0.1156  耗时=16.0s

============================================================
迭代 8/10  lr=5.00e-04
  采集 10 个样本 (模型策略)...
  [采集完成] 10 条  phi: mean=0.6656  max=0.6738  min=0.6616
  phi: mean=0.6656  max=0.6738  min=0.6616  avg_steps=72.2
  数据已保存: data\20260315_171618_iter008.pkl
  候选点: before=742.3  filtered=99.2  added=99.5  after=742.5
  训练 5 epoch ...
  loss=-0.0587  耗时=19.4s

============================================================
迭代 9/10  lr=5.00e-04
  采集 10 个样本 (模型策略)...
  [采集完成] 10 条  phi: mean=0.6683  max=0.6801  min=0.6567
  phi: mean=0.6683  max=0.6801  min=0.6567  avg_steps=73.0
  数据已保存: data\20260315_171618_iter009.pkl
  候选点: before=696.4  filtered=95.0  added=95.2  after=696.6
  训练 5 epoch ...
  loss=-0.1073  耗时=16.1s
  *** 新纪录！phi_max=0.6801  已保存: experiments\20260315_171618\construct_v7.0_best.pth + best_packing.conf ***

============================================================
迭代 10/10  lr=5.00e-04
  采集 10 个样本 (模型策略)...
  [采集完成] 10 条  phi: mean=0.6703  max=0.6767  min=0.6618
  phi: mean=0.6703  max=0.6767  min=0.6618  avg_steps=69.6
  数据已保存: data\20260315_171618_iter010.pkl
  候选点: before=693.1  filtered=97.8  added=97.9  after=693.3
  训练 5 epoch ...
  loss=0.0058  耗时=16.1s

训练完成！最终模型已保存至 experiments\20260315_171618\construct_v7.0_final.pth

============================================================
开始评测（采样策略 T=1.0，共 20 局）...
  [采集完成] 20 条  phi: mean=0.6671  max=0.6796  min=0.6532
  评测完成  phi: mean=0.6671  max=0.6796  min=0.6532
  报告已保存: experiments\20260315_171618\eval_report.txt
  最优堆积已保存: experiments\20260315_171618\best_packing.conf  (phi=0.6796)
