实验目录: experiments/20260316_150109
使用设备: cpu
目标粒子数: 100  目标体积分数: 0.72

============================================================
迭代 1/50  lr=5.00e-04
  采集 50 个样本 (随机策略)...
  [采集完成] 50 条  phi: mean=0.6563  max=0.6788  min=0.6421
  phi: mean=0.6563  max=0.6788  min=0.6421  avg_steps=118.6
  候选点: before=288.6  filtered=21.2  added=22.1  after=289.5
  训练 1 epoch ...
  loss=-0.1582  adv_var=1.8442  耗时=87.4s
  *** 新纪录！phi_max=0.6788  已保存: experiments/20260316_150109/construct_v7.0_best.pth + best_packing.conf ***

============================================================
迭代 2/50  lr=5.00e-04
  采集 50 个样本 (模型策略)...
  [采集完成] 50 条  phi: mean=0.6653  max=0.6815  min=0.6530
  phi: mean=0.6653  max=0.6815  min=0.6530  avg_steps=112.6
  候选点: before=260.3  filtered=20.8  added=21.7  after=261.2
  训练 1 epoch ...
  loss=-0.3389  adv_var=1.7210  耗时=79.5s
  *** 新纪录！phi_max=0.6815  已保存: experiments/20260316_150109/construct_v7.0_best.pth + best_packing.conf ***

============================================================
迭代 3/50  lr=5.00e-04
  采集 50 个样本 (模型策略)...
  [采集完成] 50 条  phi: mean=0.6752  max=0.6881  min=0.6650
  phi: mean=0.6752  max=0.6881  min=0.6650  avg_steps=102.3
  候选点: before=227.3  filtered=20.4  added=21.2  after=228.1
  训练 1 epoch ...
  loss=-0.2844  adv_var=1.8761  耗时=59.7s
  *** 新纪录！phi_max=0.6881  已保存: experiments/20260316_150109/construct_v7.0_best.pth + best_packing.conf ***

============================================================
迭代 4/50  lr=5.00e-04
  采集 50 个样本 (模型策略)...
  [采集完成] 50 条  phi: mean=0.6816  max=0.6949  min=0.6705
  phi: mean=0.6816  max=0.6949  min=0.6705  avg_steps=98.3
  候选点: before=215.7  filtered=20.4  added=21.3  after=216.5
  训练 1 epoch ...
  loss=-0.0017  adv_var=1.7947  耗时=55.6s
  *** 新纪录！phi_max=0.6949  已保存: experiments/20260316_150109/construct_v7.0_best.pth + best_packing.conf ***

============================================================
迭代 5/50  lr=5.00e-04
  采集 50 个样本 (模型策略)...
  [采集完成] 50 条  phi: mean=0.6849  max=0.6978  min=0.6682
  phi: mean=0.6849  max=0.6978  min=0.6682  avg_steps=96.0
  候选点: before=208.1  filtered=20.6  added=21.5  after=208.9
  训练 1 epoch ...
  loss=-0.8367  adv_var=1.7214  耗时=54.9s
  *** 新纪录！phi_max=0.6978  已保存: experiments/20260316_150109/construct_v7.0_best.pth + best_packing.conf ***

============================================================
迭代 6/50  lr=5.00e-04
  采集 50 个样本 (模型策略)...
  [采集完成] 50 条  phi: mean=0.6875  max=0.7026  min=0.6732
  phi: mean=0.6875  max=0.7026  min=0.6732  avg_steps=94.3
  候选点: before=202.3  filtered=20.0  added=20.8  after=203.1
  训练 1 epoch ...
  loss=0.1943  adv_var=1.8631  耗时=50.3s
  *** 新纪录！phi_max=0.7026  已保存: experiments/20260316_150109/construct_v7.0_best.pth + best_packing.conf ***

============================================================
迭代 7/50  lr=5.00e-04
  采集 50 个样本 (模型策略)...
  [采集完成] 50 条  phi: mean=0.6885  max=0.7014  min=0.6738
  phi: mean=0.6885  max=0.7014  min=0.6738  avg_steps=92.9
  候选点: before=197.4  filtered=20.4  added=21.2  after=198.3
  训练 1 epoch ...
  loss=-0.3510  adv_var=1.8238  耗时=48.1s

============================================================
迭代 8/50  lr=5.00e-04
  采集 50 个样本 (模型策略)...
  [采集完成] 50 条  phi: mean=0.6894  max=0.7007  min=0.6764
  phi: mean=0.6894  max=0.7007  min=0.6764  avg_steps=91.7
  候选点: before=191.3  filtered=20.1  added=20.9  after=192.2
  训练 1 epoch ...
  loss=-0.3491  adv_var=1.7731  耗时=48.0s

============================================================
迭代 9/50  lr=5.00e-04
  采集 50 个样本 (模型策略)...
  [采集完成] 50 条  phi: mean=0.6931  max=0.7087  min=0.6781
  phi: mean=0.6931  max=0.7087  min=0.6781  avg_steps=89.3
  候选点: before=188.0  filtered=20.3  added=21.1  after=188.8
  训练 1 epoch ...
  loss=-0.3219  adv_var=1.8013  耗时=44.3s
  *** 新纪录！phi_max=0.7087  已保存: experiments/20260316_150109/construct_v7.0_best.pth + best_packing.conf ***

============================================================
迭代 10/50  lr=5.00e-04
  采集 50 个样本 (模型策略)...
  [采集完成] 50 条  phi: mean=0.6937  max=0.7093  min=0.6840
  phi: mean=0.6937  max=0.7093  min=0.6840  avg_steps=88.8
  候选点: before=185.0  filtered=19.9  added=20.8  after=185.8
  训练 1 epoch ...
  loss=-0.6703  adv_var=1.7363  耗时=44.7s
  *** 新纪录！phi_max=0.7093  已保存: experiments/20260316_150109/construct_v7.0_best.pth + best_packing.conf ***

============================================================
迭代 11/50  lr=5.00e-04
  采集 50 个样本 (模型策略)...
  [采集完成] 50 条  phi: mean=0.6939  max=0.7086  min=0.6828
  phi: mean=0.6939  max=0.7086  min=0.6828  avg_steps=87.9
  候选点: before=181.4  filtered=19.7  added=20.6  after=182.2
  训练 1 epoch ...
  loss=-0.1959  adv_var=1.6699  耗时=43.3s

============================================================
迭代 12/50  lr=5.00e-04
  采集 50 个样本 (模型策略)...
  [采集完成] 50 条  phi: mean=0.6952  max=0.7083  min=0.6792
  phi: mean=0.6952  max=0.7083  min=0.6792  avg_steps=86.7
  候选点: before=177.4  filtered=19.8  added=20.6  after=178.2
  训练 1 epoch ...
  loss=0.3365  adv_var=1.7596  耗时=41.6s

============================================================
迭代 13/50  lr=5.00e-04
  采集 50 个样本 (模型策略)...
  [采集完成] 50 条  phi: mean=0.6943  max=0.7074  min=0.6818
  phi: mean=0.6943  max=0.7074  min=0.6818  avg_steps=87.0
  候选点: before=175.5  filtered=19.8  added=20.7  after=176.3
  训练 1 epoch ...
  loss=-0.1750  adv_var=1.8567  耗时=44.7s

============================================================
迭代 14/50  lr=5.00e-04
  采集 50 个样本 (模型策略)...
  [采集完成] 50 条  phi: mean=0.6954  max=0.7066  min=0.6833
  phi: mean=0.6954  max=0.7066  min=0.6833  avg_steps=88.0
  候选点: before=179.3  filtered=20.1  added=20.9  after=180.1
  训练 1 epoch ...
  loss=0.0680  adv_var=1.8148  耗时=42.3s

============================================================
迭代 15/50  lr=5.00e-04
  采集 50 个样本 (模型策略)...
  [采集完成] 50 条  phi: mean=0.6954  max=0.7062  min=0.6814
  phi: mean=0.6954  max=0.7062  min=0.6814  avg_steps=86.1
  候选点: before=178.3  filtered=20.1  added=20.9  after=179.1
  训练 1 epoch ...
  loss=0.2058  adv_var=1.7315  耗时=40.9s

============================================================
迭代 16/50  lr=5.00e-04
  采集 50 个样本 (模型策略)...
  [采集完成] 50 条  phi: mean=0.6962  max=0.7069  min=0.6842
  phi: mean=0.6962  max=0.7069  min=0.6842  avg_steps=87.2
  候选点: before=176.6  filtered=19.5  added=20.3  after=177.4
  训练 1 epoch ...
  loss=0.1660  adv_var=1.9101  耗时=40.8s

============================================================
迭代 17/50  lr=5.00e-04
  采集 50 个样本 (模型策略)...
  [采集完成] 50 条  phi: mean=0.6971  max=0.7074  min=0.6840
  phi: mean=0.6971  max=0.7074  min=0.6840  avg_steps=87.2
  候选点: before=177.6  filtered=19.8  added=20.6  after=178.4
  训练 1 epoch ...
  loss=-0.0149  adv_var=1.7281  耗时=43.6s

============================================================
迭代 18/50  lr=5.00e-04
  采集 50 个样本 (模型策略)...
  [采集完成] 50 条  phi: mean=0.6968  max=0.7062  min=0.6852
  phi: mean=0.6968  max=0.7062  min=0.6852  avg_steps=86.0
  候选点: before=176.0  filtered=19.8  added=20.6  after=176.8
  训练 1 epoch ...
  loss=-0.3716  adv_var=1.8163  耗时=40.3s

============================================================
迭代 19/50  lr=5.00e-04
  采集 50 个样本 (模型策略)...
  [采集完成] 50 条  phi: mean=0.6965  max=0.7121  min=0.6853
  phi: mean=0.6965  max=0.7121  min=0.6853  avg_steps=86.4
  候选点: before=177.7  filtered=19.6  added=20.4  after=178.5
  训练 1 epoch ...
  loss=-0.2263  adv_var=1.8084  耗时=40.3s
  *** 新纪录！phi_max=0.7121  已保存: experiments/20260316_150109/construct_v7.0_best.pth + best_packing.conf ***

============================================================
迭代 20/50  lr=5.00e-04
  采集 50 个样本 (模型策略)...
  [采集完成] 50 条  phi: mean=0.6965  max=0.7053  min=0.6854
  phi: mean=0.6965  max=0.7053  min=0.6854  avg_steps=86.1
  候选点: before=177.3  filtered=19.5  added=20.3  after=178.1
  训练 1 epoch ...
  loss=-0.4507  adv_var=1.7117  耗时=41.3s

============================================================
迭代 21/50  lr=5.00e-04
  采集 50 个样本 (模型策略)...
  [采集完成] 50 条  phi: mean=0.6967  max=0.7075  min=0.6840
  phi: mean=0.6967  max=0.7075  min=0.6840  avg_steps=83.4
  候选点: before=176.0  filtered=19.6  added=20.4  after=176.8
  训练 1 epoch ...
  loss=-0.0081  adv_var=1.7252  耗时=37.9s

============================================================
迭代 22/50  lr=5.00e-04
  采集 50 个样本 (模型策略)...
  [采集完成] 50 条  phi: mean=0.6959  max=0.7084  min=0.6860
  phi: mean=0.6959  max=0.7084  min=0.6860  avg_steps=85.0
  候选点: before=176.9  filtered=19.7  added=20.5  after=177.8
  训练 1 epoch ...
  loss=0.1097  adv_var=1.8606  耗时=38.0s

============================================================
迭代 23/50  lr=5.00e-04
  采集 50 个样本 (模型策略)...
  [采集完成] 50 条  phi: mean=0.6973  max=0.7085  min=0.6833
  phi: mean=0.6973  max=0.7085  min=0.6833  avg_steps=84.0
  候选点: before=177.5  filtered=19.5  added=20.3  after=178.3
  训练 1 epoch ...
  loss=0.0292  adv_var=1.7966  耗时=37.8s

============================================================
迭代 24/50  lr=5.00e-04
  采集 50 个样本 (模型策略)...
  [采集完成] 50 条  phi: mean=0.6977  max=0.7112  min=0.6862
  phi: mean=0.6977  max=0.7112  min=0.6862  avg_steps=84.5
  候选点: before=176.8  filtered=19.3  added=20.1  after=177.6
  训练 1 epoch ...
  loss=-0.2558  adv_var=1.8079  耗时=39.1s

============================================================
迭代 25/50  lr=5.00e-04
  采集 50 个样本 (模型策略)...
  [采集完成] 50 条  phi: mean=0.6973  max=0.7080  min=0.6879
  phi: mean=0.6973  max=0.7080  min=0.6879  avg_steps=83.5
  候选点: before=175.2  filtered=19.3  added=20.1  after=176.0
  训练 1 epoch ...
  loss=-0.0255  adv_var=1.7534  耗时=37.9s

============================================================
迭代 26/50  lr=5.00e-04
  采集 50 个样本 (模型策略)...
  [采集完成] 50 条  phi: mean=0.6975  max=0.7104  min=0.6883
  phi: mean=0.6975  max=0.7104  min=0.6883  avg_steps=82.8
  候选点: before=176.4  filtered=19.4  added=20.2  after=177.2
  训练 1 epoch ...
  loss=-0.0575  adv_var=1.7620  耗时=37.9s

============================================================
迭代 27/50  lr=5.00e-04
  采集 50 个样本 (模型策略)...
  [采集完成] 50 条  phi: mean=0.6974  max=0.7147  min=0.6834
  phi: mean=0.6974  max=0.7147  min=0.6834  avg_steps=82.3
  候选点: before=175.7  filtered=19.3  added=20.1  after=176.5
  训练 1 epoch ...
  loss=-0.3296  adv_var=1.8773  耗时=35.8s
  *** 新纪录！phi_max=0.7147  已保存: experiments/20260316_150109/construct_v7.0_best.pth + best_packing.conf ***

============================================================
迭代 28/50  lr=5.00e-04
  采集 50 个样本 (模型策略)...
  [采集完成] 50 条  phi: mean=0.6967  max=0.7101  min=0.6844
  phi: mean=0.6967  max=0.7101  min=0.6844  avg_steps=84.3
  候选点: before=175.2  filtered=19.4  added=20.2  after=176.0
  训练 1 epoch ...
  loss=0.1010  adv_var=1.8555  耗时=39.0s

============================================================
迭代 29/50  lr=5.00e-04
  采集 50 个样本 (模型策略)...
  [采集完成] 50 条  phi: mean=0.6969  max=0.7061  min=0.6857
  phi: mean=0.6969  max=0.7061  min=0.6857  avg_steps=82.9
  候选点: before=172.6  filtered=19.3  added=20.1  after=173.4
  训练 1 epoch ...
  loss=-0.0173  adv_var=1.8510  耗时=37.8s

============================================================
迭代 30/50  lr=5.00e-04
  采集 50 个样本 (模型策略)...
  [采集完成] 50 条  phi: mean=0.6976  max=0.7085  min=0.6871
  phi: mean=0.6976  max=0.7085  min=0.6871  avg_steps=82.6
  候选点: before=175.4  filtered=19.1  added=19.9  after=176.2
  训练 1 epoch ...
  loss=0.0900  adv_var=1.7705  耗时=36.0s

============================================================
迭代 31/50  lr=5.00e-04
  采集 50 个样本 (模型策略)...
  [采集完成] 50 条  phi: mean=0.6981  max=0.7081  min=0.6872
  phi: mean=0.6981  max=0.7081  min=0.6872  avg_steps=81.8
  候选点: before=175.0  filtered=19.0  added=19.8  after=175.8
  训练 1 epoch ...
  loss=-0.0768  adv_var=1.8540  耗时=34.7s

============================================================
迭代 32/50  lr=5.00e-04
  采集 50 个样本 (模型策略)...
  [采集完成] 50 条  phi: mean=0.6975  max=0.7066  min=0.6830
  phi: mean=0.6975  max=0.7066  min=0.6830  avg_steps=83.2
  候选点: before=177.1  filtered=19.2  added=20.0  after=177.9
  训练 1 epoch ...
  loss=-0.0034  adv_var=1.8014  耗时=36.6s

============================================================
迭代 33/50  lr=5.00e-04
  采集 50 个样本 (模型策略)...
  [采集完成] 50 条  phi: mean=0.6972  max=0.7085  min=0.6851
  phi: mean=0.6972  max=0.7085  min=0.6851  avg_steps=82.0
  候选点: before=173.1  filtered=19.3  added=20.1  after=173.9
  训练 1 epoch ...
  loss=-0.0154  adv_var=1.8019  耗时=37.3s

============================================================
迭代 34/50  lr=5.00e-04
  采集 50 个样本 (模型策略)...
  [采集完成] 50 条  phi: mean=0.6970  max=0.7085  min=0.6846
  phi: mean=0.6970  max=0.7085  min=0.6846  avg_steps=82.8
  候选点: before=171.9  filtered=18.8  added=19.6  after=172.7
  训练 1 epoch ...
  loss=-0.0508  adv_var=1.6894  耗时=38.8s

============================================================
迭代 35/50  lr=5.00e-04
  采集 50 个样本 (模型策略)...
  [采集完成] 50 条  phi: mean=0.6966  max=0.7096  min=0.6819
  phi: mean=0.6966  max=0.7096  min=0.6819  avg_steps=82.4
  候选点: before=171.4  filtered=18.9  added=19.7  after=172.2
  训练 1 epoch ...
  loss=-0.2360  adv_var=1.8395  耗时=37.0s

============================================================
迭代 36/50  lr=5.00e-04
  采集 50 个样本 (模型策略)...
  [采集完成] 50 条  phi: mean=0.6990  max=0.7105  min=0.6867
  phi: mean=0.6990  max=0.7105  min=0.6867  avg_steps=82.0
  候选点: before=173.1  filtered=18.8  added=19.6  after=173.9
  训练 1 epoch ...
  loss=-0.3060  adv_var=1.8037  耗时=35.9s

============================================================
迭代 37/50  lr=5.00e-04
  采集 50 个样本 (模型策略)...
  [采集完成] 50 条  phi: mean=0.6983  max=0.7083  min=0.6866
  phi: mean=0.6983  max=0.7083  min=0.6866  avg_steps=79.7
  候选点: before=171.8  filtered=18.7  added=19.5  after=172.6
  训练 1 epoch ...
  loss=-0.1165  adv_var=1.8391  耗时=33.6s

============================================================
迭代 38/50  lr=5.00e-04
  采集 50 个样本 (模型策略)...
  [采集完成] 50 条  phi: mean=0.6964  max=0.7120  min=0.6894
  phi: mean=0.6964  max=0.7120  min=0.6894  avg_steps=80.9
  候选点: before=175.7  filtered=19.0  added=19.8  after=176.5
  训练 1 epoch ...
  loss=0.0409  adv_var=1.8467  耗时=34.9s

============================================================
迭代 39/50  lr=5.00e-04
  采集 50 个样本 (模型策略)...
  [采集完成] 50 条  phi: mean=0.6978  max=0.7103  min=0.6840
  phi: mean=0.6978  max=0.7103  min=0.6840  avg_steps=81.7
  候选点: before=173.4  filtered=18.7  added=19.5  after=174.2
  训练 1 epoch ...
  loss=-0.2890  adv_var=1.8182  耗时=37.1s

============================================================
迭代 40/50  lr=5.00e-04
  采集 50 个样本 (模型策略)...
  [采集完成] 50 条  phi: mean=0.6979  max=0.7095  min=0.6870
  phi: mean=0.6979  max=0.7095  min=0.6870  avg_steps=81.1
  候选点: before=173.3  filtered=18.7  added=19.5  after=174.1
  训练 1 epoch ...
  loss=-0.2619  adv_var=1.7821  耗时=36.0s

============================================================
迭代 41/50  lr=5.00e-04
  采集 50 个样本 (模型策略)...
  [采集完成] 50 条  phi: mean=0.6986  max=0.7086  min=0.6854
  phi: mean=0.6986  max=0.7086  min=0.6854  avg_steps=81.8
  候选点: before=172.6  filtered=19.1  added=19.9  after=173.4
  训练 1 epoch ...
  loss=-0.2592  adv_var=1.8488  耗时=36.4s

============================================================
迭代 42/50  lr=5.00e-04
  采集 50 个样本 (模型策略)...
  [采集完成] 50 条  phi: mean=0.6968  max=0.7069  min=0.6879
  phi: mean=0.6968  max=0.7069  min=0.6879  avg_steps=83.3
  候选点: before=173.6  filtered=19.0  added=19.8  after=174.5
  训练 1 epoch ...
  loss=-0.1400  adv_var=1.8312  耗时=36.8s

============================================================
迭代 43/50  lr=5.00e-04
  采集 50 个样本 (模型策略)...
  [采集完成] 50 条  phi: mean=0.6975  max=0.7077  min=0.6860
  phi: mean=0.6975  max=0.7077  min=0.6860  avg_steps=79.8
  候选点: before=168.7  filtered=18.7  added=19.5  after=169.5
  训练 1 epoch ...
  loss=-0.1490  adv_var=1.7572  耗时=35.0s

============================================================
迭代 44/50  lr=5.00e-04
  采集 50 个样本 (模型策略)...
  [采集完成] 50 条  phi: mean=0.6973  max=0.7114  min=0.6845
  phi: mean=0.6973  max=0.7114  min=0.6845  avg_steps=80.3
  候选点: before=172.1  filtered=18.8  added=19.6  after=172.9
  训练 1 epoch ...
  loss=-0.0076  adv_var=1.7886  耗时=36.2s

============================================================
迭代 45/50  lr=5.00e-04
  采集 50 个样本 (模型策略)...
  [采集完成] 50 条  phi: mean=0.6981  max=0.7104  min=0.6848
  phi: mean=0.6981  max=0.7104  min=0.6848  avg_steps=81.4
  候选点: before=169.4  filtered=18.6  added=19.4  after=170.2
  训练 1 epoch ...
  loss=-0.3813  adv_var=1.8222  耗时=35.1s

============================================================
迭代 46/50  lr=5.00e-04
  采集 50 个样本 (模型策略)...
  [采集完成] 50 条  phi: mean=0.6973  max=0.7086  min=0.6865
  phi: mean=0.6973  max=0.7086  min=0.6865  avg_steps=83.2
  候选点: before=176.0  filtered=18.9  added=19.7  after=176.8
  训练 1 epoch ...
  loss=-0.1191  adv_var=1.8258  耗时=36.0s

============================================================
迭代 47/50  lr=5.00e-04
  采集 50 个样本 (模型策略)...
  [采集完成] 50 条  phi: mean=0.6977  max=0.7113  min=0.6836
  phi: mean=0.6977  max=0.7113  min=0.6836  avg_steps=82.8
  候选点: before=174.4  filtered=18.9  added=19.7  after=175.2
  训练 1 epoch ...
  loss=-0.0773  adv_var=1.8681  耗时=38.0s

============================================================
迭代 48/50  lr=5.00e-04
  采集 50 个样本 (模型策略)...
  [采集完成] 50 条  phi: mean=0.6978  max=0.7063  min=0.6868
  phi: mean=0.6978  max=0.7063  min=0.6868  avg_steps=81.3
  候选点: before=175.1  filtered=19.0  added=19.8  after=175.9
  训练 1 epoch ...
  loss=-0.3514  adv_var=1.8003  耗时=35.0s

============================================================
迭代 49/50  lr=5.00e-04
  采集 50 个样本 (模型策略)...
  [采集完成] 50 条  phi: mean=0.6981  max=0.7085  min=0.6871
  phi: mean=0.6981  max=0.7085  min=0.6871  avg_steps=81.1
  候选点: before=170.9  filtered=18.8  added=19.6  after=171.7
  训练 1 epoch ...
  loss=-0.1509  adv_var=1.8082  耗时=35.2s

============================================================
迭代 50/50  lr=5.00e-04
  采集 50 个样本 (模型策略)...
  [采集完成] 50 条  phi: mean=0.6972  max=0.7100  min=0.6867
  phi: mean=0.6972  max=0.7100  min=0.6867  avg_steps=82.1
  候选点: before=175.6  filtered=19.0  added=19.8  after=176.4
  训练 1 epoch ...
  loss=0.0117  adv_var=1.7707  耗时=36.9s

训练完成！最终模型已保存至 experiments/20260316_150109/construct_v7.0_final.pth

============================================================
开始评测（采样策略 T=5.0，共 20 局）...
  [采集完成] 20 条  phi: mean=0.6965  max=0.7033  min=0.6845
  评测完成  phi: mean=0.6965  max=0.7033  min=0.6845
  报告已保存: experiments/20260316_150109/eval_report.txt
  最优堆积已保存: experiments/20260316_150109/best_packing.conf  (phi=0.7033)
