实验目录: experiments/20260316_214607
使用设备: cpu
目标粒子数: 100  目标体积分数: 0.72

============================================================
迭代 1/20  lr=5.00e-04
  采集 100 个样本 (随机策略)...
  [采集完成] 100 条  phi: mean=0.6238  max=0.6401  min=0.6057
  phi: mean=0.6238  max=0.6401  min=0.6057  avg_steps=97.5
  候选点: before=517.8  filtered=50.0  added=50.7  after=518.5
  训练 1 epoch ...
  loss=-1.9945  adv_var=1.8208  耗时=518.0s
  *** 新纪录！phi_max=0.6401  已保存: experiments/20260316_214607/construct_v7.0_best.pth + best_packing.conf ***

============================================================
迭代 2/20  lr=5.00e-04
  采集 100 个样本 (模型策略)...
  [采集完成] 100 条  phi: mean=0.6734  max=0.6869  min=0.6599
  phi: mean=0.6734  max=0.6869  min=0.6599  avg_steps=74.8
  候选点: before=400.2  filtered=52.0  added=52.6  after=400.8
  训练 1 epoch ...
  loss=0.0373  adv_var=1.8411  耗时=326.5s
  *** 新纪录！phi_max=0.6869  已保存: experiments/20260316_214607/construct_v7.0_best.pth + best_packing.conf ***

============================================================
迭代 3/20  lr=5.00e-04
  采集 100 个样本 (模型策略)...
  [采集完成] 100 条  phi: mean=0.6743  max=0.6881  min=0.6607
  phi: mean=0.6743  max=0.6881  min=0.6607  avg_steps=73.9
  候选点: before=398.1  filtered=52.2  added=52.8  after=398.6
  训练 1 epoch ...
  loss=0.2440  adv_var=1.8326  耗时=319.4s
  *** 新纪录！phi_max=0.6881  已保存: experiments/20260316_214607/construct_v7.0_best.pth + best_packing.conf ***

============================================================
迭代 4/20  lr=5.00e-04
  采集 100 个样本 (模型策略)...
  [采集完成] 100 条  phi: mean=0.6751  max=0.6891  min=0.6567
  phi: mean=0.6751  max=0.6891  min=0.6567  avg_steps=73.0
  候选点: before=400.5  filtered=52.5  added=53.0  after=401.1
  训练 1 epoch ...
  loss=0.0883  adv_var=1.8242  耗时=319.0s
  *** 新纪录！phi_max=0.6891  已保存: experiments/20260316_214607/construct_v7.0_best.pth + best_packing.conf ***

============================================================
迭代 5/20  lr=5.00e-04
  采集 100 个样本 (模型策略)...
  [采集完成] 100 条  phi: mean=0.6744  max=0.6874  min=0.6635
  phi: mean=0.6744  max=0.6874  min=0.6635  avg_steps=73.8
  候选点: before=402.7  filtered=52.0  added=52.6  after=403.2
  训练 1 epoch ...
  loss=0.0105  adv_var=1.8691  耗时=325.7s

============================================================
迭代 6/20  lr=5.00e-04
  采集 100 个样本 (模型策略)...
  [采集完成] 100 条  phi: mean=0.6744  max=0.6849  min=0.6629
  phi: mean=0.6744  max=0.6849  min=0.6629  avg_steps=74.1
  候选点: before=402.6  filtered=52.5  added=53.1  after=403.1
  训练 1 epoch ...
  loss=-0.0991  adv_var=1.8503  耗时=329.6s

============================================================
迭代 7/20  lr=5.00e-04
  采集 100 个样本 (模型策略)...
  [采集完成] 100 条  phi: mean=0.6733  max=0.6881  min=0.6631
  phi: mean=0.6733  max=0.6881  min=0.6631  avg_steps=73.6
  候选点: before=395.9  filtered=52.3  added=52.8  after=396.5
  训练 1 epoch ...
  loss=-0.3571  adv_var=1.8183  耗时=325.3s

============================================================
迭代 8/20  lr=5.00e-04
  采集 100 个样本 (模型策略)...
  [采集完成] 100 条  phi: mean=0.6731  max=0.6887  min=0.6576
  phi: mean=0.6731  max=0.6887  min=0.6576  avg_steps=76.2
  候选点: before=404.8  filtered=53.0  added=53.5  after=405.4
  训练 1 epoch ...
  loss=-1.1577  adv_var=1.8056  耗时=343.8s

============================================================
迭代 9/20  lr=5.00e-04
  采集 100 个样本 (模型策略)...
  [采集完成] 100 条  phi: mean=0.6728  max=0.6846  min=0.6550
  phi: mean=0.6728  max=0.6846  min=0.6550  avg_steps=76.1
  候选点: before=414.7  filtered=52.8  added=53.4  after=415.3
  训练 1 epoch ...
  loss=-0.1954  adv_var=1.8276  耗时=342.4s

============================================================
迭代 10/20  lr=5.00e-04
  采集 100 个样本 (模型策略)...
  [采集完成] 100 条  phi: mean=0.6740  max=0.6887  min=0.6626
  phi: mean=0.6740  max=0.6887  min=0.6626  avg_steps=74.1
  候选点: before=402.2  filtered=52.4  added=53.0  after=402.7
  训练 1 epoch ...
  loss=-0.4987  adv_var=1.8462  耗时=326.7s

============================================================
迭代 11/20  lr=5.00e-04
  采集 100 个样本 (模型策略)...
  [采集完成] 100 条  phi: mean=0.6740  max=0.6881  min=0.6615
  phi: mean=0.6740  max=0.6881  min=0.6615  avg_steps=73.2
  候选点: before=398.1  filtered=51.8  added=52.4  after=398.6
  训练 1 epoch ...
  loss=-0.1453  adv_var=1.7744  耗时=326.4s

============================================================
迭代 12/20  lr=5.00e-04
  采集 100 个样本 (模型策略)...
  [采集完成] 100 条  phi: mean=0.6720  max=0.6854  min=0.6622
  phi: mean=0.6720  max=0.6854  min=0.6622  avg_steps=74.2
  候选点: before=422.5  filtered=51.1  added=51.7  after=423.1
  训练 1 epoch ...
  loss=0.0759  adv_var=1.7575  耗时=323.0s

============================================================
迭代 13/20  lr=5.00e-04
  采集 100 个样本 (模型策略)...
  [采集完成] 100 条  phi: mean=0.6716  max=0.6838  min=0.6585
  phi: mean=0.6716  max=0.6838  min=0.6585  avg_steps=74.9
  候选点: before=423.2  filtered=51.4  added=52.0  after=423.8
  训练 1 epoch ...
  loss=-1.2404  adv_var=1.7804  耗时=329.0s

============================================================
迭代 14/20  lr=5.00e-04
  采集 100 个样本 (模型策略)...
  [采集完成] 100 条  phi: mean=0.6757  max=0.6896  min=0.6654
  phi: mean=0.6757  max=0.6896  min=0.6654  avg_steps=75.4
  候选点: before=407.2  filtered=51.8  added=52.4  after=407.7
  训练 1 epoch ...
  loss=-0.2849  adv_var=1.7727  耗时=339.4s
  *** 新纪录！phi_max=0.6896  已保存: experiments/20260316_214607/construct_v7.0_best.pth + best_packing.conf ***

============================================================
迭代 15/20  lr=5.00e-04
  采集 100 个样本 (模型策略)...
  [采集完成] 100 条  phi: mean=0.6752  max=0.6925  min=0.6605
  phi: mean=0.6752  max=0.6925  min=0.6605  avg_steps=75.2
  候选点: before=405.0  filtered=52.8  added=53.4  after=405.6
  训练 1 epoch ...
  loss=-0.2263  adv_var=1.8706  耗时=323.2s
  *** 新纪录！phi_max=0.6925  已保存: experiments/20260316_214607/construct_v7.0_best.pth + best_packing.conf ***

============================================================
迭代 16/20  lr=5.00e-04
  采集 100 个样本 (模型策略)...
  [采集完成] 100 条  phi: mean=0.6751  max=0.6859  min=0.6616
  phi: mean=0.6751  max=0.6859  min=0.6616  avg_steps=73.8
  候选点: before=398.2  filtered=51.7  added=52.2  after=398.7
  训练 1 epoch ...
  loss=0.1270  adv_var=1.7743  耗时=330.8s

============================================================
迭代 17/20  lr=5.00e-04
  采集 100 个样本 (模型策略)...
  [采集完成] 100 条  phi: mean=0.6757  max=0.6912  min=0.6624
  phi: mean=0.6757  max=0.6912  min=0.6624  avg_steps=72.7
  候选点: before=398.9  filtered=52.2  added=52.8  after=399.5
  训练 1 epoch ...
  loss=-0.0476  adv_var=1.8564  耗时=319.6s

============================================================
迭代 18/20  lr=5.00e-04
  采集 100 个样本 (模型策略)...
  [采集完成] 100 条  phi: mean=0.6761  max=0.6882  min=0.6626
  phi: mean=0.6761  max=0.6882  min=0.6626  avg_steps=71.7
  候选点: before=392.8  filtered=51.4  added=52.0  after=393.3
  训练 1 epoch ...
  loss=0.0825  adv_var=1.7715  耗时=303.7s

============================================================
迭代 19/20  lr=5.00e-04
  采集 100 个样本 (模型策略)...
  [采集完成] 100 条  phi: mean=0.6753  max=0.6885  min=0.6655
  phi: mean=0.6753  max=0.6885  min=0.6655  avg_steps=72.1
  候选点: before=394.1  filtered=51.7  added=52.2  after=394.7
  训练 1 epoch ...
  loss=0.1797  adv_var=1.7871  耗时=308.3s

============================================================
迭代 20/20  lr=5.00e-04
  采集 100 个样本 (模型策略)...
  [采集完成] 100 条  phi: mean=0.6755  max=0.6894  min=0.6636
  phi: mean=0.6755  max=0.6894  min=0.6636  avg_steps=71.2
  候选点: before=389.6  filtered=51.6  added=52.2  after=390.2
  训练 1 epoch ...
  loss=0.1000  adv_var=1.8726  耗时=299.5s

训练完成！最终模型已保存至 experiments/20260316_214607/construct_v7.0_final.pth

============================================================
开始评测（采样策略 T=5.0，共 20 局）...
  [采集完成] 20 条  phi: mean=0.6747  max=0.6818  min=0.6618
  评测完成  phi: mean=0.6747  max=0.6818  min=0.6618
  报告已保存: experiments/20260316_214607/eval_report.txt
  最优堆积已保存: experiments/20260316_214607/best_packing.conf  (phi=0.6818)
