实验目录: experiments/20260316_220312
使用设备: cpu
目标粒子数: 100  目标体积分数: 0.72

============================================================
迭代 1/20  lr=5.00e-04
  采集 100 个样本 (随机策略)...
  [采集完成] 100 条  phi: mean=0.6303  max=0.6435  min=0.6107
  phi: mean=0.6303  max=0.6435  min=0.6107  avg_steps=100.6
  候选点: before=517.1  filtered=48.2  added=48.9  after=517.8
  训练 1 epoch ...
  loss=0.2440  adv_var=1.8229  耗时=173.1s
  *** 新纪录！phi_max=0.6435  已保存: experiments/20260316_220312/construct_v7.0_best.pth + best_packing.conf ***

============================================================
迭代 2/20  lr=5.00e-04
  采集 100 个样本 (模型策略)...
  [采集完成] 100 条  phi: mean=0.6436  max=0.6579  min=0.6256
  phi: mean=0.6436  max=0.6579  min=0.6256  avg_steps=95.7
  候选点: before=492.0  filtered=49.4  added=50.1  after=492.6
  训练 1 epoch ...
  loss=-0.2778  adv_var=1.8063  耗时=159.5s
  *** 新纪录！phi_max=0.6579  已保存: experiments/20260316_220312/construct_v7.0_best.pth + best_packing.conf ***

============================================================
迭代 3/20  lr=5.00e-04
  采集 100 个样本 (模型策略)...
  [采集完成] 100 条  phi: mean=0.6643  max=0.6835  min=0.6517
  phi: mean=0.6643  max=0.6835  min=0.6517  avg_steps=86.2
  候选点: before=428.1  filtered=50.5  added=51.1  after=428.7
  训练 1 epoch ...
  loss=-0.2307  adv_var=1.7928  耗时=132.2s
  *** 新纪录！phi_max=0.6835  已保存: experiments/20260316_220312/construct_v7.0_best.pth + best_packing.conf ***

============================================================
迭代 4/20  lr=5.00e-04
  采集 100 个样本 (模型策略)...
  [采集完成] 100 条  phi: mean=0.6742  max=0.6878  min=0.6606
  phi: mean=0.6742  max=0.6878  min=0.6606  avg_steps=82.3
  候选点: before=407.8  filtered=51.3  added=52.0  after=408.4
  训练 1 epoch ...
  loss=0.1109  adv_var=1.8397  耗时=121.0s
  *** 新纪录！phi_max=0.6878  已保存: experiments/20260316_220312/construct_v7.0_best.pth + best_packing.conf ***

============================================================
迭代 5/20  lr=5.00e-04
  采集 100 个样本 (模型策略)...
  [采集完成] 100 条  phi: mean=0.6766  max=0.6899  min=0.6625
  phi: mean=0.6766  max=0.6899  min=0.6625  avg_steps=79.8
  候选点: before=391.5  filtered=51.1  added=51.7  after=392.1
  训练 1 epoch ...
  loss=0.2624  adv_var=1.7914  耗时=114.8s
  *** 新纪录！phi_max=0.6899  已保存: experiments/20260316_220312/construct_v7.0_best.pth + best_packing.conf ***

============================================================
迭代 6/20  lr=5.00e-04
  采集 100 个样本 (模型策略)...
  [采集完成] 100 条  phi: mean=0.6777  max=0.6881  min=0.6617
  phi: mean=0.6777  max=0.6881  min=0.6617  avg_steps=79.6
  候选点: before=390.7  filtered=50.8  added=51.4  after=391.3
  训练 1 epoch ...
  loss=-0.1935  adv_var=1.8400  耗时=114.5s

============================================================
迭代 7/20  lr=5.00e-04
  采集 100 个样本 (模型策略)...
  [采集完成] 100 条  phi: mean=0.6781  max=0.6945  min=0.6633
  phi: mean=0.6781  max=0.6945  min=0.6633  avg_steps=77.6
  候选点: before=391.5  filtered=51.3  added=51.9  after=392.1
  训练 1 epoch ...
  loss=-0.0683  adv_var=1.8868  耗时=105.7s
  *** 新纪录！phi_max=0.6945  已保存: experiments/20260316_220312/construct_v7.0_best.pth + best_packing.conf ***

============================================================
迭代 8/20  lr=5.00e-04
  采集 100 个样本 (模型策略)...
  [采集完成] 100 条  phi: mean=0.6781  max=0.6932  min=0.6656
  phi: mean=0.6781  max=0.6932  min=0.6656  avg_steps=79.4
  候选点: before=391.9  filtered=50.9  added=51.5  after=392.5
  训练 1 epoch ...
  loss=-0.3000  adv_var=1.8299  耗时=111.9s

============================================================
迭代 9/20  lr=5.00e-04
  采集 100 个样本 (模型策略)...
  [采集完成] 100 条  phi: mean=0.6768  max=0.6884  min=0.6581
  phi: mean=0.6768  max=0.6884  min=0.6581  avg_steps=79.2
  候选点: before=401.5  filtered=51.6  added=52.2  after=402.1
  训练 1 epoch ...
  loss=0.0137  adv_var=1.8333  耗时=112.4s

============================================================
迭代 10/20  lr=5.00e-04
  采集 100 个样本 (模型策略)...
  [采集完成] 100 条  phi: mean=0.6772  max=0.6949  min=0.6657
  phi: mean=0.6772  max=0.6949  min=0.6657  avg_steps=79.2
  候选点: before=395.6  filtered=51.1  added=51.7  after=396.2
  训练 1 epoch ...
  loss=0.0768  adv_var=1.8549  耗时=114.4s
  *** 新纪录！phi_max=0.6949  已保存: experiments/20260316_220312/construct_v7.0_best.pth + best_packing.conf ***

============================================================
迭代 11/20  lr=5.00e-04
  采集 100 个样本 (模型策略)...
  [采集完成] 100 条  phi: mean=0.6772  max=0.6891  min=0.6618
  phi: mean=0.6772  max=0.6891  min=0.6618  avg_steps=78.2
  候选点: before=389.2  filtered=51.1  added=51.7  after=389.8
  训练 1 epoch ...
  loss=-0.1257  adv_var=1.8730  耗时=110.7s

============================================================
迭代 12/20  lr=5.00e-04
  采集 100 个样本 (模型策略)...
  [采集完成] 100 条  phi: mean=0.6780  max=0.6921  min=0.6667
  phi: mean=0.6780  max=0.6921  min=0.6667  avg_steps=78.5
  候选点: before=390.4  filtered=51.1  added=51.7  after=391.0
  训练 1 epoch ...
  loss=-0.3101  adv_var=1.8476  耗时=109.4s

============================================================
迭代 13/20  lr=5.00e-04
  采集 100 个样本 (模型策略)...
  [采集完成] 100 条  phi: mean=0.6785  max=0.6936  min=0.6639
  phi: mean=0.6785  max=0.6936  min=0.6639  avg_steps=77.6
  候选点: before=397.4  filtered=51.0  added=51.6  after=398.0
  训练 1 epoch ...
  loss=0.0120  adv_var=1.8746  耗时=107.8s

============================================================
迭代 14/20  lr=5.00e-04
  采集 100 个样本 (模型策略)...
  [采集完成] 100 条  phi: mean=0.6790  max=0.6934  min=0.6639
  phi: mean=0.6790  max=0.6934  min=0.6639  avg_steps=76.1
  候选点: before=392.7  filtered=50.2  added=50.8  after=393.3
  训练 1 epoch ...
  loss=-0.0184  adv_var=1.8795  耗时=105.1s

============================================================
迭代 15/20  lr=5.00e-04
  采集 100 个样本 (模型策略)...
  [采集完成] 100 条  phi: mean=0.6781  max=0.6863  min=0.6692
  phi: mean=0.6781  max=0.6863  min=0.6692  avg_steps=77.6
  候选点: before=389.6  filtered=50.5  added=51.1  after=390.2
  训练 1 epoch ...
  loss=-0.0879  adv_var=1.8324  耗时=108.2s

============================================================
迭代 16/20  lr=5.00e-04
  采集 100 个样本 (模型策略)...
  [采集完成] 100 条  phi: mean=0.6785  max=0.6912  min=0.6627
  phi: mean=0.6785  max=0.6912  min=0.6627  avg_steps=77.3
  候选点: before=396.4  filtered=51.2  added=51.8  after=397.0
  训练 1 epoch ...
  loss=-0.0743  adv_var=1.8150  耗时=108.2s

============================================================
迭代 17/20  lr=5.00e-04
  采集 100 个样本 (模型策略)...
  [采集完成] 100 条  phi: mean=0.6792  max=0.6938  min=0.6633
  phi: mean=0.6792  max=0.6938  min=0.6633  avg_steps=77.7
  候选点: before=393.1  filtered=50.9  added=51.4  after=393.7
  训练 1 epoch ...
  loss=0.0405  adv_var=1.8694  耗时=108.1s

============================================================
迭代 18/20  lr=5.00e-04
  采集 100 个样本 (模型策略)...
  [采集完成] 100 条  phi: mean=0.6790  max=0.6912  min=0.6663
  phi: mean=0.6790  max=0.6912  min=0.6663  avg_steps=77.5
  候选点: before=396.0  filtered=51.0  added=51.6  after=396.5
  训练 1 epoch ...
  loss=-0.1366  adv_var=1.8058  耗时=107.1s

============================================================
迭代 19/20  lr=5.00e-04
  采集 100 个样本 (模型策略)...
  [采集完成] 100 条  phi: mean=0.6792  max=0.6955  min=0.6656
  phi: mean=0.6792  max=0.6955  min=0.6656  avg_steps=76.2
  候选点: before=395.1  filtered=50.1  added=50.7  after=395.7
  训练 1 epoch ...
  loss=0.0596  adv_var=1.7799  耗时=104.4s
  *** 新纪录！phi_max=0.6955  已保存: experiments/20260316_220312/construct_v7.0_best.pth + best_packing.conf ***

============================================================
迭代 20/20  lr=5.00e-04
  采集 100 个样本 (模型策略)...
  [采集完成] 100 条  phi: mean=0.6799  max=0.6913  min=0.6660
  phi: mean=0.6799  max=0.6913  min=0.6660  avg_steps=76.5
  候选点: before=396.0  filtered=50.2  added=50.8  after=396.6
  训练 1 epoch ...
  loss=-0.1954  adv_var=1.8182  耗时=106.9s

训练完成！最终模型已保存至 experiments/20260316_220312/construct_v7.0_final.pth

============================================================
开始评测（采样策略 T=5.0，共 20 局）...
  [采集完成] 20 条  phi: mean=0.6790  max=0.6903  min=0.6632
  评测完成  phi: mean=0.6790  max=0.6903  min=0.6632
  报告已保存: experiments/20260316_220312/eval_report.txt
  最优堆积已保存: experiments/20260316_220312/best_packing.conf  (phi=0.6903)
