实验目录: experiments/20260316_210118
使用设备: cpu
目标粒子数: 100  目标体积分数: 0.72

============================================================
迭代 1/20  lr=5.00e-04
  采集 50 个样本 (随机策略)...
  [采集完成] 50 条  phi: mean=0.6235  max=0.6375  min=0.6103
  phi: mean=0.6235  max=0.6375  min=0.6103  avg_steps=98.2
  候选点: before=526.3  filtered=50.1  added=50.8  after=526.9
  训练 1 epoch ...
  loss=0.6305  adv_var=1.7628  耗时=268.9s
  *** 新纪录！phi_max=0.6375  已保存: experiments/20260316_210118/construct_v7.0_best.pth + best_packing.conf ***

============================================================
迭代 2/20  lr=5.00e-04
  采集 50 个样本 (模型策略)...
  [采集完成] 50 条  phi: mean=0.6416  max=0.6550  min=0.6190
  phi: mean=0.6416  max=0.6550  min=0.6190  avg_steps=88.4
  候选点: before=477.4  filtered=50.2  added=50.8  after=478.0
  训练 1 epoch ...
  loss=-0.2004  adv_var=1.8325  耗时=228.0s
  *** 新纪录！phi_max=0.6550  已保存: experiments/20260316_210118/construct_v7.0_best.pth + best_packing.conf ***

============================================================
迭代 3/20  lr=5.00e-04
  采集 50 个样本 (模型策略)...
  [采集完成] 50 条  phi: mean=0.6666  max=0.6823  min=0.6536
  phi: mean=0.6666  max=0.6823  min=0.6536  avg_steps=78.0
  候选点: before=409.1  filtered=52.4  added=53.0  after=409.7
  训练 1 epoch ...
  loss=-0.2817  adv_var=1.8377  耗时=179.1s
  *** 新纪录！phi_max=0.6823  已保存: experiments/20260316_210118/construct_v7.0_best.pth + best_packing.conf ***

============================================================
迭代 4/20  lr=5.00e-04
  采集 50 个样本 (模型策略)...
  [采集完成] 50 条  phi: mean=0.6721  max=0.6839  min=0.6610
  phi: mean=0.6721  max=0.6839  min=0.6610  avg_steps=77.7
  候选点: before=402.6  filtered=52.5  added=53.1  after=403.2
  训练 1 epoch ...
  loss=0.0308  adv_var=1.7668  耗时=178.9s
  *** 新纪录！phi_max=0.6839  已保存: experiments/20260316_210118/construct_v7.0_best.pth + best_packing.conf ***

============================================================
迭代 5/20  lr=5.00e-04
  采集 50 个样本 (模型策略)...
  [采集完成] 50 条  phi: mean=0.6722  max=0.6828  min=0.6617
  phi: mean=0.6722  max=0.6828  min=0.6617  avg_steps=74.6
  候选点: before=392.5  filtered=51.7  added=52.3  after=393.1
  训练 1 epoch ...
  loss=-0.1398  adv_var=1.8813  耗时=170.5s

============================================================
迭代 6/20  lr=5.00e-04
  采集 50 个样本 (模型策略)...
  [采集完成] 50 条  phi: mean=0.6718  max=0.6873  min=0.6604
  phi: mean=0.6718  max=0.6873  min=0.6604  avg_steps=74.6
  候选点: before=396.8  filtered=51.7  added=52.3  after=397.4
  训练 1 epoch ...
  loss=-0.3309  adv_var=1.7201  耗时=172.2s
  *** 新纪录！phi_max=0.6873  已保存: experiments/20260316_210118/construct_v7.0_best.pth + best_packing.conf ***

============================================================
迭代 7/20  lr=5.00e-04
  采集 50 个样本 (模型策略)...
  [采集完成] 50 条  phi: mean=0.6727  max=0.6808  min=0.6644
  phi: mean=0.6727  max=0.6808  min=0.6644  avg_steps=73.3
  候选点: before=395.4  filtered=51.4  added=52.0  after=396.0
  训练 1 epoch ...
  loss=-0.1708  adv_var=1.7878  耗时=172.9s

============================================================
迭代 8/20  lr=5.00e-04
  采集 50 个样本 (模型策略)...
  [采集完成] 50 条  phi: mean=0.6726  max=0.6893  min=0.6596
  phi: mean=0.6726  max=0.6893  min=0.6596  avg_steps=73.0
  候选点: before=396.4  filtered=51.0  added=51.6  after=397.0
  训练 1 epoch ...
  loss=-0.1250  adv_var=1.8545  耗时=163.5s
  *** 新纪录！phi_max=0.6893  已保存: experiments/20260316_210118/construct_v7.0_best.pth + best_packing.conf ***

============================================================
迭代 9/20  lr=5.00e-04
  采集 50 个样本 (模型策略)...
  [采集完成] 50 条  phi: mean=0.6721  max=0.6824  min=0.6614
  phi: mean=0.6721  max=0.6824  min=0.6614  avg_steps=71.6
  候选点: before=403.5  filtered=50.1  added=50.6  after=404.0
  训练 1 epoch ...
  loss=0.5598  adv_var=1.8462  耗时=150.3s

============================================================
迭代 10/20  lr=5.00e-04
  采集 50 个样本 (模型策略)...
  [采集完成] 50 条  phi: mean=0.6671  max=0.6772  min=0.6569
  phi: mean=0.6671  max=0.6772  min=0.6569  avg_steps=72.2
  候选点: before=422.5  filtered=48.0  added=48.6  after=423.0
  训练 1 epoch ...
  loss=-0.2137  adv_var=1.7462  耗时=156.2s

============================================================
迭代 11/20  lr=5.00e-04
  采集 50 个样本 (模型策略)...
  [采集完成] 50 条  phi: mean=0.6569  max=0.6693  min=0.6385
  phi: mean=0.6569  max=0.6693  min=0.6385  avg_steps=75.1
  候选点: before=491.8  filtered=45.9  added=46.5  after=492.4
  训练 1 epoch ...
  loss=0.0138  adv_var=1.8619  耗时=166.5s

============================================================
迭代 12/20  lr=5.00e-04
  采集 50 个样本 (模型策略)...
  [采集完成] 50 条  phi: mean=0.6569  max=0.6683  min=0.6436
  phi: mean=0.6569  max=0.6683  min=0.6436  avg_steps=74.4
  候选点: before=480.2  filtered=45.2  added=45.7  after=480.8
  训练 1 epoch ...
  loss=-0.3481  adv_var=1.8181  耗时=162.4s

============================================================
迭代 13/20  lr=5.00e-04
  采集 50 个样本 (模型策略)...
  [采集完成] 50 条  phi: mean=0.6680  max=0.6783  min=0.6556
  phi: mean=0.6680  max=0.6783  min=0.6556  avg_steps=71.3
  候选点: before=405.9  filtered=48.6  added=49.1  after=406.4
  训练 1 epoch ...
  loss=-0.1994  adv_var=1.8487  耗时=153.0s

============================================================
迭代 14/20  lr=5.00e-04
  采集 50 个样本 (模型策略)...
  [采集完成] 50 条  phi: mean=0.6703  max=0.6805  min=0.6590
  phi: mean=0.6703  max=0.6805  min=0.6590  avg_steps=71.6
  候选点: before=411.1  filtered=49.3  added=49.8  after=411.7
  训练 1 epoch ...
  loss=0.0619  adv_var=1.7197  耗时=159.4s

============================================================
迭代 15/20  lr=5.00e-04
  采集 50 个样本 (模型策略)...
  [采集完成] 50 条  phi: mean=0.6724  max=0.6816  min=0.6628
  phi: mean=0.6724  max=0.6816  min=0.6628  avg_steps=71.7
  候选点: before=412.9  filtered=49.8  added=50.4  after=413.4
  训练 1 epoch ...
  loss=0.0123  adv_var=1.8258  耗时=154.0s

============================================================
迭代 16/20  lr=5.00e-04
  采集 50 个样本 (模型策略)...
  [采集完成] 50 条  phi: mean=0.6727  max=0.6853  min=0.6613
  phi: mean=0.6727  max=0.6853  min=0.6613  avg_steps=71.7
  候选点: before=398.7  filtered=50.1  added=50.6  after=399.3
  训练 1 epoch ...
  loss=0.1741  adv_var=1.7843  耗时=157.8s

============================================================
迭代 17/20  lr=5.00e-04
  采集 50 个样本 (模型策略)...
  [采集完成] 50 条  phi: mean=0.6719  max=0.6838  min=0.6628
  phi: mean=0.6719  max=0.6838  min=0.6628  avg_steps=71.0
  候选点: before=405.7  filtered=49.8  added=50.3  after=406.3
  训练 1 epoch ...
  loss=-0.0961  adv_var=1.8907  耗时=153.3s

============================================================
迭代 18/20  lr=5.00e-04
  采集 50 个样本 (模型策略)...
  [采集完成] 50 条  phi: mean=0.6716  max=0.6884  min=0.6616
  phi: mean=0.6716  max=0.6884  min=0.6616  avg_steps=71.2
  候选点: before=411.0  filtered=48.8  added=49.3  after=411.6
  训练 1 epoch ...
  loss=0.1396  adv_var=1.8455  耗时=153.6s

============================================================
迭代 19/20  lr=5.00e-04
  采集 50 个样本 (模型策略)...
  [采集完成] 50 条  phi: mean=0.6704  max=0.6829  min=0.6572
  phi: mean=0.6704  max=0.6829  min=0.6572  avg_steps=69.3
  候选点: before=403.8  filtered=49.5  added=50.0  after=404.4
  训练 1 epoch ...
  loss=0.2163  adv_var=1.7612  耗时=143.1s

============================================================
迭代 20/20  lr=5.00e-04
  采集 50 个样本 (模型策略)...
  [采集完成] 50 条  phi: mean=0.6722  max=0.6861  min=0.6620
  phi: mean=0.6722  max=0.6861  min=0.6620  avg_steps=69.3
  候选点: before=401.0  filtered=49.1  added=49.7  after=401.5
  训练 1 epoch ...
  loss=-0.0168  adv_var=1.8625  耗时=147.5s

训练完成！最终模型已保存至 experiments/20260316_210118/construct_v7.0_final.pth

============================================================
开始评测（采样策略 T=5.0，共 20 局）...
  [采集完成] 20 条  phi: mean=0.6722  max=0.6822  min=0.6632
  评测完成  phi: mean=0.6722  max=0.6822  min=0.6632
  报告已保存: experiments/20260316_210118/eval_report.txt
  最优堆积已保存: experiments/20260316_210118/best_packing.conf  (phi=0.6822)
