实验目录: experiments\20260315_183322
使用设备: cuda
目标粒子数: 100  目标体积分数: 0.72

============================================================
迭代 1/20  lr=5.00e-04
  采集 20 个样本 (随机策略)...
  [采集完成] 20 条  phi: mean=0.6321  max=0.6464  min=0.6208
  phi: mean=0.6321  max=0.6464  min=0.6208  avg_steps=108.9
  候选点: before=138.8  filtered=10.4  added=11.3  after=139.8
  训练 1 epoch ...
  loss=-0.1330  耗时=30.1s
  *** 新纪录！phi_max=0.6464  已保存: experiments\20260315_183322\construct_v7.0_best.pth + best_packing.conf ***

============================================================
迭代 2/20  lr=5.00e-04
  采集 20 个样本 (模型策略)...
  [采集完成] 20 条  phi: mean=0.6436  max=0.6613  min=0.6272
  phi: mean=0.6436  max=0.6613  min=0.6272  avg_steps=100.3
  候选点: before=112.4  filtered=10.3  added=11.2  after=113.3
  训练 1 epoch ...
  loss=0.4263  耗时=29.4s
  *** 新纪录！phi_max=0.6613  已保存: experiments\20260315_183322\construct_v7.0_best.pth + best_packing.conf ***

============================================================
迭代 3/20  lr=5.00e-04
  采集 20 个样本 (模型策略)...
  [采集完成] 20 条  phi: mean=0.6497  max=0.6613  min=0.6400
  phi: mean=0.6497  max=0.6613  min=0.6400  avg_steps=103.8
  候选点: before=116.5  filtered=10.2  added=11.1  after=117.4
  训练 1 epoch ...
  loss=-0.3343  耗时=27.8s
  *** 新纪录！phi_max=0.6613  已保存: experiments\20260315_183322\construct_v7.0_best.pth + best_packing.conf ***

============================================================
迭代 4/20  lr=5.00e-04
  采集 20 个样本 (模型策略)...
  [采集完成] 20 条  phi: mean=0.6462  max=0.6656  min=0.6336
  phi: mean=0.6462  max=0.6656  min=0.6336  avg_steps=98.7
  候选点: before=122.5  filtered=10.3  added=11.2  after=123.5
  训练 1 epoch ...
  loss=-0.0789  耗时=25.4s
  *** 新纪录！phi_max=0.6656  已保存: experiments\20260315_183322\construct_v7.0_best.pth + best_packing.conf ***

============================================================
迭代 5/20  lr=5.00e-04
  采集 20 个样本 (模型策略)...
  [采集完成] 20 条  phi: mean=0.6503  max=0.6656  min=0.6400
  phi: mean=0.6503  max=0.6656  min=0.6400  avg_steps=100.3
  候选点: before=113.3  filtered=10.1  added=11.0  after=114.2
  训练 1 epoch ...
  loss=0.1368  耗时=24.6s

============================================================
迭代 6/20  lr=5.00e-04
  采集 20 个样本 (模型策略)...
  [采集完成] 20 条  phi: mean=0.6507  max=0.6592  min=0.6400
  phi: mean=0.6507  max=0.6592  min=0.6400  avg_steps=100.5
  候选点: before=111.8  filtered=10.1  added=11.0  after=112.8
  训练 1 epoch ...
  loss=0.1792  耗时=26.7s

============================================================
迭代 7/20  lr=5.00e-04
  采集 20 个样本 (模型策略)...
  [采集完成] 20 条  phi: mean=0.6511  max=0.6635  min=0.6421
  phi: mean=0.6511  max=0.6635  min=0.6421  avg_steps=100.0
  候选点: before=117.4  filtered=10.4  added=11.3  after=118.4
  训练 1 epoch ...
  loss=-0.1682  耗时=26.4s

============================================================
迭代 8/20  lr=5.00e-04
  采集 20 个样本 (模型策略)...
  [采集完成] 20 条  phi: mean=0.6517  max=0.6635  min=0.6400
  phi: mean=0.6517  max=0.6635  min=0.6400  avg_steps=101.7
  候选点: before=120.4  filtered=10.1  added=11.0  after=121.3
  训练 1 epoch ...
  loss=-0.0523  耗时=29.0s

============================================================
迭代 9/20  lr=5.00e-04
  采集 20 个样本 (模型策略)...
  [采集完成] 20 条  phi: mean=0.6538  max=0.6656  min=0.6443
  phi: mean=0.6538  max=0.6656  min=0.6443  avg_steps=99.5
  候选点: before=115.7  filtered=10.2  added=11.1  after=116.6
  训练 1 epoch ...
  loss=0.0384  耗时=23.1s

============================================================
迭代 10/20  lr=5.00e-04
  采集 20 个样本 (模型策略)...
  [采集完成] 20 条  phi: mean=0.6547  max=0.6741  min=0.6464
  phi: mean=0.6547  max=0.6741  min=0.6464  avg_steps=99.2
  候选点: before=114.9  filtered=10.3  added=11.2  after=115.9
  训练 1 epoch ...
  loss=0.0608  耗时=23.9s
  *** 新纪录！phi_max=0.6741  已保存: experiments\20260315_183322\construct_v7.0_best.pth + best_packing.conf ***

============================================================
迭代 11/20  lr=5.00e-04
  采集 20 个样本 (模型策略)...
  [采集完成] 20 条  phi: mean=0.6528  max=0.6592  min=0.6464
  phi: mean=0.6528  max=0.6592  min=0.6464  avg_steps=100.8
  候选点: before=116.1  filtered=10.4  added=11.3  after=117.0
  [退步] phi_max 0.6592 < 0.6741 - 0.01
  [回滚] 模型已恢复，lr 调整为 2.50e-04
  [跳过训练] 耗时=24.0s  下轮用恢复的模型重新采集

============================================================
迭代 12/20  lr=2.50e-04
  采集 20 个样本 (模型策略)...
  [采集完成] 20 条  phi: mean=0.6519  max=0.6571  min=0.6379
  phi: mean=0.6519  max=0.6571  min=0.6379  avg_steps=106.3
  候选点: before=119.7  filtered=10.4  added=11.3  after=120.6
  [退步] phi_max 0.6571 < 0.6741 - 0.01
  [回滚] 模型已恢复，lr 调整为 1.25e-04
  [跳过训练] 耗时=29.3s  下轮用恢复的模型重新采集

============================================================
迭代 13/20  lr=1.25e-04
  采集 20 个样本 (模型策略)...
  [采集完成] 20 条  phi: mean=0.6524  max=0.6613  min=0.6421
  phi: mean=0.6524  max=0.6613  min=0.6421  avg_steps=101.6
  候选点: before=120.5  filtered=10.4  added=11.3  after=121.4
  [退步] phi_max 0.6613 < 0.6741 - 0.01
  [回滚] 模型已恢复，lr 调整为 6.25e-05
  [跳过训练] 耗时=23.0s  下轮用恢复的模型重新采集

============================================================
迭代 14/20  lr=6.25e-05
  采集 20 个样本 (模型策略)...
  [采集完成] 20 条  phi: mean=0.6527  max=0.6592  min=0.6443
  phi: mean=0.6527  max=0.6592  min=0.6443  avg_steps=101.0
  候选点: before=115.6  filtered=10.3  added=11.2  after=116.5
  [退步] phi_max 0.6592 < 0.6741 - 0.01
  [回滚] 模型已恢复，lr 调整为 3.13e-05
  [跳过训练] 耗时=28.1s  下轮用恢复的模型重新采集

============================================================
迭代 15/20  lr=3.13e-05
  采集 20 个样本 (模型策略)...
  [采集完成] 20 条  phi: mean=0.6530  max=0.6677  min=0.6443
  phi: mean=0.6530  max=0.6677  min=0.6443  avg_steps=100.8
  候选点: before=119.7  filtered=10.3  added=11.2  after=120.6
  训练 1 epoch ...
  loss=0.1409  耗时=26.3s

============================================================
迭代 16/20  lr=3.13e-05
  采集 20 个样本 (模型策略)...
  [采集完成] 20 条  phi: mean=0.6528  max=0.6613  min=0.6464
  phi: mean=0.6528  max=0.6613  min=0.6464  avg_steps=100.0
  候选点: before=119.7  filtered=10.3  added=11.2  after=120.7
  训练 1 epoch ...
  loss=0.1592  耗时=23.9s

============================================================
迭代 17/20  lr=3.13e-05
  采集 20 个样本 (模型策略)...
  [采集完成] 20 条  phi: mean=0.6525  max=0.6635  min=0.6400
  phi: mean=0.6525  max=0.6635  min=0.6400  avg_steps=102.3
  候选点: before=116.9  filtered=10.2  added=11.2  after=117.8
  训练 1 epoch ...
  loss=0.0492  耗时=26.2s

============================================================
迭代 18/20  lr=3.13e-05
  采集 20 个样本 (模型策略)...
  [采集完成] 20 条  phi: mean=0.6525  max=0.6677  min=0.6400
  phi: mean=0.6525  max=0.6677  min=0.6400  avg_steps=100.2
  候选点: before=116.0  filtered=10.4  added=11.3  after=116.9
  训练 1 epoch ...
  loss=-0.0250  耗时=27.6s

============================================================
迭代 19/20  lr=3.13e-05
  采集 20 个样本 (模型策略)...
  [采集完成] 20 条  phi: mean=0.6535  max=0.6656  min=0.6443
  phi: mean=0.6535  max=0.6656  min=0.6443  avg_steps=101.5
  候选点: before=119.5  filtered=10.5  added=11.4  after=120.5
  训练 1 epoch ...
  loss=0.0411  耗时=25.9s

============================================================
迭代 20/20  lr=3.13e-05
  采集 20 个样本 (模型策略)...
  [采集完成] 20 条  phi: mean=0.6517  max=0.6613  min=0.6400
  phi: mean=0.6517  max=0.6613  min=0.6400  avg_steps=99.2
  候选点: before=117.5  filtered=10.2  added=11.1  after=118.4
  训练 1 epoch ...
  loss=0.0201  耗时=23.5s

训练完成！最终模型已保存至 experiments\20260315_183322\construct_v7.0_final.pth

============================================================
开始评测（采样策略 T=1.0，共 20 局）...
  [采集完成] 20 条  phi: mean=0.6563  max=0.6656  min=0.6443
  评测完成  phi: mean=0.6563  max=0.6656  min=0.6443
  报告已保存: experiments\20260315_183322\eval_report.txt
  最优堆积已保存: experiments\20260315_183322\best_packing.conf  (phi=0.6656)
