实验目录: experiments\20260315_173340
使用设备: cuda
目标粒子数: 100  目标体积分数: 0.72

============================================================
迭代 1/20  lr=5.00e-04
  采集 20 个样本 (随机策略)...
  [采集完成] 20 条  phi: mean=0.6213  max=0.6363  min=0.6068
  phi: mean=0.6213  max=0.6363  min=0.6068  avg_steps=82.7
  候选点: before=810.1  filtered=90.6  added=90.9  after=810.4
  训练 5 epoch ...
  loss=-0.1377  耗时=28.8s
  *** 新纪录！phi_max=0.6363  已保存: experiments\20260315_173340\construct_v7.0_best.pth + best_packing.conf ***

============================================================
迭代 2/20  lr=5.00e-04
  采集 20 个样本 (模型策略)...
  [采集完成] 20 条  phi: mean=0.6666  max=0.6737  min=0.6580
  phi: mean=0.6666  max=0.6737  min=0.6580  avg_steps=75.0
  候选点: before=725.2  filtered=99.6  added=99.8  after=725.5
  训练 5 epoch ...
  loss=-1.1597  耗时=23.3s
  *** 新纪录！phi_max=0.6737  已保存: experiments\20260315_173340\construct_v7.0_best.pth + best_packing.conf ***

============================================================
迭代 3/20  lr=5.00e-04
  采集 20 个样本 (模型策略)...
  [采集完成] 20 条  phi: mean=0.6513  max=0.6748  min=0.6328
  phi: mean=0.6513  max=0.6748  min=0.6328  avg_steps=76.0
  候选点: before=808.4  filtered=94.5  added=94.8  after=808.7
  训练 5 epoch ...
  loss=0.0050  耗时=26.5s
  *** 新纪录！phi_max=0.6748  已保存: experiments\20260315_173340\construct_v7.0_best.pth + best_packing.conf ***

============================================================
迭代 4/20  lr=5.00e-04
  采集 20 个样本 (模型策略)...
  [采集完成] 20 条  phi: mean=0.6595  max=0.6738  min=0.6493
  phi: mean=0.6595  max=0.6738  min=0.6493  avg_steps=74.9
  候选点: before=802.6  filtered=93.9  added=94.2  after=802.8
  训练 5 epoch ...
  loss=-0.2193  耗时=23.8s

============================================================
迭代 5/20  lr=5.00e-04
  采集 20 个样本 (模型策略)...
  [采集完成] 20 条  phi: mean=0.6660  max=0.6761  min=0.6553
  phi: mean=0.6660  max=0.6761  min=0.6553  avg_steps=72.8
  候选点: before=731.7  filtered=98.3  added=98.5  after=731.9
  训练 5 epoch ...
  loss=0.0201  耗时=22.6s
  *** 新纪录！phi_max=0.6761  已保存: experiments\20260315_173340\construct_v7.0_best.pth + best_packing.conf ***

============================================================
迭代 6/20  lr=5.00e-04
  采集 20 个样本 (模型策略)...
  [采集完成] 20 条  phi: mean=0.6656  max=0.6753  min=0.6534
  phi: mean=0.6656  max=0.6753  min=0.6534  avg_steps=72.9
  候选点: before=727.9  filtered=97.7  added=97.9  after=728.1
  训练 5 epoch ...
  loss=-0.0166  耗时=22.9s

============================================================
迭代 7/20  lr=5.00e-04
  采集 20 个样本 (模型策略)...
  [采集完成] 20 条  phi: mean=0.6631  max=0.6723  min=0.6519
  phi: mean=0.6631  max=0.6723  min=0.6519  avg_steps=70.5
  候选点: before=736.3  filtered=97.6  added=97.8  after=736.5
  训练 5 epoch ...
  loss=-1.1887  耗时=22.0s

============================================================
迭代 8/20  lr=5.00e-04
  采集 20 个样本 (模型策略)...
  [采集完成] 20 条  phi: mean=0.6374  max=0.6499  min=0.6225
  phi: mean=0.6374  max=0.6499  min=0.6225  avg_steps=80.3
  候选点: before=912.4  filtered=90.4  added=90.7  after=912.7
  [退步] phi_max 0.6499 < 0.6723 - 0.01
  [回滚] 模型已恢复，lr 调整为 2.50e-04
  训练 5 epoch ...
  loss=-0.4316  耗时=29.2s

============================================================
迭代 9/20  lr=2.50e-04
  采集 20 个样本 (模型策略)...
  [采集完成] 20 条  phi: mean=0.6256  max=0.6424  min=0.6135
  phi: mean=0.6256  max=0.6424  min=0.6135  avg_steps=81.2
  候选点: before=913.6  filtered=83.3  added=83.7  after=913.9
  训练 5 epoch ...
  loss=-0.3625  耗时=26.5s

============================================================
迭代 10/20  lr=2.50e-04
  采集 20 个样本 (模型策略)...
  [采集完成] 20 条  phi: mean=0.6133  max=0.6235  min=0.6034
  phi: mean=0.6133  max=0.6235  min=0.6034  avg_steps=77.7
  候选点: before=884.1  filtered=82.9  added=83.2  after=884.4
  [退步] phi_max 0.6235 < 0.6424 - 0.01
  [回滚] 模型已恢复，lr 调整为 1.25e-04
  训练 5 epoch ...
  loss=0.0145  耗时=24.1s

============================================================
迭代 11/20  lr=1.25e-04
  采集 20 个样本 (模型策略)...
  [采集完成] 20 条  phi: mean=0.6140  max=0.6278  min=0.5994
  phi: mean=0.6140  max=0.6278  min=0.5994  avg_steps=78.2
  候选点: before=839.0  filtered=80.6  added=80.9  after=839.3
  训练 5 epoch ...
  loss=-0.2080  耗时=26.1s

============================================================
迭代 12/20  lr=1.25e-04
  采集 20 个样本 (模型策略)...
  [采集完成] 20 条  phi: mean=0.6147  max=0.6256  min=0.6056
  phi: mean=0.6147  max=0.6256  min=0.6056  avg_steps=77.0
  候选点: before=853.3  filtered=81.4  added=81.7  after=853.6
  训练 5 epoch ...
  loss=-0.0364  耗时=25.7s

============================================================
迭代 13/20  lr=1.25e-04
  采集 20 个样本 (模型策略)...
  [采集完成] 20 条  phi: mean=0.6136  max=0.6240  min=0.6049
  phi: mean=0.6136  max=0.6240  min=0.6049  avg_steps=78.0
  候选点: before=844.3  filtered=80.6  added=80.9  after=844.6
  训练 5 epoch ...
  loss=-0.1087  耗时=25.7s

============================================================
迭代 14/20  lr=1.25e-04
  采集 20 个样本 (模型策略)...
  [采集完成] 20 条  phi: mean=0.6146  max=0.6286  min=0.6042
  phi: mean=0.6146  max=0.6286  min=0.6042  avg_steps=77.0
  候选点: before=848.6  filtered=81.7  added=81.9  after=848.9
  训练 5 epoch ...
  loss=-0.2001  耗时=25.1s

============================================================
迭代 15/20  lr=1.25e-04
  采集 20 个样本 (模型策略)...
  [采集完成] 20 条  phi: mean=0.6156  max=0.6287  min=0.5997
  phi: mean=0.6156  max=0.6287  min=0.5997  avg_steps=77.8
  候选点: before=851.6  filtered=80.4  added=80.7  after=851.9
  训练 5 epoch ...
  loss=0.0729  耗时=27.5s

============================================================
迭代 16/20  lr=1.25e-04
  采集 20 个样本 (模型策略)...
  [采集完成] 20 条  phi: mean=0.6158  max=0.6271  min=0.6010
  phi: mean=0.6158  max=0.6271  min=0.6010  avg_steps=76.7
  候选点: before=819.8  filtered=78.4  added=78.7  after=820.1
  训练 5 epoch ...
  loss=-0.1494  耗时=25.2s

============================================================
迭代 17/20  lr=1.25e-04
  采集 20 个样本 (模型策略)...
  [采集完成] 20 条  phi: mean=0.6142  max=0.6278  min=0.6047
  phi: mean=0.6142  max=0.6278  min=0.6047  avg_steps=77.7
  候选点: before=863.1  filtered=81.0  added=81.2  after=863.4
  训练 5 epoch ...
  loss=0.0568  耗时=27.3s

============================================================
迭代 18/20  lr=1.25e-04
  采集 20 个样本 (模型策略)...
  [采集完成] 20 条  phi: mean=0.6121  max=0.6232  min=0.5934
  phi: mean=0.6121  max=0.6232  min=0.5934  avg_steps=75.5
  候选点: before=852.2  filtered=81.9  added=82.1  after=852.4
  训练 5 epoch ...
  loss=-0.1206  耗时=24.6s

============================================================
迭代 19/20  lr=1.25e-04
  采集 20 个样本 (模型策略)...
  [采集完成] 20 条  phi: mean=0.6120  max=0.6202  min=0.6033
  phi: mean=0.6120  max=0.6202  min=0.6033  avg_steps=76.5
  候选点: before=839.2  filtered=80.9  added=81.2  after=839.5
  训练 5 epoch ...
  loss=0.1518  耗时=23.0s

============================================================
迭代 20/20  lr=1.25e-04
  采集 20 个样本 (模型策略)...
  [采集完成] 20 条  phi: mean=0.6150  max=0.6300  min=0.6008
  phi: mean=0.6150  max=0.6300  min=0.6008  avg_steps=76.2
  候选点: before=819.4  filtered=79.9  added=80.1  after=819.6
  训练 5 epoch ...
  loss=-0.2630  耗时=27.4s

训练完成！最终模型已保存至 experiments\20260315_173340\construct_v7.0_final.pth

============================================================
开始评测（采样策略 T=1.0，共 20 局）...
  [采集完成] 20 条  phi: mean=0.6127  max=0.6241  min=0.6044
  评测完成  phi: mean=0.6127  max=0.6241  min=0.6044
  报告已保存: experiments\20260315_173340\eval_report.txt
  最优堆积已保存: experiments\20260315_173340\best_packing.conf  (phi=0.6241)
