实验目录: experiments\20260315_184411
使用设备: cuda
目标粒子数: 100  目标体积分数: 0.72

============================================================
迭代 1/20  lr=5.00e-04
  采集 20 个样本 (随机策略)...
  [采集完成] 20 条  phi: mean=0.6253  max=0.6359  min=0.6127
  phi: mean=0.6253  max=0.6359  min=0.6127  avg_steps=88.8
  候选点: before=859.8  filtered=91.0  added=91.3  after=860.2
  训练 5 epoch ...
  loss=1.1372  adv_var=1.7370  耗时=33.4s
  *** 新纪录！phi_max=0.6359  已保存: experiments\20260315_184411\construct_v7.0_best.pth + best_packing.conf ***

============================================================
迭代 2/20  lr=5.00e-04
  采集 20 个样本 (模型策略)...
  [采集完成] 20 条  phi: mean=0.6247  max=0.6386  min=0.6121
  phi: mean=0.6247  max=0.6386  min=0.6121  avg_steps=87.2
  候选点: before=848.5  filtered=90.7  added=91.1  after=848.9
  训练 5 epoch ...
  loss=-0.5642  adv_var=1.8211  耗时=35.6s
  *** 新纪录！phi_max=0.6386  已保存: experiments\20260315_184411\construct_v7.0_best.pth + best_packing.conf ***

============================================================
迭代 3/20  lr=5.00e-04
  采集 20 个样本 (模型策略)...
  [采集完成] 20 条  phi: mean=0.6638  max=0.6719  min=0.6570
  phi: mean=0.6638  max=0.6719  min=0.6570  avg_steps=78.8
  候选点: before=762.8  filtered=98.6  added=98.9  after=763.1
  训练 5 epoch ...
  loss=0.0875  adv_var=1.7455  耗时=27.3s
  *** 新纪录！phi_max=0.6719  已保存: experiments\20260315_184411\construct_v7.0_best.pth + best_packing.conf ***

============================================================
迭代 4/20  lr=5.00e-04
  采集 20 个样本 (模型策略)...
  [采集完成] 20 条  phi: mean=0.6627  max=0.6732  min=0.6496
  phi: mean=0.6627  max=0.6732  min=0.6496  avg_steps=77.4
  候选点: before=763.8  filtered=99.3  added=99.6  after=764.1
  训练 5 epoch ...
  loss=0.3230  adv_var=1.7090  耗时=25.4s
  *** 新纪录！phi_max=0.6732  已保存: experiments\20260315_184411\construct_v7.0_best.pth + best_packing.conf ***

============================================================
迭代 5/20  lr=5.00e-04
  采集 20 个样本 (模型策略)...
  [采集完成] 20 条  phi: mean=0.6651  max=0.6764  min=0.6513
  phi: mean=0.6651  max=0.6764  min=0.6513  avg_steps=78.0
  候选点: before=766.6  filtered=97.9  added=98.2  after=766.9
  训练 5 epoch ...
  loss=-0.4397  adv_var=1.7683  耗时=26.2s
  *** 新纪录！phi_max=0.6764  已保存: experiments\20260315_184411\construct_v7.0_best.pth + best_packing.conf ***

============================================================
迭代 6/20  lr=5.00e-04
  采集 20 个样本 (模型策略)...
  [采集完成] 20 条  phi: mean=0.6663  max=0.6753  min=0.6557
  phi: mean=0.6663  max=0.6753  min=0.6557  avg_steps=79.1
  候选点: before=782.5  filtered=98.7  added=98.9  after=782.8
  训练 5 epoch ...
  loss=-0.2945  adv_var=1.7487  耗时=26.7s

============================================================
迭代 7/20  lr=5.00e-04
  采集 20 个样本 (模型策略)...
  [采集完成] 20 条  phi: mean=0.6679  max=0.6852  min=0.6589
  phi: mean=0.6679  max=0.6852  min=0.6589  avg_steps=79.0
  候选点: before=791.4  filtered=100.2  added=100.5  after=791.7
  训练 5 epoch ...
  loss=-0.4684  adv_var=1.7211  耗时=28.7s
  *** 新纪录！phi_max=0.6852  已保存: experiments\20260315_184411\construct_v7.0_best.pth + best_packing.conf ***

============================================================
迭代 8/20  lr=5.00e-04
  采集 20 个样本 (模型策略)...
  [采集完成] 20 条  phi: mean=0.6674  max=0.6751  min=0.6548
  phi: mean=0.6674  max=0.6751  min=0.6548  avg_steps=75.7
  候选点: before=784.1  filtered=95.7  added=96.0  after=784.3
  [退步] phi_max 0.6751 < 0.6852 - 0.01
  [回滚] 模型已恢复，lr 调整为 2.50e-04
  [跳过训练] 耗时=23.2s  下轮用恢复的模型重新采集

============================================================
迭代 9/20  lr=2.50e-04
  采集 20 个样本 (模型策略)...
  [采集完成] 20 条  phi: mean=0.6668  max=0.6769  min=0.6538
  phi: mean=0.6668  max=0.6769  min=0.6538  avg_steps=74.2
  候选点: before=800.1  filtered=97.6  added=97.9  after=800.3
  训练 5 epoch ...
  loss=-0.0929  adv_var=1.8021  耗时=24.8s

============================================================
迭代 10/20  lr=2.50e-04
  采集 20 个样本 (模型策略)...
  [采集完成] 20 条  phi: mean=0.6632  max=0.6731  min=0.6488
  phi: mean=0.6632  max=0.6731  min=0.6488  avg_steps=73.8
  候选点: before=889.7  filtered=95.1  added=95.4  after=889.9
  训练 5 epoch ...
  loss=0.1604  adv_var=1.7782  耗时=24.7s

============================================================
迭代 11/20  lr=2.50e-04
  采集 20 个样本 (模型策略)...
  [采集完成] 20 条  phi: mean=0.6668  max=0.6751  min=0.6553
  phi: mean=0.6668  max=0.6751  min=0.6553  avg_steps=73.7
  候选点: before=855.8  filtered=94.7  added=95.0  after=856.0
  训练 5 epoch ...
  loss=0.1361  adv_var=1.7016  耗时=23.7s

============================================================
迭代 12/20  lr=2.50e-04
  采集 20 个样本 (模型策略)...
  [采集完成] 20 条  phi: mean=0.6650  max=0.6721  min=0.6589
  phi: mean=0.6650  max=0.6721  min=0.6589  avg_steps=73.7
  候选点: before=846.0  filtered=93.9  added=94.1  after=846.3
  训练 5 epoch ...
  loss=-0.3889  adv_var=1.8190  耗时=24.1s

============================================================
迭代 13/20  lr=2.50e-04
  采集 20 个样本 (模型策略)...
  [采集完成] 20 条  phi: mean=0.6669  max=0.6790  min=0.6530
  phi: mean=0.6669  max=0.6790  min=0.6530  avg_steps=74.0
  候选点: before=801.5  filtered=96.3  added=96.5  after=801.7
  训练 5 epoch ...
  loss=-0.0161  adv_var=1.8877  耗时=23.1s

============================================================
迭代 14/20  lr=2.50e-04
  采集 20 个样本 (模型策略)...
  [采集完成] 20 条  phi: mean=0.6689  max=0.6803  min=0.6556
  phi: mean=0.6689  max=0.6803  min=0.6556  avg_steps=74.3
  候选点: before=768.2  filtered=96.4  added=96.7  after=768.4
  训练 5 epoch ...
  loss=-0.4081  adv_var=1.8822  耗时=23.2s

============================================================
迭代 15/20  lr=2.50e-04
  采集 20 个样本 (模型策略)...
  [采集完成] 20 条  phi: mean=0.6648  max=0.6750  min=0.6548
  phi: mean=0.6648  max=0.6750  min=0.6548  avg_steps=74.2
  候选点: before=790.3  filtered=94.1  added=94.3  after=790.5
  训练 5 epoch ...
  loss=-0.0445  adv_var=1.7374  耗时=27.0s

============================================================
迭代 16/20  lr=2.50e-04
  采集 20 个样本 (模型策略)...
  [采集完成] 20 条  phi: mean=0.6676  max=0.6772  min=0.6603
  phi: mean=0.6676  max=0.6772  min=0.6603  avg_steps=73.2
  候选点: before=803.8  filtered=95.0  added=95.3  after=804.0
  训练 5 epoch ...
  loss=0.2159  adv_var=1.9122  耗时=23.0s

============================================================
迭代 17/20  lr=2.50e-04
  采集 20 个样本 (模型策略)...
  [采集完成] 20 条  phi: mean=0.6678  max=0.6753  min=0.6540
  phi: mean=0.6678  max=0.6753  min=0.6540  avg_steps=74.5
  候选点: before=778.3  filtered=95.9  added=96.1  after=778.5
  训练 5 epoch ...
  loss=-0.5458  adv_var=1.7027  耗时=24.3s

============================================================
迭代 18/20  lr=2.50e-04
  采集 20 个样本 (模型策略)...
  [采集完成] 20 条  phi: mean=0.6694  max=0.6895  min=0.6607
  phi: mean=0.6694  max=0.6895  min=0.6607  avg_steps=71.5
  候选点: before=750.6  filtered=96.5  added=96.8  after=750.8
  训练 5 epoch ...
  loss=0.1588  adv_var=1.6695  耗时=22.2s
  *** 新纪录！phi_max=0.6895  已保存: experiments\20260315_184411\construct_v7.0_best.pth + best_packing.conf ***

============================================================
迭代 19/20  lr=2.50e-04
  采集 20 个样本 (模型策略)...
  [采集完成] 20 条  phi: mean=0.6695  max=0.6821  min=0.6606
  phi: mean=0.6695  max=0.6821  min=0.6606  avg_steps=74.3
  候选点: before=733.6  filtered=97.6  added=97.9  after=733.9
  训练 5 epoch ...
  loss=0.5347  adv_var=1.7000  耗时=24.2s

============================================================
迭代 20/20  lr=2.50e-04
  采集 20 个样本 (模型策略)...
  [采集完成] 20 条  phi: mean=0.6720  max=0.6857  min=0.6615
  phi: mean=0.6720  max=0.6857  min=0.6615  avg_steps=74.3
  候选点: before=737.7  filtered=96.7  added=97.0  after=737.9
  训练 5 epoch ...
  loss=0.0006  adv_var=1.6733  耗时=24.8s

训练完成！最终模型已保存至 experiments\20260315_184411\construct_v7.0_final.pth

============================================================
开始评测（采样策略 T=1.0，共 20 局）...
  [采集完成] 20 条  phi: mean=0.6703  max=0.6805  min=0.6608
  评测完成  phi: mean=0.6703  max=0.6805  min=0.6608
  报告已保存: experiments\20260315_184411\eval_report.txt
  最优堆积已保存: experiments\20260315_184411\best_packing.conf  (phi=0.6805)
