实验目录: experiments\20260315_165705
使用设备: cuda
目标粒子数: 100  目标体积分数: 0.72

============================================================
迭代 1/10  lr=3.00e-04
  采集 10 个样本 (随机策略)...
  [采集完成] 10 条  phi: mean=0.5847  max=0.5947  min=0.5776
  phi: mean=0.5847  max=0.5947  min=0.5776  avg_steps=78.9
  数据已保存: data\20260315_165705_iter001.pkl
  候选点: before=199.7  filtered=24.1  added=24.7  after=200.3
  训练 5 epoch ...
  loss=-0.0962  耗时=20.5s
  *** 新纪录！phi_max=0.5947  已保存: experiments\20260315_165705\construct_v7.0_best.pth + best_packing.conf ***

============================================================
迭代 2/10  lr=3.00e-04
  采集 10 个样本 (模型策略)...
  [采集完成] 10 条  phi: mean=0.5890  max=0.6009  min=0.5781
  phi: mean=0.5890  max=0.6009  min=0.5781  avg_steps=83.5
  数据已保存: data\20260315_165705_iter002.pkl
  候选点: before=219.5  filtered=23.9  added=24.6  after=220.1
  训练 5 epoch ...
  loss=-0.0905  耗时=20.0s
  *** 新纪录！phi_max=0.6009  已保存: experiments\20260315_165705\construct_v7.0_best.pth + best_packing.conf ***

============================================================
迭代 3/10  lr=3.00e-04
  采集 10 个样本 (模型策略)...
  [采集完成] 10 条  phi: mean=0.5874  max=0.5980  min=0.5668
  phi: mean=0.5874  max=0.5980  min=0.5668  avg_steps=84.5
  数据已保存: data\20260315_165705_iter003.pkl
  候选点: before=233.6  filtered=23.5  added=24.2  after=234.3
  训练 5 epoch ...
  loss=-0.0358  耗时=19.2s

============================================================
迭代 4/10  lr=3.00e-04
  采集 10 个样本 (模型策略)...
  [采集完成] 10 条  phi: mean=0.5906  max=0.5999  min=0.5752
  phi: mean=0.5906  max=0.5999  min=0.5752  avg_steps=79.1
  数据已保存: data\20260315_165705_iter004.pkl
  候选点: before=207.7  filtered=23.8  added=24.4  after=208.4
  训练 5 epoch ...
  loss=-0.2780  耗时=15.9s

============================================================
迭代 5/10  lr=3.00e-04
  采集 10 个样本 (模型策略)...
  [采集完成] 10 条  phi: mean=0.5891  max=0.5961  min=0.5825
  phi: mean=0.5891  max=0.5961  min=0.5825  avg_steps=78.5
  数据已保存: data\20260315_165705_iter005.pkl
  候选点: before=205.0  filtered=23.4  added=24.0  after=205.6
  训练 5 epoch ...
  loss=0.1686  耗时=18.6s

============================================================
迭代 6/10  lr=3.00e-04
  采集 10 个样本 (模型策略)...
  [采集完成] 10 条  phi: mean=0.5898  max=0.6004  min=0.5801
  phi: mean=0.5898  max=0.6004  min=0.5801  avg_steps=80.4
  数据已保存: data\20260315_165705_iter006.pkl
  候选点: before=207.1  filtered=24.0  added=24.6  after=207.7
  训练 5 epoch ...
  loss=-0.0510  耗时=18.5s

============================================================
迭代 7/10  lr=3.00e-04
  采集 10 个样本 (模型策略)...
  [采集完成] 10 条  phi: mean=0.5905  max=0.5964  min=0.5810
  phi: mean=0.5905  max=0.5964  min=0.5810  avg_steps=82.1
  数据已保存: data\20260315_165705_iter007.pkl
  候选点: before=220.2  filtered=23.4  added=24.0  after=220.8
  训练 5 epoch ...
  loss=0.0142  耗时=16.8s

============================================================
迭代 8/10  lr=3.00e-04
  采集 10 个样本 (模型策略)...
  [采集完成] 10 条  phi: mean=0.5902  max=0.5985  min=0.5767
  phi: mean=0.5902  max=0.5985  min=0.5767  avg_steps=80.8
  数据已保存: data\20260315_165705_iter008.pkl
  候选点: before=219.8  filtered=24.8  added=25.4  after=220.5
  训练 5 epoch ...
  loss=-0.0379  耗时=19.3s

============================================================
迭代 9/10  lr=3.00e-04
  采集 10 个样本 (模型策略)...
  [采集完成] 10 条  phi: mean=0.5867  max=0.5928  min=0.5779
  phi: mean=0.5867  max=0.5928  min=0.5779  avg_steps=84.1
  数据已保存: data\20260315_165705_iter009.pkl
  候选点: before=229.7  filtered=23.6  added=24.3  after=230.3
  训练 5 epoch ...
  loss=-0.0752  耗时=22.6s

============================================================
迭代 10/10  lr=3.00e-04
  采集 10 个样本 (模型策略)...
  [采集完成] 10 条  phi: mean=0.5819  max=0.5896  min=0.5682
  phi: mean=0.5819  max=0.5896  min=0.5682  avg_steps=80.7
  数据已保存: data\20260315_165705_iter010.pkl
  候选点: before=233.2  filtered=23.7  added=24.3  after=233.9
  训练 5 epoch ...
  loss=-0.0209  耗时=19.3s

训练完成！最终模型已保存至 experiments\20260315_165705\construct_v7.0_final.pth

============================================================
开始评测（采样策略 T=1.0，共 20 局）...
  [采集完成] 20 条  phi: mean=0.5882  max=0.6040  min=0.5782
  评测完成  phi: mean=0.5882  max=0.6040  min=0.5782
  报告已保存: experiments\20260315_165705\eval_report.txt
  最优堆积已保存: experiments\20260315_165705\best_packing.conf  (phi=0.6040)
