实验目录: experiments/20260316_183426
使用设备: cpu
目标粒子数: 100  目标体积分数: 0.72

============================================================
迭代 1/100  lr=5.00e-04
  采集 50 个样本 (随机策略)...
  [采集完成] 50 条  phi: mean=0.6940  max=0.7078  min=0.6657
  phi: mean=0.6940  max=0.7078  min=0.6657  avg_steps=177.9
  候选点: before=327.9  filtered=15.7  added=16.6  after=328.8
  训练 1 epoch ...
  loss=-0.3934  adv_var=1.8808  耗时=184.1s
  *** 新纪录！phi_max=0.7078  已保存: experiments/20260316_183426/construct_v7.0_best.pth + best_packing.conf ***

============================================================
迭代 2/100  lr=5.00e-04
  采集 50 个样本 (模型策略)...
  [采集完成] 50 条  phi: mean=0.7023  max=0.7116  min=0.6895
  phi: mean=0.7023  max=0.7116  min=0.6895  avg_steps=159.7
  候选点: before=277.4  filtered=15.4  added=16.3  after=278.3
  训练 1 epoch ...
  loss=0.5703  adv_var=1.7582  耗时=136.4s
  *** 新纪录！phi_max=0.7116  已保存: experiments/20260316_183426/construct_v7.0_best.pth + best_packing.conf ***

============================================================
迭代 3/100  lr=5.00e-04
  采集 50 个样本 (模型策略)...
  [采集完成] 50 条  phi: mean=0.7080  max=0.7223  min=0.6952
  phi: mean=0.7080  max=0.7223  min=0.6952  avg_steps=155.2
  候选点: before=263.1  filtered=14.7  added=15.6  after=264.0
  训练 1 epoch ...
  loss=-0.0348  adv_var=1.8332  耗时=131.5s
  *** 新纪录！phi_max=0.7223  已保存: experiments/20260316_183426/construct_v7.0_best.pth + best_packing.conf ***

============================================================
迭代 4/100  lr=5.00e-04
  采集 50 个样本 (模型策略)...
  [采集完成] 50 条  phi: mean=0.7107  max=0.7238  min=0.6975
  phi: mean=0.7107  max=0.7238  min=0.6975  avg_steps=151.1
  候选点: before=250.3  filtered=14.5  added=15.4  after=251.2
  训练 1 epoch ...
  loss=0.4021  adv_var=1.8099  耗时=120.6s
  *** 新纪录！phi_max=0.7238  已保存: experiments/20260316_183426/construct_v7.0_best.pth + best_packing.conf ***

============================================================
迭代 5/100  lr=5.00e-04
  采集 50 个样本 (模型策略)...
  [采集完成] 50 条  phi: mean=0.7150  max=0.7226  min=0.7043
  phi: mean=0.7150  max=0.7226  min=0.7043  avg_steps=145.2
  候选点: before=230.9  filtered=14.3  added=15.2  after=231.8
  训练 1 epoch ...
  loss=0.3789  adv_var=1.8433  耗时=104.4s

============================================================
迭代 6/100  lr=5.00e-04
  采集 50 个样本 (模型策略)...
  [采集完成] 50 条  phi: mean=0.7167  max=0.7306  min=0.7034
  phi: mean=0.7167  max=0.7306  min=0.7034  avg_steps=141.5
  候选点: before=226.3  filtered=14.3  added=15.2  after=227.2
  训练 1 epoch ...
  loss=-0.4095  adv_var=1.7741  耗时=100.0s
  *** 新纪录！phi_max=0.7306  已保存: experiments/20260316_183426/construct_v7.0_best.pth + best_packing.conf ***

============================================================
迭代 7/100  lr=5.00e-04
  采集 50 个样本 (模型策略)...
  [采集完成] 50 条  phi: mean=0.7212  max=0.7316  min=0.7099
  phi: mean=0.7212  max=0.7316  min=0.7099  avg_steps=136.5
  候选点: before=216.1  filtered=14.1  added=15.0  after=217.0
  训练 1 epoch ...
  loss=-0.4152  adv_var=1.8774  耗时=92.5s
  *** 新纪录！phi_max=0.7316  已保存: experiments/20260316_183426/construct_v7.0_best.pth + best_packing.conf ***

============================================================
迭代 8/100  lr=5.00e-04
  采集 50 个样本 (模型策略)...
  [采集完成] 50 条  phi: mean=0.7244  max=0.7335  min=0.7150
  phi: mean=0.7244  max=0.7335  min=0.7150  avg_steps=129.8
  候选点: before=199.2  filtered=13.9  added=14.7  after=200.1
  训练 1 epoch ...
  loss=-0.0023  adv_var=1.7997  耗时=77.5s
  *** 新纪录！phi_max=0.7335  已保存: experiments/20260316_183426/construct_v7.0_best.pth + best_packing.conf ***

============================================================
迭代 9/100  lr=5.00e-04
  采集 50 个样本 (模型策略)...
  [采集完成] 50 条  phi: mean=0.7279  max=0.7392  min=0.7191
  phi: mean=0.7279  max=0.7392  min=0.7191  avg_steps=131.2
  候选点: before=199.5  filtered=13.6  added=14.5  after=200.4
  训练 1 epoch ...
  loss=0.3956  adv_var=1.8211  耗时=81.6s
  *** 新纪录！phi_max=0.7392  已保存: experiments/20260316_183426/construct_v7.0_best.pth + best_packing.conf ***

============================================================
迭代 10/100  lr=5.00e-04
  采集 50 个样本 (模型策略)...
  [采集完成] 50 条  phi: mean=0.7277  max=0.7370  min=0.7129
  phi: mean=0.7277  max=0.7370  min=0.7129  avg_steps=127.8
  候选点: before=198.1  filtered=13.5  added=14.4  after=199.0
  训练 1 epoch ...
  loss=-0.0033  adv_var=1.8467  耗时=76.5s

============================================================
迭代 11/100  lr=5.00e-04
  采集 50 个样本 (模型策略)...
  [采集完成] 50 条  phi: mean=0.7266  max=0.7332  min=0.7181
  phi: mean=0.7266  max=0.7332  min=0.7181  avg_steps=127.5
  候选点: before=202.3  filtered=13.6  added=14.4  after=203.2
  训练 1 epoch ...
  loss=-0.1946  adv_var=1.8249  耗时=79.1s

============================================================
迭代 12/100  lr=5.00e-04
  采集 50 个样本 (模型策略)...
  [采集完成] 50 条  phi: mean=0.7272  max=0.7361  min=0.7198
  phi: mean=0.7272  max=0.7361  min=0.7198  avg_steps=129.0
  候选点: before=198.1  filtered=13.5  added=14.3  after=199.0
  训练 1 epoch ...
  loss=0.0381  adv_var=1.7446  耗时=79.2s

============================================================
迭代 13/100  lr=5.00e-04
  采集 50 个样本 (模型策略)...
  [采集完成] 50 条  phi: mean=0.7269  max=0.7373  min=0.7195
  phi: mean=0.7269  max=0.7373  min=0.7195  avg_steps=128.4
  候选点: before=198.4  filtered=13.3  added=14.2  after=199.3
  训练 1 epoch ...
  loss=-0.0105  adv_var=1.7737  耗时=78.1s

============================================================
迭代 14/100  lr=5.00e-04
  采集 50 个样本 (模型策略)...
  [采集完成] 50 条  phi: mean=0.7270  max=0.7385  min=0.7169
  phi: mean=0.7270  max=0.7385  min=0.7169  avg_steps=127.1
  候选点: before=196.4  filtered=13.4  added=14.3  after=197.2
  训练 1 epoch ...
  loss=-0.1174  adv_var=1.7836  耗时=76.3s

============================================================
迭代 15/100  lr=5.00e-04
  采集 50 个样本 (模型策略)...
  [采集完成] 50 条  phi: mean=0.7274  max=0.7386  min=0.7172
  phi: mean=0.7274  max=0.7386  min=0.7172  avg_steps=126.8
  候选点: before=195.0  filtered=13.4  added=14.2  after=195.9
  训练 1 epoch ...
  loss=-0.1635  adv_var=1.7812  耗时=75.9s

============================================================
迭代 16/100  lr=5.00e-04
  采集 50 个样本 (模型策略)...
  [采集完成] 50 条  phi: mean=0.7274  max=0.7357  min=0.7163
  phi: mean=0.7274  max=0.7357  min=0.7163  avg_steps=127.0
  候选点: before=196.4  filtered=13.2  added=14.0  after=197.3
  训练 1 epoch ...
  loss=0.1614  adv_var=1.7401  耗时=73.4s

============================================================
迭代 17/100  lr=5.00e-04
  采集 50 个样本 (模型策略)...
  [采集完成] 50 条  phi: mean=0.7285  max=0.7362  min=0.7199
  phi: mean=0.7285  max=0.7362  min=0.7199  avg_steps=127.4
  候选点: before=195.7  filtered=13.3  added=14.2  after=196.5
  训练 1 epoch ...
  loss=-0.1829  adv_var=1.7506  耗时=74.1s

============================================================
迭代 18/100  lr=5.00e-04
  采集 50 个样本 (模型策略)...
  [采集完成] 50 条  phi: mean=0.7293  max=0.7372  min=0.7217
  phi: mean=0.7293  max=0.7372  min=0.7217  avg_steps=125.1
  候选点: before=193.4  filtered=13.3  added=14.2  after=194.3
  训练 1 epoch ...
  loss=-0.2493  adv_var=1.7829  耗时=71.7s

============================================================
迭代 19/100  lr=5.00e-04
  采集 50 个样本 (模型策略)...
  [采集完成] 50 条  phi: mean=0.7298  max=0.7416  min=0.7203
  phi: mean=0.7298  max=0.7416  min=0.7203  avg_steps=129.0
  候选点: before=201.9  filtered=13.0  added=13.9  after=202.8
  训练 1 epoch ...
  loss=-0.0289  adv_var=1.8722  耗时=75.4s
  *** 新纪录！phi_max=0.7416  已保存: experiments/20260316_183426/construct_v7.0_best.pth + best_packing.conf ***

============================================================
迭代 20/100  lr=5.00e-04
  采集 50 个样本 (模型策略)...
  [采集完成] 50 条  phi: mean=0.7283  max=0.7397  min=0.7198
  phi: mean=0.7283  max=0.7397  min=0.7198  avg_steps=125.3
  候选点: before=199.6  filtered=13.1  added=14.0  after=200.5
  训练 1 epoch ...
  loss=-0.1350  adv_var=1.8616  耗时=82.8s

============================================================
迭代 21/100  lr=5.00e-04
  采集 50 个样本 (模型策略)...
  [采集完成] 50 条  phi: mean=0.7295  max=0.7433  min=0.7210
  phi: mean=0.7295  max=0.7433  min=0.7210  avg_steps=126.4
  候选点: before=202.8  filtered=13.1  added=13.9  after=203.7
  训练 1 epoch ...
  loss=0.1178  adv_var=1.7321  耗时=73.6s
  *** 新纪录！phi_max=0.7433  已保存: experiments/20260316_183426/construct_v7.0_best.pth + best_packing.conf ***

============================================================
迭代 22/100  lr=5.00e-04
  采集 50 个样本 (模型策略)...
  [采集完成] 50 条  phi: mean=0.6695  max=0.6812  min=0.6585
  phi: mean=0.6695  max=0.6812  min=0.6585  avg_steps=71.3
  候选点: before=397.9  filtered=50.4  added=50.9  after=398.5
  [退步] phi_max 0.6812 < 0.7433 - 0.01
  [回滚] 模型已恢复，lr 调整为 2.50e-04
  [跳过训练] 耗时=11.5s  下轮用恢复的模型重新采集

============================================================
迭代 23/100  lr=2.50e-04
  采集 50 个样本 (模型策略)...
  [采集完成] 50 条  phi: mean=0.6688  max=0.6814  min=0.6558
  phi: mean=0.6688  max=0.6814  min=0.6558  avg_steps=71.0
  候选点: before=400.9  filtered=50.1  added=50.6  after=401.4
  [退步] phi_max 0.6814 < 0.7433 - 0.01
  [回滚] 模型已恢复，lr 调整为 1.25e-04
  [跳过训练] 耗时=12.1s  下轮用恢复的模型重新采集

============================================================
迭代 24/100  lr=1.25e-04
  采集 50 个样本 (模型策略)...
  [采集完成] 50 条  phi: mean=0.6705  max=0.6822  min=0.6584
  phi: mean=0.6705  max=0.6822  min=0.6584  avg_steps=72.0
  候选点: before=398.9  filtered=50.1  added=50.7  after=399.5
  [退步] phi_max 0.6822 < 0.7433 - 0.01
  [回滚] 模型已恢复，lr 调整为 6.25e-05
  [跳过训练] 耗时=11.9s  下轮用恢复的模型重新采集

============================================================
迭代 25/100  lr=6.25e-05
  采集 50 个样本 (模型策略)...
  [采集完成] 50 条  phi: mean=0.6704  max=0.6840  min=0.6565
  phi: mean=0.6704  max=0.6840  min=0.6565  avg_steps=71.1
  候选点: before=396.6  filtered=49.9  added=50.5  after=397.2
  [退步] phi_max 0.6840 < 0.7433 - 0.01
  [回滚] 模型已恢复，lr 调整为 3.13e-05
  [跳过训练] 耗时=12.6s  下轮用恢复的模型重新采集

============================================================
迭代 26/100  lr=3.13e-05
  采集 50 个样本 (模型策略)...
  [采集完成] 50 条  phi: mean=0.6694  max=0.6810  min=0.6543
  phi: mean=0.6694  max=0.6810  min=0.6543  avg_steps=71.6
  候选点: before=402.1  filtered=50.8  added=51.4  after=402.7
  [退步] phi_max 0.6810 < 0.7433 - 0.01
  [回滚] 模型已恢复，lr 调整为 1.56e-05
  [跳过训练] 耗时=11.7s  下轮用恢复的模型重新采集

============================================================
迭代 27/100  lr=1.56e-05
  采集 50 个样本 (模型策略)...
  [采集完成] 50 条  phi: mean=0.6711  max=0.6872  min=0.6594
  phi: mean=0.6711  max=0.6872  min=0.6594  avg_steps=72.6
  候选点: before=404.8  filtered=49.9  added=50.5  after=405.4
  [退步] phi_max 0.6872 < 0.7433 - 0.01
  [回滚] 模型已恢复，lr 调整为 7.81e-06
  [跳过训练] 耗时=12.2s  下轮用恢复的模型重新采集

============================================================
迭代 28/100  lr=7.81e-06
  采集 50 个样本 (模型策略)...
  [采集完成] 50 条  phi: mean=0.6692  max=0.6787  min=0.6612
  phi: mean=0.6692  max=0.6787  min=0.6612  avg_steps=71.9
  候选点: before=404.6  filtered=50.5  added=51.0  after=405.2
  [退步] phi_max 0.6787 < 0.7433 - 0.01
  [回滚] 模型已恢复，lr 调整为 3.91e-06
  [跳过训练] 耗时=17.0s  下轮用恢复的模型重新采集

============================================================
迭代 29/100  lr=3.91e-06
  采集 50 个样本 (模型策略)...
  [采集完成] 50 条  phi: mean=0.6703  max=0.6819  min=0.6568
  phi: mean=0.6703  max=0.6819  min=0.6568  avg_steps=70.6
  候选点: before=394.6  filtered=50.1  added=50.6  after=395.1
  [退步] phi_max 0.6819 < 0.7433 - 0.01
  [回滚] 模型已恢复，lr 调整为 1.95e-06
  [跳过训练] 耗时=15.7s  下轮用恢复的模型重新采集

============================================================
迭代 30/100  lr=1.95e-06
  采集 50 个样本 (模型策略)...
  [采集完成] 50 条  phi: mean=0.6707  max=0.6835  min=0.6557
  phi: mean=0.6707  max=0.6835  min=0.6557  avg_steps=72.6
  候选点: before=394.9  filtered=49.7  added=50.3  after=395.4
  [退步] phi_max 0.6835 < 0.7433 - 0.01
  [回滚] 模型已恢复，lr 调整为 9.77e-07
  [跳过训练] 耗时=16.7s  下轮用恢复的模型重新采集

============================================================
迭代 31/100  lr=9.77e-07
  采集 50 个样本 (模型策略)...
  [采集完成] 50 条  phi: mean=0.6700  max=0.6790  min=0.6594
  phi: mean=0.6700  max=0.6790  min=0.6594  avg_steps=71.3
  候选点: before=408.4  filtered=50.7  added=51.2  after=408.9
  [退步] phi_max 0.6790 < 0.7433 - 0.01
  [回滚] 模型已恢复，lr 调整为 4.88e-07
  [跳过训练] 耗时=12.2s  下轮用恢复的模型重新采集

============================================================
迭代 32/100  lr=4.88e-07
  采集 50 个样本 (模型策略)...
  [采集完成] 50 条  phi: mean=0.6704  max=0.6815  min=0.6538
  phi: mean=0.6704  max=0.6815  min=0.6538  avg_steps=72.1
  候选点: before=404.2  filtered=50.5  added=51.1  after=404.7
  [退步] phi_max 0.6815 < 0.7433 - 0.01
  [回滚] 模型已恢复，lr 调整为 2.44e-07
  [跳过训练] 耗时=12.0s  下轮用恢复的模型重新采集

============================================================
迭代 33/100  lr=2.44e-07
  采集 50 个样本 (模型策略)...
  [采集完成] 50 条  phi: mean=0.6702  max=0.6855  min=0.6540
  phi: mean=0.6702  max=0.6855  min=0.6540  avg_steps=71.5
  候选点: before=398.4  filtered=50.2  added=50.8  after=399.0
  [退步] phi_max 0.6855 < 0.7433 - 0.01
  [回滚] 模型已恢复，lr 调整为 1.22e-07
  [跳过训练] 耗时=11.4s  下轮用恢复的模型重新采集

============================================================
迭代 34/100  lr=1.22e-07
  采集 50 个样本 (模型策略)...
  [采集完成] 50 条  phi: mean=0.6710  max=0.6820  min=0.6578
  phi: mean=0.6710  max=0.6820  min=0.6578  avg_steps=71.9
  候选点: before=402.7  filtered=49.8  added=50.3  after=403.3
  [退步] phi_max 0.6820 < 0.7433 - 0.01
  [回滚] 模型已恢复，lr 调整为 6.10e-08
  [跳过训练] 耗时=11.8s  下轮用恢复的模型重新采集

============================================================
迭代 35/100  lr=6.10e-08
  采集 50 个样本 (模型策略)...
  [采集完成] 50 条  phi: mean=0.6695  max=0.6777  min=0.6605
  phi: mean=0.6695  max=0.6777  min=0.6605  avg_steps=71.8
  候选点: before=404.5  filtered=50.3  added=50.8  after=405.0
  [退步] phi_max 0.6777 < 0.7433 - 0.01
  [回滚] 模型已恢复，lr 调整为 3.05e-08
  [跳过训练] 耗时=16.5s  下轮用恢复的模型重新采集

============================================================
迭代 36/100  lr=3.05e-08
  采集 50 个样本 (模型策略)...
  [采集完成] 50 条  phi: mean=0.6711  max=0.6809  min=0.6601
  phi: mean=0.6711  max=0.6809  min=0.6601  avg_steps=72.3
  候选点: before=403.7  filtered=49.9  added=50.5  after=404.3
  [退步] phi_max 0.6809 < 0.7433 - 0.01
  [回滚] 模型已恢复，lr 调整为 1.53e-08
  [跳过训练] 耗时=17.4s  下轮用恢复的模型重新采集

============================================================
迭代 37/100  lr=1.53e-08
  采集 50 个样本 (模型策略)...
  [采集完成] 50 条  phi: mean=0.6710  max=0.6809  min=0.6589
  phi: mean=0.6710  max=0.6809  min=0.6589  avg_steps=71.4
  候选点: before=400.4  filtered=50.2  added=50.7  after=400.9
  [退步] phi_max 0.6809 < 0.7433 - 0.01
  [回滚] 模型已恢复，lr 调整为 7.63e-09
  [跳过训练] 耗时=15.5s  下轮用恢复的模型重新采集

============================================================
迭代 38/100  lr=7.63e-09
  采集 50 个样本 (模型策略)...
  [采集完成] 50 条  phi: mean=0.6698  max=0.6798  min=0.6616
  phi: mean=0.6698  max=0.6798  min=0.6616  avg_steps=71.5
  候选点: before=402.5  filtered=50.3  added=50.8  after=403.0
  [退步] phi_max 0.6798 < 0.7433 - 0.01
  [回滚] 模型已恢复，lr 调整为 3.81e-09
  [跳过训练] 耗时=12.4s  下轮用恢复的模型重新采集

============================================================
迭代 39/100  lr=3.81e-09
  采集 50 个样本 (模型策略)...
