实验目录: experiments/20260316_190604
使用设备: cpu
目标粒子数: 100  目标体积分数: 0.72

============================================================
迭代 1/20  lr=5.00e-04
  采集 50 个样本 (随机策略)...
  [采集完成] 50 条  phi: mean=0.6226  max=0.6359  min=0.6132
  phi: mean=0.6226  max=0.6359  min=0.6132  avg_steps=97.8
  候选点: before=523.3  filtered=49.9  added=50.6  after=524.0
  训练 1 epoch ...
  loss=-0.3436  adv_var=1.8678  耗时=87.2s
  *** 新纪录！phi_max=0.6359  已保存: experiments/20260316_190604/construct_v7.0_best.pth + best_packing.conf ***

============================================================
迭代 2/20  lr=5.00e-04
  采集 50 个样本 (模型策略)...
  [采集完成] 50 条  phi: mean=0.6644  max=0.6754  min=0.6502
  phi: mean=0.6644  max=0.6754  min=0.6502  avg_steps=82.7
  候选点: before=429.5  filtered=52.9  added=53.5  after=430.2
  训练 1 epoch ...
  loss=0.0453  adv_var=1.8304  耗时=62.8s
  *** 新纪录！phi_max=0.6754  已保存: experiments/20260316_190604/construct_v7.0_best.pth + best_packing.conf ***

============================================================
迭代 3/20  lr=5.00e-04
  采集 50 个样本 (模型策略)...
  [采集完成] 50 条  phi: mean=0.6675  max=0.6772  min=0.6556
  phi: mean=0.6675  max=0.6772  min=0.6556  avg_steps=81.9
  候选点: before=421.1  filtered=52.5  added=53.2  after=421.7
  训练 1 epoch ...
  loss=0.0711  adv_var=1.8377  耗时=61.5s
  *** 新纪录！phi_max=0.6772  已保存: experiments/20260316_190604/construct_v7.0_best.pth + best_packing.conf ***

============================================================
迭代 4/20  lr=5.00e-04
  采集 50 个样本 (模型策略)...
  [采集完成] 50 条  phi: mean=0.6670  max=0.6815  min=0.6534
  phi: mean=0.6670  max=0.6815  min=0.6534  avg_steps=79.4
  候选点: before=416.9  filtered=53.5  added=54.1  after=417.5
  训练 1 epoch ...
  loss=-0.1340  adv_var=1.7385  耗时=57.5s
  *** 新纪录！phi_max=0.6815  已保存: experiments/20260316_190604/construct_v7.0_best.pth + best_packing.conf ***

============================================================
迭代 5/20  lr=5.00e-04
  采集 50 个样本 (模型策略)...
  [采集完成] 50 条  phi: mean=0.6675  max=0.6854  min=0.6540
  phi: mean=0.6675  max=0.6854  min=0.6540  avg_steps=80.4
  候选点: before=420.4  filtered=53.6  added=54.2  after=421.0
  训练 1 epoch ...
  loss=-0.2541  adv_var=1.8498  耗时=59.6s
  *** 新纪录！phi_max=0.6854  已保存: experiments/20260316_190604/construct_v7.0_best.pth + best_packing.conf ***

============================================================
迭代 6/20  lr=5.00e-04
  采集 50 个样本 (模型策略)...
  [采集完成] 50 条  phi: mean=0.6707  max=0.6879  min=0.6583
  phi: mean=0.6707  max=0.6879  min=0.6583  avg_steps=80.9
  候选点: before=415.5  filtered=53.0  added=53.6  after=416.2
  训练 1 epoch ...
  loss=-0.1209  adv_var=1.9027  耗时=60.0s
  *** 新纪录！phi_max=0.6879  已保存: experiments/20260316_190604/construct_v7.0_best.pth + best_packing.conf ***

============================================================
迭代 7/20  lr=5.00e-04
  采集 50 个样本 (模型策略)...
  [采集完成] 50 条  phi: mean=0.6695  max=0.6829  min=0.6550
  phi: mean=0.6695  max=0.6829  min=0.6550  avg_steps=80.4
  候选点: before=418.0  filtered=53.6  added=54.2  after=418.6
  训练 1 epoch ...
  loss=-0.1641  adv_var=1.7646  耗时=61.8s

============================================================
迭代 8/20  lr=5.00e-04
  采集 50 个样本 (模型策略)...
  [采集完成] 50 条  phi: mean=0.6690  max=0.6795  min=0.6566
  phi: mean=0.6690  max=0.6795  min=0.6566  avg_steps=80.7
  候选点: before=419.9  filtered=53.8  added=54.4  after=420.5
  训练 1 epoch ...
  loss=-0.1445  adv_var=1.8358  耗时=59.8s

============================================================
迭代 9/20  lr=5.00e-04
  采集 50 个样本 (模型策略)...
  [采集完成] 50 条  phi: mean=0.6707  max=0.6804  min=0.6607
  phi: mean=0.6707  max=0.6804  min=0.6607  avg_steps=78.6
  候选点: before=411.9  filtered=53.0  added=53.6  after=412.5
  训练 1 epoch ...
  loss=-0.2569  adv_var=1.7352  耗时=57.2s

============================================================
迭代 10/20  lr=5.00e-04
  采集 50 个样本 (模型策略)...
  [采集完成] 50 条  phi: mean=0.6700  max=0.6845  min=0.6560
  phi: mean=0.6700  max=0.6845  min=0.6560  avg_steps=78.3
  候选点: before=421.0  filtered=53.0  added=53.6  after=421.6
  训练 1 epoch ...
  loss=0.0467  adv_var=1.8324  耗时=56.2s

============================================================
迭代 11/20  lr=5.00e-04
  采集 50 个样本 (模型策略)...
  [采集完成] 50 条  phi: mean=0.6687  max=0.6795  min=0.6591
  phi: mean=0.6687  max=0.6795  min=0.6591  avg_steps=76.1
  候选点: before=410.2  filtered=52.7  added=53.2  after=410.7
  训练 1 epoch ...
  loss=0.1717  adv_var=1.7724  耗时=55.1s

============================================================
迭代 12/20  lr=5.00e-04
  采集 50 个样本 (模型策略)...
  [采集完成] 50 条  phi: mean=0.6701  max=0.6820  min=0.6594
  phi: mean=0.6701  max=0.6820  min=0.6594  avg_steps=77.8
  候选点: before=409.2  filtered=52.4  added=53.0  after=409.8
  训练 1 epoch ...
  loss=-0.1069  adv_var=1.7795  耗时=58.3s

============================================================
迭代 13/20  lr=5.00e-04
  采集 50 个样本 (模型策略)...
  [采集完成] 50 条  phi: mean=0.6716  max=0.6827  min=0.6597
  phi: mean=0.6716  max=0.6827  min=0.6597  avg_steps=76.3
  候选点: before=404.2  filtered=52.2  added=52.8  after=404.7
  训练 1 epoch ...
  loss=-0.0035  adv_var=1.8273  耗时=53.8s

============================================================
迭代 14/20  lr=5.00e-04
  采集 50 个样本 (模型策略)...
  [采集完成] 50 条  phi: mean=0.6726  max=0.6841  min=0.6591
  phi: mean=0.6726  max=0.6841  min=0.6591  avg_steps=76.7
  候选点: before=408.9  filtered=52.3  added=52.9  after=409.5
  训练 1 epoch ...
  loss=-0.0605  adv_var=1.8816  耗时=55.0s

============================================================
迭代 15/20  lr=5.00e-04
  采集 50 个样本 (模型策略)...
  [采集完成] 50 条  phi: mean=0.6717  max=0.6820  min=0.6605
  phi: mean=0.6717  max=0.6820  min=0.6605  avg_steps=74.6
  候选点: before=403.2  filtered=52.1  added=52.7  after=403.8
  训练 1 epoch ...
  loss=-0.4058  adv_var=1.7444  耗时=53.4s

============================================================
迭代 16/20  lr=5.00e-04
  采集 50 个样本 (模型策略)...
  [采集完成] 50 条  phi: mean=0.6718  max=0.6838  min=0.6593
  phi: mean=0.6718  max=0.6838  min=0.6593  avg_steps=74.6
  候选点: before=407.2  filtered=52.8  added=53.3  after=407.8
  训练 1 epoch ...
  loss=0.1055  adv_var=1.8312  耗时=52.8s

============================================================
迭代 17/20  lr=5.00e-04
  采集 50 个样本 (模型策略)...
  [采集完成] 50 条  phi: mean=0.6731  max=0.6858  min=0.6550
  phi: mean=0.6731  max=0.6858  min=0.6550  avg_steps=74.3
  候选点: before=401.6  filtered=52.2  added=52.8  after=402.1
  训练 1 epoch ...
  loss=-0.1246  adv_var=1.8195  耗时=51.7s

============================================================
迭代 18/20  lr=5.00e-04
  采集 50 个样本 (模型策略)...
  [采集完成] 50 条  phi: mean=0.6705  max=0.6813  min=0.6625
  phi: mean=0.6705  max=0.6813  min=0.6625  avg_steps=75.7
  候选点: before=413.3  filtered=52.0  added=52.6  after=413.8
  训练 1 epoch ...
  loss=-0.1316  adv_var=1.8898  耗时=53.3s

============================================================
迭代 19/20  lr=5.00e-04
  采集 50 个样本 (模型策略)...
  [采集完成] 50 条  phi: mean=0.6711  max=0.6840  min=0.6583
  phi: mean=0.6711  max=0.6840  min=0.6583  avg_steps=73.5
  候选点: before=401.7  filtered=51.7  added=52.3  after=402.3
  训练 1 epoch ...
  loss=0.0881  adv_var=1.7869  耗时=51.7s

============================================================
迭代 20/20  lr=5.00e-04
  采集 50 个样本 (模型策略)...
  [采集完成] 50 条  phi: mean=0.6718  max=0.6838  min=0.6601
  phi: mean=0.6718  max=0.6838  min=0.6601  avg_steps=73.0
  候选点: before=400.3  filtered=51.8  added=52.4  after=400.9
  训练 1 epoch ...
  loss=-0.0361  adv_var=1.8237  耗时=50.1s

训练完成！最终模型已保存至 experiments/20260316_190604/construct_v7.0_final.pth

============================================================
开始评测（采样策略 T=5.0，共 20 局）...
  [采集完成] 20 条  phi: mean=0.6747  max=0.6854  min=0.6663
  评测完成  phi: mean=0.6747  max=0.6854  min=0.6663
  报告已保存: experiments/20260316_190604/eval_report.txt
  最优堆积已保存: experiments/20260316_190604/best_packing.conf  (phi=0.6854)
