实验目录: experiments/20260316_193334
使用设备: cpu
目标粒子数: 100  目标体积分数: 0.72

============================================================
迭代 1/20  lr=5.00e-04
  采集 50 个样本 (随机策略)...
  [采集完成] 50 条  phi: mean=0.6210  max=0.6338  min=0.6111
  phi: mean=0.6210  max=0.6338  min=0.6111  avg_steps=98.3
  候选点: before=527.7  filtered=50.4  added=51.1  after=528.4
  训练 1 epoch ...
  loss=-0.4837  adv_var=1.8043  耗时=60.8s
  *** 新纪录！phi_max=0.6338  已保存: experiments/20260316_193334/construct_v7.0_best.pth + best_packing.conf ***

============================================================
迭代 2/20  lr=5.00e-04
  采集 50 个样本 (模型策略)...
  [采集完成] 50 条  phi: mean=0.6419  max=0.6564  min=0.6282
  phi: mean=0.6419  max=0.6564  min=0.6282  avg_steps=90.1
  候选点: before=480.6  filtered=51.4  added=52.0  after=481.3
  训练 1 epoch ...
  loss=0.5695  adv_var=1.8382  耗时=49.4s
  *** 新纪录！phi_max=0.6564  已保存: experiments/20260316_193334/construct_v7.0_best.pth + best_packing.conf ***

============================================================
迭代 3/20  lr=5.00e-04
  采集 50 个样本 (模型策略)...
  [采集完成] 50 条  phi: mean=0.6527  max=0.6658  min=0.6390
  phi: mean=0.6527  max=0.6658  min=0.6390  avg_steps=84.5
  候选点: before=456.9  filtered=52.4  added=53.0  after=457.5
  训练 1 epoch ...
  loss=-0.2609  adv_var=1.8485  耗时=43.4s
  *** 新纪录！phi_max=0.6658  已保存: experiments/20260316_193334/construct_v7.0_best.pth + best_packing.conf ***

============================================================
迭代 4/20  lr=5.00e-04
  采集 50 个样本 (模型策略)...
  [采集完成] 50 条  phi: mean=0.6539  max=0.6695  min=0.6399
  phi: mean=0.6539  max=0.6695  min=0.6399  avg_steps=85.5
  候选点: before=455.0  filtered=52.5  added=53.2  after=455.7
  训练 1 epoch ...
  loss=-0.1000  adv_var=1.8057  耗时=46.3s
  *** 新纪录！phi_max=0.6695  已保存: experiments/20260316_193334/construct_v7.0_best.pth + best_packing.conf ***

============================================================
迭代 5/20  lr=5.00e-04
  采集 50 个样本 (模型策略)...
  [采集完成] 50 条  phi: mean=0.6606  max=0.6765  min=0.6432
  phi: mean=0.6606  max=0.6765  min=0.6432  avg_steps=83.5
  候选点: before=444.4  filtered=53.2  added=53.8  after=445.0
  训练 1 epoch ...
  loss=-0.0014  adv_var=1.8399  耗时=41.8s
  *** 新纪录！phi_max=0.6765  已保存: experiments/20260316_193334/construct_v7.0_best.pth + best_packing.conf ***

============================================================
迭代 6/20  lr=5.00e-04
  采集 50 个样本 (模型策略)...
  [采集完成] 50 条  phi: mean=0.6642  max=0.6755  min=0.6515
  phi: mean=0.6642  max=0.6755  min=0.6515  avg_steps=81.9
  候选点: before=421.6  filtered=52.3  added=52.9  after=422.2
  训练 1 epoch ...
  loss=-0.1250  adv_var=1.7119  耗时=40.3s

============================================================
迭代 7/20  lr=5.00e-04
  采集 50 个样本 (模型策略)...
  [采集完成] 50 条  phi: mean=0.6641  max=0.6771  min=0.6490
  phi: mean=0.6641  max=0.6771  min=0.6490  avg_steps=80.9
  候选点: before=425.7  filtered=52.6  added=53.2  after=426.3
  训练 1 epoch ...
  loss=-0.1069  adv_var=1.8314  耗时=40.4s
  *** 新纪录！phi_max=0.6771  已保存: experiments/20260316_193334/construct_v7.0_best.pth + best_packing.conf ***

============================================================
迭代 8/20  lr=5.00e-04
  采集 50 个样本 (模型策略)...
  [采集完成] 50 条  phi: mean=0.6666  max=0.6807  min=0.6540
  phi: mean=0.6666  max=0.6807  min=0.6540  avg_steps=80.8
  候选点: before=417.3  filtered=53.3  added=53.9  after=417.9
  训练 1 epoch ...
  loss=-0.2300  adv_var=1.7750  耗时=38.3s
  *** 新纪录！phi_max=0.6807  已保存: experiments/20260316_193334/construct_v7.0_best.pth + best_packing.conf ***

============================================================
迭代 9/20  lr=5.00e-04
  采集 50 个样本 (模型策略)...
  [采集完成] 50 条  phi: mean=0.6668  max=0.6805  min=0.6578
  phi: mean=0.6668  max=0.6805  min=0.6578  avg_steps=79.8
  候选点: before=416.4  filtered=53.5  added=54.1  after=417.0
  训练 1 epoch ...
  loss=-0.1639  adv_var=1.8593  耗时=37.9s

============================================================
迭代 10/20  lr=5.00e-04
  采集 50 个样本 (模型策略)...
  [采集完成] 50 条  phi: mean=0.6701  max=0.6851  min=0.6555
  phi: mean=0.6701  max=0.6851  min=0.6555  avg_steps=80.5
  候选点: before=410.1  filtered=53.0  added=53.6  after=410.8
  训练 1 epoch ...
  loss=-0.2255  adv_var=1.8604  耗时=39.6s
  *** 新纪录！phi_max=0.6851  已保存: experiments/20260316_193334/construct_v7.0_best.pth + best_packing.conf ***

============================================================
迭代 11/20  lr=5.00e-04
  采集 50 个样本 (模型策略)...
  [采集完成] 50 条  phi: mean=0.6685  max=0.6843  min=0.6532
  phi: mean=0.6685  max=0.6843  min=0.6532  avg_steps=79.4
  候选点: before=414.5  filtered=53.2  added=53.8  after=415.1
  训练 1 epoch ...
  loss=-0.0117  adv_var=1.8022  耗时=39.1s

============================================================
迭代 12/20  lr=5.00e-04
  采集 50 个样本 (模型策略)...
  [采集完成] 50 条  phi: mean=0.6697  max=0.6852  min=0.6566
  phi: mean=0.6697  max=0.6852  min=0.6566  avg_steps=80.8
  候选点: before=422.6  filtered=53.0  added=53.7  after=423.2
  训练 1 epoch ...
  loss=-0.2591  adv_var=1.8409  耗时=41.3s
  *** 新纪录！phi_max=0.6852  已保存: experiments/20260316_193334/construct_v7.0_best.pth + best_packing.conf ***

============================================================
迭代 13/20  lr=5.00e-04
  采集 50 个样本 (模型策略)...
  [采集完成] 50 条  phi: mean=0.6713  max=0.6890  min=0.6606
  phi: mean=0.6713  max=0.6890  min=0.6606  avg_steps=80.2
  候选点: before=417.5  filtered=52.9  added=53.5  after=418.1
  训练 1 epoch ...
  loss=-0.2476  adv_var=1.8640  耗时=39.4s
  *** 新纪录！phi_max=0.6890  已保存: experiments/20260316_193334/construct_v7.0_best.pth + best_packing.conf ***

============================================================
迭代 14/20  lr=5.00e-04
  采集 50 个样本 (模型策略)...
  [采集完成] 50 条  phi: mean=0.6700  max=0.6814  min=0.6594
  phi: mean=0.6700  max=0.6814  min=0.6594  avg_steps=79.4
  候选点: before=413.5  filtered=53.1  added=53.7  after=414.1
  训练 1 epoch ...
  loss=0.0945  adv_var=1.8428  耗时=38.4s

============================================================
迭代 15/20  lr=5.00e-04
  采集 50 个样本 (模型策略)...
  [采集完成] 50 条  phi: mean=0.6690  max=0.6795  min=0.6573
  phi: mean=0.6690  max=0.6795  min=0.6573  avg_steps=78.6
  候选点: before=410.5  filtered=53.0  added=53.6  after=411.1
  训练 1 epoch ...
  loss=-0.2043  adv_var=1.8176  耗时=36.8s

============================================================
迭代 16/20  lr=5.00e-04
  采集 50 个样本 (模型策略)...
  [采集完成] 50 条  phi: mean=0.6702  max=0.6793  min=0.6551
  phi: mean=0.6702  max=0.6793  min=0.6551  avg_steps=79.2
  候选点: before=409.7  filtered=53.2  added=53.8  after=410.3
  训练 1 epoch ...
  loss=-0.0918  adv_var=1.8035  耗时=36.9s

============================================================
迭代 17/20  lr=5.00e-04
  采集 50 个样本 (模型策略)...
  [采集完成] 50 条  phi: mean=0.6694  max=0.6838  min=0.6552
  phi: mean=0.6694  max=0.6838  min=0.6552  avg_steps=76.9
  候选点: before=400.8  filtered=52.7  added=53.3  after=401.3
  训练 1 epoch ...
  loss=-0.1347  adv_var=1.8421  耗时=34.7s

============================================================
迭代 18/20  lr=5.00e-04
  采集 50 个样本 (模型策略)...
  [采集完成] 50 条  phi: mean=0.6713  max=0.6851  min=0.6575
  phi: mean=0.6713  max=0.6851  min=0.6575  avg_steps=76.7
  候选点: before=402.3  filtered=52.6  added=53.2  after=402.9
  训练 1 epoch ...
  loss=-0.0982  adv_var=1.8175  耗时=35.2s

============================================================
迭代 19/20  lr=5.00e-04
  采集 50 个样本 (模型策略)...
  [采集完成] 50 条  phi: mean=0.6703  max=0.6805  min=0.6603
  phi: mean=0.6703  max=0.6805  min=0.6603  avg_steps=76.0
  候选点: before=400.7  filtered=52.6  added=53.2  after=401.3
  训练 1 epoch ...
  loss=0.1761  adv_var=1.7449  耗时=35.3s

============================================================
迭代 20/20  lr=5.00e-04
  采集 50 个样本 (模型策略)...
  [采集完成] 50 条  phi: mean=0.6717  max=0.6868  min=0.6609
  phi: mean=0.6717  max=0.6868  min=0.6609  avg_steps=77.4
  候选点: before=405.9  filtered=52.5  added=53.1  after=406.5
  训练 1 epoch ...
  loss=-0.0217  adv_var=1.8523  耗时=36.0s

训练完成！最终模型已保存至 experiments/20260316_193334/construct_v7.0_final.pth

============================================================
开始评测（采样策略 T=5.0，共 20 局）...
  [采集完成] 20 条  phi: mean=0.6721  max=0.6832  min=0.6618
  评测完成  phi: mean=0.6721  max=0.6832  min=0.6618
  报告已保存: experiments/20260316_193334/eval_report.txt
  最优堆积已保存: experiments/20260316_193334/best_packing.conf  (phi=0.6832)
