实验目录: experiments/20260316_114841
使用设备: cpu
目标粒子数: 100  目标体积分数: 0.72

============================================================
迭代 1/20  lr=5.00e-04
  采集 50 个样本 (随机策略)...
  [采集完成] 50 条  phi: mean=0.6430  max=0.6590  min=0.6305
  phi: mean=0.6430  max=0.6590  min=0.6305  avg_steps=115.8
  候选点: before=210.2  filtered=15.2  added=16.1  after=211.1
  训练 1 epoch ...
  loss=0.1289  adv_var=1.8613  耗时=78.7s
  *** 新纪录！phi_max=0.6590  已保存: experiments/20260316_114841/construct_v7.0_best.pth + best_packing.conf ***

============================================================
迭代 2/20  lr=5.00e-04
  采集 50 个样本 (模型策略)...
  [采集完成] 50 条  phi: mean=0.6499  max=0.6615  min=0.6364
  phi: mean=0.6499  max=0.6615  min=0.6364  avg_steps=111.7
  候选点: before=199.6  filtered=15.0  added=15.9  after=200.5
  训练 1 epoch ...
  loss=-0.1140  adv_var=1.8591  耗时=76.6s
  *** 新纪录！phi_max=0.6615  已保存: experiments/20260316_114841/construct_v7.0_best.pth + best_packing.conf ***

============================================================
迭代 3/20  lr=5.00e-04
  采集 50 个样本 (模型策略)...
  [采集完成] 50 条  phi: mean=0.6514  max=0.6642  min=0.6398
  phi: mean=0.6514  max=0.6642  min=0.6398  avg_steps=108.4
  候选点: before=189.6  filtered=14.8  added=15.7  after=190.5
  训练 1 epoch ...
  loss=-0.0214  adv_var=1.7842  耗时=67.9s
  *** 新纪录！phi_max=0.6642  已保存: experiments/20260316_114841/construct_v7.0_best.pth + best_packing.conf ***

============================================================
迭代 4/20  lr=5.00e-04
  采集 50 个样本 (模型策略)...
  [采集完成] 50 条  phi: mean=0.6605  max=0.6716  min=0.6459
  phi: mean=0.6605  max=0.6716  min=0.6459  avg_steps=104.8
  候选点: before=174.0  filtered=14.6  added=15.5  after=174.9
  训练 1 epoch ...
  loss=-0.3709  adv_var=1.8156  耗时=61.6s
  *** 新纪录！phi_max=0.6716  已保存: experiments/20260316_114841/construct_v7.0_best.pth + best_packing.conf ***

============================================================
迭代 5/20  lr=5.00e-04
  采集 50 个样本 (模型策略)...
  [采集完成] 50 条  phi: mean=0.6569  max=0.6653  min=0.6445
  phi: mean=0.6569  max=0.6653  min=0.6445  avg_steps=106.1
  候选点: before=181.7  filtered=14.9  added=15.8  after=182.6
  训练 1 epoch ...
  loss=0.2458  adv_var=1.9057  耗时=61.6s

============================================================
迭代 6/20  lr=5.00e-04
  采集 50 个样本 (模型策略)...
  [采集完成] 50 条  phi: mean=0.6610  max=0.6717  min=0.6445
  phi: mean=0.6610  max=0.6717  min=0.6445  avg_steps=104.0
  候选点: before=172.1  filtered=14.7  added=15.5  after=172.9
  训练 1 epoch ...
  loss=-0.1424  adv_var=1.8593  耗时=62.3s
  *** 新纪录！phi_max=0.6717  已保存: experiments/20260316_114841/construct_v7.0_best.pth + best_packing.conf ***

============================================================
迭代 7/20  lr=5.00e-04
  采集 50 个样本 (模型策略)...
  [采集完成] 50 条  phi: mean=0.6592  max=0.6778  min=0.6445
  phi: mean=0.6592  max=0.6778  min=0.6445  avg_steps=104.4
  候选点: before=173.8  filtered=14.7  added=15.6  after=174.7
  训练 1 epoch ...
  loss=0.1957  adv_var=1.8054  耗时=64.6s
  *** 新纪录！phi_max=0.6778  已保存: experiments/20260316_114841/construct_v7.0_best.pth + best_packing.conf ***

============================================================
迭代 8/20  lr=5.00e-04
  采集 50 个样本 (模型策略)...
  [采集完成] 50 条  phi: mean=0.6598  max=0.6749  min=0.6436
  phi: mean=0.6598  max=0.6749  min=0.6436  avg_steps=104.3
  候选点: before=175.3  filtered=14.8  added=15.7  after=176.1
  训练 1 epoch ...
  loss=0.0214  adv_var=1.8388  耗时=61.4s

============================================================
迭代 9/20  lr=5.00e-04
  采集 50 个样本 (模型策略)...
  [采集完成] 50 条  phi: mean=0.6637  max=0.6756  min=0.6504
  phi: mean=0.6637  max=0.6756  min=0.6504  avg_steps=100.6
  候选点: before=166.2  filtered=14.8  added=15.6  after=167.1
  训练 1 epoch ...
  loss=-0.0711  adv_var=1.7545  耗时=60.0s

============================================================
迭代 10/20  lr=5.00e-04
  采集 50 个样本 (模型策略)...
  [采集完成] 50 条  phi: mean=0.6696  max=0.6853  min=0.6538
  phi: mean=0.6696  max=0.6853  min=0.6538  avg_steps=97.0
  候选点: before=157.5  filtered=14.4  added=15.3  after=158.4
  训练 1 epoch ...
  loss=-0.1485  adv_var=1.7816  耗时=50.3s
  *** 新纪录！phi_max=0.6853  已保存: experiments/20260316_114841/construct_v7.0_best.pth + best_packing.conf ***

============================================================
迭代 11/20  lr=5.00e-04
  采集 50 个样本 (模型策略)...
  [采集完成] 50 条  phi: mean=0.6670  max=0.6790  min=0.6585
  phi: mean=0.6670  max=0.6790  min=0.6585  avg_steps=98.9
  候选点: before=162.7  filtered=14.7  added=15.6  after=163.6
  训练 1 epoch ...
  loss=-0.4637  adv_var=1.7240  耗时=54.8s

============================================================
迭代 12/20  lr=5.00e-04
  采集 50 个样本 (模型策略)...
  [采集完成] 50 条  phi: mean=0.6718  max=0.6936  min=0.6613
  phi: mean=0.6718  max=0.6936  min=0.6613  avg_steps=95.1
  候选点: before=150.0  filtered=14.4  added=15.3  after=150.9
  训练 1 epoch ...
  loss=-0.2758  adv_var=1.7885  耗时=49.6s
  *** 新纪录！phi_max=0.6936  已保存: experiments/20260316_114841/construct_v7.0_best.pth + best_packing.conf ***

============================================================
迭代 13/20  lr=5.00e-04
  采集 50 个样本 (模型策略)...
  [采集完成] 50 条  phi: mean=0.6751  max=0.6869  min=0.6663
  phi: mean=0.6751  max=0.6869  min=0.6663  avg_steps=91.2
  候选点: before=145.0  filtered=14.5  added=15.3  after=145.9
  训练 1 epoch ...
  loss=0.4526  adv_var=1.7733  耗时=43.0s

============================================================
迭代 14/20  lr=5.00e-04
  采集 50 个样本 (模型策略)...
  [采集完成] 50 条  phi: mean=0.6748  max=0.6879  min=0.6609
  phi: mean=0.6748  max=0.6879  min=0.6609  avg_steps=92.6
  候选点: before=144.9  filtered=14.3  added=15.1  after=145.8
  训练 1 epoch ...
  loss=-0.3691  adv_var=1.8034  耗时=46.9s

============================================================
迭代 15/20  lr=5.00e-04
  采集 50 个样本 (模型策略)...
  [采集完成] 50 条  phi: mean=0.6773  max=0.6886  min=0.6621
  phi: mean=0.6773  max=0.6886  min=0.6621  avg_steps=89.5
  候选点: before=136.2  filtered=14.3  added=15.1  after=137.1
  训练 1 epoch ...
  loss=0.0743  adv_var=1.7681  耗时=42.1s

============================================================
迭代 16/20  lr=5.00e-04
  采集 50 个样本 (模型策略)...
  [采集完成] 50 条  phi: mean=0.6780  max=0.6925  min=0.6645
  phi: mean=0.6780  max=0.6925  min=0.6645  avg_steps=88.9
  候选点: before=139.0  filtered=14.1  added=15.0  after=139.9
  训练 1 epoch ...
  loss=-0.0296  adv_var=1.8446  耗时=41.9s

============================================================
迭代 17/20  lr=5.00e-04
  采集 50 个样本 (模型策略)...
  [采集完成] 50 条  phi: mean=0.6791  max=0.6915  min=0.6691
  phi: mean=0.6791  max=0.6915  min=0.6691  avg_steps=88.4
  候选点: before=139.8  filtered=14.1  added=15.0  after=140.7
  训练 1 epoch ...
  loss=0.0052  adv_var=1.8556  耗时=44.3s

============================================================
迭代 18/20  lr=5.00e-04
  采集 50 个样本 (模型策略)...
  [采集完成] 50 条  phi: mean=0.6779  max=0.6892  min=0.6642
  phi: mean=0.6779  max=0.6892  min=0.6642  avg_steps=89.8
  候选点: before=139.0  filtered=13.9  added=14.8  after=139.9
  训练 1 epoch ...
  loss=0.0877  adv_var=1.8250  耗时=44.0s

============================================================
迭代 19/20  lr=5.00e-04
  采集 50 个样本 (模型策略)...
  [采集完成] 50 条  phi: mean=0.6761  max=0.6925  min=0.6624
  phi: mean=0.6761  max=0.6925  min=0.6624  avg_steps=90.1
  候选点: before=139.5  filtered=14.1  added=14.9  after=140.3
  训练 1 epoch ...
  loss=-0.0218  adv_var=1.8355  耗时=43.4s

============================================================
迭代 20/20  lr=5.00e-04
  采集 50 个样本 (模型策略)...
  [采集完成] 50 条  phi: mean=0.6774  max=0.6943  min=0.6657
  phi: mean=0.6774  max=0.6943  min=0.6657  avg_steps=92.1
  候选点: before=141.9  filtered=14.0  added=14.8  after=142.8
  训练 1 epoch ...
  loss=-0.5498  adv_var=1.8706  耗时=46.1s
  *** 新纪录！phi_max=0.6943  已保存: experiments/20260316_114841/construct_v7.0_best.pth + best_packing.conf ***

训练完成！最终模型已保存至 experiments/20260316_114841/construct_v7.0_final.pth

============================================================
开始评测（采样策略 T=5.0，共 20 局）...
  [采集完成] 20 条  phi: mean=0.6774  max=0.6842  min=0.6710
  评测完成  phi: mean=0.6774  max=0.6842  min=0.6710
  报告已保存: experiments/20260316_114841/eval_report.txt
  最优堆积已保存: experiments/20260316_114841/best_packing.conf  (phi=0.6842)
