实验目录: experiments\20260315_171412
使用设备: cuda
目标粒子数: 50  目标体积分数: 0.72

============================================================
迭代 1/10  lr=5.00e-04
  采集 10 个样本 (随机策略)...
  [采集完成] 10 条  phi: mean=0.6088  max=0.6259  min=0.5939
  phi: mean=0.6088  max=0.6259  min=0.5939  avg_steps=44.3
  数据已保存: data\20260315_171412_iter001.pkl
  候选点: before=449.7  filtered=79.1  added=78.8  after=449.4
  训练 10 epoch ...
  loss=-0.4332  耗时=8.8s
  *** 新纪录！phi_max=0.6259  已保存: experiments\20260315_171412\construct_v7.0_best.pth + best_packing.conf ***

============================================================
迭代 2/10  lr=5.00e-04
  采集 10 个样本 (模型策略)...
  [采集完成] 10 条  phi: mean=0.6447  max=0.6693  min=0.6200
  phi: mean=0.6447  max=0.6693  min=0.6200  avg_steps=36.4
  数据已保存: data\20260315_171412_iter002.pkl
  候选点: before=399.6  filtered=78.7  added=78.2  after=399.1
  训练 10 epoch ...
  loss=-0.1435  耗时=8.1s
  *** 新纪录！phi_max=0.6693  已保存: experiments\20260315_171412\construct_v7.0_best.pth + best_packing.conf ***

============================================================
迭代 3/10  lr=5.00e-04
  采集 10 个样本 (模型策略)...
  [采集完成] 10 条  phi: mean=0.6503  max=0.6613  min=0.6374
  phi: mean=0.6503  max=0.6613  min=0.6374  avg_steps=34.2
  数据已保存: data\20260315_171412_iter003.pkl
  候选点: before=386.3  filtered=78.8  added=78.2  after=385.6
  训练 10 epoch ...
  loss=0.0082  耗时=8.0s

============================================================
迭代 4/10  lr=5.00e-04
  采集 10 个样本 (模型策略)...
  [采集完成] 10 条  phi: mean=0.6640  max=0.6771  min=0.6511
  phi: mean=0.6640  max=0.6771  min=0.6511  avg_steps=34.4
  数据已保存: data\20260315_171412_iter004.pkl
  候选点: before=374.0  filtered=81.8  added=81.2  after=373.4
  训练 10 epoch ...
  loss=-0.1358  耗时=7.8s
  *** 新纪录！phi_max=0.6771  已保存: experiments\20260315_171412\construct_v7.0_best.pth + best_packing.conf ***

============================================================
迭代 5/10  lr=5.00e-04
  采集 10 个样本 (模型策略)...
  [采集完成] 10 条  phi: mean=0.6582  max=0.6766  min=0.6476
  phi: mean=0.6582  max=0.6766  min=0.6476  avg_steps=34.9
  数据已保存: data\20260315_171412_iter005.pkl
  候选点: before=386.3  filtered=83.2  added=82.6  after=385.7
  训练 10 epoch ...
  loss=-0.0147  耗时=7.9s

============================================================
迭代 6/10  lr=5.00e-04
  采集 10 个样本 (模型策略)...
  [采集完成] 10 条  phi: mean=0.6596  max=0.6886  min=0.6461
  phi: mean=0.6596  max=0.6886  min=0.6461  avg_steps=34.3
  数据已保存: data\20260315_171412_iter006.pkl
  候选点: before=374.3  filtered=79.8  added=79.1  after=373.7
  训练 10 epoch ...
  loss=-0.0468  耗时=7.7s
  *** 新纪录！phi_max=0.6886  已保存: experiments\20260315_171412\construct_v7.0_best.pth + best_packing.conf ***

============================================================
迭代 7/10  lr=5.00e-04
  采集 10 个样本 (模型策略)...
  [采集完成] 10 条  phi: mean=0.6666  max=0.6790  min=0.6609
  phi: mean=0.6666  max=0.6790  min=0.6609  avg_steps=34.1
  数据已保存: data\20260315_171412_iter007.pkl
  候选点: before=369.5  filtered=80.9  added=80.3  after=368.8
  训练 10 epoch ...
  loss=-0.3156  耗时=8.5s

============================================================
迭代 8/10  lr=5.00e-04
  采集 10 个样本 (模型策略)...
  [采集完成] 10 条  phi: mean=0.6550  max=0.6795  min=0.6332
  phi: mean=0.6550  max=0.6795  min=0.6332  avg_steps=32.4
  数据已保存: data\20260315_171412_iter008.pkl
  候选点: before=343.9  filtered=75.0  added=74.3  after=343.1
  训练 10 epoch ...
  loss=-0.1518  耗时=8.2s

============================================================
迭代 9/10  lr=5.00e-04
  采集 10 个样本 (模型策略)...
  [采集完成] 10 条  phi: mean=0.6604  max=0.6771  min=0.6411
  phi: mean=0.6604  max=0.6771  min=0.6411  avg_steps=30.7
  数据已保存: data\20260315_171412_iter009.pkl
  候选点: before=330.3  filtered=76.3  added=75.4  after=329.5
  训练 10 epoch ...
  loss=-0.1316  耗时=7.2s

============================================================
迭代 10/10  lr=5.00e-04
  采集 10 个样本 (模型策略)...
  [采集完成] 10 条  phi: mean=0.6582  max=0.6658  min=0.6466
  phi: mean=0.6582  max=0.6658  min=0.6466  avg_steps=33.6
  数据已保存: data\20260315_171412_iter010.pkl
  候选点: before=350.4  filtered=74.6  added=74.0  after=349.7
  [退步] phi_max 0.6658 < 0.6771 - 0.01
  [回滚] 模型已恢复，lr 调整为 2.50e-04
  训练 10 epoch ...
  loss=-0.1317  耗时=7.8s

训练完成！最终模型已保存至 experiments\20260315_171412\construct_v7.0_final.pth

============================================================
开始评测（采样策略 T=1.0，共 20 局）...
  [采集完成] 20 条  phi: mean=0.6487  max=0.6641  min=0.6248
  评测完成  phi: mean=0.6487  max=0.6641  min=0.6248
  报告已保存: experiments\20260315_171412\eval_report.txt
  最优堆积已保存: experiments\20260315_171412\best_packing.conf  (phi=0.6641)
