实验目录: experiments/20260316_104546
使用设备: cpu
目标粒子数: 100  目标体积分数: 0.72

============================================================
迭代 1/100  lr=5.00e-04
  采集 50 个样本 (随机策略)...
  [采集完成] 50 条  phi: mean=0.6747  max=0.7003  min=0.6361
  phi: mean=0.6747  max=0.7003  min=0.6361  avg_steps=196.0
  候选点: before=340.8  filtered=10.3  added=12.8  after=343.3
  训练 1 epoch ...
  loss=-0.1827  adv_var=1.9006  耗时=371.1s
  *** 新纪录！phi_max=0.7003  已保存: experiments/20260316_104546/construct_v7.0_best.pth + best_packing.conf ***

============================================================
迭代 2/100  lr=5.00e-04
  采集 50 个样本 (模型策略)...
  [采集完成] 50 条  phi: mean=0.6924  max=0.7200  min=0.6511
  phi: mean=0.6924  max=0.7200  min=0.6511  avg_steps=196.0
  候选点: before=300.4  filtered=9.8  added=11.8  after=302.4
  训练 1 epoch ...
  loss=0.7685  adv_var=1.8548  耗时=371.7s
  *** 新纪录！phi_max=0.7200  已保存: experiments/20260316_104546/construct_v7.0_best.pth + best_packing.conf ***

============================================================
迭代 3/100  lr=5.00e-04
  采集 50 个样本 (模型策略)...
  [采集完成] 50 条  phi: mean=0.6876  max=0.7102  min=0.6561
  phi: mean=0.6876  max=0.7102  min=0.6561  avg_steps=196.0
  候选点: before=311.0  filtered=9.8  added=12.0  after=313.1
  训练 1 epoch ...
  loss=-0.7821  adv_var=1.7629  耗时=371.8s

============================================================
迭代 4/100  lr=5.00e-04
  采集 50 个样本 (模型策略)...
  [采集完成] 50 条  phi: mean=0.7278  max=0.7447  min=0.7103
  phi: mean=0.7278  max=0.7447  min=0.7103  avg_steps=195.0
  候选点: before=190.4  filtered=9.0  added=10.2  after=191.6
  训练 1 epoch ...
  loss=-0.8280  adv_var=1.7107  耗时=374.3s
  *** 新纪录！phi_max=0.7447  已保存: experiments/20260316_104546/construct_v7.0_best.pth + best_packing.conf ***

============================================================
迭代 5/100  lr=5.00e-04
  采集 50 个样本 (模型策略)...
  [采集完成] 50 条  phi: mean=0.7406  max=0.7522  min=0.7298
  phi: mean=0.7406  max=0.7522  min=0.7298  avg_steps=188.6
  候选点: before=174.8  filtered=8.4  added=9.5  after=175.8
  训练 1 epoch ...
  loss=-0.1958  adv_var=1.8426  耗时=328.2s
  *** 新纪录！phi_max=0.7522  已保存: experiments/20260316_104546/construct_v7.0_best.pth + best_packing.conf ***

============================================================
迭代 6/100  lr=5.00e-04
  采集 50 个样本 (模型策略)...
  [采集完成] 50 条  phi: mean=0.7403  max=0.7537  min=0.7250
  phi: mean=0.7403  max=0.7537  min=0.7250  avg_steps=189.4
  候选点: before=175.6  filtered=8.5  added=9.5  after=176.6
  训练 1 epoch ...
  loss=-0.1536  adv_var=1.7962  耗时=338.3s
  *** 新纪录！phi_max=0.7537  已保存: experiments/20260316_104546/construct_v7.0_best.pth + best_packing.conf ***

============================================================
迭代 7/100  lr=5.00e-04
  采集 50 个样本 (模型策略)...
  [采集完成] 50 条  phi: mean=0.7415  max=0.7523  min=0.7298
  phi: mean=0.7415  max=0.7523  min=0.7298  avg_steps=190.4
  候选点: before=175.7  filtered=8.5  added=9.5  after=176.7
  训练 1 epoch ...
  loss=0.3794  adv_var=1.7892  耗时=345.2s

============================================================
迭代 8/100  lr=5.00e-04
  采集 50 个样本 (模型策略)...
  [采集完成] 50 条  phi: mean=0.7425  max=0.7552  min=0.7297
  phi: mean=0.7425  max=0.7552  min=0.7297  avg_steps=188.3
  候选点: before=174.9  filtered=8.5  added=9.4  after=175.8
  训练 1 epoch ...
  loss=-0.0467  adv_var=1.7658  耗时=328.6s
  *** 新纪录！phi_max=0.7552  已保存: experiments/20260316_104546/construct_v7.0_best.pth + best_packing.conf ***

============================================================
迭代 9/100  lr=5.00e-04
  采集 50 个样本 (模型策略)...
  [采集完成] 50 条  phi: mean=0.7411  max=0.7509  min=0.7299
  phi: mean=0.7411  max=0.7509  min=0.7299  avg_steps=190.4
  候选点: before=175.2  filtered=8.4  added=9.4  after=176.2
  训练 1 epoch ...
  loss=0.2197  adv_var=1.8099  耗时=340.1s

============================================================
迭代 10/100  lr=5.00e-04
  采集 50 个样本 (模型策略)...
  [采集完成] 50 条  phi: mean=0.7403  max=0.7523  min=0.7291
  phi: mean=0.7403  max=0.7523  min=0.7291  avg_steps=190.1
  候选点: before=178.8  filtered=8.5  added=9.5  after=179.8
  训练 1 epoch ...
  loss=-0.2002  adv_var=1.7779  耗时=348.6s

============================================================
迭代 11/100  lr=5.00e-04
  采集 50 个样本 (模型策略)...
  [采集完成] 50 条  phi: mean=0.7426  max=0.7529  min=0.7320
  phi: mean=0.7426  max=0.7529  min=0.7320  avg_steps=188.1
  候选点: before=175.2  filtered=8.3  added=9.3  after=176.1
  训练 1 epoch ...
  loss=-0.0804  adv_var=1.8637  耗时=342.9s

============================================================
迭代 12/100  lr=5.00e-04
  采集 50 个样本 (模型策略)...
  [采集完成] 50 条  phi: mean=0.7414  max=0.7523  min=0.7201
  phi: mean=0.7414  max=0.7523  min=0.7201  avg_steps=187.4
  候选点: before=174.4  filtered=8.4  added=9.4  after=175.4
  训练 1 epoch ...
  loss=-0.3273  adv_var=1.7837  耗时=339.7s

============================================================
迭代 13/100  lr=5.00e-04
  采集 50 个样本 (模型策略)...
  [采集完成] 50 条  phi: mean=0.7420  max=0.7510  min=0.7299
  phi: mean=0.7420  max=0.7510  min=0.7299  avg_steps=189.2
  候选点: before=177.7  filtered=8.4  added=9.4  after=178.6
  训练 1 epoch ...
  loss=-0.0258  adv_var=1.8562  耗时=340.5s

============================================================
迭代 14/100  lr=5.00e-04
  采集 50 个样本 (模型策略)...
  [采集完成] 50 条  phi: mean=0.7410  max=0.7544  min=0.7298
  phi: mean=0.7410  max=0.7544  min=0.7298  avg_steps=189.2
  候选点: before=177.0  filtered=8.5  added=9.4  after=178.0
  训练 1 epoch ...
  loss=0.0050  adv_var=1.7749  耗时=345.7s

============================================================
迭代 15/100  lr=5.00e-04
  采集 50 个样本 (模型策略)...
  [采集完成] 50 条  phi: mean=0.7406  max=0.7516  min=0.7249
  phi: mean=0.7406  max=0.7516  min=0.7249  avg_steps=188.4
  候选点: before=181.2  filtered=8.4  added=9.4  after=182.2
  训练 1 epoch ...
  loss=-0.0285  adv_var=1.8575  耗时=340.3s

============================================================
迭代 16/100  lr=5.00e-04
  采集 50 个样本 (模型策略)...
  [采集完成] 50 条  phi: mean=0.7420  max=0.7530  min=0.7298
  phi: mean=0.7420  max=0.7530  min=0.7298  avg_steps=188.5
  候选点: before=177.6  filtered=8.4  added=9.4  after=178.6
  训练 1 epoch ...
  loss=0.1060  adv_var=1.8488  耗时=332.7s

============================================================
迭代 17/100  lr=5.00e-04
  采集 50 个样本 (模型策略)...
  [采集完成] 50 条  phi: mean=0.7419  max=0.7621  min=0.7248
  phi: mean=0.7419  max=0.7621  min=0.7248  avg_steps=188.1
  候选点: before=175.9  filtered=8.4  added=9.4  after=176.9
  训练 1 epoch ...
  loss=-0.0489  adv_var=1.8429  耗时=344.4s
  *** 新纪录！phi_max=0.7621  已保存: experiments/20260316_104546/construct_v7.0_best.pth + best_packing.conf ***

============================================================
迭代 18/100  lr=5.00e-04
  采集 50 个样本 (模型策略)...
  [采集完成] 50 条  phi: mean=0.7406  max=0.7523  min=0.7249
  phi: mean=0.7406  max=0.7523  min=0.7249  avg_steps=189.8
  候选点: before=179.5  filtered=8.4  added=9.4  after=180.5
  训练 1 epoch ...
  loss=-0.1474  adv_var=1.8327  耗时=357.3s

============================================================
迭代 19/100  lr=5.00e-04
  采集 50 个样本 (模型策略)...
  [采集完成] 50 条  phi: mean=0.7423  max=0.7523  min=0.7298
  phi: mean=0.7423  max=0.7523  min=0.7298  avg_steps=188.6
  候选点: before=175.7  filtered=8.4  added=9.4  after=176.7
  训练 1 epoch ...
  loss=-0.0300  adv_var=1.7862  耗时=333.3s

============================================================
迭代 20/100  lr=5.00e-04
  采集 50 个样本 (模型策略)...
  [采集完成] 50 条  phi: mean=0.7408  max=0.7537  min=0.7250
  phi: mean=0.7408  max=0.7537  min=0.7250  avg_steps=189.9
  候选点: before=178.8  filtered=8.3  added=9.4  after=179.8
  训练 1 epoch ...
  loss=-0.1541  adv_var=1.8537  耗时=353.3s

============================================================
迭代 21/100  lr=5.00e-04
  采集 50 个样本 (模型策略)...
  [采集完成] 50 条  phi: mean=0.7413  max=0.7537  min=0.7250
  phi: mean=0.7413  max=0.7537  min=0.7250  avg_steps=187.4
  候选点: before=184.9  filtered=8.4  added=9.5  after=185.9
  训练 1 epoch ...
  loss=-0.0764  adv_var=1.8989  耗时=334.4s

============================================================
迭代 22/100  lr=5.00e-04
  采集 50 个样本 (模型策略)...
  [采集完成] 50 条  phi: mean=0.7399  max=0.7496  min=0.7250
  phi: mean=0.7399  max=0.7496  min=0.7250  avg_steps=191.1
  候选点: before=190.9  filtered=8.4  added=9.5  after=191.9
  训练 1 epoch ...
  loss=-0.4324  adv_var=1.7724  耗时=343.7s

============================================================
迭代 23/100  lr=5.00e-04
  采集 50 个样本 (模型策略)...
  [采集完成] 50 条  phi: mean=0.7179  max=0.7355  min=0.6954
  phi: mean=0.7179  max=0.7355  min=0.6954  avg_steps=195.4
  候选点: before=298.0  filtered=8.9  added=10.4  after=299.6
  [退步] phi_max 0.7355 < 0.7496 - 0.01
  [回滚] 模型已恢复，lr 调整为 2.50e-04
  [跳过训练] 耗时=298.8s  下轮用恢复的模型重新采集

============================================================
迭代 24/100  lr=2.50e-04
  采集 50 个样本 (模型策略)...
  [采集完成] 50 条  phi: mean=0.7198  max=0.7388  min=0.6953
  phi: mean=0.7198  max=0.7388  min=0.6953  avg_steps=195.0
  候选点: before=294.6  filtered=8.9  added=10.3  after=296.1
  [退步] phi_max 0.7388 < 0.7496 - 0.01
  [回滚] 模型已恢复，lr 调整为 1.25e-04
  [跳过训练] 耗时=299.1s  下轮用恢复的模型重新采集

============================================================
迭代 25/100  lr=1.25e-04
  采集 50 个样本 (模型策略)...
  [采集完成] 50 条  phi: mean=0.7200  max=0.7396  min=0.6953
  phi: mean=0.7200  max=0.7396  min=0.6953  avg_steps=195.0
  候选点: before=289.0  filtered=8.8  added=10.2  after=290.3
  训练 1 epoch ...
  loss=0.2387  adv_var=1.8542  耗时=372.4s

============================================================
迭代 26/100  lr=1.25e-04
  采集 50 个样本 (模型策略)...
  [采集完成] 50 条  phi: mean=0.7150  max=0.7326  min=0.6904
  phi: mean=0.7150  max=0.7326  min=0.6904  avg_steps=195.3
  候选点: before=314.9  filtered=9.0  added=10.5  after=316.4
  训练 1 epoch ...
  loss=-0.2971  adv_var=1.7505  耗时=373.2s

============================================================
迭代 27/100  lr=1.25e-04
  采集 50 个样本 (模型策略)...
  [采集完成] 50 条  phi: mean=0.7300  max=0.7502  min=0.7150
  phi: mean=0.7300  max=0.7502  min=0.7150  avg_steps=194.4
  候选点: before=254.1  filtered=8.6  added=9.8  after=255.3
  训练 1 epoch ...
  loss=0.1122  adv_var=1.7574  耗时=371.0s

============================================================
迭代 28/100  lr=1.25e-04
  采集 50 个样本 (模型策略)...
  [采集完成] 50 条  phi: mean=0.7301  max=0.7403  min=0.7102
  phi: mean=0.7301  max=0.7403  min=0.7102  avg_steps=194.5
  候选点: before=242.3  filtered=8.7  added=9.9  after=243.6
  训练 1 epoch ...
  loss=-0.1456  adv_var=1.6813  耗时=374.2s

============================================================
迭代 29/100  lr=1.25e-04
  采集 50 个样本 (模型策略)...
  [采集完成] 50 条  phi: mean=0.7335  max=0.7496  min=0.7150
  phi: mean=0.7335  max=0.7496  min=0.7150  avg_steps=191.3
  候选点: before=226.9  filtered=8.6  added=9.7  after=228.1
  训练 1 epoch ...
  loss=-0.0014  adv_var=1.8334  耗时=352.4s

============================================================
迭代 30/100  lr=1.25e-04
  采集 50 个样本 (模型策略)...
  [采集完成] 50 条  phi: mean=0.7354  max=0.7496  min=0.7200
  phi: mean=0.7354  max=0.7496  min=0.7200  avg_steps=193.2
  候选点: before=228.7  filtered=8.6  added=9.7  after=229.9
  训练 1 epoch ...
  loss=-0.2440  adv_var=1.7208  耗时=366.6s

============================================================
迭代 31/100  lr=1.25e-04
  采集 50 个样本 (模型策略)...
  [采集完成] 50 条  phi: mean=0.7359  max=0.7453  min=0.7199
  phi: mean=0.7359  max=0.7453  min=0.7199  avg_steps=191.8
  候选点: before=223.6  filtered=8.6  added=9.7  after=224.7
  训练 1 epoch ...
  loss=-0.4148  adv_var=1.6590  耗时=357.2s

============================================================
迭代 32/100  lr=1.25e-04
  采集 50 个样本 (模型策略)...
  [采集完成] 50 条  phi: mean=0.7350  max=0.7516  min=0.7151
  phi: mean=0.7350  max=0.7516  min=0.7151  avg_steps=192.4
  候选点: before=220.3  filtered=8.6  added=9.7  after=221.4
  训练 1 epoch ...
  loss=-0.1287  adv_var=1.8363  耗时=351.0s

============================================================
迭代 33/100  lr=1.25e-04
  采集 50 个样本 (模型策略)...
  [采集完成] 50 条  phi: mean=0.7350  max=0.7522  min=0.7150
  phi: mean=0.7350  max=0.7522  min=0.7150  avg_steps=192.1
  候选点: before=227.7  filtered=8.7  added=9.8  after=228.9
  训练 1 epoch ...
  loss=0.0589  adv_var=1.7235  耗时=361.5s

============================================================
迭代 34/100  lr=1.25e-04
  采集 50 个样本 (模型策略)...
  [采集完成] 50 条  phi: mean=0.7360  max=0.7474  min=0.7201
  phi: mean=0.7360  max=0.7474  min=0.7201  avg_steps=193.3
  候选点: before=220.8  filtered=8.5  added=9.7  after=221.9
  训练 1 epoch ...
  loss=-0.1832  adv_var=1.7615  耗时=366.6s

============================================================
迭代 35/100  lr=1.25e-04
  采集 50 个样本 (模型策略)...
  [采集完成] 50 条  phi: mean=0.7333  max=0.7474  min=0.7102
  phi: mean=0.7333  max=0.7474  min=0.7102  avg_steps=194.0
  候选点: before=227.5  filtered=8.5  added=9.7  after=228.7
  训练 1 epoch ...
  loss=0.1196  adv_var=1.8288  耗时=363.8s

============================================================
迭代 36/100  lr=1.25e-04
  采集 50 个样本 (模型策略)...
  [采集完成] 50 条  phi: mean=0.7342  max=0.7461  min=0.7101
  phi: mean=0.7342  max=0.7461  min=0.7101  avg_steps=192.3
  候选点: before=228.5  filtered=8.6  added=9.8  after=229.6
  训练 1 epoch ...
  loss=0.0453  adv_var=1.8384  耗时=362.6s

============================================================
迭代 37/100  lr=1.25e-04
  采集 50 个样本 (模型策略)...
  [采集完成] 50 条  phi: mean=0.7358  max=0.7516  min=0.7200
  phi: mean=0.7358  max=0.7516  min=0.7200  avg_steps=193.0
  候选点: before=225.4  filtered=8.6  added=9.7  after=226.5
  训练 1 epoch ...
  loss=-0.0761  adv_var=1.8504  耗时=361.7s

============================================================
迭代 38/100  lr=1.25e-04
  采集 50 个样本 (模型策略)...
  [采集完成] 50 条  phi: mean=0.7347  max=0.7496  min=0.7200
  phi: mean=0.7347  max=0.7496  min=0.7200  avg_steps=193.0
  候选点: before=229.3  filtered=8.7  added=9.8  after=230.4
  训练 1 epoch ...
  loss=-0.0077  adv_var=1.7642  耗时=363.2s

============================================================
迭代 39/100  lr=1.25e-04
  采集 50 个样本 (模型策略)...
  [采集完成] 50 条  phi: mean=0.7312  max=0.7509  min=0.7053
  phi: mean=0.7312  max=0.7509  min=0.7053  avg_steps=193.4
  候选点: before=235.5  filtered=8.7  added=9.8  after=236.7
  训练 1 epoch ...
  loss=-0.1691  adv_var=1.8572  耗时=358.4s

============================================================
迭代 40/100  lr=1.25e-04
  采集 50 个样本 (模型策略)...
  [采集完成] 50 条  phi: mean=0.7332  max=0.7480  min=0.7053
  phi: mean=0.7332  max=0.7480  min=0.7053  avg_steps=192.5
  候选点: before=229.0  filtered=8.7  added=9.8  after=230.1
  训练 1 epoch ...
  loss=-0.1452  adv_var=1.8637  耗时=355.9s

============================================================
迭代 41/100  lr=1.25e-04
  采集 50 个样本 (模型策略)...
  [采集完成] 50 条  phi: mean=0.7347  max=0.7515  min=0.7101
  phi: mean=0.7347  max=0.7515  min=0.7101  avg_steps=192.0
  候选点: before=232.8  filtered=8.5  added=9.7  after=234.0
  训练 1 epoch ...
  loss=0.0986  adv_var=1.7695  耗时=357.9s

============================================================
迭代 42/100  lr=1.25e-04
  采集 50 个样本 (模型策略)...
  [采集完成] 50 条  phi: mean=0.7338  max=0.7454  min=0.7199
  phi: mean=0.7338  max=0.7454  min=0.7199  avg_steps=194.0
  候选点: before=229.8  filtered=8.6  added=9.8  after=230.9
  训练 1 epoch ...
  loss=-0.0547  adv_var=1.7529  耗时=369.6s

============================================================
迭代 43/100  lr=1.25e-04
  采集 50 个样本 (模型策略)...
  [采集完成] 50 条  phi: mean=0.7364  max=0.7537  min=0.7151
  phi: mean=0.7364  max=0.7537  min=0.7151  avg_steps=191.2
  候选点: before=219.5  filtered=8.5  added=9.6  after=220.5
  训练 1 epoch ...
  loss=-0.1469  adv_var=1.8928  耗时=348.6s

============================================================
迭代 44/100  lr=1.25e-04
  采集 50 个样本 (模型策略)...
  [采集完成] 50 条  phi: mean=0.7356  max=0.7516  min=0.7201
  phi: mean=0.7356  max=0.7516  min=0.7201  avg_steps=190.9
  候选点: before=228.5  filtered=8.6  added=9.7  after=229.6
  训练 1 epoch ...
  loss=-0.1901  adv_var=1.8323  耗时=347.3s

============================================================
迭代 45/100  lr=1.25e-04
  采集 50 个样本 (模型策略)...
  [采集完成] 50 条  phi: mean=0.7354  max=0.7481  min=0.7199
  phi: mean=0.7354  max=0.7481  min=0.7199  avg_steps=191.8
  候选点: before=216.3  filtered=8.5  added=9.6  after=217.4
  训练 1 epoch ...
  loss=-0.1196  adv_var=1.8171  耗时=353.9s

============================================================
迭代 46/100  lr=1.25e-04
  采集 50 个样本 (模型策略)...
  [采集完成] 50 条  phi: mean=0.7361  max=0.7467  min=0.7102
  phi: mean=0.7361  max=0.7467  min=0.7102  avg_steps=193.7
  候选点: before=215.4  filtered=8.5  added=9.6  after=216.5
  训练 1 epoch ...
  loss=0.0029  adv_var=1.8281  耗时=360.5s

============================================================
迭代 47/100  lr=1.25e-04
  采集 50 个样本 (模型策略)...
  [采集完成] 50 条  phi: mean=0.7368  max=0.7488  min=0.7249
  phi: mean=0.7368  max=0.7488  min=0.7249  avg_steps=193.9
  候选点: before=217.1  filtered=8.5  added=9.6  after=218.2
  训练 1 epoch ...
  loss=-0.0466  adv_var=1.8370  耗时=363.6s

============================================================
迭代 48/100  lr=1.25e-04
  采集 50 个样本 (模型策略)...
  [采集完成] 50 条  phi: mean=0.7356  max=0.7496  min=0.7200
  phi: mean=0.7356  max=0.7496  min=0.7200  avg_steps=191.6
  候选点: before=221.2  filtered=8.6  added=9.7  after=222.3
  训练 1 epoch ...
  loss=-0.1814  adv_var=1.7860  耗时=362.5s

============================================================
迭代 49/100  lr=1.25e-04
  采集 50 个样本 (模型策略)...
  [采集完成] 50 条  phi: mean=0.7372  max=0.7496  min=0.7150
  phi: mean=0.7372  max=0.7496  min=0.7150  avg_steps=191.9
  候选点: before=214.1  filtered=8.5  added=9.6  after=215.2
  训练 1 epoch ...
  loss=-0.2379  adv_var=1.8054  耗时=361.5s

============================================================
迭代 50/100  lr=1.25e-04
  采集 50 个样本 (模型策略)...
  [采集完成] 50 条  phi: mean=0.7368  max=0.7495  min=0.7199
  phi: mean=0.7368  max=0.7495  min=0.7199  avg_steps=190.9
  候选点: before=211.7  filtered=8.5  added=9.5  after=212.7
  训练 1 epoch ...
  loss=-0.0691  adv_var=1.8151  耗时=359.8s

============================================================
迭代 51/100  lr=1.25e-04
  采集 50 个样本 (模型策略)...
  [采集完成] 50 条  phi: mean=0.7350  max=0.7467  min=0.7150
  phi: mean=0.7350  max=0.7467  min=0.7150  avg_steps=190.8
  候选点: before=212.2  filtered=8.5  added=9.6  after=213.4
  训练 1 epoch ...
  loss=-0.2483  adv_var=1.7567  耗时=341.0s

============================================================
迭代 52/100  lr=1.25e-04
  采集 50 个样本 (模型策略)...
  [采集完成] 50 条  phi: mean=0.7366  max=0.7523  min=0.7151
  phi: mean=0.7366  max=0.7523  min=0.7151  avg_steps=191.6
  候选点: before=216.1  filtered=8.6  added=9.7  after=217.2
  训练 1 epoch ...
  loss=-0.1152  adv_var=1.9158  耗时=354.7s

============================================================
迭代 53/100  lr=1.25e-04
  采集 50 个样本 (模型策略)...
  [采集完成] 50 条  phi: mean=0.7352  max=0.7495  min=0.7150
  phi: mean=0.7352  max=0.7495  min=0.7150  avg_steps=192.4
  候选点: before=220.1  filtered=8.6  added=9.7  after=221.3
  训练 1 epoch ...
  loss=-0.0329  adv_var=1.8305  耗时=354.0s

============================================================
迭代 54/100  lr=1.25e-04
  采集 50 个样本 (模型策略)...
  [采集完成] 50 条  phi: mean=0.7349  max=0.7495  min=0.7150
  phi: mean=0.7349  max=0.7495  min=0.7150  avg_steps=194.2
  候选点: before=222.9  filtered=8.6  added=9.7  after=224.0
  训练 1 epoch ...
  loss=-0.0476  adv_var=1.7375  耗时=367.6s

============================================================
迭代 55/100  lr=1.25e-04
  采集 50 个样本 (模型策略)...
  [采集完成] 50 条  phi: mean=0.7331  max=0.7516  min=0.7151
  phi: mean=0.7331  max=0.7516  min=0.7151  avg_steps=193.4
  候选点: before=231.5  filtered=8.5  added=9.7  after=232.6
  训练 1 epoch ...
  loss=-0.1024  adv_var=1.7357  耗时=363.3s

============================================================
迭代 56/100  lr=1.25e-04
  采集 50 个样本 (模型策略)...
  [采集完成] 50 条  phi: mean=0.7330  max=0.7523  min=0.7102
  phi: mean=0.7330  max=0.7523  min=0.7102  avg_steps=192.7
  候选点: before=230.0  filtered=8.6  added=9.7  after=231.2
  训练 1 epoch ...
  loss=-0.1248  adv_var=1.8273  耗时=359.3s

============================================================
迭代 57/100  lr=1.25e-04
  采集 50 个样本 (模型策略)...
  [采集完成] 50 条  phi: mean=0.7327  max=0.7509  min=0.7151
  phi: mean=0.7327  max=0.7509  min=0.7151  avg_steps=194.2
  候选点: before=236.0  filtered=8.6  added=9.8  after=237.2
  训练 1 epoch ...
  loss=0.0635  adv_var=1.8096  耗时=369.3s

============================================================
迭代 58/100  lr=1.25e-04
  采集 50 个样本 (模型策略)...
  [采集完成] 50 条  phi: mean=0.7290  max=0.7467  min=0.7004
  phi: mean=0.7290  max=0.7467  min=0.7004  avg_steps=194.4
  候选点: before=245.3  filtered=8.7  added=9.9  after=246.6
  训练 1 epoch ...
  loss=0.1172  adv_var=1.8424  耗时=371.3s

============================================================
迭代 59/100  lr=1.25e-04
  采集 50 个样本 (模型策略)...
  [采集完成] 50 条  phi: mean=0.7323  max=0.7502  min=0.7150
  phi: mean=0.7323  max=0.7502  min=0.7150  avg_steps=193.7
  候选点: before=235.8  filtered=8.5  added=9.7  after=237.0
  训练 1 epoch ...
  loss=-0.0527  adv_var=1.8241  耗时=365.1s

============================================================
迭代 60/100  lr=1.25e-04
  采集 50 个样本 (模型策略)...
  [采集完成] 50 条  phi: mean=0.7312  max=0.7448  min=0.7101
  phi: mean=0.7312  max=0.7448  min=0.7101  avg_steps=193.5
  候选点: before=241.0  filtered=8.5  added=9.7  after=242.3
  训练 1 epoch ...
  loss=0.1009  adv_var=1.7116  耗时=357.3s

============================================================
迭代 61/100  lr=1.25e-04
  采集 50 个样本 (模型策略)...
  [采集完成] 50 条  phi: mean=0.7305  max=0.7508  min=0.7102
  phi: mean=0.7305  max=0.7508  min=0.7102  avg_steps=193.9
  候选点: before=244.9  filtered=8.7  added=9.9  after=246.1
  训练 1 epoch ...
  loss=-0.0561  adv_var=1.7610  耗时=367.0s

============================================================
迭代 62/100  lr=1.25e-04
  采集 50 个样本 (模型策略)...
  [采集完成] 50 条  phi: mean=0.7244  max=0.7447  min=0.7003
  phi: mean=0.7244  max=0.7447  min=0.7003  avg_steps=195.5
  候选点: before=266.5  filtered=8.7  added=10.1  after=267.9
  训练 1 epoch ...
  loss=-0.1396  adv_var=1.7563  耗时=375.8s

============================================================
迭代 63/100  lr=1.25e-04
  采集 50 个样本 (模型策略)...
  [采集完成] 50 条  phi: mean=0.7236  max=0.7390  min=0.6954
  phi: mean=0.7236  max=0.7390  min=0.6954  avg_steps=194.2
  候选点: before=264.5  filtered=8.7  added=10.0  after=265.8
  训练 1 epoch ...
  loss=-0.0294  adv_var=1.8477  耗时=369.2s

============================================================
迭代 64/100  lr=1.25e-04
  采集 50 个样本 (模型策略)...
  [采集完成] 50 条  phi: mean=0.7265  max=0.7445  min=0.7004
  phi: mean=0.7265  max=0.7445  min=0.7004  avg_steps=194.7
  候选点: before=264.3  filtered=8.7  added=10.0  after=265.6
  训练 1 epoch ...
  loss=0.0512  adv_var=1.7837  耗时=369.6s

============================================================
迭代 65/100  lr=1.25e-04
  采集 50 个样本 (模型策略)...
  [采集完成] 50 条  phi: mean=0.7284  max=0.7481  min=0.7052
  phi: mean=0.7284  max=0.7481  min=0.7052  avg_steps=194.5
  候选点: before=251.4  filtered=8.7  added=9.9  after=252.6
  训练 1 epoch ...
  loss=-0.2323  adv_var=1.8048  耗时=376.9s

============================================================
迭代 66/100  lr=1.25e-04
  采集 50 个样本 (模型策略)...
  [采集完成] 50 条  phi: mean=0.7347  max=0.7475  min=0.7150
  phi: mean=0.7347  max=0.7475  min=0.7150  avg_steps=192.1
  候选点: before=224.1  filtered=8.6  added=9.8  after=225.2
  训练 1 epoch ...
  loss=-0.1031  adv_var=1.8248  耗时=365.8s

============================================================
迭代 67/100  lr=1.25e-04
  采集 50 个样本 (模型策略)...
  [采集完成] 50 条  phi: mean=0.7371  max=0.7502  min=0.7102
  phi: mean=0.7371  max=0.7502  min=0.7102  avg_steps=191.2
  候选点: before=208.1  filtered=8.5  added=9.6  after=209.2
  训练 1 epoch ...
  loss=-0.1991  adv_var=1.9068  耗时=346.0s

============================================================
迭代 68/100  lr=1.25e-04
  采集 50 个样本 (模型策略)...
  [采集完成] 50 条  phi: mean=0.7385  max=0.7467  min=0.7199
  phi: mean=0.7385  max=0.7467  min=0.7199  avg_steps=191.5
  候选点: before=207.4  filtered=8.5  added=9.5  after=208.5
  训练 1 epoch ...
  loss=-0.0246  adv_var=1.8814  耗时=351.5s

============================================================
迭代 69/100  lr=1.25e-04
  采集 50 个样本 (模型策略)...
  [采集完成] 50 条  phi: mean=0.7373  max=0.7481  min=0.7150
  phi: mean=0.7373  max=0.7481  min=0.7150  avg_steps=191.2
  候选点: before=202.1  filtered=8.4  added=9.4  after=203.2
  训练 1 epoch ...
  loss=-0.0033  adv_var=1.8372  耗时=357.6s

============================================================
迭代 70/100  lr=1.25e-04
  采集 50 个样本 (模型策略)...
  [采集完成] 50 条  phi: mean=0.7386  max=0.7531  min=0.7102
  phi: mean=0.7386  max=0.7531  min=0.7102  avg_steps=192.0
  候选点: before=207.4  filtered=8.5  added=9.6  after=208.4
  训练 1 epoch ...
  loss=0.1560  adv_var=1.8256  耗时=360.0s

============================================================
迭代 71/100  lr=1.25e-04
  采集 50 个样本 (模型策略)...
  [采集完成] 50 条  phi: mean=0.7381  max=0.7550  min=0.7249
  phi: mean=0.7381  max=0.7550  min=0.7249  avg_steps=192.1
  候选点: before=208.5  filtered=8.4  added=9.5  after=209.6
  训练 1 epoch ...
  loss=0.1593  adv_var=1.7637  耗时=355.6s

============================================================
迭代 72/100  lr=1.25e-04
  采集 50 个样本 (模型策略)...
  [采集完成] 50 条  phi: mean=0.7382  max=0.7530  min=0.7151
  phi: mean=0.7382  max=0.7530  min=0.7151  avg_steps=192.1
  候选点: before=212.7  filtered=8.5  added=9.5  after=213.7
  训练 1 epoch ...
  loss=0.1617  adv_var=1.8060  耗时=362.0s

============================================================
迭代 73/100  lr=1.25e-04
  采集 50 个样本 (模型策略)...
  [采集完成] 50 条  phi: mean=0.7373  max=0.7496  min=0.7249
  phi: mean=0.7373  max=0.7496  min=0.7249  avg_steps=192.0
  候选点: before=209.9  filtered=8.5  added=9.5  after=211.0
  训练 1 epoch ...
  loss=-0.1264  adv_var=1.7108  耗时=362.2s

============================================================
迭代 74/100  lr=1.25e-04
  采集 50 个样本 (模型策略)...
  [采集完成] 50 条  phi: mean=0.7376  max=0.7544  min=0.7052
  phi: mean=0.7376  max=0.7544  min=0.7052  avg_steps=190.4
  候选点: before=210.4  filtered=8.5  added=9.5  after=211.4
  训练 1 epoch ...
  loss=0.1190  adv_var=1.8922  耗时=351.3s

============================================================
迭代 75/100  lr=1.25e-04
  采集 50 个样本 (模型策略)...
  [采集完成] 50 条  phi: mean=0.7386  max=0.7496  min=0.7199
  phi: mean=0.7386  max=0.7496  min=0.7199  avg_steps=190.7
  候选点: before=206.1  filtered=8.4  added=9.5  after=207.1
  训练 1 epoch ...
  loss=-0.1290  adv_var=1.8251  耗时=349.6s

============================================================
迭代 76/100  lr=1.25e-04
  采集 50 个样本 (模型策略)...
  [采集完成] 50 条  phi: mean=0.7388  max=0.7509  min=0.7200
  phi: mean=0.7388  max=0.7509  min=0.7200  avg_steps=190.8
  候选点: before=202.3  filtered=8.5  added=9.5  after=203.4
  训练 1 epoch ...
  loss=-0.1427  adv_var=1.9054  耗时=345.9s

============================================================
迭代 77/100  lr=1.25e-04
  采集 50 个样本 (模型策略)...
  [采集完成] 50 条  phi: mean=0.7396  max=0.7496  min=0.7249
  phi: mean=0.7396  max=0.7496  min=0.7249  avg_steps=190.5
  候选点: before=201.0  filtered=8.4  added=9.4  after=202.0
  训练 1 epoch ...
  loss=-0.1099  adv_var=1.9112  耗时=350.4s

============================================================
迭代 78/100  lr=1.25e-04
  采集 50 个样本 (模型策略)...
  [采集完成] 50 条  phi: mean=0.7406  max=0.7572  min=0.7250
  phi: mean=0.7406  max=0.7572  min=0.7250  avg_steps=190.1
  候选点: before=198.1  filtered=8.4  added=9.5  after=199.1
  训练 1 epoch ...
  loss=-0.1043  adv_var=1.8290  耗时=352.5s

============================================================
迭代 79/100  lr=1.25e-04
  采集 50 个样本 (模型策略)...
  [采集完成] 50 条  phi: mean=0.7398  max=0.7495  min=0.7297
  phi: mean=0.7398  max=0.7495  min=0.7297  avg_steps=189.2
  候选点: before=196.4  filtered=8.6  added=9.6  after=197.4
  训练 1 epoch ...
  loss=-0.0484  adv_var=1.8811  耗时=344.7s

============================================================
迭代 80/100  lr=1.25e-04
  采集 50 个样本 (模型策略)...
  [采集完成] 50 条  phi: mean=0.7406  max=0.7544  min=0.7250
  phi: mean=0.7406  max=0.7544  min=0.7250  avg_steps=189.6
  候选点: before=194.4  filtered=8.4  added=9.4  after=195.4
  训练 1 epoch ...
  loss=-1.0396  adv_var=1.7381  耗时=343.6s

============================================================
迭代 81/100  lr=1.25e-04
  采集 50 个样本 (模型策略)...
  [采集完成] 50 条  phi: mean=0.3626  max=0.4486  min=0.2505
  phi: mean=0.3626  max=0.4486  min=0.2505  avg_steps=196.0
  候选点: before=719.4  filtered=20.8  added=27.7  after=726.3
  [退步] phi_max 0.4486 < 0.7544 - 0.01
  [回滚] 模型已恢复，lr 调整为 6.25e-05
  [跳过训练] 耗时=311.4s  下轮用恢复的模型重新采集

============================================================
迭代 82/100  lr=6.25e-05
  采集 50 个样本 (模型策略)...
