实验目录: experiments\20260315_171208
使用设备: cuda
目标粒子数: 50  目标体积分数: 0.72

============================================================
迭代 1/10  lr=5.00e-04
  采集 10 个样本 (随机策略)...
  [采集完成] 10 条  phi: mean=0.5823  max=0.5957  min=0.5662
  phi: mean=0.5823  max=0.5957  min=0.5662  avg_steps=40.1
  数据已保存: data\20260315_171208_iter001.pkl
  候选点: before=108.8  filtered=21.5  added=21.6  after=109.0
  训练 10 epoch ...
  loss=-0.1527  耗时=7.7s
  *** 新纪录！phi_max=0.5957  已保存: experiments\20260315_171208\construct_v7.0_best.pth + best_packing.conf ***

============================================================
迭代 2/10  lr=5.00e-04
  采集 10 个样本 (模型策略)...
  [采集完成] 10 条  phi: mean=0.5826  max=0.5963  min=0.5630
  phi: mean=0.5826  max=0.5963  min=0.5630  avg_steps=39.0
  数据已保存: data\20260315_171208_iter002.pkl
  候选点: before=118.9  filtered=21.5  added=21.6  after=119.0
  训练 10 epoch ...
  loss=-0.2660  耗时=8.4s
  *** 新纪录！phi_max=0.5963  已保存: experiments\20260315_171208\construct_v7.0_best.pth + best_packing.conf ***

============================================================
迭代 3/10  lr=5.00e-04
  采集 10 个样本 (模型策略)...
  [采集完成] 10 条  phi: mean=0.5832  max=0.5994  min=0.5616
  phi: mean=0.5832  max=0.5994  min=0.5616  avg_steps=38.3
  数据已保存: data\20260315_171208_iter003.pkl
  候选点: before=121.0  filtered=21.1  added=21.2  after=121.1
  训练 10 epoch ...
  loss=-0.0709  耗时=8.8s
  *** 新纪录！phi_max=0.5994  已保存: experiments\20260315_171208\construct_v7.0_best.pth + best_packing.conf ***

============================================================
迭代 4/10  lr=5.00e-04
  采集 10 个样本 (模型策略)...
  [采集完成] 10 条  phi: mean=0.5870  max=0.6038  min=0.5698
  phi: mean=0.5870  max=0.6038  min=0.5698  avg_steps=38.8
  数据已保存: data\20260315_171208_iter004.pkl
  候选点: before=118.7  filtered=20.8  added=21.0  after=118.8
  训练 10 epoch ...
  loss=0.0060  耗时=8.1s
  *** 新纪录！phi_max=0.6038  已保存: experiments\20260315_171208\construct_v7.0_best.pth + best_packing.conf ***

============================================================
迭代 5/10  lr=5.00e-04
  采集 10 个样本 (模型策略)...
  [采集完成] 10 条  phi: mean=0.5830  max=0.6140  min=0.5701
  phi: mean=0.5830  max=0.6140  min=0.5701  avg_steps=36.2
  数据已保存: data\20260315_171208_iter005.pkl
  候选点: before=114.8  filtered=22.5  added=22.6  after=114.9
  训练 10 epoch ...
  loss=-0.0485  耗时=7.7s
  *** 新纪录！phi_max=0.6140  已保存: experiments\20260315_171208\construct_v7.0_best.pth + best_packing.conf ***

============================================================
迭代 6/10  lr=5.00e-04
  采集 10 个样本 (模型策略)...
  [采集完成] 10 条  phi: mean=0.5845  max=0.6000  min=0.5673
  phi: mean=0.5845  max=0.6000  min=0.5673  avg_steps=38.7
  数据已保存: data\20260315_171208_iter006.pkl
  候选点: before=122.8  filtered=22.6  added=22.8  after=122.9
  [退步] phi_max 0.6000 < 0.6140 - 0.01
  [回滚] 模型已恢复，lr 调整为 2.50e-04
  训练 10 epoch ...
  loss=-0.2040  耗时=8.5s

============================================================
迭代 7/10  lr=2.50e-04
  采集 10 个样本 (模型策略)...
  [采集完成] 10 条  phi: mean=0.5852  max=0.6028  min=0.5729
  phi: mean=0.5852  max=0.6028  min=0.5729  avg_steps=39.2
  数据已保存: data\20260315_171208_iter007.pkl
  候选点: before=121.9  filtered=20.6  added=20.8  after=122.0
  训练 10 epoch ...
  loss=0.0257  耗时=8.3s

============================================================
迭代 8/10  lr=2.50e-04
  采集 10 个样本 (模型策略)...
  [采集完成] 10 条  phi: mean=0.5873  max=0.6024  min=0.5709
  phi: mean=0.5873  max=0.6024  min=0.5709  avg_steps=37.8
  数据已保存: data\20260315_171208_iter008.pkl
  候选点: before=111.2  filtered=19.9  added=20.0  after=111.3
  训练 10 epoch ...
  loss=-0.0075  耗时=8.4s

============================================================
迭代 9/10  lr=2.50e-04
  采集 10 个样本 (模型策略)...
  [采集完成] 10 条  phi: mean=0.5859  max=0.6040  min=0.5708
  phi: mean=0.5859  max=0.6040  min=0.5708  avg_steps=38.9
  数据已保存: data\20260315_171208_iter009.pkl
  候选点: before=115.5  filtered=21.9  added=22.0  after=115.7
  训练 10 epoch ...
  loss=-0.1298  耗时=8.3s

============================================================
迭代 10/10  lr=2.50e-04
  采集 10 个样本 (模型策略)...
  [采集完成] 10 条  phi: mean=0.5916  max=0.6058  min=0.5847
  phi: mean=0.5916  max=0.6058  min=0.5847  avg_steps=38.1
  数据已保存: data\20260315_171208_iter010.pkl
  候选点: before=113.7  filtered=20.3  added=20.5  after=113.8
  训练 10 epoch ...
  loss=-0.0454  耗时=8.0s

训练完成！最终模型已保存至 experiments\20260315_171208\construct_v7.0_final.pth

============================================================
开始评测（采样策略 T=1.0，共 20 局）...
  [采集完成] 20 条  phi: mean=0.5843  max=0.5970  min=0.5578
  评测完成  phi: mean=0.5843  max=0.5970  min=0.5578
  报告已保存: experiments\20260315_171208\eval_report.txt
  最优堆积已保存: experiments\20260315_171208\best_packing.conf  (phi=0.5970)
