实验目录: experiments/20260316_124633
使用设备: cpu
目标粒子数: 100  目标体积分数: 0.72

============================================================
迭代 1/50  lr=5.00e-04
  采集 50 个样本 (随机策略)...
  [采集完成] 50 条  phi: mean=0.6609  max=0.6738  min=0.6454
  phi: mean=0.6609  max=0.6738  min=0.6454  avg_steps=124.7
  候选点: before=222.8  filtered=15.2  added=16.1  after=223.7
  训练 1 epoch ...
  loss=-0.0115  adv_var=1.8918  耗时=102.9s
  *** 新纪录！phi_max=0.6738  已保存: experiments/20260316_124633/construct_v7.0_best.pth + best_packing.conf ***

============================================================
迭代 2/50  lr=5.00e-04
  采集 50 个样本 (模型策略)...
  [采集完成] 50 条  phi: mean=0.6623  max=0.6779  min=0.6479
  phi: mean=0.6623  max=0.6779  min=0.6479  avg_steps=123.1
  候选点: before=214.4  filtered=15.2  added=16.1  after=215.3
  训练 1 epoch ...
  loss=-0.1126  adv_var=1.7787  耗时=97.4s
  *** 新纪录！phi_max=0.6779  已保存: experiments/20260316_124633/construct_v7.0_best.pth + best_packing.conf ***

============================================================
迭代 3/50  lr=5.00e-04
  采集 50 个样本 (模型策略)...
  [采集完成] 50 条  phi: mean=0.6681  max=0.6852  min=0.6531
  phi: mean=0.6681  max=0.6852  min=0.6531  avg_steps=119.1
  候选点: before=202.3  filtered=14.8  added=15.7  after=203.2
  训练 1 epoch ...
  loss=-0.3380  adv_var=1.7763  耗时=86.0s
  *** 新纪录！phi_max=0.6852  已保存: experiments/20260316_124633/construct_v7.0_best.pth + best_packing.conf ***

============================================================
迭代 4/50  lr=5.00e-04
  采集 50 个样本 (模型策略)...
  [采集完成] 50 条  phi: mean=0.6755  max=0.6892  min=0.6661
  phi: mean=0.6755  max=0.6892  min=0.6661  avg_steps=109.9
  候选点: before=177.7  filtered=14.6  added=15.5  after=178.6
  训练 1 epoch ...
  loss=-0.5248  adv_var=1.8323  耗时=72.5s
  *** 新纪录！phi_max=0.6892  已保存: experiments/20260316_124633/construct_v7.0_best.pth + best_packing.conf ***

============================================================
迭代 5/50  lr=5.00e-04
  采集 50 个样本 (模型策略)...
  [采集完成] 50 条  phi: mean=0.6861  max=0.7024  min=0.6691
  phi: mean=0.6861  max=0.7024  min=0.6691  avg_steps=101.8
  候选点: before=156.2  filtered=14.4  added=15.3  after=157.1
  训练 1 epoch ...
  loss=-0.3874  adv_var=1.8241  耗时=57.2s
  *** 新纪录！phi_max=0.7024  已保存: experiments/20260316_124633/construct_v7.0_best.pth + best_packing.conf ***

============================================================
迭代 6/50  lr=5.00e-04
  采集 50 个样本 (模型策略)...
  [采集完成] 50 条  phi: mean=0.6865  max=0.6999  min=0.6736
  phi: mean=0.6865  max=0.6999  min=0.6736  avg_steps=102.9
  候选点: before=155.5  filtered=14.2  added=15.1  after=156.4
  训练 1 epoch ...
  loss=-0.1596  adv_var=1.7983  耗时=60.3s

============================================================
迭代 7/50  lr=5.00e-04
  采集 50 个样本 (模型策略)...
  [采集完成] 50 条  phi: mean=0.6901  max=0.7059  min=0.6775
  phi: mean=0.6901  max=0.7059  min=0.6775  avg_steps=99.6
  候选点: before=149.8  filtered=13.9  added=14.8  after=150.6
  训练 1 epoch ...
  loss=-0.3434  adv_var=1.8137  耗时=55.0s
  *** 新纪录！phi_max=0.7059  已保存: experiments/20260316_124633/construct_v7.0_best.pth + best_packing.conf ***

============================================================
迭代 8/50  lr=5.00e-04
  采集 50 个样本 (模型策略)...
  [采集完成] 50 条  phi: mean=0.6912  max=0.7045  min=0.6808
  phi: mean=0.6912  max=0.7045  min=0.6808  avg_steps=98.3
  候选点: before=147.7  filtered=14.0  added=14.9  after=148.5
  训练 1 epoch ...
  loss=0.1654  adv_var=1.8391  耗时=54.8s

============================================================
迭代 9/50  lr=5.00e-04
  采集 50 个样本 (模型策略)...
  [采集完成] 50 条  phi: mean=0.6879  max=0.7034  min=0.6748
  phi: mean=0.6879  max=0.7034  min=0.6748  avg_steps=101.5
  候选点: before=154.5  filtered=13.9  added=14.8  after=155.4
  训练 1 epoch ...
  loss=0.0734  adv_var=1.8417  耗时=57.1s

============================================================
迭代 10/50  lr=5.00e-04
  采集 50 个样本 (模型策略)...
  [采集完成] 50 条  phi: mean=0.6899  max=0.7043  min=0.6797
  phi: mean=0.6899  max=0.7043  min=0.6797  avg_steps=98.2
  候选点: before=148.2  filtered=13.7  added=14.6  after=149.1
  训练 1 epoch ...
  loss=-0.4624  adv_var=1.8483  耗时=53.0s

============================================================
迭代 11/50  lr=5.00e-04
  采集 50 个样本 (模型策略)...
  [采集完成] 50 条  phi: mean=0.6940  max=0.7075  min=0.6837
  phi: mean=0.6940  max=0.7075  min=0.6837  avg_steps=92.8
  候选点: before=138.6  filtered=13.5  added=14.4  after=139.4
  训练 1 epoch ...
  loss=0.0427  adv_var=1.8240  耗时=46.9s
  *** 新纪录！phi_max=0.7075  已保存: experiments/20260316_124633/construct_v7.0_best.pth + best_packing.conf ***

============================================================
迭代 12/50  lr=5.00e-04
  采集 50 个样本 (模型策略)...
  [采集完成] 50 条  phi: mean=0.6952  max=0.7083  min=0.6817
  phi: mean=0.6952  max=0.7083  min=0.6817  avg_steps=92.6
  候选点: before=140.5  filtered=13.6  added=14.5  after=141.4
  训练 1 epoch ...
  loss=-0.1571  adv_var=1.8118  耗时=48.9s
  *** 新纪录！phi_max=0.7083  已保存: experiments/20260316_124633/construct_v7.0_best.pth + best_packing.conf ***

============================================================
迭代 13/50  lr=5.00e-04
  采集 50 个样本 (模型策略)...
  [采集完成] 50 条  phi: mean=0.6937  max=0.7083  min=0.6852
  phi: mean=0.6937  max=0.7083  min=0.6852  avg_steps=94.2
  候选点: before=140.0  filtered=13.4  added=14.3  after=140.8
  训练 1 epoch ...
  loss=-0.1150  adv_var=1.7597  耗时=48.3s
  *** 新纪录！phi_max=0.7083  已保存: experiments/20260316_124633/construct_v7.0_best.pth + best_packing.conf ***

============================================================
迭代 14/50  lr=5.00e-04
  采集 50 个样本 (模型策略)...
  [采集完成] 50 条  phi: mean=0.6938  max=0.7058  min=0.6838
  phi: mean=0.6938  max=0.7058  min=0.6838  avg_steps=93.7
  候选点: before=142.4  filtered=13.6  added=14.5  after=143.2
  训练 1 epoch ...
  loss=-0.1045  adv_var=1.7448  耗时=48.1s

============================================================
迭代 15/50  lr=5.00e-04
  采集 50 个样本 (模型策略)...
  [采集完成] 50 条  phi: mean=0.6938  max=0.7274  min=0.6785
  phi: mean=0.6938  max=0.7274  min=0.6785  avg_steps=93.6
  候选点: before=139.1  filtered=13.4  added=14.3  after=140.0
  训练 1 epoch ...
  loss=-0.1412  adv_var=1.8554  耗时=49.4s
  *** 新纪录！phi_max=0.7274  已保存: experiments/20260316_124633/construct_v7.0_best.pth + best_packing.conf ***

============================================================
迭代 16/50  lr=5.00e-04
  采集 50 个样本 (模型策略)...
  [采集完成] 50 条  phi: mean=0.6958  max=0.7083  min=0.6828
  phi: mean=0.6958  max=0.7083  min=0.6828  avg_steps=93.0
  候选点: before=141.6  filtered=13.5  added=14.4  after=142.4
  [退步] phi_max 0.7083 < 0.7274 - 0.01
  [回滚] 模型已恢复，lr 调整为 2.50e-04
  [跳过训练] 耗时=27.7s  下轮用恢复的模型重新采集

============================================================
迭代 17/50  lr=2.50e-04
  采集 50 个样本 (模型策略)...
  [采集完成] 50 条  phi: mean=0.6950  max=0.7037  min=0.6820
  phi: mean=0.6950  max=0.7037  min=0.6820  avg_steps=92.9
  候选点: before=139.2  filtered=13.4  added=14.2  after=140.1
  [退步] phi_max 0.7037 < 0.7274 - 0.01
  [回滚] 模型已恢复，lr 调整为 1.25e-04
  [跳过训练] 耗时=28.5s  下轮用恢复的模型重新采集

============================================================
迭代 18/50  lr=1.25e-04
  采集 50 个样本 (模型策略)...
  [采集完成] 50 条  phi: mean=0.6951  max=0.7065  min=0.6866
  phi: mean=0.6951  max=0.7065  min=0.6866  avg_steps=94.3
  候选点: before=141.0  filtered=13.3  added=14.2  after=141.8
  [退步] phi_max 0.7065 < 0.7274 - 0.01
  [回滚] 模型已恢复，lr 调整为 6.25e-05
  [跳过训练] 耗时=27.7s  下轮用恢复的模型重新采集

============================================================
迭代 19/50  lr=6.25e-05
  采集 50 个样本 (模型策略)...
  [采集完成] 50 条  phi: mean=0.6946  max=0.7051  min=0.6833
  phi: mean=0.6946  max=0.7051  min=0.6833  avg_steps=92.6
  候选点: before=142.3  filtered=13.4  added=14.3  after=143.2
  [退步] phi_max 0.7051 < 0.7274 - 0.01
  [回滚] 模型已恢复，lr 调整为 3.13e-05
  [跳过训练] 耗时=27.3s  下轮用恢复的模型重新采集

============================================================
迭代 20/50  lr=3.13e-05
  采集 50 个样本 (模型策略)...
  [采集完成] 50 条  phi: mean=0.6932  max=0.7036  min=0.6824
  phi: mean=0.6932  max=0.7036  min=0.6824  avg_steps=91.0
  候选点: before=140.9  filtered=13.5  added=14.4  after=141.7
  [退步] phi_max 0.7036 < 0.7274 - 0.01
  [回滚] 模型已恢复，lr 调整为 1.56e-05
  [跳过训练] 耗时=29.1s  下轮用恢复的模型重新采集

============================================================
迭代 21/50  lr=1.56e-05
  采集 50 个样本 (模型策略)...
  [采集完成] 50 条  phi: mean=0.6967  max=0.7179  min=0.6851
  phi: mean=0.6967  max=0.7179  min=0.6851  avg_steps=93.4
  候选点: before=138.3  filtered=13.4  added=14.3  after=139.2
  训练 1 epoch ...
  loss=-0.1834  adv_var=1.8614  耗时=48.1s

============================================================
迭代 22/50  lr=1.56e-05
  采集 50 个样本 (模型策略)...
  [采集完成] 50 条  phi: mean=0.6960  max=0.7105  min=0.6853
  phi: mean=0.6960  max=0.7105  min=0.6853  avg_steps=92.7
  候选点: before=140.4  filtered=13.3  added=14.2  after=141.3
  训练 1 epoch ...
  loss=-0.0327  adv_var=1.8633  耗时=46.2s

============================================================
迭代 23/50  lr=1.56e-05
  采集 50 个样本 (模型策略)...
  [采集完成] 50 条  phi: mean=0.6953  max=0.7146  min=0.6871
  phi: mean=0.6953  max=0.7146  min=0.6871  avg_steps=92.3
  候选点: before=140.7  filtered=13.4  added=14.3  after=141.5
  训练 1 epoch ...
  loss=-0.0467  adv_var=1.8449  耗时=45.1s

============================================================
迭代 24/50  lr=1.56e-05
  采集 50 个样本 (模型策略)...
  [采集完成] 50 条  phi: mean=0.6944  max=0.7060  min=0.6821
  phi: mean=0.6944  max=0.7060  min=0.6821  avg_steps=91.2
  候选点: before=140.7  filtered=13.4  added=14.3  after=141.6
  训练 1 epoch ...
  loss=-0.0364  adv_var=1.8172  耗时=45.9s

============================================================
迭代 25/50  lr=1.56e-05
  采集 50 个样本 (模型策略)...
  [采集完成] 50 条  phi: mean=0.6974  max=0.7377  min=0.6852
  phi: mean=0.6974  max=0.7377  min=0.6852  avg_steps=89.6
  候选点: before=137.8  filtered=13.5  added=14.3  after=138.7
  训练 1 epoch ...
  loss=0.1455  adv_var=1.8830  耗时=42.6s
  *** 新纪录！phi_max=0.7377  已保存: experiments/20260316_124633/construct_v7.0_best.pth + best_packing.conf ***

============================================================
迭代 26/50  lr=1.56e-05
  采集 50 个样本 (模型策略)...
  [采集完成] 50 条  phi: mean=0.6949  max=0.7059  min=0.6827
  phi: mean=0.6949  max=0.7059  min=0.6827  avg_steps=93.3
  候选点: before=141.0  filtered=13.4  added=14.2  after=141.9
  [退步] phi_max 0.7059 < 0.7377 - 0.01
  [回滚] 模型已恢复，lr 调整为 7.81e-06
  [跳过训练] 耗时=26.7s  下轮用恢复的模型重新采集

============================================================
迭代 27/50  lr=7.81e-06
  采集 50 个样本 (模型策略)...
  [采集完成] 50 条  phi: mean=0.6941  max=0.7066  min=0.6838
  phi: mean=0.6941  max=0.7066  min=0.6838  avg_steps=93.1
  候选点: before=141.0  filtered=13.6  added=14.4  after=141.9
  [退步] phi_max 0.7066 < 0.7377 - 0.01
  [回滚] 模型已恢复，lr 调整为 3.91e-06
  [跳过训练] 耗时=27.6s  下轮用恢复的模型重新采集

============================================================
迭代 28/50  lr=3.91e-06
  采集 50 个样本 (模型策略)...
  [采集完成] 50 条  phi: mean=0.6951  max=0.7061  min=0.6837
  phi: mean=0.6951  max=0.7061  min=0.6837  avg_steps=93.7
  候选点: before=139.8  filtered=13.4  added=14.3  after=140.7
  [退步] phi_max 0.7061 < 0.7377 - 0.01
  [回滚] 模型已恢复，lr 调整为 1.95e-06
  [跳过训练] 耗时=27.3s  下轮用恢复的模型重新采集

============================================================
迭代 29/50  lr=1.95e-06
  采集 50 个样本 (模型策略)...
  [采集完成] 50 条  phi: mean=0.6938  max=0.7050  min=0.6731
  phi: mean=0.6938  max=0.7050  min=0.6731  avg_steps=93.0
  候选点: before=141.2  filtered=13.5  added=14.4  after=142.0
  [退步] phi_max 0.7050 < 0.7377 - 0.01
  [回滚] 模型已恢复，lr 调整为 9.77e-07
  [跳过训练] 耗时=26.6s  下轮用恢复的模型重新采集

============================================================
迭代 30/50  lr=9.77e-07
  采集 50 个样本 (模型策略)...
  [采集完成] 50 条  phi: mean=0.6954  max=0.7052  min=0.6798
  phi: mean=0.6954  max=0.7052  min=0.6798  avg_steps=92.6
  候选点: before=138.5  filtered=13.4  added=14.3  after=139.3
  [退步] phi_max 0.7052 < 0.7377 - 0.01
  [回滚] 模型已恢复，lr 调整为 4.88e-07
  [跳过训练] 耗时=25.3s  下轮用恢复的模型重新采集

============================================================
迭代 31/50  lr=4.88e-07
  采集 50 个样本 (模型策略)...
  [采集完成] 50 条  phi: mean=0.6957  max=0.7048  min=0.6838
  phi: mean=0.6957  max=0.7048  min=0.6838  avg_steps=91.2
  候选点: before=142.5  filtered=13.6  added=14.5  after=143.3
  [退步] phi_max 0.7048 < 0.7377 - 0.01
  [回滚] 模型已恢复，lr 调整为 2.44e-07
  [跳过训练] 耗时=25.4s  下轮用恢复的模型重新采集

============================================================
迭代 32/50  lr=2.44e-07
  采集 50 个样本 (模型策略)...
  [采集完成] 50 条  phi: mean=0.6945  max=0.7065  min=0.6830
  phi: mean=0.6945  max=0.7065  min=0.6830  avg_steps=92.6
  候选点: before=141.9  filtered=13.5  added=14.4  after=142.8
  [退步] phi_max 0.7065 < 0.7377 - 0.01
  [回滚] 模型已恢复，lr 调整为 1.22e-07
  [跳过训练] 耗时=26.8s  下轮用恢复的模型重新采集

============================================================
迭代 33/50  lr=1.22e-07
  采集 50 个样本 (模型策略)...
  [采集完成] 50 条  phi: mean=0.6946  max=0.7047  min=0.6845
  phi: mean=0.6946  max=0.7047  min=0.6845  avg_steps=93.9
  候选点: before=142.0  filtered=13.4  added=14.3  after=142.9
  [退步] phi_max 0.7047 < 0.7377 - 0.01
  [回滚] 模型已恢复，lr 调整为 6.10e-08
  [跳过训练] 耗时=26.7s  下轮用恢复的模型重新采集

============================================================
迭代 34/50  lr=6.10e-08
  采集 50 个样本 (模型策略)...
  [采集完成] 50 条  phi: mean=0.6966  max=0.7235  min=0.6844
  phi: mean=0.6966  max=0.7235  min=0.6844  avg_steps=94.1
  候选点: before=141.4  filtered=13.4  added=14.3  after=142.3
  [退步] phi_max 0.7235 < 0.7377 - 0.01
  [回滚] 模型已恢复，lr 调整为 3.05e-08
  [跳过训练] 耗时=29.2s  下轮用恢复的模型重新采集

============================================================
迭代 35/50  lr=3.05e-08
  采集 50 个样本 (模型策略)...
  [采集完成] 50 条  phi: mean=0.6947  max=0.7093  min=0.6808
  phi: mean=0.6947  max=0.7093  min=0.6808  avg_steps=91.7
  候选点: before=140.4  filtered=13.5  added=14.4  after=141.2
  [退步] phi_max 0.7093 < 0.7377 - 0.01
  [回滚] 模型已恢复，lr 调整为 1.53e-08
  [跳过训练] 耗时=27.5s  下轮用恢复的模型重新采集

============================================================
迭代 36/50  lr=1.53e-08
  采集 50 个样本 (模型策略)...
  [采集完成] 50 条  phi: mean=0.6944  max=0.7097  min=0.6844
  phi: mean=0.6944  max=0.7097  min=0.6844  avg_steps=91.3
  候选点: before=140.5  filtered=13.4  added=14.3  after=141.4
  [退步] phi_max 0.7097 < 0.7377 - 0.01
  [回滚] 模型已恢复，lr 调整为 7.63e-09
  [跳过训练] 耗时=25.8s  下轮用恢复的模型重新采集

============================================================
迭代 37/50  lr=7.63e-09
  采集 50 个样本 (模型策略)...
  [采集完成] 50 条  phi: mean=0.6949  max=0.7077  min=0.6809
  phi: mean=0.6949  max=0.7077  min=0.6809  avg_steps=92.9
  候选点: before=143.1  filtered=13.5  added=14.4  after=144.0
  [退步] phi_max 0.7077 < 0.7377 - 0.01
  [回滚] 模型已恢复，lr 调整为 3.81e-09
  [跳过训练] 耗时=27.0s  下轮用恢复的模型重新采集

============================================================
迭代 38/50  lr=3.81e-09
  采集 50 个样本 (模型策略)...
  [采集完成] 50 条  phi: mean=0.6951  max=0.7100  min=0.6842
  phi: mean=0.6951  max=0.7100  min=0.6842  avg_steps=92.8
  候选点: before=140.3  filtered=13.5  added=14.4  after=141.2
  [退步] phi_max 0.7100 < 0.7377 - 0.01
  [回滚] 模型已恢复，lr 调整为 1.91e-09
  [跳过训练] 耗时=27.0s  下轮用恢复的模型重新采集

============================================================
迭代 39/50  lr=1.91e-09
  采集 50 个样本 (模型策略)...
  [采集完成] 50 条  phi: mean=0.6959  max=0.7300  min=0.6847
  phi: mean=0.6959  max=0.7300  min=0.6847  avg_steps=92.8
  候选点: before=140.6  filtered=13.5  added=14.4  after=141.5
  训练 1 epoch ...
  loss=0.0363  adv_var=1.8716  耗时=46.2s

============================================================
迭代 40/50  lr=1.91e-09
  采集 50 个样本 (模型策略)...
  [采集完成] 50 条  phi: mean=0.6938  max=0.7100  min=0.6803
  phi: mean=0.6938  max=0.7100  min=0.6803  avg_steps=92.8
  候选点: before=140.2  filtered=13.4  added=14.2  after=141.1
  [退步] phi_max 0.7100 < 0.7300 - 0.01
  [回滚] 模型已恢复，lr 调整为 9.54e-10
  [跳过训练] 耗时=26.2s  下轮用恢复的模型重新采集

============================================================
迭代 41/50  lr=9.54e-10
  采集 50 个样本 (模型策略)...
  [采集完成] 50 条  phi: mean=0.6945  max=0.7043  min=0.6822
  phi: mean=0.6945  max=0.7043  min=0.6822  avg_steps=92.1
  候选点: before=140.1  filtered=13.5  added=14.3  after=141.0
  [退步] phi_max 0.7043 < 0.7300 - 0.01
  [回滚] 模型已恢复，lr 调整为 4.77e-10
  [跳过训练] 耗时=26.0s  下轮用恢复的模型重新采集

============================================================
迭代 42/50  lr=4.77e-10
  采集 50 个样本 (模型策略)...
  [采集完成] 50 条  phi: mean=0.6952  max=0.7056  min=0.6840
  phi: mean=0.6952  max=0.7056  min=0.6840  avg_steps=93.1
  候选点: before=141.4  filtered=13.5  added=14.4  after=142.3
  [退步] phi_max 0.7056 < 0.7300 - 0.01
  [回滚] 模型已恢复，lr 调整为 2.38e-10
  [跳过训练] 耗时=28.1s  下轮用恢复的模型重新采集

============================================================
迭代 43/50  lr=2.38e-10
  采集 50 个样本 (模型策略)...
  [采集完成] 50 条  phi: mean=0.6950  max=0.7063  min=0.6828
  phi: mean=0.6950  max=0.7063  min=0.6828  avg_steps=93.9
  候选点: before=141.6  filtered=13.5  added=14.4  after=142.4
  [退步] phi_max 0.7063 < 0.7300 - 0.01
  [回滚] 模型已恢复，lr 调整为 1.19e-10
  [跳过训练] 耗时=28.2s  下轮用恢复的模型重新采集

============================================================
迭代 44/50  lr=1.19e-10
  采集 50 个样本 (模型策略)...
  [采集完成] 50 条  phi: mean=0.6951  max=0.7029  min=0.6844
  phi: mean=0.6951  max=0.7029  min=0.6844  avg_steps=93.2
  候选点: before=141.7  filtered=13.4  added=14.3  after=142.6
  [退步] phi_max 0.7029 < 0.7300 - 0.01
  [回滚] 模型已恢复，lr 调整为 5.96e-11
  [跳过训练] 耗时=31.3s  下轮用恢复的模型重新采集

============================================================
迭代 45/50  lr=5.96e-11
  采集 50 个样本 (模型策略)...
  [采集完成] 50 条  phi: mean=0.6957  max=0.7048  min=0.6837
  phi: mean=0.6957  max=0.7048  min=0.6837  avg_steps=92.0
  候选点: before=141.6  filtered=13.4  added=14.3  after=142.5
  [退步] phi_max 0.7048 < 0.7300 - 0.01
  [回滚] 模型已恢复，lr 调整为 2.98e-11
  [跳过训练] 耗时=26.7s  下轮用恢复的模型重新采集

============================================================
迭代 46/50  lr=2.98e-11
  采集 50 个样本 (模型策略)...
  [采集完成] 50 条  phi: mean=0.6951  max=0.7092  min=0.6845
  phi: mean=0.6951  max=0.7092  min=0.6845  avg_steps=93.9
  候选点: before=141.5  filtered=13.6  added=14.4  after=142.3
  [退步] phi_max 0.7092 < 0.7300 - 0.01
  [回滚] 模型已恢复，lr 调整为 1.49e-11
  [跳过训练] 耗时=27.8s  下轮用恢复的模型重新采集

============================================================
迭代 47/50  lr=1.49e-11
  采集 50 个样本 (模型策略)...
  [采集完成] 50 条  phi: mean=0.6961  max=0.7331  min=0.6837
  phi: mean=0.6961  max=0.7331  min=0.6837  avg_steps=91.3
  候选点: before=139.9  filtered=13.5  added=14.4  after=140.8
  训练 1 epoch ...
  loss=0.0715  adv_var=1.8644  耗时=43.8s

============================================================
迭代 48/50  lr=1.49e-11
  采集 50 个样本 (模型策略)...
  [采集完成] 50 条  phi: mean=0.6950  max=0.7047  min=0.6863
  phi: mean=0.6950  max=0.7047  min=0.6863  avg_steps=91.7
  候选点: before=141.1  filtered=13.4  added=14.3  after=142.0
  [退步] phi_max 0.7047 < 0.7331 - 0.01
  [回滚] 模型已恢复，lr 调整为 7.45e-12
  [跳过训练] 耗时=27.1s  下轮用恢复的模型重新采集

============================================================
迭代 49/50  lr=7.45e-12
  采集 50 个样本 (模型策略)...
  [采集完成] 50 条  phi: mean=0.6936  max=0.7047  min=0.6828
  phi: mean=0.6936  max=0.7047  min=0.6828  avg_steps=91.9
  候选点: before=141.1  filtered=13.7  added=14.5  after=141.9
  [退步] phi_max 0.7047 < 0.7331 - 0.01
  [回滚] 模型已恢复，lr 调整为 3.73e-12
  [跳过训练] 耗时=25.4s  下轮用恢复的模型重新采集

============================================================
迭代 50/50  lr=3.73e-12
  采集 50 个样本 (模型策略)...
  [采集完成] 50 条  phi: mean=0.6947  max=0.7111  min=0.6788
  phi: mean=0.6947  max=0.7111  min=0.6788  avg_steps=95.4
  候选点: before=141.8  filtered=13.6  added=14.4  after=142.6
  [退步] phi_max 0.7111 < 0.7331 - 0.01
  [回滚] 模型已恢复，lr 调整为 1.86e-12
  [跳过训练] 耗时=30.7s  下轮用恢复的模型重新采集

训练完成！最终模型已保存至 experiments/20260316_124633/construct_v7.0_final.pth

============================================================
开始评测（采样策略 T=5.0，共 20 局）...
  [采集完成] 20 条  phi: mean=0.6953  max=0.7020  min=0.6828
  评测完成  phi: mean=0.6953  max=0.7020  min=0.6828
  报告已保存: experiments/20260316_124633/eval_report.txt
  最优堆积已保存: experiments/20260316_124633/best_packing.conf  (phi=0.7020)
