实验目录: experiments/20260316_193134
使用设备: cpu
目标粒子数: 100  目标体积分数: 0.72

============================================================
迭代 1/20  lr=5.00e-04
  采集 100 个样本 (随机策略)...
  [采集完成] 100 条  phi: mean=0.6232  max=0.6409  min=0.6079
  phi: mean=0.6232  max=0.6409  min=0.6079  avg_steps=98.0
  候选点: before=525.3  filtered=50.2  added=50.9  after=526.0
  训练 1 epoch ...
  loss=-0.0963  adv_var=1.8317  耗时=164.0s
  *** 新纪录！phi_max=0.6409  已保存: experiments/20260316_193134/construct_v7.0_best.pth + best_packing.conf ***

============================================================
迭代 2/20  lr=5.00e-04
  采集 100 个样本 (模型策略)...
  [采集完成] 100 条  phi: mean=0.6429  max=0.6629  min=0.6238
  phi: mean=0.6429  max=0.6629  min=0.6238  avg_steps=90.9
  候选点: before=494.9  filtered=51.4  added=52.1  after=495.5
  训练 1 epoch ...
  loss=-0.1958  adv_var=1.8225  耗时=143.6s
  *** 新纪录！phi_max=0.6629  已保存: experiments/20260316_193134/construct_v7.0_best.pth + best_packing.conf ***

============================================================
迭代 3/20  lr=5.00e-04
  采集 100 个样本 (模型策略)...
  [采集完成] 100 条  phi: mean=0.6653  max=0.6877  min=0.6520
  phi: mean=0.6653  max=0.6877  min=0.6520  avg_steps=81.3
  候选点: before=426.8  filtered=53.0  added=53.6  after=427.4
  训练 1 epoch ...
  loss=-0.4193  adv_var=1.8412  耗时=116.1s
  *** 新纪录！phi_max=0.6877  已保存: experiments/20260316_193134/construct_v7.0_best.pth + best_packing.conf ***

============================================================
迭代 4/20  lr=5.00e-04
  采集 100 个样本 (模型策略)...
  [采集完成] 100 条  phi: mean=0.6715  max=0.6902  min=0.6575
  phi: mean=0.6715  max=0.6902  min=0.6575  avg_steps=78.5
  候选点: before=405.7  filtered=52.6  added=53.2  after=406.3
  训练 1 epoch ...
  loss=-0.2099  adv_var=1.8640  耗时=109.8s
  *** 新纪录！phi_max=0.6902  已保存: experiments/20260316_193134/construct_v7.0_best.pth + best_packing.conf ***

============================================================
迭代 5/20  lr=5.00e-04
  采集 100 个样本 (模型策略)...
  [采集完成] 100 条  phi: mean=0.6703  max=0.6840  min=0.6533
  phi: mean=0.6703  max=0.6840  min=0.6533  avg_steps=76.7
  候选点: before=409.4  filtered=52.3  added=52.8  after=410.0
  训练 1 epoch ...
  loss=-0.1780  adv_var=1.8379  耗时=103.9s

============================================================
迭代 6/20  lr=5.00e-04
  采集 100 个样本 (模型策略)...
  [采集完成] 100 条  phi: mean=0.6706  max=0.6845  min=0.6570
  phi: mean=0.6706  max=0.6845  min=0.6570  avg_steps=76.5
  候选点: before=418.5  filtered=51.8  added=52.4  after=419.1
  训练 1 epoch ...
  loss=0.0817  adv_var=1.8500  耗时=103.6s

============================================================
迭代 7/20  lr=5.00e-04
  采集 100 个样本 (模型策略)...
  [采集完成] 100 条  phi: mean=0.6700  max=0.6867  min=0.6591
  phi: mean=0.6700  max=0.6867  min=0.6591  avg_steps=76.2
  候选点: before=417.7  filtered=51.5  added=52.1  after=418.3
  训练 1 epoch ...
  loss=-0.1443  adv_var=1.8589  耗时=101.6s

============================================================
迭代 8/20  lr=5.00e-04
  采集 100 个样本 (模型策略)...
  [采集完成] 100 条  phi: mean=0.6712  max=0.6843  min=0.6545
  phi: mean=0.6712  max=0.6843  min=0.6545  avg_steps=74.7
  候选点: before=410.1  filtered=51.9  added=52.5  after=410.7
  训练 1 epoch ...
  loss=-0.0464  adv_var=1.8610  耗时=98.2s

============================================================
迭代 9/20  lr=5.00e-04
  采集 100 个样本 (模型策略)...
