实验目录: experiments/20260316_173132
使用设备: cpu
目标粒子数: 100  目标体积分数: 0.72

============================================================
迭代 1/20  lr=5.00e-04
  采集 50 个样本 (随机策略)...
  [采集完成] 50 条  phi: mean=0.6939  max=0.7061  min=0.6825
  phi: mean=0.6939  max=0.7061  min=0.6825  avg_steps=179.2
  候选点: before=324.4  filtered=15.7  added=16.6  after=325.3
  训练 1 epoch ...
  loss=-0.3242  adv_var=1.8078  耗时=303.8s
  *** 新纪录！phi_max=0.7061  已保存: experiments/20260316_173132/construct_v7.0_best.pth + best_packing.conf ***

============================================================
迭代 2/20  lr=5.00e-04
  采集 50 个样本 (模型策略)...
  [采集完成] 50 条  phi: mean=0.7116  max=0.7259  min=0.7035
  phi: mean=0.7116  max=0.7259  min=0.7035  avg_steps=152.5
  候选点: before=247.0  filtered=15.0  added=15.9  after=247.9
  训练 1 epoch ...
  loss=-0.0752  adv_var=1.7751  耗时=188.9s
  *** 新纪录！phi_max=0.7259  已保存: experiments/20260316_173132/construct_v7.0_best.pth + best_packing.conf ***

============================================================
迭代 3/20  lr=5.00e-04
  采集 50 个样本 (模型策略)...
  [采集完成] 50 条  phi: mean=0.7136  max=0.7223  min=0.6994
  phi: mean=0.7136  max=0.7223  min=0.6994  avg_steps=149.2
  候选点: before=234.1  filtered=15.2  added=16.1  after=235.0
  训练 1 epoch ...
  loss=-0.3515  adv_var=1.8531  耗时=174.5s

============================================================
迭代 4/20  lr=5.00e-04
  采集 50 个样本 (模型策略)...
  [采集完成] 50 条  phi: mean=0.7189  max=0.7323  min=0.7023
  phi: mean=0.7189  max=0.7323  min=0.7023  avg_steps=144.4
  候选点: before=216.4  filtered=14.6  added=15.4  after=217.3
  训练 1 epoch ...
  loss=0.1311  adv_var=1.7788  耗时=153.3s
  *** 新纪录！phi_max=0.7323  已保存: experiments/20260316_173132/construct_v7.0_best.pth + best_packing.conf ***

============================================================
迭代 5/20  lr=5.00e-04
  采集 50 个样本 (模型策略)...
  [采集完成] 50 条  phi: mean=0.7192  max=0.7311  min=0.7109
  phi: mean=0.7192  max=0.7311  min=0.7109  avg_steps=141.1
  候选点: before=214.1  filtered=14.7  added=15.6  after=215.0
  训练 1 epoch ...
  loss=0.5485  adv_var=1.6955  耗时=142.5s

============================================================
迭代 6/20  lr=5.00e-04
  采集 50 个样本 (模型策略)...
  [采集完成] 50 条  phi: mean=0.7218  max=0.7348  min=0.7116
  phi: mean=0.7218  max=0.7348  min=0.7116  avg_steps=140.9
  候选点: before=207.7  filtered=14.7  added=15.6  after=208.6
  训练 1 epoch ...
  loss=0.2693  adv_var=1.8406  耗时=153.2s
  *** 新纪录！phi_max=0.7348  已保存: experiments/20260316_173132/construct_v7.0_best.pth + best_packing.conf ***

============================================================
迭代 7/20  lr=5.00e-04
  采集 50 个样本 (模型策略)...
  [采集完成] 50 条  phi: mean=0.7219  max=0.7322  min=0.7110
  phi: mean=0.7219  max=0.7322  min=0.7110  avg_steps=139.9
  候选点: before=205.0  filtered=14.5  added=15.4  after=205.9
  训练 1 epoch ...
  loss=-0.2068  adv_var=1.8314  耗时=144.8s

============================================================
迭代 8/20  lr=5.00e-04
  采集 50 个样本 (模型策略)...
  [采集完成] 50 条  phi: mean=0.7224  max=0.7313  min=0.7090
  phi: mean=0.7224  max=0.7313  min=0.7090  avg_steps=137.8
  候选点: before=202.7  filtered=14.7  added=15.6  after=203.6
  训练 1 epoch ...
  loss=-0.3505  adv_var=1.8228  耗时=132.7s

============================================================
迭代 9/20  lr=5.00e-04
  采集 50 个样本 (模型策略)...
  [采集完成] 50 条  phi: mean=0.7270  max=0.7383  min=0.7149
  phi: mean=0.7270  max=0.7383  min=0.7149  avg_steps=133.5
  候选点: before=197.1  filtered=14.3  added=15.2  after=198.0
  训练 1 epoch ...
  loss=0.0799  adv_var=1.8644  耗时=137.1s
  *** 新纪录！phi_max=0.7383  已保存: experiments/20260316_173132/construct_v7.0_best.pth + best_packing.conf ***

============================================================
迭代 10/20  lr=5.00e-04
  采集 50 个样本 (模型策略)...
  [采集完成] 50 条  phi: mean=0.7268  max=0.7359  min=0.7117
  phi: mean=0.7268  max=0.7359  min=0.7117  avg_steps=134.5
  候选点: before=196.0  filtered=14.4  added=15.3  after=196.9
  训练 1 epoch ...
  loss=-0.3565  adv_var=1.8477  耗时=126.7s

============================================================
迭代 11/20  lr=5.00e-04
  采集 50 个样本 (模型策略)...
  [采集完成] 50 条  phi: mean=0.7265  max=0.7353  min=0.7184
  phi: mean=0.7265  max=0.7353  min=0.7184  avg_steps=134.4
  候选点: before=198.9  filtered=14.0  added=14.9  after=199.7
  训练 1 epoch ...
  loss=0.0899  adv_var=1.8118  耗时=126.4s

============================================================
迭代 12/20  lr=5.00e-04
  采集 50 个样本 (模型策略)...
  [采集完成] 50 条  phi: mean=0.7251  max=0.7341  min=0.7141
  phi: mean=0.7251  max=0.7341  min=0.7141  avg_steps=132.2
  候选点: before=192.4  filtered=14.6  added=15.4  after=193.3
  训练 1 epoch ...
  loss=-0.1267  adv_var=1.8299  耗时=123.0s

============================================================
迭代 13/20  lr=5.00e-04
  采集 50 个样本 (模型策略)...
  [采集完成] 50 条  phi: mean=0.7265  max=0.7380  min=0.7157
  phi: mean=0.7265  max=0.7380  min=0.7157  avg_steps=134.8
  候选点: before=192.9  filtered=14.3  added=15.2  after=193.8
  训练 1 epoch ...
  loss=-0.1582  adv_var=1.8055  耗时=128.1s

============================================================
迭代 14/20  lr=5.00e-04
  采集 50 个样本 (模型策略)...
  [采集完成] 50 条  phi: mean=0.7257  max=0.7359  min=0.7184
  phi: mean=0.7257  max=0.7359  min=0.7184  avg_steps=135.9
  候选点: before=202.6  filtered=14.5  added=15.4  after=203.5
  训练 1 epoch ...
  loss=-0.0782  adv_var=1.7927  耗时=138.9s

============================================================
迭代 15/20  lr=5.00e-04
  采集 50 个样本 (模型策略)...
  [采集完成] 50 条  phi: mean=0.7234  max=0.7305  min=0.7146
  phi: mean=0.7234  max=0.7305  min=0.7146  avg_steps=138.5
  候选点: before=211.6  filtered=14.6  added=15.5  after=212.5
  训练 1 epoch ...
  loss=-0.4774  adv_var=1.7596  耗时=141.5s

============================================================
迭代 16/20  lr=5.00e-04
  采集 50 个样本 (模型策略)...
  [采集完成] 50 条  phi: mean=0.7260  max=0.7329  min=0.7181
  phi: mean=0.7260  max=0.7329  min=0.7181  avg_steps=136.9
  候选点: before=200.5  filtered=14.4  added=15.3  after=201.3
  训练 1 epoch ...
  loss=-0.3880  adv_var=1.7192  耗时=133.5s

============================================================
迭代 17/20  lr=5.00e-04
  采集 50 个样本 (模型策略)...
  [采集完成] 50 条  phi: mean=0.7273  max=0.7390  min=0.7186
  phi: mean=0.7273  max=0.7390  min=0.7186  avg_steps=133.0
  候选点: before=197.7  filtered=14.3  added=15.2  after=198.6
  训练 1 epoch ...
  loss=0.1518  adv_var=1.8042  耗时=131.3s
  *** 新纪录！phi_max=0.7390  已保存: experiments/20260316_173132/construct_v7.0_best.pth + best_packing.conf ***

============================================================
迭代 18/20  lr=5.00e-04
  采集 50 个样本 (模型策略)...
  [采集完成] 50 条  phi: mean=0.7273  max=0.7362  min=0.7135
  phi: mean=0.7273  max=0.7362  min=0.7135  avg_steps=133.5
  候选点: before=200.1  filtered=14.1  added=15.0  after=201.0
  训练 1 epoch ...
  loss=0.1653  adv_var=1.8175  耗时=126.9s

============================================================
迭代 19/20  lr=5.00e-04
  采集 50 个样本 (模型策略)...
  [采集完成] 50 条  phi: mean=0.7278  max=0.7351  min=0.7172
  phi: mean=0.7278  max=0.7351  min=0.7172  avg_steps=134.5
  候选点: before=195.7  filtered=14.3  added=15.2  after=196.6
  训练 1 epoch ...
  loss=0.0650  adv_var=1.8476  耗时=141.9s

============================================================
迭代 20/20  lr=5.00e-04
  采集 50 个样本 (模型策略)...
  [采集完成] 50 条  phi: mean=0.7259  max=0.7360  min=0.7155
  phi: mean=0.7259  max=0.7360  min=0.7155  avg_steps=133.7
  候选点: before=198.3  filtered=14.4  added=15.3  after=199.2
  训练 1 epoch ...
  loss=0.3087  adv_var=1.8153  耗时=129.1s

训练完成！最终模型已保存至 experiments/20260316_173132/construct_v7.0_final.pth

============================================================
开始评测（采样策略 T=5.0，共 20 局）...
  [采集完成] 20 条  phi: mean=0.7286  max=0.7341  min=0.7208
  评测完成  phi: mean=0.7286  max=0.7341  min=0.7208
  报告已保存: experiments/20260316_173132/eval_report.txt
  最优堆积已保存: experiments/20260316_173132/best_packing.conf  (phi=0.7341)
