实验目录: experiments\20260315_190608
使用设备: cuda
目标粒子数: 100  目标体积分数: 0.72

============================================================
迭代 1/20  lr=5.00e-04
  采集 20 个样本 (随机策略)...
  [采集完成] 20 条  phi: mean=0.6233  max=0.6335  min=0.6129
  phi: mean=0.6233  max=0.6335  min=0.6129  avg_steps=88.5
  候选点: before=849.0  filtered=90.2  added=90.6  after=849.4
  训练 5 epoch ...
  loss=0.4495  adv_var=1.6794  耗时=37.4s
  *** 新纪录！phi_max=0.6335  已保存: experiments\20260315_190608\construct_v7.0_best.pth + best_packing.conf ***

============================================================
迭代 2/20  lr=5.00e-04
  采集 20 个样本 (模型策略)...
  [采集完成] 20 条  phi: mean=0.6468  max=0.6575  min=0.6346
  phi: mean=0.6468  max=0.6575  min=0.6346  avg_steps=86.0
  候选点: before=833.5  filtered=97.6  added=98.0  after=833.9
  训练 5 epoch ...
  loss=-0.6765  adv_var=1.6718  耗时=49.0s
  *** 新纪录！phi_max=0.6575  已保存: experiments\20260315_190608\construct_v7.0_best.pth + best_packing.conf ***

============================================================
迭代 3/20  lr=5.00e-04
  采集 20 个样本 (模型策略)...
  [采集完成] 20 条  phi: mean=0.6326  max=0.6400  min=0.6214
  phi: mean=0.6326  max=0.6400  min=0.6214  avg_steps=87.5
  候选点: before=890.4  filtered=93.0  added=93.4  after=890.8
  [退步] phi_max 0.6400 < 0.6575 - 0.01
  [回滚] 模型已恢复，lr 调整为 2.50e-04
  [跳过训练] 耗时=31.1s  下轮用恢复的模型重新采集

============================================================
迭代 4/20  lr=2.50e-04
  采集 20 个样本 (模型策略)...
  [采集完成] 20 条  phi: mean=0.6301  max=0.6429  min=0.6210
  phi: mean=0.6301  max=0.6429  min=0.6210  avg_steps=89.7
  候选点: before=881.9  filtered=92.3  added=92.6  after=882.3
  [退步] phi_max 0.6429 < 0.6575 - 0.01
  [回滚] 模型已恢复，lr 调整为 1.25e-04
  [跳过训练] 耗时=31.5s  下轮用恢复的模型重新采集

============================================================
迭代 5/20  lr=1.25e-04
  采集 20 个样本 (模型策略)...
  [采集完成] 20 条  phi: mean=0.6306  max=0.6483  min=0.6192
  phi: mean=0.6306  max=0.6483  min=0.6192  avg_steps=87.8
  候选点: before=879.2  filtered=91.4  added=91.7  after=879.5
  训练 5 epoch ...
  loss=-0.8300  adv_var=1.8079  耗时=34.1s

============================================================
迭代 6/20  lr=1.25e-04
  采集 20 个样本 (模型策略)...
  [采集完成] 20 条  phi: mean=0.6568  max=0.6693  min=0.6471
  phi: mean=0.6568  max=0.6693  min=0.6471  avg_steps=82.8
  候选点: before=814.9  filtered=98.8  added=99.1  after=815.2
  训练 5 epoch ...
  loss=-0.2993  adv_var=1.7547  耗时=27.2s
  *** 新纪录！phi_max=0.6693  已保存: experiments\20260315_190608\construct_v7.0_best.pth + best_packing.conf ***

============================================================
迭代 7/20  lr=1.25e-04
  采集 20 个样本 (模型策略)...
  [采集完成] 20 条  phi: mean=0.6618  max=0.6751  min=0.6500
  phi: mean=0.6618  max=0.6751  min=0.6500  avg_steps=82.5
  候选点: before=793.8  filtered=98.2  added=98.5  after=794.2
  训练 5 epoch ...
  loss=-0.1641  adv_var=1.6557  耗时=26.8s
  *** 新纪录！phi_max=0.6751  已保存: experiments\20260315_190608\construct_v7.0_best.pth + best_packing.conf ***

============================================================
迭代 8/20  lr=1.25e-04
  采集 20 个样本 (模型策略)...
  [采集完成] 20 条  phi: mean=0.6604  max=0.6694  min=0.6466
  phi: mean=0.6604  max=0.6694  min=0.6466  avg_steps=80.5
  候选点: before=791.9  filtered=98.8  added=99.1  after=792.2
  训练 5 epoch ...
  loss=-0.4017  adv_var=1.8293  耗时=30.0s

============================================================
迭代 9/20  lr=1.25e-04
  采集 20 个样本 (模型策略)...
  [采集完成] 20 条  phi: mean=0.6630  max=0.6723  min=0.6543
  phi: mean=0.6630  max=0.6723  min=0.6543  avg_steps=80.1
  候选点: before=772.8  filtered=99.1  added=99.4  after=773.1
  训练 5 epoch ...
  loss=0.2067  adv_var=1.5995  耗时=26.4s

============================================================
迭代 10/20  lr=1.25e-04
  采集 20 个样本 (模型策略)...
  [采集完成] 20 条  phi: mean=0.6655  max=0.6762  min=0.6516
  phi: mean=0.6655  max=0.6762  min=0.6516  avg_steps=82.8
  候选点: before=785.9  filtered=98.7  added=99.0  after=786.2
  训练 5 epoch ...
  loss=-0.0595  adv_var=1.7656  耗时=27.9s
  *** 新纪录！phi_max=0.6762  已保存: experiments\20260315_190608\construct_v7.0_best.pth + best_packing.conf ***

============================================================
迭代 11/20  lr=1.25e-04
  采集 20 个样本 (模型策略)...
  [采集完成] 20 条  phi: mean=0.6636  max=0.6755  min=0.6557
  phi: mean=0.6636  max=0.6755  min=0.6557  avg_steps=81.6
  候选点: before=784.7  filtered=100.3  added=100.6  after=785.0
  训练 5 epoch ...
  loss=0.9384  adv_var=1.8082  耗时=26.2s

============================================================
迭代 12/20  lr=1.25e-04
  采集 20 个样本 (模型策略)...
  [采集完成] 20 条  phi: mean=0.6651  max=0.6776  min=0.6557
  phi: mean=0.6651  max=0.6776  min=0.6557  avg_steps=80.0
  候选点: before=774.2  filtered=98.6  added=98.9  after=774.5
  训练 5 epoch ...
  loss=-0.2238  adv_var=1.8911  耗时=27.0s
  *** 新纪录！phi_max=0.6776  已保存: experiments\20260315_190608\construct_v7.0_best.pth + best_packing.conf ***

============================================================
迭代 13/20  lr=1.25e-04
  采集 20 个样本 (模型策略)...
  [采集完成] 20 条  phi: mean=0.6643  max=0.6729  min=0.6549
  phi: mean=0.6643  max=0.6729  min=0.6549  avg_steps=81.4
  候选点: before=774.0  filtered=98.3  added=98.6  after=774.3
  训练 5 epoch ...
  loss=-0.0092  adv_var=1.7583  耗时=28.5s

============================================================
迭代 14/20  lr=1.25e-04
  采集 20 个样本 (模型策略)...
  [采集完成] 20 条  phi: mean=0.6639  max=0.6753  min=0.6563
  phi: mean=0.6639  max=0.6753  min=0.6563  avg_steps=77.5
  候选点: before=758.8  filtered=100.0  added=100.3  after=759.1
  训练 5 epoch ...
  loss=0.7267  adv_var=1.6144  耗时=24.8s

============================================================
迭代 15/20  lr=1.25e-04
  采集 20 个样本 (模型策略)...
  [采集完成] 20 条  phi: mean=0.6615  max=0.6754  min=0.6528
  phi: mean=0.6615  max=0.6754  min=0.6528  avg_steps=79.7
  候选点: before=762.1  filtered=100.3  added=100.6  after=762.3
  训练 5 epoch ...
  loss=-0.1577  adv_var=1.8624  耗时=26.8s

============================================================
迭代 16/20  lr=1.25e-04
  采集 20 个样本 (模型策略)...
  [采集完成] 20 条  phi: mean=0.6649  max=0.6791  min=0.6544
  phi: mean=0.6649  max=0.6791  min=0.6544  avg_steps=78.5
  候选点: before=750.4  filtered=98.8  added=99.1  after=750.7
  训练 5 epoch ...
  loss=-0.0845  adv_var=1.8637  耗时=28.1s
  *** 新纪录！phi_max=0.6791  已保存: experiments\20260315_190608\construct_v7.0_best.pth + best_packing.conf ***

============================================================
迭代 17/20  lr=1.25e-04
  采集 20 个样本 (模型策略)...
  [采集完成] 20 条  phi: mean=0.6672  max=0.6835  min=0.6551
  phi: mean=0.6672  max=0.6835  min=0.6551  avg_steps=80.0
  候选点: before=763.6  filtered=98.7  added=99.0  after=763.9
  训练 5 epoch ...
  loss=-0.2386  adv_var=1.7521  耗时=26.0s
  *** 新纪录！phi_max=0.6835  已保存: experiments\20260315_190608\construct_v7.0_best.pth + best_packing.conf ***

============================================================
迭代 18/20  lr=1.25e-04
  采集 20 个样本 (模型策略)...
  [采集完成] 20 条  phi: mean=0.6662  max=0.6735  min=0.6547
  phi: mean=0.6662  max=0.6735  min=0.6547  avg_steps=79.7
  候选点: before=763.7  filtered=98.4  added=98.7  after=764.0
  训练 5 epoch ...
  loss=-1.2340  adv_var=1.7291  耗时=27.7s

============================================================
迭代 19/20  lr=1.25e-04
  采集 20 个样本 (模型策略)...
  [采集完成] 20 条  phi: mean=0.6592  max=0.6685  min=0.6462
  phi: mean=0.6592  max=0.6685  min=0.6462  avg_steps=78.0
  候选点: before=777.7  filtered=98.1  added=98.3  after=778.0
  训练 5 epoch ...
  loss=-0.1083  adv_var=1.8694  耗时=27.0s

============================================================
迭代 20/20  lr=1.25e-04
  采集 20 个样本 (模型策略)...
  [采集完成] 20 条  phi: mean=0.6656  max=0.6759  min=0.6489
  phi: mean=0.6656  max=0.6759  min=0.6489  avg_steps=78.9
  候选点: before=784.7  filtered=98.6  added=98.9  after=785.0
  训练 5 epoch ...
  loss=-0.1673  adv_var=1.8745  耗时=29.2s

训练完成！最终模型已保存至 experiments\20260315_190608\construct_v7.0_final.pth

============================================================
开始评测（采样策略 T=1.0，共 20 局）...
  [采集完成] 20 条  phi: mean=0.6711  max=0.6786  min=0.6618
  评测完成  phi: mean=0.6711  max=0.6786  min=0.6618
  报告已保存: experiments\20260315_190608\eval_report.txt
  最优堆积已保存: experiments\20260315_190608\best_packing.conf  (phi=0.6786)
